<?xml version="1.0" encoding="UTF-8"?>
<testsuite name="cta_cte_apliAvencer-20240507174949" tests="1" file=".py" time="77.449" timestamp="2024-05-07T17:51:07" failures="0" errors="0" skipped="0">
	<testcase classname="cta_cte_apliAvencer" name="test_ctacte_apliAvencer" time="77.449" timestamp="2024-05-07T17:51:07" file="Ctacte_ApliAvencer.py" line="17">
		<system-out><![CDATA[¡Elemento encontrado y clickeado 7 veces con éxito!
¡Elemento encontrado y clickeado 3 veces con éxito!
El texto encontrado es  Cuenta Corriente Aplicada
El valor es un carácter numérico. Valor: -123.853.219,85
El valor es un carácter numérico. Valor: 0,00
El valor es un carácter numérico. Valor: 1.659.535,82
El texto encontrado es  CUENTA CORRIENTE
El texto encontrado es  Movimiento FC 1051 00014525
El texto encontrado es  USD 74.684,83
El texto encontrado es  AGROQIMICOS-
]]></system-out>
	</testcase>
</testsuite>
