<?xml version="1.0" encoding="UTF-8"?>
<testsuite name="dashboard_granos-20240507111747" tests="1" file=".py" time="66.403" timestamp="2024-05-07T11:18:53" failures="0" errors="0" skipped="0">
	<testcase classname="dashboard_granos" name="test_dashboard_grain" time="66.403" timestamp="2024-05-07T11:18:53" file="DashboarGranos.py" line="24"/>
</testsuite>
