<?xml version="1.0" encoding="UTF-8"?>
<testsuite name="dashboard_granos-20240410174913" tests="1" file=".py" time="22.301" timestamp="2024-04-10T17:49:36" failures="0" errors="0" skipped="0">
	<testcase classname="dashboard_granos" name="test_dashboard_grain" time="22.301" timestamp="2024-04-10T17:49:36" file="DashboarGranos.py" line="23"/>
</testsuite>
