<?xml version="1.0" encoding="UTF-8"?>
<testsuite name="dashboard_granos-20240502184329" tests="1" file=".py" time="34.834" timestamp="2024-05-02T18:44:04" failures="0" errors="0" skipped="0">
	<testcase classname="dashboard_granos" name="test_dashboard_grain" time="34.834" timestamp="2024-05-02T18:44:04" file="DashboarGranos.py" line="23"/>
</testsuite>
