<?xml version="1.0" encoding="UTF-8"?>
<testsuite name="dashboard_granos-20240410174412" tests="1" file=".py" time="46.988" timestamp="2024-04-10T17:44:59" failures="0" errors="0" skipped="0">
	<testcase classname="dashboard_granos" name="test_dashboard_grain" time="46.988" timestamp="2024-04-10T17:44:59" file="DashboarGranos.py" line="23">
		<system-out><![CDATA[Tiempo de espera agotado. El elemento no estÃ¡ presente o no es clickeable.
]]></system-out>
	</testcase>
</testsuite>
