<?xml version="1.0" encoding="UTF-8"?>
<testsuite name="dashboard_granos-20240502182943" tests="1" file=".py" time="76.389" timestamp="2024-05-02T18:30:59" failures="0" errors="1" skipped="0">
	<testcase classname="dashboard_granos" name="test_dashboard_grain" time="76.389" timestamp="2024-05-02T18:30:59" file="DashboarGranos.py" line="23">
		<error type="ElementClickInterceptedException" message="Message: element click intercepted: Element &lt;td _ngcontent-eps-c216=&quot;&quot; class=&quot;text-nowrap align-middle f-size-12 cursor-pointer ellipsis-cell&quot;&gt;...&lt;/td&gt; is not clickable at point (608, 286). Other element would receive the click: &lt;ngb-offcanvas-backdrop class=&quot;offcanvas-backdrop fade show&quot;&gt;&lt;/ngb-offcanvas-backdrop&gt;
  (Session info: chrome=124.0.6367.93)
Stacktrace:
	GetHandleVerifier [0x00007FF732331502+60802]
	(No symbol) [0x00007FF7322AAC02]
	(No symbol) [0x00007FF732167CE4]
	(No symbol) [0x00007FF7321BE877]
	(No symbol) [0x00007FF7321BC344]
	(No symbol) [0x00007FF7321B980A]
	(No symbol) [0x00007FF7321B89E2]
	(No symbol) [0x00007FF7321AAE8B]
	(No symbol) [0x00007FF7321DAB7A]
	(No symbol) [0x00007FF7321AA7C6]
	(No symbol) [0x00007FF7321DAD90]
	(No symbol) [0x00007FF7321FA224]
	(No symbol) [0x00007FF7321DA923]
	(No symbol) [0x00007FF7321A8FEC]
	(No symbol) [0x00007FF7321A9C21]
	GetHandleVerifier [0x00007FF73263411D+3217821]
	GetHandleVerifier [0x00007FF7326760B7+3488055]
	GetHandleVerifier [0x00007FF73266F03F+3459263]
	GetHandleVerifier [0x00007FF7323EB846+823494]
	(No symbol) [0x00007FF7322B5F9F]
	(No symbol) [0x00007FF7322B0EC4]
	(No symbol) [0x00007FF7322B1052]
	(No symbol) [0x00007FF7322A18A4]
	BaseThreadInitThunk [0x00007FFC92DE257D+29]
	RtlUserThreadStart [0x00007FFC9438AA48+40]
"><![CDATA[Traceback (most recent call last):
  File "c:\Users\luist\repos\Automatizaciones-SILOHUB-\DashboarGranos.py", line 67, in test_dashboard_grain
    find_elements(self.driver,select_movements_list)
  File "c:\Users\luist\repos\Automatizaciones-SILOHUB-\Elements.py", line 22, in find_elements
    select_nex_button.click()
  File "C:\Users\luist\AppData\Roaming\Python\Python310\site-packages\selenium\webdriver\remote\webelement.py", line 94, in click
    self._execute(Command.CLICK_ELEMENT)
  File "C:\Users\luist\AppData\Roaming\Python\Python310\site-packages\selenium\webdriver\remote\webelement.py", line 395, in _execute
    return self._parent.execute(command, params)
  File "C:\Users\luist\AppData\Roaming\Python\Python310\site-packages\selenium\webdriver\remote\webdriver.py", line 348, in execute
    self.error_handler.check_response(response)
  File "C:\Users\luist\AppData\Roaming\Python\Python310\site-packages\selenium\webdriver\remote\errorhandler.py", line 229, in check_response
    raise exception_class(message, screen, stacktrace)
selenium.common.exceptions.ElementClickInterceptedException: Message: element click intercepted: Element <td _ngcontent-eps-c216="" class="text-nowrap align-middle f-size-12 cursor-pointer ellipsis-cell">...</td> is not clickable at point (608, 286). Other element would receive the click: <ngb-offcanvas-backdrop class="offcanvas-backdrop fade show"></ngb-offcanvas-backdrop>
  (Session info: chrome=124.0.6367.93)
Stacktrace:
	GetHandleVerifier [0x00007FF732331502+60802]
	(No symbol) [0x00007FF7322AAC02]
	(No symbol) [0x00007FF732167CE4]
	(No symbol) [0x00007FF7321BE877]
	(No symbol) [0x00007FF7321BC344]
	(No symbol) [0x00007FF7321B980A]
	(No symbol) [0x00007FF7321B89E2]
	(No symbol) [0x00007FF7321AAE8B]
	(No symbol) [0x00007FF7321DAB7A]
	(No symbol) [0x00007FF7321AA7C6]
	(No symbol) [0x00007FF7321DAD90]
	(No symbol) [0x00007FF7321FA224]
	(No symbol) [0x00007FF7321DA923]
	(No symbol) [0x00007FF7321A8FEC]
	(No symbol) [0x00007FF7321A9C21]
	GetHandleVerifier [0x00007FF73263411D+3217821]
	GetHandleVerifier [0x00007FF7326760B7+3488055]
	GetHandleVerifier [0x00007FF73266F03F+3459263]
	GetHandleVerifier [0x00007FF7323EB846+823494]
	(No symbol) [0x00007FF7322B5F9F]
	(No symbol) [0x00007FF7322B0EC4]
	(No symbol) [0x00007FF7322B1052]
	(No symbol) [0x00007FF7322A18A4]
	BaseThreadInitThunk [0x00007FFC92DE257D+29]
	RtlUserThreadStart [0x00007FFC9438AA48+40]

]]></error>
		<system-out><![CDATA[La fecha de ayer no está disponible en el calendario.
Tiempo de espera agotado. El elemento no está presente o no es clickeable.
]]></system-out>
	</testcase>
</testsuite>
