<?xml version="1.0" encoding="UTF-8"?>
<testsuite name="dashboard_granos-20240411112752" tests="1" file=".py" time="31.542" timestamp="2024-04-11T11:28:23" failures="0" errors="0" skipped="0">
	<testcase classname="dashboard_granos" name="test_dashboard_grain" time="31.542" timestamp="2024-04-11T11:28:23" file="DashboarGranos.py" line="23"/>
</testsuite>
