<?xml version="1.0" encoding="UTF-8"?>
<testsuite name="dashboard_granos-20240410175740" tests="1" file=".py" time="31.867" timestamp="2024-04-10T17:58:12" failures="0" errors="0" skipped="0">
	<testcase classname="dashboard_granos" name="test_dashboard_grain" time="31.867" timestamp="2024-04-10T17:58:12" file="DashboarGranos.py" line="23"/>
</testsuite>
