<?xml version="1.0" encoding="UTF-8"?>
<testsuite name="dashboard_granos-20240411111930" tests="1" file=".py" time="29.201" timestamp="2024-04-11T11:19:59" failures="0" errors="1" skipped="0">
	<testcase classname="dashboard_granos" name="test_dashboard_grain" time="29.201" timestamp="2024-04-11T11:19:59" file="DashboarGranos.py" line="23">
		<error type="AttributeError" message="'WebDriver' object has no attribute 'find_element_by_xpath'"><![CDATA[Traceback (most recent call last):
  File "c:\Users\luist\repos\Automatizaciones-SILOHUB-\DashboarGranos.py", line 52, in test_dashboard_grain
    ingresar_rango_fecha(xpath_input_fecha, self.driver)
  File "c:\Users\luist\repos\Automatizaciones-SILOHUB-\Elements.py", line 1310, in ingresar_rango_fecha
    input_fecha = driver.find_element_by_xpath(xpath_input)
AttributeError: 'WebDriver' object has no attribute 'find_element_by_xpath'
]]></error>
	</testcase>
</testsuite>
