<?xml version="1.0" encoding="UTF-8"?>
<testsuite name="dashboard_granos-20240507115126" tests="1" file=".py" time="39.879" timestamp="2024-05-07T11:52:06" failures="0" errors="0" skipped="0">
	<testcase classname="dashboard_granos" name="test_dashboard_grain" time="39.879" timestamp="2024-05-07T11:52:06" file="DashboarGranos.py" line="24"/>
</testsuite>
