<?xml version="1.0" encoding="UTF-8"?>
<testsuite name="dashboard_granos-20240411120804" tests="1" file=".py" time="60.688" timestamp="2024-04-11T12:09:05" failures="0" errors="1" skipped="0">
	<testcase classname="dashboard_granos" name="test_dashboard_grain" time="60.688" timestamp="2024-04-11T12:09:05" file="DashboarGranos.py" line="23">
		<error type="TimeoutException" message="Message: 
Stacktrace:
	GetHandleVerifier [0x00007FF768B57032+63090]
	(No symbol) [0x00007FF768AC2C82]
	(No symbol) [0x00007FF76895EC65]
	(No symbol) [0x00007FF7689A499D]
	(No symbol) [0x00007FF7689A4ADC]
	(No symbol) [0x00007FF7689E5B37]
	(No symbol) [0x00007FF7689C701F]
	(No symbol) [0x00007FF7689E3412]
	(No symbol) [0x00007FF7689C6D83]
	(No symbol) [0x00007FF7689983A8]
	(No symbol) [0x00007FF768999441]
	GetHandleVerifier [0x00007FF768F525AD+4238317]
	GetHandleVerifier [0x00007FF768F8F70D+4488525]
	GetHandleVerifier [0x00007FF768F879EF+4456495]
	GetHandleVerifier [0x00007FF768C30576+953270]
	(No symbol) [0x00007FF768ACE54F]
	(No symbol) [0x00007FF768AC9224]
	(No symbol) [0x00007FF768AC935B]
	(No symbol) [0x00007FF768AB9B94]
	BaseThreadInitThunk [0x00007FFF9727257D+29]
	RtlUserThreadStart [0x00007FFF9922AA58+40]
"><![CDATA[Traceback (most recent call last):
  File "c:\Users\luist\repos\Automatizaciones-SILOHUB-\DashboarGranos.py", line 52, in test_dashboard_grain
    ingresar_rango_fecha(insert_input_fecha, self.driver)
  File "c:\Users\luist\repos\Automatizaciones-SILOHUB-\Elements.py", line 1310, in ingresar_rango_fecha
    input_fecha = WebDriverWait(driver, 10).until(
  File "C:\Users\luist\AppData\Roaming\Python\Python310\site-packages\selenium\webdriver\support\wait.py", line 105, in until
    raise TimeoutException(message, screen, stacktrace)
selenium.common.exceptions.TimeoutException: Message: 
Stacktrace:
	GetHandleVerifier [0x00007FF768B57032+63090]
	(No symbol) [0x00007FF768AC2C82]
	(No symbol) [0x00007FF76895EC65]
	(No symbol) [0x00007FF7689A499D]
	(No symbol) [0x00007FF7689A4ADC]
	(No symbol) [0x00007FF7689E5B37]
	(No symbol) [0x00007FF7689C701F]
	(No symbol) [0x00007FF7689E3412]
	(No symbol) [0x00007FF7689C6D83]
	(No symbol) [0x00007FF7689983A8]
	(No symbol) [0x00007FF768999441]
	GetHandleVerifier [0x00007FF768F525AD+4238317]
	GetHandleVerifier [0x00007FF768F8F70D+4488525]
	GetHandleVerifier [0x00007FF768F879EF+4456495]
	GetHandleVerifier [0x00007FF768C30576+953270]
	(No symbol) [0x00007FF768ACE54F]
	(No symbol) [0x00007FF768AC9224]
	(No symbol) [0x00007FF768AC935B]
	(No symbol) [0x00007FF768AB9B94]
	BaseThreadInitThunk [0x00007FFF9727257D+29]
	RtlUserThreadStart [0x00007FFF9922AA58+40]

]]></error>
	</testcase>
</testsuite>
