<?xml version="1.0" encoding="UTF-8"?>
<testsuite name="dashboard_granos-20240507115602" tests="1" file=".py" time="40.985" timestamp="2024-05-07T11:56:43" failures="0" errors="0" skipped="0">
	<testcase classname="dashboard_granos" name="test_dashboard_grain" time="40.985" timestamp="2024-05-07T11:56:43" file="DashboarGranos.py" line="24"/>
</testsuite>
