<?xml version="1.0" encoding="UTF-8"?>
<testsuite name="cuenta_ctacte_histAcobrar-20240507182330" tests="1" file=".py" time="65.579" timestamp="2024-05-07T18:24:35" failures="0" errors="0" skipped="0">
	<testcase classname="cuenta_ctacte_histAcobrar" name="test_ctacte_historica" time="65.579" timestamp="2024-05-07T18:24:35" file="Ctacte_histoAcobrar.py" line="17">
		<system-out><![CDATA[¡Elemento encontrado y clickeado 4 veces con éxito!
¡Elemento encontrado y clickeado 4 veces con éxito!
El texto encontrado es  Cuenta Corriente
El valor es un carácter numérico. Valor: 1.516.285.398,06
El valor es un carácter numérico. Valor: 4.837.351,06
El texto encontrado es  CUENTA CORRIENTE
El texto encontrado es  Movimiento LC 3302 11350773
El texto encontrado es  + ARS 19.640,53
El texto encontrado es  Liq.1116C SOJA 2223 100 Kgs. 100,00%
]]></system-out>
	</testcase>
</testsuite>
