<?xml version="1.0" encoding="UTF-8"?>
<testsuite name="Fijaciones_precio-20240423154413" tests="1" file=".py" time="91.917" timestamp="2024-04-23T15:45:45" failures="0" errors="0" skipped="0">
	<testcase classname="Fijaciones_precio" name="test_grain_pipup" time="91.917" timestamp="2024-04-23T15:45:45" file="Fijaciones.py" line="21">
		<system-out><![CDATA[El texto encontrado es  Fijaciones Habilitadas
Número de cuenta '484' ingresado y opción seleccionada con éxito!
El texto encontrado es  Nueva Fijación de Precio
¡Input encontrado y enviado con éxito!
¡Input encontrado y enviado con éxito!
¡Elemento encontrado y clickeado 1 veces con éxito!
¡Elemento encontrado y clickeado 1 veces con éxito!
El texto encontrado es  Tu fijación fue enviada al sistema
]]></system-out>
	</testcase>
</testsuite>
