<?xml version="1.0" encoding="UTF-8"?>
<testsuite name="Fijaciones_precio-20240508164054" tests="1" file=".py" time="150.327" timestamp="2024-05-08T16:43:25" failures="0" errors="1" skipped="0">
	<testcase classname="Fijaciones_precio" name="test_grain_pipup" time="150.327" timestamp="2024-05-08T16:43:25" file="Fijaciones.py" line="21">
		<error type="AttributeError" message="'NoneType' object has no attribute 'is_displayed'"><![CDATA[Traceback (most recent call last):
  File "c:\Users\luist\repos\Automatizaciones-SILOHUB-\Fijaciones.py", line 101, in test_grain_pipup
    select_option_click(self.driver,select_market, send_market )
  File "c:\Users\luist\repos\Automatizaciones-SILOHUB-\Elements.py", line 1009, in select_option_click
    xpath_chevron = WebDriverWait(driver, 10).until(
  File "C:\Users\luist\AppData\Roaming\Python\Python310\site-packages\selenium\webdriver\support\wait.py", line 96, in until
    value = method(self._driver)
  File "C:\Users\luist\AppData\Roaming\Python\Python310\site-packages\selenium\webdriver\support\expected_conditions.py", line 364, in _predicate
    element = visibility_of(target)(driver)
  File "C:\Users\luist\AppData\Roaming\Python\Python310\site-packages\selenium\webdriver\support\expected_conditions.py", line 173, in _predicate
    return _element_if_visible(element)
  File "C:\Users\luist\AppData\Roaming\Python\Python310\site-packages\selenium\webdriver\support\expected_conditions.py", line 179, in _element_if_visible
    return element if element.is_displayed() == visibility else False
AttributeError: 'NoneType' object has no attribute 'is_displayed'
]]></error>
		<system-out><![CDATA[El texto encontrado es  Fijaciones Habilitadas
Número de cuenta '484' ingresado y opción seleccionada con éxito!
Tiempo de espera agotado. El elemento no está presente o no es clickeable.
Tiempo de espera agotado. El texto por xpaht no está presente.
Tiempo de espera agotado. El input no está presente o no es clickeable.
]]></system-out>
	</testcase>
</testsuite>
