<?xml version="1.0" encoding="UTF-8"?>
<testsuite name="InicioTenant-20231218162324" tests="1" file=".py" time="37.057" timestamp="2023-12-18T16:24:01" failures="0" errors="1" skipped="0">
	<testcase classname="InicioTenant" name="test_inicio_tenant" time="37.057" timestamp="2023-12-18T16:24:01" file="inicio.py" line="26">
		<error type="NoSuchElementException" message="Message: no such element: Unable to locate element: {&quot;method&quot;:&quot;css selector&quot;,&quot;selector&quot;:&quot;img[src=&quot;assets/images/grains/trigo.svg&quot;]&quot;}
  (Session info: chrome=120.0.6099.72); For documentation on this error, please visit: https://www.selenium.dev/documentation/webdriver/troubleshooting/errors#no-such-element-exception
Stacktrace:
	GetHandleVerifier [0x00007FF6B6064D02+56194]
	(No symbol) [0x00007FF6B5FD04B2]
	(No symbol) [0x00007FF6B5E776AA]
	(No symbol) [0x00007FF6B5EC16D0]
	(No symbol) [0x00007FF6B5EC17EC]
	(No symbol) [0x00007FF6B5F04D77]
	(No symbol) [0x00007FF6B5EE5EBF]
	(No symbol) [0x00007FF6B5F02786]
	(No symbol) [0x00007FF6B5EE5C23]
	(No symbol) [0x00007FF6B5EB4A45]
	(No symbol) [0x00007FF6B5EB5AD4]
	GetHandleVerifier [0x00007FF6B63DD5BB+3695675]
	GetHandleVerifier [0x00007FF6B6436197+4059159]
	GetHandleVerifier [0x00007FF6B642DF63+4025827]
	GetHandleVerifier [0x00007FF6B60FF029+687785]
	(No symbol) [0x00007FF6B5FDB508]
	(No symbol) [0x00007FF6B5FD7564]
	(No symbol) [0x00007FF6B5FD76E9]
	(No symbol) [0x00007FF6B5FC8094]
	BaseThreadInitThunk [0x00007FFBA8B3257D+29]
	RtlUserThreadStart [0x00007FFBA8E8AA58+40]
"><![CDATA[Traceback (most recent call last):
  File "c:\Users\luist\repos\Automatizaciones-SILOHUB-\inicio.py", line 153, in test_inicio_tenant
    imagen_3 = self.driver.find_element(By.CSS_SELECTOR,'img[src="assets/images/grains/trigo.svg"]')
  File "C:\Users\luist\AppData\Roaming\Python\Python310\site-packages\selenium\webdriver\remote\webdriver.py", line 741, in find_element
    return self.execute(Command.FIND_ELEMENT, {"using": by, "value": value})["value"]
  File "C:\Users\luist\AppData\Roaming\Python\Python310\site-packages\selenium\webdriver\remote\webdriver.py", line 347, in execute
    self.error_handler.check_response(response)
  File "C:\Users\luist\AppData\Roaming\Python\Python310\site-packages\selenium\webdriver\remote\errorhandler.py", line 229, in check_response
    raise exception_class(message, screen, stacktrace)
selenium.common.exceptions.NoSuchElementException: Message: no such element: Unable to locate element: {"method":"css selector","selector":"img[src="assets/images/grains/trigo.svg"]"}
  (Session info: chrome=120.0.6099.72); For documentation on this error, please visit: https://www.selenium.dev/documentation/webdriver/troubleshooting/errors#no-such-element-exception
Stacktrace:
	GetHandleVerifier [0x00007FF6B6064D02+56194]
	(No symbol) [0x00007FF6B5FD04B2]
	(No symbol) [0x00007FF6B5E776AA]
	(No symbol) [0x00007FF6B5EC16D0]
	(No symbol) [0x00007FF6B5EC17EC]
	(No symbol) [0x00007FF6B5F04D77]
	(No symbol) [0x00007FF6B5EE5EBF]
	(No symbol) [0x00007FF6B5F02786]
	(No symbol) [0x00007FF6B5EE5C23]
	(No symbol) [0x00007FF6B5EB4A45]
	(No symbol) [0x00007FF6B5EB5AD4]
	GetHandleVerifier [0x00007FF6B63DD5BB+3695675]
	GetHandleVerifier [0x00007FF6B6436197+4059159]
	GetHandleVerifier [0x00007FF6B642DF63+4025827]
	GetHandleVerifier [0x00007FF6B60FF029+687785]
	(No symbol) [0x00007FF6B5FDB508]
	(No symbol) [0x00007FF6B5FD7564]
	(No symbol) [0x00007FF6B5FD76E9]
	(No symbol) [0x00007FF6B5FC8094]
	BaseThreadInitThunk [0x00007FFBA8B3257D+29]
	RtlUserThreadStart [0x00007FFBA8E8AA58+40]

]]></error>
		<system-out><![CDATA[El texto es visible para el usuario
El texto del saludo fue validado correctamente Buen día JUAN DEMO!
El saldo vencido a hoy en ARS  es un carácter numérico. -33.123.755,71
El saldo vencido a hoy en USD  es un carácter numérico. 2.296.704,71
El saldo a vencer en ARS  es un carácter numérico. 00,00
El saldo a vencer en USD  es un carácter numérico. 00,00
El texto obtenido es: Resumen de Mis Negocios de Granos
la url de la imagen de soja es la siguente https://pwa-portal-staging.silohub.ag/assets/images/grains/soja.svg
la url de la imagen de maiz es la siguente https://pwa-portal-staging.silohub.ag/assets/images/grains/maiz.svg
]]></system-out>
	</testcase>
</testsuite>
