<?xml version="1.0" encoding="UTF-8"?>
<testsuite name="inicio_tenat-20231031164733" tests="1" file=".py" time="46.107" timestamp="2023-10-31T16:48:19" failures="0" errors="0" skipped="0">
	<testcase classname="inicio_tenat" name="test_login_user_1" time="46.107" timestamp="2023-10-31T16:48:19" file="inicio.py" line="25">
		<system-out><![CDATA[El texto es visible para el usuario
El texto del saludo fue validado correctamente Buen día JUAN DEMO!
El saldo vencido a hoy en ARS  es un carácter numérico. -33.123.755,71
El saldo vencido a hoy en USD  es un carácter numérico. 2.295.898,53
El saldo a vencer en ARS  es un carácter numérico. 00,00
El saldo a vencer en USD  es un carácter numérico. 806,18
El texto obtenido es: Resumen de Mis Negocios de Granos
la url de la imagen de soja es la siguente https://pwa-portal-staging.silohub.ag/assets/images/grains/soja.svg
la url de la imagen de maiz es la siguente https://pwa-portal-staging.silohub.ag/assets/images/grains/maiz.svg
la url de la imagen de trigo  es la siguente https://pwa-portal-staging.silohub.ag/assets/images/grains/trigo.svg
El saldo entregado  es un carácter numérico. 108,54 Tn
El saldo fijado es un carácter numérico. 7.374,44 Tn
El saldo pesificado es un carácter numérico. 20,00 Tn
El saldo liquidado es un carácter numérico. 81,28 Tn
El saldo pagado  es un carácter numérico. -81,28 Tn
El texto obtenido es: Entregas y Ventas Recientes
La imagen es visible para el usuario. URL: https://pwa-portal-staging.silohub.ag/assets/images/grains/soja.svg
El comprobante CTG/CRT  es un carácter numérico. 0010010108875246
Los montos netos son  un carácter numérico. 0,89
El texto obtenido es: Ventas Recientes
La imagen es visible para el usuario. URL: https://pwa-portal-staging.silohub.ag/assets/images/grains/maiz.svg
El saldo de la cantidad netos es un carácter numérico. 0,05
El precio es un carácter numérico. 3.000.000,00
]]></system-out>
		<system-err><![CDATA[c:\Users\luist\repos\Automatizaciones-SILOHUB-\inicio.py:17: DeprecationWarning: executable_path has been deprecated, please pass in a Service object
  self.driver = webdriver.Chrome(executable_path=r"C:\driverchrome\chromedriver-win64\chromedriver.exe")
c:\Users\luist\repos\Automatizaciones-SILOHUB-\inicio.py:27: DeprecationWarning: find_element_by_* commands are deprecated. Please use find_element() instead
  username = driver.find_element_by_id("email")
c:\Users\luist\repos\Automatizaciones-SILOHUB-\inicio.py:33: DeprecationWarning: find_element_by_* commands are deprecated. Please use find_element() instead
  passwordUser = driver.find_element_by_id("password")
c:\Users\luist\repos\Automatizaciones-SILOHUB-\inicio.py:38: DeprecationWarning: find_element_by_xpath is deprecated. Please use find_element(by=By.XPATH, value=xpath) instead
  insertButton = driver.find_element_by_xpath("/html/body/app-root/app-login-main/div/div[2]/div/app-login-form/div/div/div[1]/div/div[2]/form/div[4]/app-button/button")
c:\Users\luist\repos\Automatizaciones-SILOHUB-\inicio.py:43: DeprecationWarning: find_element_by_xpath is deprecated. Please use find_element(by=By.XPATH, value=xpath) instead
  selectTenant = driver.find_element_by_xpath("/html/body/app-root/app-layout/app-vertical/div/div/div/div/app-home-main/div/div[1]/app-tenant-main/app-tenant[8]/div/div/img")
c:\Users\luist\repos\Automatizaciones-SILOHUB-\inicio.py:61: DeprecationWarning: find_element_by_xpath is deprecated. Please use find_element(by=By.XPATH, value=xpath) instead
  Filtro_campaña = driver.find_element_by_xpath("/html/body/app-root/app-layout/app-vertical/div/div/div/div/app-home/div/div[2]/app-business-indicators/div[1]/div[2]/app-filter-button/button/div/span")
c:\Users\luist\repos\Automatizaciones-SILOHUB-\inicio.py:70: DeprecationWarning: find_element_by_xpath is deprecated. Please use find_element(by=By.XPATH, value=xpath) instead
  delete_campaign = driver.find_element_by_xpath("/html/body/ngb-offcanvas-panel/div/ngx-simplebar/div[1]/div[2]/div/div/div/app-filter-content/div[2]/app-tag-container/div/div/div[7]/app-tag/div/div/i")
c:\Users\luist\repos\Automatizaciones-SILOHUB-\inicio.py:74: DeprecationWarning: find_element_by_xpath is deprecated. Please use find_element(by=By.XPATH, value=xpath) instead
  select_campaña = driver.find_element_by_xpath('/html/body/ngb-offcanvas-panel/div/ngx-simplebar/div[1]/div[2]/div/div/div/app-filter-content/div[2]/app-season-container/div/app-season-button[2]/div/div')
c:\Users\luist\repos\Automatizaciones-SILOHUB-\inicio.py:78: DeprecationWarning: find_element_by_xpath is deprecated. Please use find_element(by=By.XPATH, value=xpath) instead
  selecct_button_aplicar = driver.find_element_by_xpath('/html/body/ngb-offcanvas-panel/div/ngx-simplebar/div[1]/div[2]/div/div/div/app-filter-content/div[2]/app-filter-buttons/div/app-button[2]/button')
c:\Users\luist\repos\Automatizaciones-SILOHUB-\inicio.py:94: DeprecationWarning: find_element_by_xpath is deprecated. Please use find_element(by=By.XPATH, value=xpath) instead
  elemento = driver.find_element_by_xpath(f"//*[contains(text(), '{texto_deseado}')]")
c:\Users\luist\repos\Automatizaciones-SILOHUB-\inicio.py:143: DeprecationWarning: find_element_by_xpath is deprecated. Please use find_element(by=By.XPATH, value=xpath) instead
  elemento = self.driver.find_element_by_xpath("/html/body/app-root/app-layout/app-vertical/div/div/div/div/app-home/div/div[2]/app-business-indicators/div[1]/div[1]/div/p")
c:\Users\luist\repos\Automatizaciones-SILOHUB-\inicio.py:153: DeprecationWarning: find_element_by_css_selector is deprecated. Please use find_element(by=By.CSS_SELECTOR, value=css_selector) instead
  imagen_1 = self.driver.find_element_by_css_selector('img[src="assets/images/grains/soja.svg"]')
c:\Users\luist\repos\Automatizaciones-SILOHUB-\inicio.py:168: DeprecationWarning: find_element_by_css_selector is deprecated. Please use find_element(by=By.CSS_SELECTOR, value=css_selector) instead
  imagen_2 = self.driver.find_element_by_css_selector('img[src="assets/images/grains/maiz.svg"]')
c:\Users\luist\repos\Automatizaciones-SILOHUB-\inicio.py:181: DeprecationWarning: find_element_by_css_selector is deprecated. Please use find_element(by=By.CSS_SELECTOR, value=css_selector) instead
  imagen_3 = self.driver.find_element_by_css_selector('img[src="assets/images/grains/trigo.svg"]')
c:\Users\luist\repos\Automatizaciones-SILOHUB-\inicio.py:241: DeprecationWarning: find_element_by_xpath is deprecated. Please use find_element(by=By.XPATH, value=xpath) instead
  elemento = self.driver.find_element_by_xpath('/html/body/app-root/app-layout/app-vertical/div/div/div/div/app-home/div/div[3]/p')
c:\Users\luist\repos\Automatizaciones-SILOHUB-\inicio.py:258: DeprecationWarning: find_element_by_xpath is deprecated. Please use find_element(by=By.XPATH, value=xpath) instead
  imagen_4 = driver.find_element_by_xpath("/html/body/app-root/app-layout/app-vertical/div/div/div/div/app-home/div/div[3]/app-recent-grain-movements/div/div[1]/app-recent-deliveries/app-responsive-table-multiple-items/div/table/tbody/tr[1]/td[1]/div/div/div[1]/img")
c:\Users\luist\repos\Automatizaciones-SILOHUB-\inicio.py:299: DeprecationWarning: find_element_by_xpath is deprecated. Please use find_element(by=By.XPATH, value=xpath) instead
  elemento = self.driver.find_element_by_xpath('/html/body/app-root/app-layout/app-vertical/div/div/div/div/app-home/div/div[3]/app-recent-grain-movements/div/div[2]/app-recent-sales/app-responsive-table-multiple-items/div/div/span[1]')
c:\Users\luist\repos\Automatizaciones-SILOHUB-\inicio.py:315: DeprecationWarning: find_element_by_xpath is deprecated. Please use find_element(by=By.XPATH, value=xpath) instead
  imagen_5 = driver.find_element_by_xpath("/html/body/app-root/app-layout/app-vertical/div/div/div/div/app-home/div/div[3]/app-recent-grain-movements/div/div[2]/app-recent-sales/app-responsive-table-multiple-items/div/table/tbody/tr[1]/td[1]/div/div/div[1]/img")
]]></system-err>
	</testcase>
</testsuite>
