<?xml version="1.0" encoding="UTF-8"?>
<testsuite name="HomeTenant-20231219172922" tests="1" file=".py" time="35.108" timestamp="2023-12-19T17:29:57" failures="0" errors="0" skipped="0">
	<testcase classname="HomeTenant" name="test_inicio_tenant" time="35.108" timestamp="2023-12-19T17:29:57" file="Home.py" line="21">
		<system-out><![CDATA[El texto es visible para el usuario
El texto del saludo fue validado correctamente Buen día JUAN DEMO!
El saldo vencido a hoy en ARS  es un carácter numérico. -33.123.755,71
El saldo vencido a hoy en USD  es un carácter numérico. 2.296.704,71
El saldo a vencer en ARS  es un carácter numérico. 00,00
El saldo a vencer en USD  es un carácter numérico. 00,00
El texto obtenido es: Resumen de Mis Negocios de Granos
La imagen es visible para el usuario. URL: https://pwa-portal-staging.silohub.ag/assets/images/grains/soja.svg
La imagen es visible para el usuario. URL: https://pwa-portal-staging.silohub.ag/assets/images/grains/maiz.svg
la url de la imagen de trigo  es la siguente https://pwa-portal-staging.silohub.ag/assets/images/grains/trigo.svg
El saldo entregado  es un carácter numérico. 163.102,00 Kg
El saldo fijado es un carácter numérico. 14.775.938,00 Kg
El saldo pesificado es un carácter numérico. 20.000,00 Kg
El saldo liquidado es un carácter numérico. 81.279,00 Kg
El saldo pagado  es un carácter numérico. -81.279,00 Kg
El texto obtenido es: Entregas y Ventas Recientes
La imagen es visible para el usuario. URL: https://pwa-portal-staging.silohub.ag/assets/images/grains/soja.svg
El comprobante CTG/CRT  es un carácter numérico. 0010010108875246
Los montos netos son  un carácter numérico. 890,00
El texto obtenido es: Ventas Recientes
La imagen es visible para el usuario. URL: https://pwa-portal-staging.silohub.ag/assets/images/grains/maiz.svg
El saldo de la cantidad netos es un carácter numérico. 15.000,00
El precio es un carácter numérico. 50,00
]]></system-out>
	</testcase>
</testsuite>
