<?xml version="1.0" encoding="UTF-8"?>
<testsuite name="HomeTenant-20240110201842" tests="1" file=".py" time="41.069" timestamp="2024-01-10T20:19:24" failures="0" errors="0" skipped="0">
	<testcase classname="HomeTenant" name="test_inicio_tenant" time="41.069" timestamp="2024-01-10T20:19:24" file="Home.py" line="21">
		<system-out><![CDATA[El texto es visible para el usuario
El texto del saludo fue validado correctamente Buen día JUAN DEMO!
El saldo vencido a hoy en ARS  es un carácter numérico. 00,00
El saldo vencido a hoy en USD  es un carácter numérico. 00,00
El saldo a vencer en ARS  es un carácter numérico. 00,00
El saldo a vencer en USD  es un carácter numérico. 00,00
El texto obtenido es: Resumen de Mis Negocios de Granos
La imagen es visible para el usuario. URL: https://pwa-portal-staging.silohub.ag/assets/images/grains/soja.svg
La imagen es visible para el usuario. URL: https://pwa-portal-staging.silohub.ag/assets/images/grains/maiz.svg
la url de la imagen de trigo  es la siguente https://pwa-portal-staging.silohub.ag/assets/images/grains/trigo.svg
El saldo entregado  es un carácter numérico. 0 Tn
El saldo fijado es un carácter numérico. 2,30 Tn
El saldo pesificado es un carácter numérico. 0 Tn
El saldo liquidado es un carácter numérico. 0 Tn
El saldo pagado  es un carácter numérico. 0 Tn
El texto obtenido es: Entregas y Ventas Recientes
La imagen es visible para el usuario. URL: https://pwa-portal-staging.silohub.ag/assets/images/grains/trigo.svg
El comprobante CTG/CRT  es un carácter numérico. 0010010109864292
Los montos netos son  un carácter numérico. 31,58
El texto obtenido es: Ventas Recientes
La imagen es visible para el usuario. URL: https://pwa-portal-staging.silohub.ag/assets/images/grains/soja.svg
El saldo de la cantidad netos es un carácter numérico. 320,00
El precio es un carácter numérico. 265.000,00
]]></system-out>
	</testcase>
</testsuite>
