<?xml version="1.0" encoding="UTF-8"?>
<testsuite name="InicioTenant-20231212153917" tests="1" file=".py" time="26.650" timestamp="2023-12-12T15:39:43" failures="0" errors="1" skipped="0">
	<testcase classname="InicioTenant" name="test_inicio_tenant" time="26.650" timestamp="2023-12-12T15:39:43" file="inicio.py" line="26">
		<error type="ElementClickInterceptedException" message="Message: element click intercepted: Element &lt;i _ngcontent-vol-c180=&quot;&quot; class=&quot;ri-close-line t-gray-300 f-size-14 tag-close-icon&quot;&gt;&lt;/i&gt; is not clickable at point (1375, 110). Other element would receive the click: &lt;div _ngcontent-vol-c183=&quot;&quot; class=&quot;choices__list choices__list--multiple row tags-container&quot;&gt;...&lt;/div&gt;
  (Session info: chrome=120.0.6099.71)
Stacktrace:
	GetHandleVerifier [0x00007FF76EDF4D02+56194]
	(No symbol) [0x00007FF76ED604B2]
	(No symbol) [0x00007FF76EC076AA]
	(No symbol) [0x00007FF76EC58763]
	(No symbol) [0x00007FF76EC5675D]
	(No symbol) [0x00007FF76EC53F5C]
	(No symbol) [0x00007FF76EC52D15]
	(No symbol) [0x00007FF76EC4687F]
	(No symbol) [0x00007FF76EC75E7A]
	(No symbol) [0x00007FF76EC46226]
	(No symbol) [0x00007FF76EC76320]
	(No symbol) [0x00007FF76EC92786]
	(No symbol) [0x00007FF76EC75C23]
	(No symbol) [0x00007FF76EC44A45]
	(No symbol) [0x00007FF76EC45AD4]
	GetHandleVerifier [0x00007FF76F16D5BB+3695675]
	GetHandleVerifier [0x00007FF76F1C6197+4059159]
	GetHandleVerifier [0x00007FF76F1BDF63+4025827]
	GetHandleVerifier [0x00007FF76EE8F029+687785]
	(No symbol) [0x00007FF76ED6B508]
	(No symbol) [0x00007FF76ED67564]
	(No symbol) [0x00007FF76ED676E9]
	(No symbol) [0x00007FF76ED58094]
	BaseThreadInitThunk [0x00007FFB1102257D+29]
	RtlUserThreadStart [0x00007FFB1232AA58+40]
"><![CDATA[Traceback (most recent call last):
  File "c:\Users\luist\repos\Automatizaciones-SILOHUB-\inicio.py", line 43, in test_inicio_tenant
    delete_campaign.click()
  File "C:\Users\luist\AppData\Roaming\Python\Python310\site-packages\selenium\webdriver\remote\webelement.py", line 93, in click
    self._execute(Command.CLICK_ELEMENT)
  File "C:\Users\luist\AppData\Roaming\Python\Python310\site-packages\selenium\webdriver\remote\webelement.py", line 394, in _execute
    return self._parent.execute(command, params)
  File "C:\Users\luist\AppData\Roaming\Python\Python310\site-packages\selenium\webdriver\remote\webdriver.py", line 347, in execute
    self.error_handler.check_response(response)
  File "C:\Users\luist\AppData\Roaming\Python\Python310\site-packages\selenium\webdriver\remote\errorhandler.py", line 229, in check_response
    raise exception_class(message, screen, stacktrace)
selenium.common.exceptions.ElementClickInterceptedException: Message: element click intercepted: Element <i _ngcontent-vol-c180="" class="ri-close-line t-gray-300 f-size-14 tag-close-icon"></i> is not clickable at point (1375, 110). Other element would receive the click: <div _ngcontent-vol-c183="" class="choices__list choices__list--multiple row tags-container">...</div>
  (Session info: chrome=120.0.6099.71)
Stacktrace:
	GetHandleVerifier [0x00007FF76EDF4D02+56194]
	(No symbol) [0x00007FF76ED604B2]
	(No symbol) [0x00007FF76EC076AA]
	(No symbol) [0x00007FF76EC58763]
	(No symbol) [0x00007FF76EC5675D]
	(No symbol) [0x00007FF76EC53F5C]
	(No symbol) [0x00007FF76EC52D15]
	(No symbol) [0x00007FF76EC4687F]
	(No symbol) [0x00007FF76EC75E7A]
	(No symbol) [0x00007FF76EC46226]
	(No symbol) [0x00007FF76EC76320]
	(No symbol) [0x00007FF76EC92786]
	(No symbol) [0x00007FF76EC75C23]
	(No symbol) [0x00007FF76EC44A45]
	(No symbol) [0x00007FF76EC45AD4]
	GetHandleVerifier [0x00007FF76F16D5BB+3695675]
	GetHandleVerifier [0x00007FF76F1C6197+4059159]
	GetHandleVerifier [0x00007FF76F1BDF63+4025827]
	GetHandleVerifier [0x00007FF76EE8F029+687785]
	(No symbol) [0x00007FF76ED6B508]
	(No symbol) [0x00007FF76ED67564]
	(No symbol) [0x00007FF76ED676E9]
	(No symbol) [0x00007FF76ED58094]
	BaseThreadInitThunk [0x00007FFB1102257D+29]
	RtlUserThreadStart [0x00007FFB1232AA58+40]

]]></error>
	</testcase>
</testsuite>
