<?xml version="1.0" encoding="UTF-8"?>
<testsuite name="HomeTenant-20231219180451" tests="1" file=".py" time="23.306" timestamp="2023-12-19T18:05:14" failures="0" errors="1" skipped="0">
	<testcase classname="HomeTenant" name="test_inicio_tenant" time="23.306" timestamp="2023-12-19T18:05:14" file="Home.py" line="21">
		<error type="ElementClickInterceptedException" message="Message: element click intercepted: Element &lt;i _ngcontent-cme-c180=&quot;&quot; class=&quot;ri-close-line t-gray-300 f-size-14 tag-close-icon&quot;&gt;&lt;/i&gt; is not clickable at point (1413, 110). Other element would receive the click: &lt;div _ngcontent-cme-c183=&quot;&quot; class=&quot;choices__list choices__list--multiple row tags-container&quot;&gt;...&lt;/div&gt;
  (Session info: chrome=120.0.6099.110)
Stacktrace:
	GetHandleVerifier [0x00007FF741222142+3514994]
	(No symbol) [0x00007FF740E40CE2]
	(No symbol) [0x00007FF740CE76AA]
	(No symbol) [0x00007FF740D388F3]
	(No symbol) [0x00007FF740D368ED]
	(No symbol) [0x00007FF740D340EC]
	(No symbol) [0x00007FF740D32EA5]
	(No symbol) [0x00007FF740D26A0F]
	(No symbol) [0x00007FF740D55FEA]
	(No symbol) [0x00007FF740D263B6]
	(No symbol) [0x00007FF740D56490]
	(No symbol) [0x00007FF740D728F6]
	(No symbol) [0x00007FF740D55D93]
	(No symbol) [0x00007FF740D24BDC]
	(No symbol) [0x00007FF740D25C64]
	GetHandleVerifier [0x00007FF74124E16B+3695259]
	GetHandleVerifier [0x00007FF7412A6737+4057191]
	GetHandleVerifier [0x00007FF74129E4E3+4023827]
	GetHandleVerifier [0x00007FF740F704F9+689705]
	(No symbol) [0x00007FF740E4C048]
	(No symbol) [0x00007FF740E48044]
	(No symbol) [0x00007FF740E481C9]
	(No symbol) [0x00007FF740E388C4]
	BaseThreadInitThunk [0x00007FFBA8B3257D+29]
	RtlUserThreadStart [0x00007FFBA8E8AA58+40]
"><![CDATA[Traceback (most recent call last):
  File "c:\Users\luist\repos\Automatizaciones-SILOHUB-\Home.py", line 38, in test_inicio_tenant
    delete_campaign.click()
  File "C:\Users\luist\AppData\Roaming\Python\Python310\site-packages\selenium\webdriver\remote\webelement.py", line 94, in click
    self._execute(Command.CLICK_ELEMENT)
  File "C:\Users\luist\AppData\Roaming\Python\Python310\site-packages\selenium\webdriver\remote\webelement.py", line 395, in _execute
    return self._parent.execute(command, params)
  File "C:\Users\luist\AppData\Roaming\Python\Python310\site-packages\selenium\webdriver\remote\webdriver.py", line 348, in execute
    self.error_handler.check_response(response)
  File "C:\Users\luist\AppData\Roaming\Python\Python310\site-packages\selenium\webdriver\remote\errorhandler.py", line 229, in check_response
    raise exception_class(message, screen, stacktrace)
selenium.common.exceptions.ElementClickInterceptedException: Message: element click intercepted: Element <i _ngcontent-cme-c180="" class="ri-close-line t-gray-300 f-size-14 tag-close-icon"></i> is not clickable at point (1413, 110). Other element would receive the click: <div _ngcontent-cme-c183="" class="choices__list choices__list--multiple row tags-container">...</div>
  (Session info: chrome=120.0.6099.110)
Stacktrace:
	GetHandleVerifier [0x00007FF741222142+3514994]
	(No symbol) [0x00007FF740E40CE2]
	(No symbol) [0x00007FF740CE76AA]
	(No symbol) [0x00007FF740D388F3]
	(No symbol) [0x00007FF740D368ED]
	(No symbol) [0x00007FF740D340EC]
	(No symbol) [0x00007FF740D32EA5]
	(No symbol) [0x00007FF740D26A0F]
	(No symbol) [0x00007FF740D55FEA]
	(No symbol) [0x00007FF740D263B6]
	(No symbol) [0x00007FF740D56490]
	(No symbol) [0x00007FF740D728F6]
	(No symbol) [0x00007FF740D55D93]
	(No symbol) [0x00007FF740D24BDC]
	(No symbol) [0x00007FF740D25C64]
	GetHandleVerifier [0x00007FF74124E16B+3695259]
	GetHandleVerifier [0x00007FF7412A6737+4057191]
	GetHandleVerifier [0x00007FF74129E4E3+4023827]
	GetHandleVerifier [0x00007FF740F704F9+689705]
	(No symbol) [0x00007FF740E4C048]
	(No symbol) [0x00007FF740E48044]
	(No symbol) [0x00007FF740E481C9]
	(No symbol) [0x00007FF740E388C4]
	BaseThreadInitThunk [0x00007FFBA8B3257D+29]
	RtlUserThreadStart [0x00007FFBA8E8AA58+40]

]]></error>
	</testcase>
</testsuite>
