<?xml version="1.0" encoding="UTF-8"?>
<testsuite name="HomeTenant-20231219172845" tests="1" file=".py" time="33.035" timestamp="2023-12-19T17:29:18" failures="0" errors="1" skipped="0">
	<testcase classname="HomeTenant" name="test_inicio_tenant" time="33.035" timestamp="2023-12-19T17:29:18" file="Home.py" line="21">
		<error type="ElementClickInterceptedException" message="Message: element click intercepted: Element &lt;i _ngcontent-muy-c180=&quot;&quot; class=&quot;ri-close-line t-gray-300 f-size-14 tag-close-icon&quot;&gt;&lt;/i&gt; is not clickable at point (1375, 110). Other element would receive the click: &lt;div _ngcontent-muy-c183=&quot;&quot; class=&quot;choices__list choices__list--multiple row tags-container&quot;&gt;...&lt;/div&gt;
  (Session info: chrome=120.0.6099.110)
Stacktrace:
	GetHandleVerifier [0x00007FF634E82142+3514994]
	(No symbol) [0x00007FF634AA0CE2]
	(No symbol) [0x00007FF6349476AA]
	(No symbol) [0x00007FF6349988F3]
	(No symbol) [0x00007FF6349968ED]
	(No symbol) [0x00007FF6349940EC]
	(No symbol) [0x00007FF634992EA5]
	(No symbol) [0x00007FF634986A0F]
	(No symbol) [0x00007FF6349B5FEA]
	(No symbol) [0x00007FF6349863B6]
	(No symbol) [0x00007FF6349B6490]
	(No symbol) [0x00007FF6349D28F6]
	(No symbol) [0x00007FF6349B5D93]
	(No symbol) [0x00007FF634984BDC]
	(No symbol) [0x00007FF634985C64]
	GetHandleVerifier [0x00007FF634EAE16B+3695259]
	GetHandleVerifier [0x00007FF634F06737+4057191]
	GetHandleVerifier [0x00007FF634EFE4E3+4023827]
	GetHandleVerifier [0x00007FF634BD04F9+689705]
	(No symbol) [0x00007FF634AAC048]
	(No symbol) [0x00007FF634AA8044]
	(No symbol) [0x00007FF634AA81C9]
	(No symbol) [0x00007FF634A988C4]
	BaseThreadInitThunk [0x00007FFBA8B3257D+29]
	RtlUserThreadStart [0x00007FFBA8E8AA58+40]
"><![CDATA[Traceback (most recent call last):
  File "c:\Users\luist\repos\Automatizaciones-SILOHUB-\Home.py", line 38, in test_inicio_tenant
    delete_campaign.click()
  File "C:\Users\luist\AppData\Roaming\Python\Python310\site-packages\selenium\webdriver\remote\webelement.py", line 93, in click
    self._execute(Command.CLICK_ELEMENT)
  File "C:\Users\luist\AppData\Roaming\Python\Python310\site-packages\selenium\webdriver\remote\webelement.py", line 394, in _execute
    return self._parent.execute(command, params)
  File "C:\Users\luist\AppData\Roaming\Python\Python310\site-packages\selenium\webdriver\remote\webdriver.py", line 347, in execute
    self.error_handler.check_response(response)
  File "C:\Users\luist\AppData\Roaming\Python\Python310\site-packages\selenium\webdriver\remote\errorhandler.py", line 229, in check_response
    raise exception_class(message, screen, stacktrace)
selenium.common.exceptions.ElementClickInterceptedException: Message: element click intercepted: Element <i _ngcontent-muy-c180="" class="ri-close-line t-gray-300 f-size-14 tag-close-icon"></i> is not clickable at point (1375, 110). Other element would receive the click: <div _ngcontent-muy-c183="" class="choices__list choices__list--multiple row tags-container">...</div>
  (Session info: chrome=120.0.6099.110)
Stacktrace:
	GetHandleVerifier [0x00007FF634E82142+3514994]
	(No symbol) [0x00007FF634AA0CE2]
	(No symbol) [0x00007FF6349476AA]
	(No symbol) [0x00007FF6349988F3]
	(No symbol) [0x00007FF6349968ED]
	(No symbol) [0x00007FF6349940EC]
	(No symbol) [0x00007FF634992EA5]
	(No symbol) [0x00007FF634986A0F]
	(No symbol) [0x00007FF6349B5FEA]
	(No symbol) [0x00007FF6349863B6]
	(No symbol) [0x00007FF6349B6490]
	(No symbol) [0x00007FF6349D28F6]
	(No symbol) [0x00007FF6349B5D93]
	(No symbol) [0x00007FF634984BDC]
	(No symbol) [0x00007FF634985C64]
	GetHandleVerifier [0x00007FF634EAE16B+3695259]
	GetHandleVerifier [0x00007FF634F06737+4057191]
	GetHandleVerifier [0x00007FF634EFE4E3+4023827]
	GetHandleVerifier [0x00007FF634BD04F9+689705]
	(No symbol) [0x00007FF634AAC048]
	(No symbol) [0x00007FF634AA8044]
	(No symbol) [0x00007FF634AA81C9]
	(No symbol) [0x00007FF634A988C4]
	BaseThreadInitThunk [0x00007FFBA8B3257D+29]
	RtlUserThreadStart [0x00007FFBA8E8AA58+40]

]]></error>
	</testcase>
</testsuite>
