<?xml version="1.0" encoding="UTF-8"?>
<testsuite name="inicio_tenat-20231031161443" tests="1" file=".py" time="55.741" timestamp="2023-10-31T16:15:38" failures="0" errors="0" skipped="0">
	<testcase classname="inicio_tenat" name="test_login_user_1" time="55.741" timestamp="2023-10-31T16:15:38" file="inicio.py" line="25">
		<system-out><![CDATA[El texto es visible para el usuario
El texto del saludo fue validado correctamente
]]></system-out>
		<system-err><![CDATA[c:\Users\luist\repos\Automatizaciones-SILOHUB-\inicio.py:17: DeprecationWarning: executable_path has been deprecated, please pass in a Service object
  self.driver = webdriver.Chrome(executable_path=r"C:\driverchrome\chromedriver-win64\chromedriver.exe")
c:\Users\luist\repos\Automatizaciones-SILOHUB-\inicio.py:27: DeprecationWarning: find_element_by_* commands are deprecated. Please use find_element() instead
  username = driver.find_element_by_id("email")
c:\Users\luist\repos\Automatizaciones-SILOHUB-\inicio.py:33: DeprecationWarning: find_element_by_* commands are deprecated. Please use find_element() instead
  passwordUser = driver.find_element_by_id("password")
c:\Users\luist\repos\Automatizaciones-SILOHUB-\inicio.py:38: DeprecationWarning: find_element_by_xpath is deprecated. Please use find_element(by=By.XPATH, value=xpath) instead
  insertButton = driver.find_element_by_xpath("/html/body/app-root/app-login-main/div/div[2]/div/app-login-form/div/div/div[1]/div/div[2]/form/div[4]/app-button/button")
c:\Users\luist\repos\Automatizaciones-SILOHUB-\inicio.py:43: DeprecationWarning: find_element_by_xpath is deprecated. Please use find_element(by=By.XPATH, value=xpath) instead
  selectTenant = driver.find_element_by_xpath("/html/body/app-root/app-layout/app-vertical/div/div/div/div/app-home-main/div/div[1]/app-tenant-main/app-tenant[8]/div/div/img")
c:\Users\luist\repos\Automatizaciones-SILOHUB-\inicio.py:61: DeprecationWarning: find_element_by_xpath is deprecated. Please use find_element(by=By.XPATH, value=xpath) instead
  Filtro_campaña = driver.find_element_by_xpath("/html/body/app-root/app-layout/app-vertical/div/div/div/div/app-home/div/div[2]/app-business-indicators/div[1]/div[2]/app-filter-button/button/div/span")
c:\Users\luist\repos\Automatizaciones-SILOHUB-\inicio.py:70: DeprecationWarning: find_element_by_xpath is deprecated. Please use find_element(by=By.XPATH, value=xpath) instead
  delete_campaign = driver.find_element_by_xpath("/html/body/ngb-offcanvas-panel/div/ngx-simplebar/div[1]/div[2]/div/div/div/app-filter-content/div[2]/app-tag-container/div/div/div[7]/app-tag/div/div/i")
c:\Users\luist\repos\Automatizaciones-SILOHUB-\inicio.py:74: DeprecationWarning: find_element_by_xpath is deprecated. Please use find_element(by=By.XPATH, value=xpath) instead
  select_campaña = driver.find_element_by_xpath('/html/body/ngb-offcanvas-panel/div/ngx-simplebar/div[1]/div[2]/div/div/div/app-filter-content/div[2]/app-season-container/div/app-season-button[2]/div/div')
c:\Users\luist\repos\Automatizaciones-SILOHUB-\inicio.py:78: DeprecationWarning: find_element_by_xpath is deprecated. Please use find_element(by=By.XPATH, value=xpath) instead
  selecct_button_aplicar = driver.find_element_by_xpath('/html/body/ngb-offcanvas-panel/div/ngx-simplebar/div[1]/div[2]/div/div/div/app-filter-content/div[2]/app-filter-buttons/div/app-button[2]/button')
c:\Users\luist\repos\Automatizaciones-SILOHUB-\inicio.py:94: DeprecationWarning: find_element_by_xpath is deprecated. Please use find_element(by=By.XPATH, value=xpath) instead
  elemento = driver.find_element_by_xpath(f"//*[contains(text(), '{texto_deseado}')]")
]]></system-err>
	</testcase>
</testsuite>
