<?xml version="1.0" encoding="UTF-8"?>
<testsuite name="precio_granos_fijaciones-20240417135848" tests="1" file=".py" time="282.978" timestamp="2024-04-17T14:03:31" failures="0" errors="0" skipped="0">
	<testcase classname="precio_granos_fijaciones" name="test_price_fixings" time="282.978" timestamp="2024-04-17T14:03:31" file="PrecioFijaciones.py" line="23">
		<system-out><![CDATA[El texto encontrado es  MERCADOS
Se hizo clic en un icono de borrar.
No se encontraron más movimientos para borrar.
¡Input encontrado y enviado con éxito!
¡Elemento encontrado y clickeado 6 veces con éxito!
¡Input encontrado y enviado con éxito!
Error al desplazar y hacer clic: Message: no such element: Unable to locate element: {"method":"xpath","selector":"/html/body/app-root/app-layout/app-vertical/div/div/div/div/app-market-view-main/app-grain-price-view/div[2]/app-grain-market-view-table[2]/div/div/div[2]/div[9]/div/svg-icon/svg"}
  (Session info: chrome=123.0.6312.123); For documentation on this error, please visit: https://www.selenium.dev/documentation/webdriver/troubleshooting/errors#no-such-element-exception
Stacktrace:
	GetHandleVerifier [0x00007FF68E8C7032+63090]
	(No symbol) [0x00007FF68E832C82]
	(No symbol) [0x00007FF68E6CEC65]
	(No symbol) [0x00007FF68E71499D]
	(No symbol) [0x00007FF68E714ADC]
	(No symbol) [0x00007FF68E755B37]
	(No symbol) [0x00007FF68E73701F]
	(No symbol) [0x00007FF68E753412]
	(No symbol) [0x00007FF68E736D83]
	(No symbol) [0x00007FF68E7083A8]
	(No symbol) [0x00007FF68E709441]
	GetHandleVerifier [0x00007FF68ECC25AD+4238317]
	GetHandleVerifier [0x00007FF68ECFF70D+4488525]
	GetHandleVerifier [0x00007FF68ECF79EF+4456495]
	GetHandleVerifier [0x00007FF68E9A0576+953270]
	(No symbol) [0x00007FF68E83E54F]
	(No symbol) [0x00007FF68E839224]
	(No symbol) [0x00007FF68E83935B]
	(No symbol) [0x00007FF68E829B94]
	BaseThreadInitThunk [0x00007FFA9757257D+29]
	RtlUserThreadStart [0x00007FFA98AAAA48+40]

Tiempo de espera agotado. El elemento no está presente o no es clickeable.
Tiempo de espera agotado. El elemento no está presente o no es clickeable.
Tiempo de espera agotado. El chevron no están presentes o no son clickeables.
Tiempo de espera agotado. El input no está presente o no es clickeable.
Tiempo de espera agotado. El elemento no está presente o no es clickeable.
]]></system-out>
	</testcase>
</testsuite>
