<?xml version="1.0" encoding="UTF-8"?>
<testsuite name="precio_granos_fijaciones-20240417123102" tests="1" file=".py" time="17.787" timestamp="2024-04-17T12:31:20" failures="0" errors="1" skipped="0">
	<testcase classname="precio_granos_fijaciones" name="test_price_fixings" time="17.787" timestamp="2024-04-17T12:31:20" file="PrecioFijaciones.py" line="23">
		<error type="ElementClickInterceptedException" message="Message: element click intercepted: Element is not clickable at point (1471, 1066)
  (Session info: chrome=123.0.6312.123)
Stacktrace:
	GetHandleVerifier [0x00007FF6BBCD7032+63090]
	(No symbol) [0x00007FF6BBC42C82]
	(No symbol) [0x00007FF6BBADEC65]
	(No symbol) [0x00007FF6BBB2BB34]
	(No symbol) [0x00007FF6BBB29954]
	(No symbol) [0x00007FF6BBB27164]
	(No symbol) [0x00007FF6BBB25EF9]
	(No symbol) [0x00007FF6BBB1A708]
	(No symbol) [0x00007FF6BBB46FDA]
	(No symbol) [0x00007FF6BBB1A00A]
	(No symbol) [0x00007FF6BBB471F0]
	(No symbol) [0x00007FF6BBB63412]
	(No symbol) [0x00007FF6BBB46D83]
	(No symbol) [0x00007FF6BBB183A8]
	(No symbol) [0x00007FF6BBB19441]
	GetHandleVerifier [0x00007FF6BC0D25AD+4238317]
	GetHandleVerifier [0x00007FF6BC10F70D+4488525]
	GetHandleVerifier [0x00007FF6BC1079EF+4456495]
	GetHandleVerifier [0x00007FF6BBDB0576+953270]
	(No symbol) [0x00007FF6BBC4E54F]
	(No symbol) [0x00007FF6BBC49224]
	(No symbol) [0x00007FF6BBC4935B]
	(No symbol) [0x00007FF6BBC39B94]
	BaseThreadInitThunk [0x00007FFA9757257D+29]
	RtlUserThreadStart [0x00007FFA98AAAA48+40]
"><![CDATA[Traceback (most recent call last):
  File "c:\Users\luist\repos\Automatizaciones-SILOHUB-\PrecioFijaciones.py", line 48, in test_price_fixings
    click_icon_delete(self.driver, delete_price_grain)
  File "c:\Users\luist\repos\Automatizaciones-SILOHUB-\Elements.py", line 1296, in click_icon_delete
    icono_borrar.click()
  File "C:\Users\luist\AppData\Roaming\Python\Python310\site-packages\selenium\webdriver\remote\webelement.py", line 94, in click
    self._execute(Command.CLICK_ELEMENT)
  File "C:\Users\luist\AppData\Roaming\Python\Python310\site-packages\selenium\webdriver\remote\webelement.py", line 395, in _execute
    return self._parent.execute(command, params)
  File "C:\Users\luist\AppData\Roaming\Python\Python310\site-packages\selenium\webdriver\remote\webdriver.py", line 348, in execute
    self.error_handler.check_response(response)
  File "C:\Users\luist\AppData\Roaming\Python\Python310\site-packages\selenium\webdriver\remote\errorhandler.py", line 229, in check_response
    raise exception_class(message, screen, stacktrace)
selenium.common.exceptions.ElementClickInterceptedException: Message: element click intercepted: Element is not clickable at point (1471, 1066)
  (Session info: chrome=123.0.6312.123)
Stacktrace:
	GetHandleVerifier [0x00007FF6BBCD7032+63090]
	(No symbol) [0x00007FF6BBC42C82]
	(No symbol) [0x00007FF6BBADEC65]
	(No symbol) [0x00007FF6BBB2BB34]
	(No symbol) [0x00007FF6BBB29954]
	(No symbol) [0x00007FF6BBB27164]
	(No symbol) [0x00007FF6BBB25EF9]
	(No symbol) [0x00007FF6BBB1A708]
	(No symbol) [0x00007FF6BBB46FDA]
	(No symbol) [0x00007FF6BBB1A00A]
	(No symbol) [0x00007FF6BBB471F0]
	(No symbol) [0x00007FF6BBB63412]
	(No symbol) [0x00007FF6BBB46D83]
	(No symbol) [0x00007FF6BBB183A8]
	(No symbol) [0x00007FF6BBB19441]
	GetHandleVerifier [0x00007FF6BC0D25AD+4238317]
	GetHandleVerifier [0x00007FF6BC10F70D+4488525]
	GetHandleVerifier [0x00007FF6BC1079EF+4456495]
	GetHandleVerifier [0x00007FF6BBDB0576+953270]
	(No symbol) [0x00007FF6BBC4E54F]
	(No symbol) [0x00007FF6BBC49224]
	(No symbol) [0x00007FF6BBC4935B]
	(No symbol) [0x00007FF6BBC39B94]
	BaseThreadInitThunk [0x00007FFA9757257D+29]
	RtlUserThreadStart [0x00007FFA98AAAA48+40]

]]></error>
		<system-out><![CDATA[El texto encontrado es  MERCADOS
]]></system-out>
	</testcase>
</testsuite>
