<?xml version="1.0" encoding="UTF-8"?>
<testsuite name="precio_granos_fijaciones-20240409154224" tests="1" file=".py" time="23.346" timestamp="2024-04-09T15:42:48" failures="0" errors="1" skipped="0">
	<testcase classname="precio_granos_fijaciones" name="test_granos_contratos" time="23.346" timestamp="2024-04-09T15:42:48" file="PrecioFijaciones.py" line="23">
		<error type="ElementClickInterceptedException" message="Message: element click intercepted: Element is not clickable at point (1471, 818)
  (Session info: chrome=123.0.6312.106)
Stacktrace:
	GetHandleVerifier [0x00007FF6C6977072+63090]
	(No symbol) [0x00007FF6C68E2CC2]
	(No symbol) [0x00007FF6C677EC65]
	(No symbol) [0x00007FF6C67CBB34]
	(No symbol) [0x00007FF6C67C9954]
	(No symbol) [0x00007FF6C67C7164]
	(No symbol) [0x00007FF6C67C5EF9]
	(No symbol) [0x00007FF6C67BA708]
	(No symbol) [0x00007FF6C67E6FDA]
	(No symbol) [0x00007FF6C67BA00A]
	(No symbol) [0x00007FF6C67E71F0]
	(No symbol) [0x00007FF6C6803412]
	(No symbol) [0x00007FF6C67E6D83]
	(No symbol) [0x00007FF6C67B83A8]
	(No symbol) [0x00007FF6C67B9441]
	GetHandleVerifier [0x00007FF6C6D725CD+4238285]
	GetHandleVerifier [0x00007FF6C6DAF72D+4488493]
	GetHandleVerifier [0x00007FF6C6DA7A0F+4456463]
	GetHandleVerifier [0x00007FF6C6A505B6+953270]
	(No symbol) [0x00007FF6C68EE58F]
	(No symbol) [0x00007FF6C68E9264]
	(No symbol) [0x00007FF6C68E939B]
	(No symbol) [0x00007FF6C68D9BD4]
	BaseThreadInitThunk [0x00007FFF9727257D+29]
	RtlUserThreadStart [0x00007FFF9922AA58+40]
"><![CDATA[Traceback (most recent call last):
  File "c:\Users\luist\repos\Automatizaciones-SILOHUB-\PrecioFijaciones.py", line 48, in test_granos_contratos
    click_icon_delete(self.driver, delete_price_grain)
  File "c:\Users\luist\repos\Automatizaciones-SILOHUB-\Elements.py", line 1282, in click_icon_delete
    icono_borrar.click()
  File "C:\Users\luist\AppData\Roaming\Python\Python310\site-packages\selenium\webdriver\remote\webelement.py", line 94, in click
    self._execute(Command.CLICK_ELEMENT)
  File "C:\Users\luist\AppData\Roaming\Python\Python310\site-packages\selenium\webdriver\remote\webelement.py", line 395, in _execute
    return self._parent.execute(command, params)
  File "C:\Users\luist\AppData\Roaming\Python\Python310\site-packages\selenium\webdriver\remote\webdriver.py", line 348, in execute
    self.error_handler.check_response(response)
  File "C:\Users\luist\AppData\Roaming\Python\Python310\site-packages\selenium\webdriver\remote\errorhandler.py", line 229, in check_response
    raise exception_class(message, screen, stacktrace)
selenium.common.exceptions.ElementClickInterceptedException: Message: element click intercepted: Element is not clickable at point (1471, 818)
  (Session info: chrome=123.0.6312.106)
Stacktrace:
	GetHandleVerifier [0x00007FF6C6977072+63090]
	(No symbol) [0x00007FF6C68E2CC2]
	(No symbol) [0x00007FF6C677EC65]
	(No symbol) [0x00007FF6C67CBB34]
	(No symbol) [0x00007FF6C67C9954]
	(No symbol) [0x00007FF6C67C7164]
	(No symbol) [0x00007FF6C67C5EF9]
	(No symbol) [0x00007FF6C67BA708]
	(No symbol) [0x00007FF6C67E6FDA]
	(No symbol) [0x00007FF6C67BA00A]
	(No symbol) [0x00007FF6C67E71F0]
	(No symbol) [0x00007FF6C6803412]
	(No symbol) [0x00007FF6C67E6D83]
	(No symbol) [0x00007FF6C67B83A8]
	(No symbol) [0x00007FF6C67B9441]
	GetHandleVerifier [0x00007FF6C6D725CD+4238285]
	GetHandleVerifier [0x00007FF6C6DAF72D+4488493]
	GetHandleVerifier [0x00007FF6C6DA7A0F+4456463]
	GetHandleVerifier [0x00007FF6C6A505B6+953270]
	(No symbol) [0x00007FF6C68EE58F]
	(No symbol) [0x00007FF6C68E9264]
	(No symbol) [0x00007FF6C68E939B]
	(No symbol) [0x00007FF6C68D9BD4]
	BaseThreadInitThunk [0x00007FFF9727257D+29]
	RtlUserThreadStart [0x00007FFF9922AA58+40]

]]></error>
		<system-out><![CDATA[El texto encontrado es  MERCADOS
]]></system-out>
	</testcase>
</testsuite>
