<?xml version="1.0" encoding="UTF-8"?>
<testsuite name="precio_granos_fijaciones-20240409154647" tests="2" file=".py" time="88.031" timestamp="2024-04-09T15:48:15" failures="0" errors="2" skipped="0">
	<testcase classname="precio_granos_fijaciones" name="test_granos_contratos" time="0.000" timestamp="0001-01-01T00:00:00" file="PrecioFijaciones.py" line="23">
		<error type="AttributeError" message="'NoneType' object has no attribute 'is_displayed'"><![CDATA[Traceback (most recent call last):
  File "c:\Users\luist\repos\Automatizaciones-SILOHUB-\PrecioFijaciones.py", line 92, in test_granos_contratos
    find_and_click_element(self.driver, select_arrow, clicks)
  File "c:\Users\luist\repos\Automatizaciones-SILOHUB-\Elements.py", line 374, in find_and_click_element
    element = WebDriverWait(driver, 10).until(
  File "C:\Users\luist\AppData\Roaming\Python\Python310\site-packages\selenium\webdriver\support\wait.py", line 96, in until
    value = method(self._driver)
  File "C:\Users\luist\AppData\Roaming\Python\Python310\site-packages\selenium\webdriver\support\expected_conditions.py", line 364, in _predicate
    element = visibility_of(target)(driver)
  File "C:\Users\luist\AppData\Roaming\Python\Python310\site-packages\selenium\webdriver\support\expected_conditions.py", line 173, in _predicate
    return _element_if_visible(element)
  File "C:\Users\luist\AppData\Roaming\Python\Python310\site-packages\selenium\webdriver\support\expected_conditions.py", line 179, in _element_if_visible
    return element if element.is_displayed() == visibility else False
AttributeError: 'NoneType' object has no attribute 'is_displayed'
]]></error>
		<system-out><![CDATA[El texto encontrado es  MERCADOS
Se hizo clic en un icono de borrar.
No se encontraron más movimientos para borrar.
¡Input encontrado y enviado con éxito!
]]></system-out>
	</testcase>
	<testcase classname="precio_granos_fijaciones" name="test_granos_contratos" time="88.031" timestamp="2024-04-09T15:48:15" file="PrecioFijaciones.py" line="23">
		<error type="WebDriverException" message="Message: disconnected: Unable to receive message from renderer
  (failed to check if window was closed: disconnected: not connected to DevTools)
  (Session info: chrome=123.0.6312.106)
Stacktrace:
	GetHandleVerifier [0x00007FF6C6977072+63090]
	(No symbol) [0x00007FF6C68E2CC2]
	(No symbol) [0x00007FF6C677EC65]
	(No symbol) [0x00007FF6C676D1EF]
	(No symbol) [0x00007FF6C676B0A8]
	(No symbol) [0x00007FF6C676BA8F]
	(No symbol) [0x00007FF6C677F1C5]
	(No symbol) [0x00007FF6C675C65C]
	(No symbol) [0x00007FF6C67F3C74]
	(No symbol) [0x00007FF6C67E6FA0]
	(No symbol) [0x00007FF6C67B83A8]
	(No symbol) [0x00007FF6C67B9441]
	GetHandleVerifier [0x00007FF6C6D725CD+4238285]
	GetHandleVerifier [0x00007FF6C6DAF72D+4488493]
	GetHandleVerifier [0x00007FF6C6DA7A0F+4456463]
	GetHandleVerifier [0x00007FF6C6A505B6+953270]
	(No symbol) [0x00007FF6C68EE58F]
	(No symbol) [0x00007FF6C68E9264]
	(No symbol) [0x00007FF6C68E939B]
	(No symbol) [0x00007FF6C68D9BD4]
	BaseThreadInitThunk [0x00007FFF9727257D+29]
	RtlUserThreadStart [0x00007FFF9922AA58+40]
"><![CDATA[Traceback (most recent call last):
  File "c:\Users\luist\repos\Automatizaciones-SILOHUB-\PrecioFijaciones.py", line 165, in tearDown
    self.driver.close()
  File "C:\Users\luist\AppData\Roaming\Python\Python310\site-packages\selenium\webdriver\remote\webdriver.py", line 459, in close
    self.execute(Command.CLOSE)
  File "C:\Users\luist\AppData\Roaming\Python\Python310\site-packages\selenium\webdriver\remote\webdriver.py", line 348, in execute
    self.error_handler.check_response(response)
  File "C:\Users\luist\AppData\Roaming\Python\Python310\site-packages\selenium\webdriver\remote\errorhandler.py", line 229, in check_response
    raise exception_class(message, screen, stacktrace)
selenium.common.exceptions.WebDriverException: Message: disconnected: Unable to receive message from renderer
  (failed to check if window was closed: disconnected: not connected to DevTools)
  (Session info: chrome=123.0.6312.106)
Stacktrace:
	GetHandleVerifier [0x00007FF6C6977072+63090]
	(No symbol) [0x00007FF6C68E2CC2]
	(No symbol) [0x00007FF6C677EC65]
	(No symbol) [0x00007FF6C676D1EF]
	(No symbol) [0x00007FF6C676B0A8]
	(No symbol) [0x00007FF6C676BA8F]
	(No symbol) [0x00007FF6C677F1C5]
	(No symbol) [0x00007FF6C675C65C]
	(No symbol) [0x00007FF6C67F3C74]
	(No symbol) [0x00007FF6C67E6FA0]
	(No symbol) [0x00007FF6C67B83A8]
	(No symbol) [0x00007FF6C67B9441]
	GetHandleVerifier [0x00007FF6C6D725CD+4238285]
	GetHandleVerifier [0x00007FF6C6DAF72D+4488493]
	GetHandleVerifier [0x00007FF6C6DA7A0F+4456463]
	GetHandleVerifier [0x00007FF6C6A505B6+953270]
	(No symbol) [0x00007FF6C68EE58F]
	(No symbol) [0x00007FF6C68E9264]
	(No symbol) [0x00007FF6C68E939B]
	(No symbol) [0x00007FF6C68D9BD4]
	BaseThreadInitThunk [0x00007FFF9727257D+29]
	RtlUserThreadStart [0x00007FFF9922AA58+40]

]]></error>
		<system-out><![CDATA[El texto encontrado es  MERCADOS
Se hizo clic en un icono de borrar.
No se encontraron más movimientos para borrar.
¡Input encontrado y enviado con éxito!
]]></system-out>
	</testcase>
</testsuite>
