<?xml version="1.0" encoding="UTF-8"?>
<testsuite name="precio_granos_fijaciones-20240417163007" tests="1" file=".py" time="283.543" timestamp="2024-04-17T16:34:50" failures="0" errors="0" skipped="0">
	<testcase classname="precio_granos_fijaciones" name="test_price_fixings" time="283.543" timestamp="2024-04-17T16:34:50" file="PrecioFijaciones.py" line="23">
		<system-out><![CDATA[El texto encontrado es  MERCADOS
Se hizo clic en un icono de borrar.
No se encontraron más movimientos para borrar.
¡Input encontrado y enviado con éxito!
¡Elemento encontrado y clickeado 6 veces con éxito!
¡Input encontrado y enviado con éxito!
Tiempo de espera agotado. El elemento no está presente o no es clickeable.
Tiempo de espera agotado. El elemento no está presente o no es clickeable.
Tiempo de espera agotado. El elemento no está presente o no es clickeable.
Tiempo de espera agotado. El chevron no están presentes o no son clickeables.
Tiempo de espera agotado. El input no está presente o no es clickeable.
Tiempo de espera agotado. El elemento no está presente o no es clickeable.
]]></system-out>
	</testcase>
</testsuite>
