<?xml version="1.0" encoding="UTF-8"?>
<testsuite name="precio_granos_fijaciones-20240409160807" tests="1" file=".py" time="92.512" timestamp="2024-04-09T16:09:39" failures="0" errors="1" skipped="0">
	<testcase classname="precio_granos_fijaciones" name="test_granos_contratos" time="92.512" timestamp="2024-04-09T16:09:39" file="PrecioFijaciones.py" line="23">
		<error type="ElementClickInterceptedException" message="Message: element click intercepted: Element &lt;path id=&quot;Trazado_4123&quot; data-name=&quot;Trazado 4123&quot; d=&quot;M23.284,11.373a1.26,1.26,0,0,0-.718.221,1.282,1.282,0,0,0-1.205-.862,1.26,1.26,0,0,0-.718.221,1.282,1.282,0,0,0-1.205-.862,1.253,1.253,0,0,0-.641.18V7.206a1.282,1.282,0,0,0-1.542-1.257,1.311,1.311,0,0,0-1.023,1.3v7.434l-.878-1a1.6,1.6,0,0,0-2.2-.2l-.224.18a.936.936,0,0,0-.224,1.231l2.286,3.687a5.241,5.241,0,0,0,4.446,2.725,5.129,5.129,0,0,0,5.129-5.129V12.655A1.282,1.282,0,0,0,23.284,11.373Zm.641,4.809a4.488,4.488,0,0,1-4.488,4.488,4.6,4.6,0,0,1-3.895-2.411l-2.279-3.706a.3.3,0,0,1,.067-.385l.224-.18a.962.962,0,0,1,1.318.119l1.439,1.645a.321.321,0,0,0,.561-.212V7.254a.68.68,0,0,1,.506-.689.646.646,0,0,1,.776.641v6.411a.321.321,0,1,0,.641,0V11.373a.641.641,0,1,1,1.282,0v2.244a.321.321,0,1,0,.641,0v-1.6a.641.641,0,0,1,1.282,0v1.6a.321.321,0,1,0,.641,0v-.962a.641.641,0,0,1,1.282,0ZM17.514,5.6a.321.321,0,0,0,.321-.321V4.321a.321.321,0,1,0-.641,0v.962A.321.321,0,0,0,17.514,5.6Z&quot; transform=&quot;translate(-12.567 -4)&quot; fill=&quot;#fff&quot; _ngcontent-qma-c244=&quot;&quot;&gt;&lt;/path&gt; is not clickable at point (1436, 595). Other element would receive the click: &lt;svg id=&quot;Grupo_10473&quot; data-name=&quot;Grupo 10473&quot; xmlns=&quot;http://www.w3.org/2000/svg&quot; width=&quot;12&quot; height=&quot;17.311&quot; viewBox=&quot;0 0 12 17.311&quot; _ngcontent-qma-c244=&quot;&quot; aria-hidden=&quot;true&quot;&gt;...&lt;/svg&gt;
  (Session info: chrome=123.0.6312.106)
Stacktrace:
	GetHandleVerifier [0x00007FF6C6977072+63090]
	(No symbol) [0x00007FF6C68E2CC2]
	(No symbol) [0x00007FF6C677EC65]
	(No symbol) [0x00007FF6C67CBB34]
	(No symbol) [0x00007FF6C67C9954]
	(No symbol) [0x00007FF6C67C7164]
	(No symbol) [0x00007FF6C67C5EF9]
	(No symbol) [0x00007FF6C67BA708]
	(No symbol) [0x00007FF6C67E6FDA]
	(No symbol) [0x00007FF6C67BA00A]
	(No symbol) [0x00007FF6C67E71F0]
	(No symbol) [0x00007FF6C6803412]
	(No symbol) [0x00007FF6C67E6D83]
	(No symbol) [0x00007FF6C67B83A8]
	(No symbol) [0x00007FF6C67B9441]
	GetHandleVerifier [0x00007FF6C6D725CD+4238285]
	GetHandleVerifier [0x00007FF6C6DAF72D+4488493]
	GetHandleVerifier [0x00007FF6C6DA7A0F+4456463]
	GetHandleVerifier [0x00007FF6C6A505B6+953270]
	(No symbol) [0x00007FF6C68EE58F]
	(No symbol) [0x00007FF6C68E9264]
	(No symbol) [0x00007FF6C68E939B]
	(No symbol) [0x00007FF6C68D9BD4]
	BaseThreadInitThunk [0x00007FFF9727257D+29]
	RtlUserThreadStart [0x00007FFF9922AA58+40]
"><![CDATA[Traceback (most recent call last):
  File "c:\Users\luist\repos\Automatizaciones-SILOHUB-\PrecioFijaciones.py", line 142, in test_granos_contratos
    find_elements_id(self.driver, select_icon_hand)
  File "c:\Users\luist\repos\Automatizaciones-SILOHUB-\Elements.py", line 46, in find_elements_id
    select_nex_button.click()
  File "C:\Users\luist\AppData\Roaming\Python\Python310\site-packages\selenium\webdriver\remote\webelement.py", line 94, in click
    self._execute(Command.CLICK_ELEMENT)
  File "C:\Users\luist\AppData\Roaming\Python\Python310\site-packages\selenium\webdriver\remote\webelement.py", line 395, in _execute
    return self._parent.execute(command, params)
  File "C:\Users\luist\AppData\Roaming\Python\Python310\site-packages\selenium\webdriver\remote\webdriver.py", line 348, in execute
    self.error_handler.check_response(response)
  File "C:\Users\luist\AppData\Roaming\Python\Python310\site-packages\selenium\webdriver\remote\errorhandler.py", line 229, in check_response
    raise exception_class(message, screen, stacktrace)
selenium.common.exceptions.ElementClickInterceptedException: Message: element click intercepted: Element <path id="Trazado_4123" data-name="Trazado 4123" d="M23.284,11.373a1.26,1.26,0,0,0-.718.221,1.282,1.282,0,0,0-1.205-.862,1.26,1.26,0,0,0-.718.221,1.282,1.282,0,0,0-1.205-.862,1.253,1.253,0,0,0-.641.18V7.206a1.282,1.282,0,0,0-1.542-1.257,1.311,1.311,0,0,0-1.023,1.3v7.434l-.878-1a1.6,1.6,0,0,0-2.2-.2l-.224.18a.936.936,0,0,0-.224,1.231l2.286,3.687a5.241,5.241,0,0,0,4.446,2.725,5.129,5.129,0,0,0,5.129-5.129V12.655A1.282,1.282,0,0,0,23.284,11.373Zm.641,4.809a4.488,4.488,0,0,1-4.488,4.488,4.6,4.6,0,0,1-3.895-2.411l-2.279-3.706a.3.3,0,0,1,.067-.385l.224-.18a.962.962,0,0,1,1.318.119l1.439,1.645a.321.321,0,0,0,.561-.212V7.254a.68.68,0,0,1,.506-.689.646.646,0,0,1,.776.641v6.411a.321.321,0,1,0,.641,0V11.373a.641.641,0,1,1,1.282,0v2.244a.321.321,0,1,0,.641,0v-1.6a.641.641,0,0,1,1.282,0v1.6a.321.321,0,1,0,.641,0v-.962a.641.641,0,0,1,1.282,0ZM17.514,5.6a.321.321,0,0,0,.321-.321V4.321a.321.321,0,1,0-.641,0v.962A.321.321,0,0,0,17.514,5.6Z" transform="translate(-12.567 -4)" fill="#fff" _ngcontent-qma-c244=""></path> is not clickable at point (1436, 595). Other element would receive the click: <svg id="Grupo_10473" data-name="Grupo 10473" xmlns="http://www.w3.org/2000/svg" width="12" height="17.311" viewBox="0 0 12 17.311" _ngcontent-qma-c244="" aria-hidden="true">...</svg>
  (Session info: chrome=123.0.6312.106)
Stacktrace:
	GetHandleVerifier [0x00007FF6C6977072+63090]
	(No symbol) [0x00007FF6C68E2CC2]
	(No symbol) [0x00007FF6C677EC65]
	(No symbol) [0x00007FF6C67CBB34]
	(No symbol) [0x00007FF6C67C9954]
	(No symbol) [0x00007FF6C67C7164]
	(No symbol) [0x00007FF6C67C5EF9]
	(No symbol) [0x00007FF6C67BA708]
	(No symbol) [0x00007FF6C67E6FDA]
	(No symbol) [0x00007FF6C67BA00A]
	(No symbol) [0x00007FF6C67E71F0]
	(No symbol) [0x00007FF6C6803412]
	(No symbol) [0x00007FF6C67E6D83]
	(No symbol) [0x00007FF6C67B83A8]
	(No symbol) [0x00007FF6C67B9441]
	GetHandleVerifier [0x00007FF6C6D725CD+4238285]
	GetHandleVerifier [0x00007FF6C6DAF72D+4488493]
	GetHandleVerifier [0x00007FF6C6DA7A0F+4456463]
	GetHandleVerifier [0x00007FF6C6A505B6+953270]
	(No symbol) [0x00007FF6C68EE58F]
	(No symbol) [0x00007FF6C68E9264]
	(No symbol) [0x00007FF6C68E939B]
	(No symbol) [0x00007FF6C68D9BD4]
	BaseThreadInitThunk [0x00007FFF9727257D+29]
	RtlUserThreadStart [0x00007FFF9922AA58+40]

]]></error>
		<system-out><![CDATA[El texto encontrado es  MERCADOS
Se hizo clic en un icono de borrar.
No se encontraron más movimientos para borrar.
¡Input encontrado y enviado con éxito!
¡Elemento encontrado y clickeado 1 veces con éxito!
¡Input encontrado y enviado con éxito!
]]></system-out>
	</testcase>
</testsuite>
