<?xml version="1.0" encoding="UTF-8"?>
<testsuite name="precio_granos_fijaciones-20240417125925" tests="1" file=".py" time="88.875" timestamp="2024-04-17T13:00:54" failures="0" errors="1" skipped="0">
	<testcase classname="precio_granos_fijaciones" name="test_price_fixings" time="88.875" timestamp="2024-04-17T13:00:54" file="PrecioFijaciones.py" line="23">
		<error type="JavascriptException" message="Message: javascript error: {&quot;status&quot;:32,&quot;value&quot;:&quot;An invalid or illegal selector was specified&quot;}
  (Session info: chrome=123.0.6312.123)
Stacktrace:
	GetHandleVerifier [0x00007FF6BBCD7032+63090]
	(No symbol) [0x00007FF6BBC42C82]
	(No symbol) [0x00007FF6BBADEC65]
	(No symbol) [0x00007FF6BBAE3D21]
	(No symbol) [0x00007FF6BBAE6159]
	(No symbol) [0x00007FF6BBAE6200]
	(No symbol) [0x00007FF6BBB2460C]
	(No symbol) [0x00007FF6BBB24ADC]
	(No symbol) [0x00007FF6BBB65B37]
	(No symbol) [0x00007FF6BBB4701F]
	(No symbol) [0x00007FF6BBB63412]
	(No symbol) [0x00007FF6BBB46D83]
	(No symbol) [0x00007FF6BBB183A8]
	(No symbol) [0x00007FF6BBB19441]
	GetHandleVerifier [0x00007FF6BC0D25AD+4238317]
	GetHandleVerifier [0x00007FF6BC10F70D+4488525]
	GetHandleVerifier [0x00007FF6BC1079EF+4456495]
	GetHandleVerifier [0x00007FF6BBDB0576+953270]
	(No symbol) [0x00007FF6BBC4E54F]
	(No symbol) [0x00007FF6BBC49224]
	(No symbol) [0x00007FF6BBC4935B]
	(No symbol) [0x00007FF6BBC39B94]
	BaseThreadInitThunk [0x00007FFA9757257D+29]
	RtlUserThreadStart [0x00007FFA98AAAA48+40]
"><![CDATA[Traceback (most recent call last):
  File "c:\Users\luist\repos\Automatizaciones-SILOHUB-\PrecioFijaciones.py", line 142, in test_price_fixings
    find_elements_name(self.driver, select_icon_hand)
  File "c:\Users\luist\repos\Automatizaciones-SILOHUB-\Elements.py", line 54, in find_elements_name
    select_nex_button = WebDriverWait(driver, 10).until(
  File "C:\Users\luist\AppData\Roaming\Python\Python310\site-packages\selenium\webdriver\support\wait.py", line 96, in until
    value = method(self._driver)
  File "C:\Users\luist\AppData\Roaming\Python\Python310\site-packages\selenium\webdriver\support\expected_conditions.py", line 363, in _predicate
    target = driver.find_element(*target)  # grab element at locator
  File "C:\Users\luist\AppData\Roaming\Python\Python310\site-packages\selenium\webdriver\remote\webdriver.py", line 742, in find_element
    return self.execute(Command.FIND_ELEMENT, {"using": by, "value": value})["value"]
  File "C:\Users\luist\AppData\Roaming\Python\Python310\site-packages\selenium\webdriver\remote\webdriver.py", line 348, in execute
    self.error_handler.check_response(response)
  File "C:\Users\luist\AppData\Roaming\Python\Python310\site-packages\selenium\webdriver\remote\errorhandler.py", line 229, in check_response
    raise exception_class(message, screen, stacktrace)
selenium.common.exceptions.JavascriptException: Message: javascript error: {"status":32,"value":"An invalid or illegal selector was specified"}
  (Session info: chrome=123.0.6312.123)
Stacktrace:
	GetHandleVerifier [0x00007FF6BBCD7032+63090]
	(No symbol) [0x00007FF6BBC42C82]
	(No symbol) [0x00007FF6BBADEC65]
	(No symbol) [0x00007FF6BBAE3D21]
	(No symbol) [0x00007FF6BBAE6159]
	(No symbol) [0x00007FF6BBAE6200]
	(No symbol) [0x00007FF6BBB2460C]
	(No symbol) [0x00007FF6BBB24ADC]
	(No symbol) [0x00007FF6BBB65B37]
	(No symbol) [0x00007FF6BBB4701F]
	(No symbol) [0x00007FF6BBB63412]
	(No symbol) [0x00007FF6BBB46D83]
	(No symbol) [0x00007FF6BBB183A8]
	(No symbol) [0x00007FF6BBB19441]
	GetHandleVerifier [0x00007FF6BC0D25AD+4238317]
	GetHandleVerifier [0x00007FF6BC10F70D+4488525]
	GetHandleVerifier [0x00007FF6BC1079EF+4456495]
	GetHandleVerifier [0x00007FF6BBDB0576+953270]
	(No symbol) [0x00007FF6BBC4E54F]
	(No symbol) [0x00007FF6BBC49224]
	(No symbol) [0x00007FF6BBC4935B]
	(No symbol) [0x00007FF6BBC39B94]
	BaseThreadInitThunk [0x00007FFA9757257D+29]
	RtlUserThreadStart [0x00007FFA98AAAA48+40]

]]></error>
		<system-out><![CDATA[El texto encontrado es  MERCADOS
Se hizo clic en un icono de borrar.
No se encontraron más movimientos para borrar.
¡Input encontrado y enviado con éxito!
¡Elemento encontrado y clickeado 6 veces con éxito!
¡Input encontrado y enviado con éxito!
]]></system-out>
	</testcase>
</testsuite>
