<?xml version="1.0" encoding="UTF-8"?>
<testsuite name="precio_granos_fijaciones-20240417161529" tests="1" file=".py" time="91.955" timestamp="2024-04-17T16:17:01" failures="0" errors="1" skipped="0">
	<testcase classname="precio_granos_fijaciones" name="test_price_fixings" time="91.955" timestamp="2024-04-17T16:17:01" file="PrecioFijaciones.py" line="23">
		<error type="TypeError" message="object of type 'WebElement' has no len()"><![CDATA[Traceback (most recent call last):
  File "c:\Users\luist\repos\Automatizaciones-SILOHUB-\PrecioFijaciones.py", line 142, in test_price_fixings
    hop_element(self.driver, select_icon_hand)
  File "c:\Users\luist\repos\Automatizaciones-SILOHUB-\Elements.py", line 1362, in hop_element
    if len(elementos) >= 2:
TypeError: object of type 'WebElement' has no len()
]]></error>
		<system-out><![CDATA[El texto encontrado es  MERCADOS
Se hizo clic en un icono de borrar.
No se encontraron más movimientos para borrar.
¡Input encontrado y enviado con éxito!
¡Elemento encontrado y clickeado 6 veces con éxito!
¡Input encontrado y enviado con éxito!
]]></system-out>
	</testcase>
</testsuite>
