<?xml version="1.0" encoding="UTF-8"?>
<testsuite name="precio_granos_fijaciones-20240416091633" tests="2" file=".py" time="32.557" timestamp="2024-04-16T09:17:06" failures="0" errors="2" skipped="0">
	<testcase classname="precio_granos_fijaciones" name="test_price_fixings" time="0.000" timestamp="0001-01-01T00:00:00" file="PrecioFijaciones.py" line="23">
		<error type="AttributeError" message="'NoneType' object has no attribute 'is_displayed'"><![CDATA[Traceback (most recent call last):
  File "c:\Users\luist\repos\Automatizaciones-SILOHUB-\PrecioFijaciones.py", line 48, in test_price_fixings
    click_icon_delete(self.driver, delete_price_grain)
  File "c:\Users\luist\repos\Automatizaciones-SILOHUB-\Elements.py", line 1291, in click_icon_delete
    icono_borrar = WebDriverWait(driver, 10).until(
  File "C:\Users\luist\AppData\Roaming\Python\Python310\site-packages\selenium\webdriver\support\wait.py", line 96, in until
    value = method(self._driver)
  File "C:\Users\luist\AppData\Roaming\Python\Python310\site-packages\selenium\webdriver\support\expected_conditions.py", line 156, in _predicate
    return _element_if_visible(driver.find_element(*locator))
  File "C:\Users\luist\AppData\Roaming\Python\Python310\site-packages\selenium\webdriver\support\expected_conditions.py", line 179, in _element_if_visible
    return element if element.is_displayed() == visibility else False
AttributeError: 'NoneType' object has no attribute 'is_displayed'
]]></error>
		<system-out><![CDATA[El texto encontrado es  MERCADOS
Se hizo clic en un icono de borrar.
]]></system-out>
	</testcase>
	<testcase classname="precio_granos_fijaciones" name="test_price_fixings" time="32.557" timestamp="2024-04-16T09:17:06" file="PrecioFijaciones.py" line="23">
		<error type="WebDriverException" message="Message: disconnected: Unable to receive message from renderer
  (failed to check if window was closed: disconnected: not connected to DevTools)
  (Session info: chrome=123.0.6312.123)
Stacktrace:
	GetHandleVerifier [0x00007FF7B7257032+63090]
	(No symbol) [0x00007FF7B71C2C82]
	(No symbol) [0x00007FF7B705EC65]
	(No symbol) [0x00007FF7B704D1EF]
	(No symbol) [0x00007FF7B704B0A8]
	(No symbol) [0x00007FF7B704BA8F]
	(No symbol) [0x00007FF7B705F1C5]
	(No symbol) [0x00007FF7B703C65C]
	(No symbol) [0x00007FF7B70D3C74]
	(No symbol) [0x00007FF7B70C6FA0]
	(No symbol) [0x00007FF7B70983A8]
	(No symbol) [0x00007FF7B7099441]
	GetHandleVerifier [0x00007FF7B76525AD+4238317]
	GetHandleVerifier [0x00007FF7B768F70D+4488525]
	GetHandleVerifier [0x00007FF7B76879EF+4456495]
	GetHandleVerifier [0x00007FF7B7330576+953270]
	(No symbol) [0x00007FF7B71CE54F]
	(No symbol) [0x00007FF7B71C9224]
	(No symbol) [0x00007FF7B71C935B]
	(No symbol) [0x00007FF7B71B9B94]
	BaseThreadInitThunk [0x00007FFA9757257D+29]
	RtlUserThreadStart [0x00007FFA98AAAA48+40]
"><![CDATA[Traceback (most recent call last):
  File "c:\Users\luist\repos\Automatizaciones-SILOHUB-\PrecioFijaciones.py", line 172, in tearDown
    self.driver.close()
  File "C:\Users\luist\AppData\Roaming\Python\Python310\site-packages\selenium\webdriver\remote\webdriver.py", line 459, in close
    self.execute(Command.CLOSE)
  File "C:\Users\luist\AppData\Roaming\Python\Python310\site-packages\selenium\webdriver\remote\webdriver.py", line 348, in execute
    self.error_handler.check_response(response)
  File "C:\Users\luist\AppData\Roaming\Python\Python310\site-packages\selenium\webdriver\remote\errorhandler.py", line 229, in check_response
    raise exception_class(message, screen, stacktrace)
selenium.common.exceptions.WebDriverException: Message: disconnected: Unable to receive message from renderer
  (failed to check if window was closed: disconnected: not connected to DevTools)
  (Session info: chrome=123.0.6312.123)
Stacktrace:
	GetHandleVerifier [0x00007FF7B7257032+63090]
	(No symbol) [0x00007FF7B71C2C82]
	(No symbol) [0x00007FF7B705EC65]
	(No symbol) [0x00007FF7B704D1EF]
	(No symbol) [0x00007FF7B704B0A8]
	(No symbol) [0x00007FF7B704BA8F]
	(No symbol) [0x00007FF7B705F1C5]
	(No symbol) [0x00007FF7B703C65C]
	(No symbol) [0x00007FF7B70D3C74]
	(No symbol) [0x00007FF7B70C6FA0]
	(No symbol) [0x00007FF7B70983A8]
	(No symbol) [0x00007FF7B7099441]
	GetHandleVerifier [0x00007FF7B76525AD+4238317]
	GetHandleVerifier [0x00007FF7B768F70D+4488525]
	GetHandleVerifier [0x00007FF7B76879EF+4456495]
	GetHandleVerifier [0x00007FF7B7330576+953270]
	(No symbol) [0x00007FF7B71CE54F]
	(No symbol) [0x00007FF7B71C9224]
	(No symbol) [0x00007FF7B71C935B]
	(No symbol) [0x00007FF7B71B9B94]
	BaseThreadInitThunk [0x00007FFA9757257D+29]
	RtlUserThreadStart [0x00007FFA98AAAA48+40]

]]></error>
		<system-out><![CDATA[El texto encontrado es  MERCADOS
Se hizo clic en un icono de borrar.
]]></system-out>
	</testcase>
</testsuite>
