<?xml version="1.0" encoding="UTF-8"?>
<testsuite name="cuenta_entregas-20231212181815" tests="1" file=".py" time="80.117" timestamp="2023-12-12T18:19:35" failures="0" errors="1" skipped="0">
	<testcase classname="cuenta_entregas" name="test_cuenta_entregas" time="80.117" timestamp="2023-12-12T18:19:35" file="Entregas.py" line="35">
		<error type="InvalidSelectorException" message="Message: invalid selector: The result of the xpath expression &quot;/html/body/app-root/app-layout/app-vertical/div/div/div/div/app-quality-analisis/app-responsive-table/div/div[2]/table/tbody/tr[9]/td[2]/span/span/text()&quot; is: [object Text]. It should be an element.
  (Session info: chrome=120.0.6099.71); For documentation on this error, please visit: https://www.selenium.dev/documentation/webdriver/troubleshooting/errors#invalid-selector-exception
Stacktrace:
	GetHandleVerifier [0x00007FF783484D02+56194]
	(No symbol) [0x00007FF7833F04B2]
	(No symbol) [0x00007FF7832976AA]
	(No symbol) [0x00007FF78329CFC0]
	(No symbol) [0x00007FF78329F38F]
	(No symbol) [0x00007FF78329F480]
	(No symbol) [0x00007FF7832E1494]
	(No symbol) [0x00007FF7832E17EC]
	(No symbol) [0x00007FF783324D77]
	(No symbol) [0x00007FF783305EBF]
	(No symbol) [0x00007FF783322786]
	(No symbol) [0x00007FF783305C23]
	(No symbol) [0x00007FF7832D4A45]
	(No symbol) [0x00007FF7832D5AD4]
	GetHandleVerifier [0x00007FF7837FD5BB+3695675]
	GetHandleVerifier [0x00007FF783856197+4059159]
	GetHandleVerifier [0x00007FF78384DF63+4025827]
	GetHandleVerifier [0x00007FF78351F029+687785]
	(No symbol) [0x00007FF7833FB508]
	(No symbol) [0x00007FF7833F7564]
	(No symbol) [0x00007FF7833F76E9]
	(No symbol) [0x00007FF7833E8094]
	BaseThreadInitThunk [0x00007FFB1102257D+29]
	RtlUserThreadStart [0x00007FFB1232AA58+40]
"><![CDATA[Traceback (most recent call last):
  File "c:\Users\luist\repos\Automatizaciones-SILOHUB-\Entregas.py", line 295, in test_cuenta_entregas
    data_analysis = self.driver.find_element(By.XPATH,'/html/body/app-root/app-layout/app-vertical/div/div/div/div/app-quality-analisis/app-responsive-table/div/div[2]/table/tbody/tr[9]/td[2]/span/span/text()')
  File "C:\Users\luist\AppData\Roaming\Python\Python310\site-packages\selenium\webdriver\remote\webdriver.py", line 741, in find_element
    return self.execute(Command.FIND_ELEMENT, {"using": by, "value": value})["value"]
  File "C:\Users\luist\AppData\Roaming\Python\Python310\site-packages\selenium\webdriver\remote\webdriver.py", line 347, in execute
    self.error_handler.check_response(response)
  File "C:\Users\luist\AppData\Roaming\Python\Python310\site-packages\selenium\webdriver\remote\errorhandler.py", line 229, in check_response
    raise exception_class(message, screen, stacktrace)
selenium.common.exceptions.InvalidSelectorException: Message: invalid selector: The result of the xpath expression "/html/body/app-root/app-layout/app-vertical/div/div/div/div/app-quality-analisis/app-responsive-table/div/div[2]/table/tbody/tr[9]/td[2]/span/span/text()" is: [object Text]. It should be an element.
  (Session info: chrome=120.0.6099.71); For documentation on this error, please visit: https://www.selenium.dev/documentation/webdriver/troubleshooting/errors#invalid-selector-exception
Stacktrace:
	GetHandleVerifier [0x00007FF783484D02+56194]
	(No symbol) [0x00007FF7833F04B2]
	(No symbol) [0x00007FF7832976AA]
	(No symbol) [0x00007FF78329CFC0]
	(No symbol) [0x00007FF78329F38F]
	(No symbol) [0x00007FF78329F480]
	(No symbol) [0x00007FF7832E1494]
	(No symbol) [0x00007FF7832E17EC]
	(No symbol) [0x00007FF783324D77]
	(No symbol) [0x00007FF783305EBF]
	(No symbol) [0x00007FF783322786]
	(No symbol) [0x00007FF783305C23]
	(No symbol) [0x00007FF7832D4A45]
	(No symbol) [0x00007FF7832D5AD4]
	GetHandleVerifier [0x00007FF7837FD5BB+3695675]
	GetHandleVerifier [0x00007FF783856197+4059159]
	GetHandleVerifier [0x00007FF78384DF63+4025827]
	GetHandleVerifier [0x00007FF78351F029+687785]
	(No symbol) [0x00007FF7833FB508]
	(No symbol) [0x00007FF7833F7564]
	(No symbol) [0x00007FF7833F76E9]
	(No symbol) [0x00007FF7833E8094]
	BaseThreadInitThunk [0x00007FFB1102257D+29]
	RtlUserThreadStart [0x00007FFB1232AA58+40]

]]></error>
		<system-out><![CDATA[El titulo de la pagina es: MIS ENTREGAS
El monto de tn brutos es: 20.973.734,00
El monto de tn netos es: 19.737.664,00
El número de la : Entrega TK 0008 00096336
La cantidad de la entrega es: 30.110,00 Kg
El producto es: De Maiz
El titulo es: DATOS DE LA ENTREGA
La fecha de la entrega es: 01/07/2022
La campaña de la entrega es: 21/22
La razón social del cliente es: JUAN DEMO
El campo utilizado en la entrega  es: 8012 La Laura
El titulo es: ANÁLISIS
]]></system-out>
	</testcase>
</testsuite>
