<?xml version="1.0" encoding="UTF-8"?>
<testsuite name="cuenta_entregas-20231212180700" tests="1" file=".py" time="33.284" timestamp="2023-12-12T18:07:33" failures="0" errors="1" skipped="0">
	<testcase classname="cuenta_entregas" name="test_cuenta_entregas" time="33.284" timestamp="2023-12-12T18:07:33" file="Entregas.py" line="35">
		<error type="StaleElementReferenceException" message="Message: stale element reference: stale element not found
  (Session info: chrome=120.0.6099.71); For documentation on this error, please visit: https://www.selenium.dev/documentation/webdriver/troubleshooting/errors#stale-element-reference-exception
Stacktrace:
	GetHandleVerifier [0x00007FF67C9A4D02+56194]
	(No symbol) [0x00007FF67C9104B2]
	(No symbol) [0x00007FF67C7B76AA]
	(No symbol) [0x00007FF67C7BCFC0]
	(No symbol) [0x00007FF67C7BF38F]
	(No symbol) [0x00007FF67C7BF480]
	(No symbol) [0x00007FF67C803AD9]
	(No symbol) [0x00007FF67C802911]
	(No symbol) [0x00007FF67C7F687F]
	(No symbol) [0x00007FF67C825E7A]
	(No symbol) [0x00007FF67C7F6226]
	(No symbol) [0x00007FF67C826320]
	(No symbol) [0x00007FF67C842786]
	(No symbol) [0x00007FF67C825C23]
	(No symbol) [0x00007FF67C7F4A45]
	(No symbol) [0x00007FF67C7F5AD4]
	GetHandleVerifier [0x00007FF67CD1D5BB+3695675]
	GetHandleVerifier [0x00007FF67CD76197+4059159]
	GetHandleVerifier [0x00007FF67CD6DF63+4025827]
	GetHandleVerifier [0x00007FF67CA3F029+687785]
	(No symbol) [0x00007FF67C91B508]
	(No symbol) [0x00007FF67C917564]
	(No symbol) [0x00007FF67C9176E9]
	(No symbol) [0x00007FF67C908094]
	BaseThreadInitThunk [0x00007FFB1102257D+29]
	RtlUserThreadStart [0x00007FFB1232AA58+40]
"><![CDATA[Traceback (most recent call last):
  File "c:\Users\luist\repos\Automatizaciones-SILOHUB-\Entregas.py", line 73, in test_cuenta_entregas
    selct_filter.click()
  File "C:\Users\luist\AppData\Roaming\Python\Python310\site-packages\selenium\webdriver\remote\webelement.py", line 93, in click
    self._execute(Command.CLICK_ELEMENT)
  File "C:\Users\luist\AppData\Roaming\Python\Python310\site-packages\selenium\webdriver\remote\webelement.py", line 394, in _execute
    return self._parent.execute(command, params)
  File "C:\Users\luist\AppData\Roaming\Python\Python310\site-packages\selenium\webdriver\remote\webdriver.py", line 347, in execute
    self.error_handler.check_response(response)
  File "C:\Users\luist\AppData\Roaming\Python\Python310\site-packages\selenium\webdriver\remote\errorhandler.py", line 229, in check_response
    raise exception_class(message, screen, stacktrace)
selenium.common.exceptions.StaleElementReferenceException: Message: stale element reference: stale element not found
  (Session info: chrome=120.0.6099.71); For documentation on this error, please visit: https://www.selenium.dev/documentation/webdriver/troubleshooting/errors#stale-element-reference-exception
Stacktrace:
	GetHandleVerifier [0x00007FF67C9A4D02+56194]
	(No symbol) [0x00007FF67C9104B2]
	(No symbol) [0x00007FF67C7B76AA]
	(No symbol) [0x00007FF67C7BCFC0]
	(No symbol) [0x00007FF67C7BF38F]
	(No symbol) [0x00007FF67C7BF480]
	(No symbol) [0x00007FF67C803AD9]
	(No symbol) [0x00007FF67C802911]
	(No symbol) [0x00007FF67C7F687F]
	(No symbol) [0x00007FF67C825E7A]
	(No symbol) [0x00007FF67C7F6226]
	(No symbol) [0x00007FF67C826320]
	(No symbol) [0x00007FF67C842786]
	(No symbol) [0x00007FF67C825C23]
	(No symbol) [0x00007FF67C7F4A45]
	(No symbol) [0x00007FF67C7F5AD4]
	GetHandleVerifier [0x00007FF67CD1D5BB+3695675]
	GetHandleVerifier [0x00007FF67CD76197+4059159]
	GetHandleVerifier [0x00007FF67CD6DF63+4025827]
	GetHandleVerifier [0x00007FF67CA3F029+687785]
	(No symbol) [0x00007FF67C91B508]
	(No symbol) [0x00007FF67C917564]
	(No symbol) [0x00007FF67C9176E9]
	(No symbol) [0x00007FF67C908094]
	BaseThreadInitThunk [0x00007FFB1102257D+29]
	RtlUserThreadStart [0x00007FFB1232AA58+40]

]]></error>
		<system-out><![CDATA[El titulo de la pagina es: MIS ENTREGAS
]]></system-out>
	</testcase>
</testsuite>
