<?xml version="1.0" encoding="UTF-8"?>
<testsuite name="cuenta_entregas-20231212164733" tests="1" file=".py" time="89.114" timestamp="2023-12-12T16:49:02" failures="0" errors="1" skipped="0">
	<testcase classname="cuenta_entregas" name="test_cuenta_entregas" time="89.114" timestamp="2023-12-12T16:49:02" file="Entregas.py" line="35">
		<error type="NoSuchElementException" message="Message: no such element: Unable to locate element: {&quot;method&quot;:&quot;xpath&quot;,&quot;selector&quot;:&quot;/html/body/app-root/app-layout/app-vertical/div/div/div/div/app-quality-analisis/app-responsive-table/div/table/tbody/tr[9]/td[2]/span/span&quot;}
  (Session info: chrome=120.0.6099.71); For documentation on this error, please visit: https://www.selenium.dev/documentation/webdriver/troubleshooting/errors#no-such-element-exception
Stacktrace:
	GetHandleVerifier [0x00007FF7C6CE4D02+56194]
	(No symbol) [0x00007FF7C6C504B2]
	(No symbol) [0x00007FF7C6AF76AA]
	(No symbol) [0x00007FF7C6B416D0]
	(No symbol) [0x00007FF7C6B417EC]
	(No symbol) [0x00007FF7C6B84D77]
	(No symbol) [0x00007FF7C6B65EBF]
	(No symbol) [0x00007FF7C6B82786]
	(No symbol) [0x00007FF7C6B65C23]
	(No symbol) [0x00007FF7C6B34A45]
	(No symbol) [0x00007FF7C6B35AD4]
	GetHandleVerifier [0x00007FF7C705D5BB+3695675]
	GetHandleVerifier [0x00007FF7C70B6197+4059159]
	GetHandleVerifier [0x00007FF7C70ADF63+4025827]
	GetHandleVerifier [0x00007FF7C6D7F029+687785]
	(No symbol) [0x00007FF7C6C5B508]
	(No symbol) [0x00007FF7C6C57564]
	(No symbol) [0x00007FF7C6C576E9]
	(No symbol) [0x00007FF7C6C48094]
	BaseThreadInitThunk [0x00007FFB1102257D+29]
	RtlUserThreadStart [0x00007FFB1232AA58+40]
"><![CDATA[Traceback (most recent call last):
  File "c:\Users\luist\repos\Automatizaciones-SILOHUB-\Entregas.py", line 295, in test_cuenta_entregas
    data_analysis = self.driver.find_element(By.XPATH,'/html/body/app-root/app-layout/app-vertical/div/div/div/div/app-quality-analisis/app-responsive-table/div/table/tbody/tr[9]/td[2]/span/span')
  File "C:\Users\luist\AppData\Roaming\Python\Python310\site-packages\selenium\webdriver\remote\webdriver.py", line 741, in find_element
    return self.execute(Command.FIND_ELEMENT, {"using": by, "value": value})["value"]
  File "C:\Users\luist\AppData\Roaming\Python\Python310\site-packages\selenium\webdriver\remote\webdriver.py", line 347, in execute
    self.error_handler.check_response(response)
  File "C:\Users\luist\AppData\Roaming\Python\Python310\site-packages\selenium\webdriver\remote\errorhandler.py", line 229, in check_response
    raise exception_class(message, screen, stacktrace)
selenium.common.exceptions.NoSuchElementException: Message: no such element: Unable to locate element: {"method":"xpath","selector":"/html/body/app-root/app-layout/app-vertical/div/div/div/div/app-quality-analisis/app-responsive-table/div/table/tbody/tr[9]/td[2]/span/span"}
  (Session info: chrome=120.0.6099.71); For documentation on this error, please visit: https://www.selenium.dev/documentation/webdriver/troubleshooting/errors#no-such-element-exception
Stacktrace:
	GetHandleVerifier [0x00007FF7C6CE4D02+56194]
	(No symbol) [0x00007FF7C6C504B2]
	(No symbol) [0x00007FF7C6AF76AA]
	(No symbol) [0x00007FF7C6B416D0]
	(No symbol) [0x00007FF7C6B417EC]
	(No symbol) [0x00007FF7C6B84D77]
	(No symbol) [0x00007FF7C6B65EBF]
	(No symbol) [0x00007FF7C6B82786]
	(No symbol) [0x00007FF7C6B65C23]
	(No symbol) [0x00007FF7C6B34A45]
	(No symbol) [0x00007FF7C6B35AD4]
	GetHandleVerifier [0x00007FF7C705D5BB+3695675]
	GetHandleVerifier [0x00007FF7C70B6197+4059159]
	GetHandleVerifier [0x00007FF7C70ADF63+4025827]
	GetHandleVerifier [0x00007FF7C6D7F029+687785]
	(No symbol) [0x00007FF7C6C5B508]
	(No symbol) [0x00007FF7C6C57564]
	(No symbol) [0x00007FF7C6C576E9]
	(No symbol) [0x00007FF7C6C48094]
	BaseThreadInitThunk [0x00007FFB1102257D+29]
	RtlUserThreadStart [0x00007FFB1232AA58+40]

]]></error>
		<system-out><![CDATA[El titulo de la pagina es: MIS ENTREGAS
El monto de tn brutos es: 20.973.734,00
El monto de tn netos es: 19.737.664,00
El número de la : Entrega TK 0008 00096336
La cantidad de la entrega es: 30.110,00 Kg
El producto es: De Maiz
El titulo es: DATOS DE LA ENTREGA
La fecha de la entrega es: 01/07/2022
La campaña de la entrega es: 21/22
La razón social del cliente es: JUAN DEMO
El campo utilizado en la entrega  es: 8012 La Laura
El titulo es: ANÁLISIS
]]></system-out>
	</testcase>
</testsuite>
