<?xml version="1.0" encoding="UTF-8"?>
<testsuite name="cuenta_entregas-20231212164434" tests="1" file=".py" time="79.419" timestamp="2023-12-12T16:45:53" failures="1" errors="0" skipped="0">
	<testcase classname="cuenta_entregas" name="test_cuenta_entregas" time="79.419" timestamp="2023-12-12T16:45:53" file="Entregas.py" line="35">
		<failure type="AssertionError" message="'' != 'ANÁLISIS'
+ ANÁLISIS"><![CDATA[Traceback (most recent call last):
  File "c:\Users\luist\repos\Automatizaciones-SILOHUB-\Entregas.py", line 285, in test_cuenta_entregas
    self.assertEqual(title_analysis_obtained, title_analysis_expected)
AssertionError: '' != 'ANÁLISIS'
+ ANÁLISIS
]]></failure>
		<system-out><![CDATA[El titulo de la pagina es: MIS ENTREGAS
El monto de tn brutos es: 20.973.734,00
El monto de tn netos es: 19.737.664,00
El número de la : Entrega TK 0008 00096336
La cantidad de la entrega es: 30.110,00 Kg
El producto es: De Maiz
El titulo es: DATOS DE LA ENTREGA
La fecha de la entrega es: 01/07/2022
La campaña de la entrega es: 21/22
La razón social del cliente es: JUAN DEMO
El campo utilizado en la entrega  es: 8012 La Laura
]]></system-out>
	</testcase>
</testsuite>
