<?xml version="1.0" encoding="UTF-8"?>
<testsuite name="cuenta_entregas-20231115173721" tests="2" file=".py" time="78.254" timestamp="2023-11-15T17:38:39" failures="0" errors="2" skipped="0">
	<testcase classname="cuenta_entregas" name="test_cuenta_entregas" time="0.000" timestamp="0001-01-01T00:00:00" file="Entregas.py" line="22">
		<error type="AttributeError" message="'NoneType' object has no attribute 'click'"><![CDATA[Traceback (most recent call last):
  File "c:\Users\luist\repos\Automatizaciones-SILOHUB-\Entregas.py", line 145, in test_cuenta_entregas
    select_movements1.click()
AttributeError: 'NoneType' object has no attribute 'click'
]]></error>
		<system-out><![CDATA[El titulo de la pagina es: MIS ENTREGAS
El monto de tn brutos es: 20.973.734,00
El monto de tn netos es: 19.737.664,00
]]></system-out>
		<system-err><![CDATA[c:\Users\luist\repos\Automatizaciones-SILOHUB-\Entregas.py:16: DeprecationWarning: executable_path has been deprecated, please pass in a Service object
  self.driver = webdriver.Chrome(executable_path=r"C:\driverchrome\chromedriver-win64\chromedriver.exe")
c:\Users\luist\repos\Automatizaciones-SILOHUB-\Entregas.py:24: DeprecationWarning: find_element_by_* commands are deprecated. Please use find_element() instead
  usermane = driver.find_element_by_id("email")
c:\Users\luist\repos\Automatizaciones-SILOHUB-\Entregas.py:30: DeprecationWarning: find_element_by_* commands are deprecated. Please use find_element() instead
  passworUser = driver.find_element_by_id("password")
c:\Users\luist\repos\Automatizaciones-SILOHUB-\Entregas.py:35: DeprecationWarning: find_element_by_xpath is deprecated. Please use find_element(by=By.XPATH, value=xpath) instead
  insertButton = driver.find_element_by_xpath("/html/body/app-root/app-login-main/div/div[2]/div/app-login-form/div/div/div[1]/div/div[2]/form/div[4]/app-button/button")
c:\Users\luist\repos\Automatizaciones-SILOHUB-\Entregas.py:40: DeprecationWarning: find_element_by_xpath is deprecated. Please use find_element(by=By.XPATH, value=xpath) instead
  selectTenant = driver.find_element_by_xpath("/html/body/app-root/app-layout/app-vertical/div/div/div/div/app-home-main/div/div[1]/app-tenant-main/app-tenant[8]/div/div/img")
c:\Users\luist\repos\Automatizaciones-SILOHUB-\Entregas.py:56: DeprecationWarning: find_element_by_xpath is deprecated. Please use find_element(by=By.XPATH, value=xpath) instead
  select_menu_Account = driver.find_element_by_xpath(
c:\Users\luist\repos\Automatizaciones-SILOHUB-\Entregas.py:61: DeprecationWarning: find_element_by_xpath is deprecated. Please use find_element(by=By.XPATH, value=xpath) instead
  select_deliveries = driver.find_element_by_xpath(
c:\Users\luist\repos\Automatizaciones-SILOHUB-\Entregas.py:71: DeprecationWarning: find_element_by_xpath is deprecated. Please use find_element(by=By.XPATH, value=xpath) instead
  title_menu = driver.find_element_by_xpath("/html/body/app-root/app-layout/app-vertical/div/div/div/app-header-for-screen/div/div/span")
c:\Users\luist\repos\Automatizaciones-SILOHUB-\Entregas.py:85: DeprecationWarning: find_element_by_xpath is deprecated. Please use find_element(by=By.XPATH, value=xpath) instead
  selct_filter = driver.find_element_by_xpath("/html/body/app-root/app-layout/app-vertical/div/div/div/div/app-deliveries/app-deliveries-shared/app-header-for-responsive-table/div/div/div[2]/div/div[2]/app-filter-button/button/div/i")
c:\Users\luist\repos\Automatizaciones-SILOHUB-\Entregas.py:93: DeprecationWarning: find_element_by_xpath is deprecated. Please use find_element(by=By.XPATH, value=xpath) instead
  clean_filter = driver.find_element_by_xpath("/html/body/ngb-offcanvas-panel/div/ngx-simplebar/div[1]/div[2]/div/div/div/app-filter-content/div[2]/app-filter-buttons/div/app-button[1]/button")
c:\Users\luist\repos\Automatizaciones-SILOHUB-\Entregas.py:99: DeprecationWarning: find_element_by_xpath is deprecated. Please use find_element(by=By.XPATH, value=xpath) instead
  apply_product_filter = driver.find_element_by_xpath("/html/body/ngb-offcanvas-panel/div/ngx-simplebar/div[1]/div[2]/div/div/div/app-filter-content/div[2]/app-grain-container/div/app-grain-button[2]/div/img")
c:\Users\luist\repos\Automatizaciones-SILOHUB-\Entregas.py:103: DeprecationWarning: find_element_by_xpath is deprecated. Please use find_element(by=By.XPATH, value=xpath) instead
  apply_Campaign_filter = driver.find_element_by_xpath("/html/body/ngb-offcanvas-panel/div/ngx-simplebar/div[1]/div[2]/div/div/div/app-filter-content/div[2]/app-season-container/div/app-season-button[2]/div/div")
c:\Users\luist\repos\Automatizaciones-SILOHUB-\Entregas.py:107: DeprecationWarning: find_element_by_xpath is deprecated. Please use find_element(by=By.XPATH, value=xpath) instead
  apply_filter = driver.find_element_by_xpath("/html/body/ngb-offcanvas-panel/div/ngx-simplebar/div[1]/div[2]/div/div/div/app-filter-content/div[2]/app-filter-buttons/div/app-button[2]/button")
c:\Users\luist\repos\Automatizaciones-SILOHUB-\Entregas.py:118: DeprecationWarning: find_element_by_xpath is deprecated. Please use find_element(by=By.XPATH, value=xpath) instead
  tn_bruto = driver.find_element_by_xpath('//*[@id="layout-wrapper"]/div/div/div/app-deliveries/app-deliveries-shared/app-header-for-responsive-table/div/div/div[1]/div/div[1]/app-totalizer/div/div/div[2]/div[2]/span[1]')
c:\Users\luist\repos\Automatizaciones-SILOHUB-\Entregas.py:131: DeprecationWarning: find_element_by_xpath is deprecated. Please use find_element(by=By.XPATH, value=xpath) instead
  tn_netos = driver.find_element_by_xpath('//*[@id="layout-wrapper"]/div/div/div/app-deliveries/app-deliveries-shared/app-header-for-responsive-table/div/div/div[1]/div/div[2]/app-totalizer/div/div/div[2]/div[2]/span[1]')
c:\Users\luist\repos\Automatizaciones-SILOHUB-\Entregas.py:144: DeprecationWarning: find_element_by_xpath is deprecated. Please use find_element(by=By.XPATH, value=xpath) instead
  select_movements1 = driver.find_element_by_xpath('//*[@id="layout-wrapper"]/div/div/div/app-deliveries/app-deliveries-shared/app-responsive-table/div/table/tbody/tr[1]/th/input')
]]></system-err>
	</testcase>
	<testcase classname="cuenta_entregas" name="test_cuenta_entregas" time="78.254" timestamp="2023-11-15T17:38:39" file="Entregas.py" line="22">
		<error type="WebDriverException" message="Message: disconnected: Unable to receive message from renderer
  (failed to check if window was closed: disconnected: not connected to DevTools)
  (Session info: chrome=119.0.6045.124)
Stacktrace:
	GetHandleVerifier [0x00007FF6732982B2+55298]
	(No symbol) [0x00007FF673205E02]
	(No symbol) [0x00007FF6730C05AB]
	(No symbol) [0x00007FF6730AE997]
	(No symbol) [0x00007FF6730ACF0E]
	(No symbol) [0x00007FF6730AD9CE]
	(No symbol) [0x00007FF6730C0AF8]
	(No symbol) [0x00007FF67309FB90]
	(No symbol) [0x00007FF67312C714]
	(No symbol) [0x00007FF673122070]
	(No symbol) [0x00007FF6730F670A]
	(No symbol) [0x00007FF6730F7964]
	GetHandleVerifier [0x00007FF673610AAB+3694587]
	GetHandleVerifier [0x00007FF67366728E+4048862]
	GetHandleVerifier [0x00007FF67365F173+4015811]
	GetHandleVerifier [0x00007FF6733347D6+695590]
	(No symbol) [0x00007FF673210CE8]
	(No symbol) [0x00007FF67320CF34]
	(No symbol) [0x00007FF67320D062]
	(No symbol) [0x00007FF6731FD3A3]
	BaseThreadInitThunk [0x00007FFA3185257D+29]
	RtlUserThreadStart [0x00007FFA32C2AA78+40]
"><![CDATA[Traceback (most recent call last):
  File "c:\Users\luist\repos\Automatizaciones-SILOHUB-\Entregas.py", line 351, in tearDown
    self.driver.close()
  File "C:\Users\luist\AppData\Roaming\Python\Python310\site-packages\selenium\webdriver\remote\webdriver.py", line 943, in close
    self.execute(Command.CLOSE)
  File "C:\Users\luist\AppData\Roaming\Python\Python310\site-packages\selenium\webdriver\remote\webdriver.py", line 430, in execute
    self.error_handler.check_response(response)
  File "C:\Users\luist\AppData\Roaming\Python\Python310\site-packages\selenium\webdriver\remote\errorhandler.py", line 247, in check_response
    raise exception_class(message, screen, stacktrace)
selenium.common.exceptions.WebDriverException: Message: disconnected: Unable to receive message from renderer
  (failed to check if window was closed: disconnected: not connected to DevTools)
  (Session info: chrome=119.0.6045.124)
Stacktrace:
	GetHandleVerifier [0x00007FF6732982B2+55298]
	(No symbol) [0x00007FF673205E02]
	(No symbol) [0x00007FF6730C05AB]
	(No symbol) [0x00007FF6730AE997]
	(No symbol) [0x00007FF6730ACF0E]
	(No symbol) [0x00007FF6730AD9CE]
	(No symbol) [0x00007FF6730C0AF8]
	(No symbol) [0x00007FF67309FB90]
	(No symbol) [0x00007FF67312C714]
	(No symbol) [0x00007FF673122070]
	(No symbol) [0x00007FF6730F670A]
	(No symbol) [0x00007FF6730F7964]
	GetHandleVerifier [0x00007FF673610AAB+3694587]
	GetHandleVerifier [0x00007FF67366728E+4048862]
	GetHandleVerifier [0x00007FF67365F173+4015811]
	GetHandleVerifier [0x00007FF6733347D6+695590]
	(No symbol) [0x00007FF673210CE8]
	(No symbol) [0x00007FF67320CF34]
	(No symbol) [0x00007FF67320D062]
	(No symbol) [0x00007FF6731FD3A3]
	BaseThreadInitThunk [0x00007FFA3185257D+29]
	RtlUserThreadStart [0x00007FFA32C2AA78+40]

]]></error>
		<system-out><![CDATA[El titulo de la pagina es: MIS ENTREGAS
El monto de tn brutos es: 20.973.734,00
El monto de tn netos es: 19.737.664,00
]]></system-out>
		<system-err><![CDATA[c:\Users\luist\repos\Automatizaciones-SILOHUB-\Entregas.py:16: DeprecationWarning: executable_path has been deprecated, please pass in a Service object
  self.driver = webdriver.Chrome(executable_path=r"C:\driverchrome\chromedriver-win64\chromedriver.exe")
c:\Users\luist\repos\Automatizaciones-SILOHUB-\Entregas.py:24: DeprecationWarning: find_element_by_* commands are deprecated. Please use find_element() instead
  usermane = driver.find_element_by_id("email")
c:\Users\luist\repos\Automatizaciones-SILOHUB-\Entregas.py:30: DeprecationWarning: find_element_by_* commands are deprecated. Please use find_element() instead
  passworUser = driver.find_element_by_id("password")
c:\Users\luist\repos\Automatizaciones-SILOHUB-\Entregas.py:35: DeprecationWarning: find_element_by_xpath is deprecated. Please use find_element(by=By.XPATH, value=xpath) instead
  insertButton = driver.find_element_by_xpath("/html/body/app-root/app-login-main/div/div[2]/div/app-login-form/div/div/div[1]/div/div[2]/form/div[4]/app-button/button")
c:\Users\luist\repos\Automatizaciones-SILOHUB-\Entregas.py:40: DeprecationWarning: find_element_by_xpath is deprecated. Please use find_element(by=By.XPATH, value=xpath) instead
  selectTenant = driver.find_element_by_xpath("/html/body/app-root/app-layout/app-vertical/div/div/div/div/app-home-main/div/div[1]/app-tenant-main/app-tenant[8]/div/div/img")
c:\Users\luist\repos\Automatizaciones-SILOHUB-\Entregas.py:56: DeprecationWarning: find_element_by_xpath is deprecated. Please use find_element(by=By.XPATH, value=xpath) instead
  select_menu_Account = driver.find_element_by_xpath(
c:\Users\luist\repos\Automatizaciones-SILOHUB-\Entregas.py:61: DeprecationWarning: find_element_by_xpath is deprecated. Please use find_element(by=By.XPATH, value=xpath) instead
  select_deliveries = driver.find_element_by_xpath(
c:\Users\luist\repos\Automatizaciones-SILOHUB-\Entregas.py:71: DeprecationWarning: find_element_by_xpath is deprecated. Please use find_element(by=By.XPATH, value=xpath) instead
  title_menu = driver.find_element_by_xpath("/html/body/app-root/app-layout/app-vertical/div/div/div/app-header-for-screen/div/div/span")
c:\Users\luist\repos\Automatizaciones-SILOHUB-\Entregas.py:85: DeprecationWarning: find_element_by_xpath is deprecated. Please use find_element(by=By.XPATH, value=xpath) instead
  selct_filter = driver.find_element_by_xpath("/html/body/app-root/app-layout/app-vertical/div/div/div/div/app-deliveries/app-deliveries-shared/app-header-for-responsive-table/div/div/div[2]/div/div[2]/app-filter-button/button/div/i")
c:\Users\luist\repos\Automatizaciones-SILOHUB-\Entregas.py:93: DeprecationWarning: find_element_by_xpath is deprecated. Please use find_element(by=By.XPATH, value=xpath) instead
  clean_filter = driver.find_element_by_xpath("/html/body/ngb-offcanvas-panel/div/ngx-simplebar/div[1]/div[2]/div/div/div/app-filter-content/div[2]/app-filter-buttons/div/app-button[1]/button")
c:\Users\luist\repos\Automatizaciones-SILOHUB-\Entregas.py:99: DeprecationWarning: find_element_by_xpath is deprecated. Please use find_element(by=By.XPATH, value=xpath) instead
  apply_product_filter = driver.find_element_by_xpath("/html/body/ngb-offcanvas-panel/div/ngx-simplebar/div[1]/div[2]/div/div/div/app-filter-content/div[2]/app-grain-container/div/app-grain-button[2]/div/img")
c:\Users\luist\repos\Automatizaciones-SILOHUB-\Entregas.py:103: DeprecationWarning: find_element_by_xpath is deprecated. Please use find_element(by=By.XPATH, value=xpath) instead
  apply_Campaign_filter = driver.find_element_by_xpath("/html/body/ngb-offcanvas-panel/div/ngx-simplebar/div[1]/div[2]/div/div/div/app-filter-content/div[2]/app-season-container/div/app-season-button[2]/div/div")
c:\Users\luist\repos\Automatizaciones-SILOHUB-\Entregas.py:107: DeprecationWarning: find_element_by_xpath is deprecated. Please use find_element(by=By.XPATH, value=xpath) instead
  apply_filter = driver.find_element_by_xpath("/html/body/ngb-offcanvas-panel/div/ngx-simplebar/div[1]/div[2]/div/div/div/app-filter-content/div[2]/app-filter-buttons/div/app-button[2]/button")
c:\Users\luist\repos\Automatizaciones-SILOHUB-\Entregas.py:118: DeprecationWarning: find_element_by_xpath is deprecated. Please use find_element(by=By.XPATH, value=xpath) instead
  tn_bruto = driver.find_element_by_xpath('//*[@id="layout-wrapper"]/div/div/div/app-deliveries/app-deliveries-shared/app-header-for-responsive-table/div/div/div[1]/div/div[1]/app-totalizer/div/div/div[2]/div[2]/span[1]')
c:\Users\luist\repos\Automatizaciones-SILOHUB-\Entregas.py:131: DeprecationWarning: find_element_by_xpath is deprecated. Please use find_element(by=By.XPATH, value=xpath) instead
  tn_netos = driver.find_element_by_xpath('//*[@id="layout-wrapper"]/div/div/div/app-deliveries/app-deliveries-shared/app-header-for-responsive-table/div/div/div[1]/div/div[2]/app-totalizer/div/div/div[2]/div[2]/span[1]')
c:\Users\luist\repos\Automatizaciones-SILOHUB-\Entregas.py:144: DeprecationWarning: find_element_by_xpath is deprecated. Please use find_element(by=By.XPATH, value=xpath) instead
  select_movements1 = driver.find_element_by_xpath('//*[@id="layout-wrapper"]/div/div/div/app-deliveries/app-deliveries-shared/app-responsive-table/div/table/tbody/tr[1]/th/input')
]]></system-err>
	</testcase>
</testsuite>
