<?xml version="1.0" encoding="UTF-8"?>
<testsuite name="cuenta_entregas-20231103110532" tests="1" file=".py" time="82.077" timestamp="2023-11-03T11:06:54" failures="0" errors="0" skipped="0">
	<testcase classname="cuenta_entregas" name="test_cuenta_entregas" time="82.077" timestamp="2023-11-03T11:06:54" file="Entregas.py" line="22">
		<system-out><![CDATA[El titulo de la pagina es: MIS ENTREGAS
El monto de tn brutos es: 209.737,34
El monto de tn netos es: 197.376,64
El número de la : Entrega TK 0008 00096336
La cantidad de la entrega es: 301,10 QQ
El producto es: De Maiz
El titulo es: DATOS DE LA ENTREGA
La fecha de la entrega es: 01/07/2022
La campaña de la entrega es: 21/22
La razón social del cliente es: JUAN DEMO
El campo utilizado en la entrega  es: 8012 La Laura
El titulo es: ANÁLISIS
El Peso Hectolítrico es : 72%
El porcentaje de materias extrañas es: 0,00%
]]></system-out>
		<system-err><![CDATA[c:\Users\luist\repos\Automatizaciones-SILOHUB-\Entregas.py:16: DeprecationWarning: executable_path has been deprecated, please pass in a Service object
  self.driver = webdriver.Chrome(executable_path=r"C:\driverchrome\chromedriver-win64\chromedriver.exe")
c:\Users\luist\repos\Automatizaciones-SILOHUB-\Entregas.py:24: DeprecationWarning: find_element_by_* commands are deprecated. Please use find_element() instead
  usermane = driver.find_element_by_id("email")
c:\Users\luist\repos\Automatizaciones-SILOHUB-\Entregas.py:30: DeprecationWarning: find_element_by_* commands are deprecated. Please use find_element() instead
  passworUser = driver.find_element_by_id("password")
c:\Users\luist\repos\Automatizaciones-SILOHUB-\Entregas.py:35: DeprecationWarning: find_element_by_xpath is deprecated. Please use find_element(by=By.XPATH, value=xpath) instead
  insertButton = driver.find_element_by_xpath("/html/body/app-root/app-login-main/div/div[2]/div/app-login-form/div/div/div[1]/div/div[2]/form/div[4]/app-button/button")
c:\Users\luist\repos\Automatizaciones-SILOHUB-\Entregas.py:40: DeprecationWarning: find_element_by_xpath is deprecated. Please use find_element(by=By.XPATH, value=xpath) instead
  selectTenant = driver.find_element_by_xpath("/html/body/app-root/app-layout/app-vertical/div/div/div/div/app-home-main/div/div[1]/app-tenant-main/app-tenant[8]/div/div/img")
c:\Users\luist\repos\Automatizaciones-SILOHUB-\Entregas.py:56: DeprecationWarning: find_element_by_xpath is deprecated. Please use find_element(by=By.XPATH, value=xpath) instead
  select_menu_Account = driver.find_element_by_xpath(
c:\Users\luist\repos\Automatizaciones-SILOHUB-\Entregas.py:61: DeprecationWarning: find_element_by_xpath is deprecated. Please use find_element(by=By.XPATH, value=xpath) instead
  select_deliveries = driver.find_element_by_xpath(
c:\Users\luist\repos\Automatizaciones-SILOHUB-\Entregas.py:71: DeprecationWarning: find_element_by_xpath is deprecated. Please use find_element(by=By.XPATH, value=xpath) instead
  title_menu = driver.find_element_by_xpath("/html/body/app-root/app-layout/app-vertical/div/div/div/app-header-for-screen/div/div/span")
c:\Users\luist\repos\Automatizaciones-SILOHUB-\Entregas.py:85: DeprecationWarning: find_element_by_xpath is deprecated. Please use find_element(by=By.XPATH, value=xpath) instead
  selct_filter = driver.find_element_by_xpath("/html/body/app-root/app-layout/app-vertical/div/div/div/div/app-deliveries/app-deliveries-shared/app-header-for-responsive-table/div/div/div[2]/div/div[2]/app-filter-button/button/div/i")
c:\Users\luist\repos\Automatizaciones-SILOHUB-\Entregas.py:93: DeprecationWarning: find_element_by_xpath is deprecated. Please use find_element(by=By.XPATH, value=xpath) instead
  clean_filter = driver.find_element_by_xpath("/html/body/ngb-offcanvas-panel/div/ngx-simplebar/div[1]/div[2]/div/div/div/app-filter-content/div[2]/app-filter-buttons/div/app-button[1]/button")
c:\Users\luist\repos\Automatizaciones-SILOHUB-\Entregas.py:99: DeprecationWarning: find_element_by_xpath is deprecated. Please use find_element(by=By.XPATH, value=xpath) instead
  apply_product_filter = driver.find_element_by_xpath("/html/body/ngb-offcanvas-panel/div/ngx-simplebar/div[1]/div[2]/div/div/div/app-filter-content/div[2]/app-grain-container/div/app-grain-button[2]/div/img")
c:\Users\luist\repos\Automatizaciones-SILOHUB-\Entregas.py:103: DeprecationWarning: find_element_by_xpath is deprecated. Please use find_element(by=By.XPATH, value=xpath) instead
  apply_Campaign_filter = driver.find_element_by_xpath("/html/body/ngb-offcanvas-panel/div/ngx-simplebar/div[1]/div[2]/div/div/div/app-filter-content/div[2]/app-season-container/div/app-season-button[2]/div/div")
c:\Users\luist\repos\Automatizaciones-SILOHUB-\Entregas.py:107: DeprecationWarning: find_element_by_xpath is deprecated. Please use find_element(by=By.XPATH, value=xpath) instead
  apply_filter = driver.find_element_by_xpath("/html/body/ngb-offcanvas-panel/div/ngx-simplebar/div[1]/div[2]/div/div/div/app-filter-content/div[2]/app-filter-buttons/div/app-button[2]/button")
c:\Users\luist\repos\Automatizaciones-SILOHUB-\Entregas.py:118: DeprecationWarning: find_element_by_xpath is deprecated. Please use find_element(by=By.XPATH, value=xpath) instead
  tn_bruto = driver.find_element_by_xpath('//*[@id="layout-wrapper"]/div/div/div/app-deliveries/app-deliveries-shared/app-header-for-responsive-table/div/div/div[1]/div/div[1]/app-totalizer/div/div/div[2]/div[2]/span[1]')
c:\Users\luist\repos\Automatizaciones-SILOHUB-\Entregas.py:131: DeprecationWarning: find_element_by_xpath is deprecated. Please use find_element(by=By.XPATH, value=xpath) instead
  tn_netos = driver.find_element_by_xpath('//*[@id="layout-wrapper"]/div/div/div/app-deliveries/app-deliveries-shared/app-header-for-responsive-table/div/div/div[1]/div/div[2]/app-totalizer/div/div/div[2]/div[2]/span[1]')
c:\Users\luist\repos\Automatizaciones-SILOHUB-\Entregas.py:144: DeprecationWarning: find_element_by_xpath is deprecated. Please use find_element(by=By.XPATH, value=xpath) instead
  select_movements1 = driver.find_element_by_xpath('//*[@id="layout-wrapper"]/div/div/div/app-deliveries/app-deliveries-shared/app-responsive-table/div/table/tbody/tr[1]/th/input')
c:\Users\luist\repos\Automatizaciones-SILOHUB-\Entregas.py:148: DeprecationWarning: find_element_by_xpath is deprecated. Please use find_element(by=By.XPATH, value=xpath) instead
  select_movements2 = driver.find_element_by_xpath('//*[@id="layout-wrapper"]/div/div/div/app-deliveries/app-deliveries-shared/app-responsive-table/div/table/tbody/tr[2]/th/input')
c:\Users\luist\repos\Automatizaciones-SILOHUB-\Entregas.py:152: DeprecationWarning: find_element_by_xpath is deprecated. Please use find_element(by=By.XPATH, value=xpath) instead
  select_movements3 = driver.find_element_by_xpath('//*[@id="layout-wrapper"]/div/div/div/app-deliveries/app-deliveries-shared/app-responsive-table/div/table/tbody/tr[3]/th/input')
c:\Users\luist\repos\Automatizaciones-SILOHUB-\Entregas.py:158: DeprecationWarning: find_element_by_xpath is deprecated. Please use find_element(by=By.XPATH, value=xpath) instead
  selet_button_download = driver.find_element_by_xpath("/html/body/app-root/app-layout/app-vertical/div/div/div/div/app-deliveries/app-deliveries-shared/app-header-for-responsive-table/div/div/div[2]/div/div[1]/app-download-button/div/button[2]")
c:\Users\luist\repos\Automatizaciones-SILOHUB-\Entregas.py:162: DeprecationWarning: find_element_by_xpath is deprecated. Please use find_element(by=By.XPATH, value=xpath) instead
  apply_download_excel = driver.find_element_by_xpath("/html/body/app-root/app-layout/app-vertical/div/div/div/div/app-deliveries/app-deliveries-shared/app-header-for-responsive-table/div/div/div[2]/div/div[1]/app-download-button/div/ul/li[1]/a")
c:\Users\luist\repos\Automatizaciones-SILOHUB-\Entregas.py:166: DeprecationWarning: find_element_by_xpath is deprecated. Please use find_element(by=By.XPATH, value=xpath) instead
  selet_button_download = driver.find_element_by_xpath("/html/body/app-root/app-layout/app-vertical/div/div/div/div/app-deliveries/app-deliveries-shared/app-header-for-responsive-table/div/div/div[2]/div/div[1]/app-download-button/div/button[2]")
c:\Users\luist\repos\Automatizaciones-SILOHUB-\Entregas.py:170: DeprecationWarning: find_element_by_xpath is deprecated. Please use find_element(by=By.XPATH, value=xpath) instead
  apply_download_pdf = driver.find_element_by_xpath("/html/body/app-root/app-layout/app-vertical/div/div/div/div/app-deliveries/app-deliveries-shared/app-header-for-responsive-table/div/div/div[2]/div/div[1]/app-download-button/div/ul/li[2]/a")
c:\Users\luist\repos\Automatizaciones-SILOHUB-\Entregas.py:177: DeprecationWarning: find_element_by_xpath is deprecated. Please use find_element(by=By.XPATH, value=xpath) instead
  insert_movemenst = driver.find_element_by_xpath("/html/body/app-root/app-layout/app-vertical/div/div/div/div/app-deliveries/app-deliveries-shared/app-responsive-table/div/table/tbody/tr[3]/td[2]/span/span")
c:\Users\luist\repos\Automatizaciones-SILOHUB-\Entregas.py:183: DeprecationWarning: find_element_by_xpath is deprecated. Please use find_element(by=By.XPATH, value=xpath) instead
  number_TK = driver.find_element_by_xpath('/html/body/app-root/app-layout/app-vertical/div/div/div/div/app-detail-deliveries/div/app-header-for-detail/div[1]/div')
c:\Users\luist\repos\Automatizaciones-SILOHUB-\Entregas.py:199: DeprecationWarning: find_element_by_xpath is deprecated. Please use find_element(by=By.XPATH, value=xpath) instead
  tn_delivery = driver.find_element_by_xpath('/html/body/app-root/app-layout/app-vertical/div/div/div/div/app-detail-deliveries/div/app-header-for-detail/div[2]/div/div[2]/div[1]')
c:\Users\luist\repos\Automatizaciones-SILOHUB-\Entregas.py:212: DeprecationWarning: find_element_by_xpath is deprecated. Please use find_element(by=By.XPATH, value=xpath) instead
  type_product = driver.find_element_by_xpath('/html/body/app-root/app-layout/app-vertical/div/div/div/div/app-detail-deliveries/div/app-header-for-detail/div[2]/div/div[2]/div[2]')
c:\Users\luist\repos\Automatizaciones-SILOHUB-\Entregas.py:227: DeprecationWarning: find_element_by_xpath is deprecated. Please use find_element(by=By.XPATH, value=xpath) instead
  title_delivery = driver.find_element_by_xpath('/html/body/app-root/app-layout/app-vertical/div/div/div/div/app-detail-deliveries/div/app-detail-table/div/div/div[1]/div[1]/span')
c:\Users\luist\repos\Automatizaciones-SILOHUB-\Entregas.py:239: DeprecationWarning: find_element_by_xpath is deprecated. Please use find_element(by=By.XPATH, value=xpath) instead
  date_delivery = driver.find_element_by_xpath('/html/body/app-root/app-layout/app-vertical/div/div/div/div/app-detail-deliveries/div/app-detail-table/div/div/div[1]/div[2]/div[1]/div[2]')
c:\Users\luist\repos\Automatizaciones-SILOHUB-\Entregas.py:251: DeprecationWarning: find_element_by_xpath is deprecated. Please use find_element(by=By.XPATH, value=xpath) instead
  campaign_delivery = driver.find_element_by_xpath('/html/body/app-root/app-layout/app-vertical/div/div/div/div/app-detail-deliveries/div/app-detail-table/div/div/div[1]/div[2]/div[2]/div[2]')
c:\Users\luist\repos\Automatizaciones-SILOHUB-\Entregas.py:263: DeprecationWarning: find_element_by_xpath is deprecated. Please use find_element(by=By.XPATH, value=xpath) instead
  business_name = driver.find_element_by_xpath('/html/body/app-root/app-layout/app-vertical/div/div/div/div/app-detail-deliveries/div/app-detail-table/div/div/div[1]/div[2]/div[3]/div[2]')
c:\Users\luist\repos\Automatizaciones-SILOHUB-\Entregas.py:275: DeprecationWarning: find_element_by_xpath is deprecated. Please use find_element(by=By.XPATH, value=xpath) instead
  field_business = driver.find_element_by_xpath('/html/body/app-root/app-layout/app-vertical/div/div/div/div/app-detail-deliveries/div/app-detail-table/div/div/div[1]/div[2]/div[4]/div[2]')
c:\Users\luist\repos\Automatizaciones-SILOHUB-\Entregas.py:289: DeprecationWarning: find_element_by_xpath is deprecated. Please use find_element(by=By.XPATH, value=xpath) instead
  into_analysis = driver.find_element_by_xpath("/html/body/app-root/app-layout/app-vertical/div/div/div/div/app-detail-deliveries/div/app-detail-table/div/div/div[2]/div[1]/div/button[1]")
c:\Users\luist\repos\Automatizaciones-SILOHUB-\Entregas.py:295: DeprecationWarning: find_element_by_xpath is deprecated. Please use find_element(by=By.XPATH, value=xpath) instead
  title_analysis = driver.find_element_by_xpath('/html/body/app-root/app-layout/app-vertical/div/div/div/div/app-quality-analisis/app-detail-table-quality-analisis/div/div/div/div[1]/span')
c:\Users\luist\repos\Automatizaciones-SILOHUB-\Entregas.py:308: DeprecationWarning: find_element_by_xpath is deprecated. Please use find_element(by=By.XPATH, value=xpath) instead
  data_analysis = driver.find_element_by_xpath('/html/body/app-root/app-layout/app-vertical/div/div/div/div/app-quality-analisis/app-responsive-table/div/table/tbody/tr[9]/td[2]/span/span')
c:\Users\luist\repos\Automatizaciones-SILOHUB-\Entregas.py:320: DeprecationWarning: find_element_by_xpath is deprecated. Please use find_element(by=By.XPATH, value=xpath) instead
  foreign_matter = driver.find_element_by_xpath('/html/body/app-root/app-layout/app-vertical/div/div/div/div/app-quality-analisis/app-responsive-table/div/table/tbody/tr[6]/td[2]/span/span')
c:\Users\luist\repos\Automatizaciones-SILOHUB-\Entregas.py:335: DeprecationWarning: find_element_by_xpath is deprecated. Please use find_element(by=By.XPATH, value=xpath) instead
  go_into_detail = driver.find_element_by_xpath("/html/body/app-root/app-layout/app-vertical/div/div/div/app-header-for-screen/div/div/div/a")
c:\Users\luist\repos\Automatizaciones-SILOHUB-\Entregas.py:339: DeprecationWarning: find_element_by_xpath is deprecated. Please use find_element(by=By.XPATH, value=xpath) instead
  go_to_list = driver.find_element_by_xpath("/html/body/app-root/app-layout/app-vertical/div/div/div/app-header-for-screen/div/div/div/a")
]]></system-err>
	</testcase>
</testsuite>
