<?xml version="1.0" encoding="UTF-8"?>
<testsuite name="comprobanteContrato-20240126152223" tests="1" file=".py" time="69.298" timestamp="2024-01-26T15:23:32" failures="0" errors="0" skipped="0">
	<testcase classname="comprobanteContrato" name="test_vouchers_contract" time="69.298" timestamp="2024-01-26T15:23:32" file="comproContratos.py" line="16">
		<system-out><![CDATA[¡Elemento encontrado y clickeado con éxito!
¡Elemento encontrado y clickeado con éxito!
El texto encontrado es  COMPROBANTES
¡Elemento encontrado y clickeado con éxito!
¡Elemento encontrado y clickeado con éxito!
¡Elemento encontrado y clickeado con éxito!
¡Elemento encontrado y clickeado 1 veces con éxito!
¡Elemento encontrado y clickeado con éxito!
¡Elemento encontrado y clickeado 1 veces con éxito!
¡Elemento encontrado y clickeado con éxito!
¡Elemento encontrado y clickeado con éxito!
El texto encontrado es  Mis Comprobantes
Tiempo de espera agotado. El elemento no está presente o no es visible.
El texto encontrado es  VC 0001 00125165
El texto encontrado es  VT 0001 00125179
¡Elemento encontrado y clickeado con éxito!
¡Elemento encontrado y clickeado con éxito!
¡Elemento encontrado y clickeado con éxito!
El texto encontrado es  El comprobante seleccionado no se encuentra para su descarga
]]></system-out>
	</testcase>
</testsuite>
