<?xml version="1.0" encoding="UTF-8"?>
<testsuite name="comprobanteContrato-20240126152659" tests="1" file=".py" time="107.511" timestamp="2024-01-26T15:28:46" failures="0" errors="0" skipped="0">
	<testcase classname="comprobanteContrato" name="test_vouchers_contract" time="107.511" timestamp="2024-01-26T15:28:46" file="comproContratos.py" line="16">
		<system-out><![CDATA[¡Elemento encontrado y clickeado con éxito!
¡Elemento encontrado y clickeado con éxito!
El texto encontrado es  COMPROBANTES
¡Elemento encontrado y clickeado con éxito!
¡Elemento encontrado y clickeado con éxito!
¡Elemento encontrado y clickeado con éxito!
¡Elemento encontrado y clickeado 1 veces con éxito!
¡Elemento encontrado y clickeado con éxito!
¡Elemento encontrado y clickeado 1 veces con éxito!
¡Elemento encontrado y clickeado con éxito!
¡Elemento encontrado y clickeado con éxito!
El texto encontrado es  Mis Comprobantes
Tiempo de espera agotado. El elemento no está presente o no es visible.
El texto encontrado es  VC 0001 00125165
El texto encontrado es  VT 0001 00125179
¡Elemento encontrado y clickeado con éxito!
¡Elemento encontrado y clickeado con éxito!
¡Elemento encontrado y clickeado con éxito!
Tiempo de espera agotado. El texto por xpaht no está presente.
]]></system-out>
	</testcase>
</testsuite>
