<?xml version="1.0" encoding="UTF-8"?>
<testsuite name="cta_cte_apliVencido-20240507180140" tests="1" file=".py" time="56.571" timestamp="2024-05-07T18:02:36" failures="0" errors="0" skipped="0">
	<testcase classname="cta_cte_apliVencido" name="test_ctacte_aplivencido" time="56.571" timestamp="2024-05-07T18:02:36" file="Ctacte_ApliVencido.py" line="17">
		<system-out><![CDATA[¡Elemento encontrado y clickeado 7 veces con éxito!
¡Elemento encontrado y clickeado 3 veces con éxito!
El texto encontrado es  Cuenta Corriente Aplicada
El valor es un carácter numérico. Valor: -688.246.981,99
El valor es un carácter numérico. Valor: 633.911.771,95
El valor es un carácter numérico. Valor: 1.767.982,98
El texto encontrado es  CUENTA CORRIENTE
El texto encontrado es  Movimiento ID 0011 00294698
El texto encontrado es  - ARS 3,50
El texto encontrado es  IMPUTCC
]]></system-out>
	</testcase>
</testsuite>
