<?xml version="1.0" encoding="UTF-8"?>
<testsuite name="Onboarding_test_tenant-20231219170504" tests="1" file=".py" time="0.010" timestamp="2023-12-19T17:05:04" failures="0" errors="1" skipped="0">
	<testcase classname="Onboarding_test_tenant" name="test_tenat_onboarding" time="0.010" timestamp="2023-12-19T17:05:04" file="Onboarding.py" line="27">
		<error type="TypeError" message="StartSession.__init__() takes 1 positional argument but 2 were given"><![CDATA[Traceback (most recent call last):
  File "c:\Users\luist\repos\Automatizaciones-SILOHUB-\Onboarding.py", line 21, in setUp
    self.start_session = StartSession(driver)
TypeError: StartSession.__init__() takes 1 positional argument but 2 were given
]]></error>
	</testcase>
</testsuite>
