<?xml version="1.0" encoding="UTF-8"?>
<testsuite name="Onboarding_test_tenant-20231219101053" tests="1" file=".py" time="21.202" timestamp="2023-12-19T10:11:15" failures="0" errors="1" skipped="0">
	<testcase classname="Onboarding_test_tenant" name="test_tenat_onboarding" time="21.202" timestamp="2023-12-19T10:11:15" file="Onboarding.py" line="34">
		<error type="AttributeError" message="'NoneType' object has no attribute 'click'"><![CDATA[Traceback (most recent call last):
  File "c:\Users\luist\repos\Automatizaciones-SILOHUB-\Onboarding.py", line 80, in test_tenat_onboarding
    agregar_onboarding.click()
AttributeError: 'NoneType' object has no attribute 'click'
]]></error>
		<system-out><![CDATA[El texto obtenido es: DOCUMENTACIÃ“N
]]></system-out>
	</testcase>
</testsuite>
