<?xml version="1.0" encoding="UTF-8"?>
<testsuite name="Onboarding_test_tenant-20231219095144" tests="1" file=".py" time="16.329" timestamp="2023-12-19T09:52:00" failures="0" errors="1" skipped="0">
	<testcase classname="Onboarding_test_tenant" name="test_cuenta_entregas" time="16.329" timestamp="2023-12-19T09:52:00" file="Onboarding.py" line="34">
		<error type="TypeError" message="object of type 'WebElement' has no len()"><![CDATA[Traceback (most recent call last):
  File "c:\Users\luist\repos\Automatizaciones-SILOHUB-\Onboarding.py", line 120, in test_cuenta_entregas
    if len(error_message) == 0:
TypeError: object of type 'WebElement' has no len()
]]></error>
		<system-out><![CDATA[El texto obtenido es: DOCUMENTACIÓN
El texto obtenido es: Para poder continuar al siguiente paso, será obligatorio completar los campos que se muestran a continuación.
]]></system-out>
	</testcase>
</testsuite>
