<?xml version="1.0" encoding="UTF-8"?>
<testsuite name="Onboarding_test_tenant-20231219115943" tests="1" file=".py" time="124.210" timestamp="2023-12-19T12:01:47" failures="0" errors="1" skipped="0">
	<testcase classname="Onboarding_test_tenant" name="test_tenat_onboarding" time="124.210" timestamp="2023-12-19T12:01:47" file="Onboarding.py" line="36">
		<error type="NoSuchWindowException" message="Message: no such window: target window already closed
from unknown error: web view not found
  (Session info: chrome=120.0.6099.110)
Stacktrace:
	GetHandleVerifier [0x00007FF794452142+3514994]
	(No symbol) [0x00007FF794070CE2]
	(No symbol) [0x00007FF793F176AA]
	(No symbol) [0x00007FF793EF0AFD]
	(No symbol) [0x00007FF793F8CB1B]
	(No symbol) [0x00007FF793FA218F]
	(No symbol) [0x00007FF793F85D93]
	(No symbol) [0x00007FF793F54BDC]
	(No symbol) [0x00007FF793F55C64]
	GetHandleVerifier [0x00007FF79447E16B+3695259]
	GetHandleVerifier [0x00007FF7944D6737+4057191]
	GetHandleVerifier [0x00007FF7944CE4E3+4023827]
	GetHandleVerifier [0x00007FF7941A04F9+689705]
	(No symbol) [0x00007FF79407C048]
	(No symbol) [0x00007FF794078044]
	(No symbol) [0x00007FF7940781C9]
	(No symbol) [0x00007FF7940688C4]
	BaseThreadInitThunk [0x00007FFBA8B3257D+29]
	RtlUserThreadStart [0x00007FFBA8E8AA58+40]
"><![CDATA[Traceback (most recent call last):
  File "c:\Users\luist\repos\Automatizaciones-SILOHUB-\Onboarding.py", line 106, in test_tenat_onboarding
    cuit = CUITGenerator.generate_random_cuit(self.driver, input_xpath)
  File "c:\Users\luist\repos\Automatizaciones-SILOHUB-\GeneradorCuit.py", line 19, in generate_random_cuit
    input_element = driver.find_element(By.XPATH, input_xpath)
  File "C:\Users\luist\AppData\Roaming\Python\Python310\site-packages\selenium\webdriver\remote\webdriver.py", line 741, in find_element
    return self.execute(Command.FIND_ELEMENT, {"using": by, "value": value})["value"]
  File "C:\Users\luist\AppData\Roaming\Python\Python310\site-packages\selenium\webdriver\remote\webdriver.py", line 347, in execute
    self.error_handler.check_response(response)
  File "C:\Users\luist\AppData\Roaming\Python\Python310\site-packages\selenium\webdriver\remote\errorhandler.py", line 229, in check_response
    raise exception_class(message, screen, stacktrace)
selenium.common.exceptions.NoSuchWindowException: Message: no such window: target window already closed
from unknown error: web view not found
  (Session info: chrome=120.0.6099.110)
Stacktrace:
	GetHandleVerifier [0x00007FF794452142+3514994]
	(No symbol) [0x00007FF794070CE2]
	(No symbol) [0x00007FF793F176AA]
	(No symbol) [0x00007FF793EF0AFD]
	(No symbol) [0x00007FF793F8CB1B]
	(No symbol) [0x00007FF793FA218F]
	(No symbol) [0x00007FF793F85D93]
	(No symbol) [0x00007FF793F54BDC]
	(No symbol) [0x00007FF793F55C64]
	GetHandleVerifier [0x00007FF79447E16B+3695259]
	GetHandleVerifier [0x00007FF7944D6737+4057191]
	GetHandleVerifier [0x00007FF7944CE4E3+4023827]
	GetHandleVerifier [0x00007FF7941A04F9+689705]
	(No symbol) [0x00007FF79407C048]
	(No symbol) [0x00007FF794078044]
	(No symbol) [0x00007FF7940781C9]
	(No symbol) [0x00007FF7940688C4]
	BaseThreadInitThunk [0x00007FFBA8B3257D+29]
	RtlUserThreadStart [0x00007FFBA8E8AA58+40]

]]></error>
		<system-out><![CDATA[El texto obtenido es: DOCUMENTACIÓN
El texto obtenido es: Para poder continuar al siguiente paso, será obligatorio completar los campos que se muestran a continuación.
Intentando con CUIT: 5-8525577-0
Intentando con CUIT: 21-52860911-1
Intentando con CUIT: 6-35710534-0
Intentando con CUIT: 15-15382105-3
Intentando con CUIT: 12-25147278-7
Intentando con CUIT: 2-86308480-4
Intentando con CUIT: 19-76733048-8
Intentando con CUIT: 3-22236288-4
Intentando con CUIT: 5-24359344-1
Intentando con CUIT: 9-71991890-1
Intentando con CUIT: 12-72286466-0
Intentando con CUIT: 22-82767231-3
Intentando con CUIT: 9-59781306-1
Intentando con CUIT: 3-39508421-2
Intentando con CUIT: 15-10397869-3
Intentando con CUIT: 4-87011151-2
Intentando con CUIT: 23-73156725-7
Intentando con CUIT: 6-37010918-4
Intentando con CUIT: 18-90997268-1
Intentando con CUIT: 18-92638781-1
Intentando con CUIT: 10-38641026-0
Intentando con CUIT: 12-74356276-1
Intentando con CUIT: 22-35668843-4
Intentando con CUIT: 10-83907316-8
Intentando con CUIT: 7-80312441-5
Intentando con CUIT: 16-99667287-1
Intentando con CUIT: 19-22196810-1
Intentando con CUIT: 3-90749767-7
Intentando con CUIT: 11-10429838-8
Intentando con CUIT: 17-79942376-1
Intentando con CUIT: 9-16249075-0
Intentando con CUIT: 12-71459858-5
Intentando con CUIT: 23-49433410-9
Intentando con CUIT: 9-72508315-6
Intentando con CUIT: 15-37447818-3
Intentando con CUIT: 20-59843189-9
Intentando con CUIT: 23-38340060-2
Intentando con CUIT: 18-36778867-1
Intentando con CUIT: 18-45322848-9
Intentando con CUIT: 6-76223076-6
Intentando con CUIT: 3-36287614-7
Intentando con CUIT: 20-65068392-7
Intentando con CUIT: 13-89103632-1
Intentando con CUIT: 19-88432895-4
Intentando con CUIT: 8-73649392-5
Intentando con CUIT: 23-86525193-1
Intentando con CUIT: 24-69191325-1
Intentando con CUIT: 13-34771316-8
Intentando con CUIT: 1-85914750-0
Intentando con CUIT: 13-69308658-4
Intentando con CUIT: 13-94867065-6
Intentando con CUIT: 24-75626340-7
Intentando con CUIT: 14-68793675-4
Intentando con CUIT: 21-43194689-1
Intentando con CUIT: 2-11252404-0
Intentando con CUIT: 18-21820638-1
Intentando con CUIT: 2-51951282-2
Intentando con CUIT: 22-93064900-4
Intentando con CUIT: 15-72818834-3
Intentando con CUIT: 6-79227016-0
Intentando con CUIT: 14-20744588-5
Intentando con CUIT: 2-97279529-5
Intentando con CUIT: 7-7720494-1
Intentando con CUIT: 11-4690872-1
Intentando con CUIT: 7-6734619-2
Intentando con CUIT: 7-23729943-9
Intentando con CUIT: 20-84669269-7
Intentando con CUIT: 23-37486355-6
Intentando con CUIT: 1-58413990-6
Intentando con CUIT: 20-71279727-9
Intentando con CUIT: 15-73977933-6
Intentando con CUIT: 9-5404585-5
Intentando con CUIT: 12-63004759-0
Intentando con CUIT: 17-6112463-5
Intentando con CUIT: 19-41187991-0
Intentando con CUIT: 18-17781282-3
Intentando con CUIT: 11-75427929-3
Intentando con CUIT: 7-83913107-1
Intentando con CUIT: 23-30903947-1
Intentando con CUIT: 22-5256935-4
Intentando con CUIT: 5-81889352-6
Intentando con CUIT: 9-82482395-4
Intentando con CUIT: 14-63174225-1
Intentando con CUIT: 5-87293337-4
Intentando con CUIT: 13-70308580-2
Intentando con CUIT: 6-92624695-9
Intentando con CUIT: 13-62654374-0
Intentando con CUIT: 14-19822555-3
Intentando con CUIT: 9-62295896-4
Intentando con CUIT: 10-54969634-3
Intentando con CUIT: 7-35409570-6
Intentando con CUIT: 12-62339775-5
Intentando con CUIT: 16-28997316-9
Intentando con CUIT: 19-56964658-6
Intentando con CUIT: 15-75524887-0
Intentando con CUIT: 19-47958657-8
Intentando con CUIT: 7-90797031-3
Intentando con CUIT: 17-45980643-7
Intentando con CUIT: 24-57452240-5
Intentando con CUIT: 10-82005176-1
Intentando con CUIT: 11-21854422-1
Intentando con CUIT: 5-93609537-2
Intentando con CUIT: 22-64073682-9
Intentando con CUIT: 4-95189888-2
Intentando con CUIT: 1-66824857-1
Intentando con CUIT: 1-85659775-9
Intentando con CUIT: 3-52299063-0
Intentando con CUIT: 13-39811127-7
Intentando con CUIT: 17-53557787-9
Intentando con CUIT: 23-96938807-0
Intentando con CUIT: 16-80701583-3
Intentando con CUIT: 15-44189059-8
Intentando con CUIT: 10-57569017-7
Intentando con CUIT: 11-75315102-8
Intentando con CUIT: 3-74904686-3
Intentando con CUIT: 16-34514456-0
Intentando con CUIT: 19-60912699-8
Intentando con CUIT: 15-73078374-9
Intentando con CUIT: 8-59589713-2
Intentando con CUIT: 18-83591789-8
Intentando con CUIT: 4-9122660-2
Intentando con CUIT: 19-19825765-4
Intentando con CUIT: 16-59851505-6
Intentando con CUIT: 24-58865121-3
Intentando con CUIT: 15-82221991-4
Intentando con CUIT: 1-30272607-9
Intentando con CUIT: 14-87762215-8
Intentando con CUIT: 6-60872971-0
Intentando con CUIT: 24-6976546-0
Intentando con CUIT: 12-44098923-9
Intentando con CUIT: 22-64674491-4
Intentando con CUIT: 3-95122414-5
Intentando con CUIT: 21-48822745-6
Intentando con CUIT: 8-25808322-7
Intentando con CUIT: 12-82873367-0
Intentando con CUIT: 1-75601351-2
Intentando con CUIT: 4-37256702-8
Intentando con CUIT: 5-6610454-8
Intentando con CUIT: 4-3888498-1
Intentando con CUIT: 4-32464915-8
Intentando con CUIT: 8-76844217-9
Intentando con CUIT: 23-99249529-5
Intentando con CUIT: 23-83502228-5
Intentando con CUIT: 12-26628606-1
Intentando con CUIT: 1-74323997-5
Intentando con CUIT: 6-72885161-4
Intentando con CUIT: 14-25363559-6
Intentando con CUIT: 11-31818679-8
Intentando con CUIT: 20-16777492-0
Intentando con CUIT: 5-55324877-2
Intentando con CUIT: 14-42110470-9
Intentando con CUIT: 14-12116680-5
Intentando con CUIT: 1-80290247-7
Intentando con CUIT: 14-29816537-0
Intentando con CUIT: 6-39836113-2
Intentando con CUIT: 20-49875499-3
Intentando con CUIT: 6-80594574-0
Intentando con CUIT: 14-90945948-3
Intentando con CUIT: 11-56674609-8
Intentando con CUIT: 5-79958728-2
Intentando con CUIT: 7-12435510-4
Intentando con CUIT: 10-9748690-4
Intentando con CUIT: 17-77873683-5
Intentando con CUIT: 5-66181864-9
Intentando con CUIT: 11-24750716-5
Intentando con CUIT: 13-98878899-2
Intentando con CUIT: 18-67971130-7
Intentando con CUIT: 24-40935465-2
Intentando con CUIT: 22-23037552-1
Intentando con CUIT: 15-78698631-4
Intentando con CUIT: 20-34718734-7
Intentando con CUIT: 16-38434834-7
Intentando con CUIT: 24-30421674-5
Intentando con CUIT: 11-53040874-0
Intentando con CUIT: 22-63758831-0
Intentando con CUIT: 13-53362707-7
Intentando con CUIT: 8-84205796-2
Intentando con CUIT: 13-34115798-6
Intentando con CUIT: 4-42430857-7
Intentando con CUIT: 6-14158964-1
Intentando con CUIT: 17-21361533-2
Intentando con CUIT: 3-71086520-1
Intentando con CUIT: 7-88636222-9
Intentando con CUIT: 24-51309131-6
Intentando con CUIT: 17-58317096-9
Intentando con CUIT: 24-86746925-6
Intentando con CUIT: 4-76200831-8
Intentando con CUIT: 10-64395238-1
Intentando con CUIT: 11-26012084-6
Intentando con CUIT: 6-17108596-5
Intentando con CUIT: 19-9604877-2
Intentando con CUIT: 18-25418061-8
Intentando con CUIT: 8-53565099-8
Intentando con CUIT: 19-52745478-0
Intentando con CUIT: 18-90303077-7
Intentando con CUIT: 18-74608075-6
Intentando con CUIT: 10-21025750-9
Intentando con CUIT: 12-80300561-7
Intentando con CUIT: 17-89391562-0
Intentando con CUIT: 8-16802385-9
Intentando con CUIT: 10-70741159-1
Intentando con CUIT: 12-90589809-0
Intentando con CUIT: 9-35603595-0
Intentando con CUIT: 18-80006579-2
Intentando con CUIT: 9-75756391-6
Intentando con CUIT: 18-68678798-3
Intentando con CUIT: 2-72503899-4
Intentando con CUIT: 2-71053994-5
Intentando con CUIT: 23-49172428-0
Intentando con CUIT: 7-57338692-2
Intentando con CUIT: 20-91473158-2
Intentando con CUIT: 19-96110751-7
Intentando con CUIT: 22-46030432-0
Intentando con CUIT: 17-53923935-2
Intentando con CUIT: 12-60363045-7
Intentando con CUIT: 15-9242804-3
Intentando con CUIT: 19-1597011-9
Intentando con CUIT: 1-14462611-7
Intentando con CUIT: 2-29906546-5
Intentando con CUIT: 8-13681698-5
Intentando con CUIT: 24-13740749-1
Intentando con CUIT: 15-74925257-1
Intentando con CUIT: 3-81855594-7
Intentando con CUIT: 18-28073827-1
Intentando con CUIT: 3-72608654-4
Intentando con CUIT: 15-88471511-5
Intentando con CUIT: 12-17767893-0
Intentando con CUIT: 14-90871214-9
Intentando con CUIT: 18-45076796-2
Intentando con CUIT: 13-26272698-1
Intentando con CUIT: 6-63979635-1
Intentando con CUIT: 19-2097799-5
Intentando con CUIT: 6-81901728-0
Intentando con CUIT: 1-25004241-9
Intentando con CUIT: 3-62082561-7
Intentando con CUIT: 8-25247563-5
Intentando con CUIT: 15-57232604-3
Intentando con CUIT: 11-83222605-4
Intentando con CUIT: 3-91343451-0
Intentando con CUIT: 18-30350611-4
Intentando con CUIT: 19-82213560-3
Intentando con CUIT: 7-73449511-9
Intentando con CUIT: 1-81977403-8
Intentando con CUIT: 15-94851061-3
Intentando con CUIT: 21-97678959-7
Intentando con CUIT: 19-99693647-0
Intentando con CUIT: 1-91791262-0
Intentando con CUIT: 5-77579424-9
Intentando con CUIT: 2-50354597-7
Intentando con CUIT: 5-37833071-3
Intentando con CUIT: 16-52729532-7
Intentando con CUIT: 24-13773914-6
Intentando con CUIT: 22-12670560-5
Intentando con CUIT: 19-88392549-6
Intentando con CUIT: 10-1318848-1
Intentando con CUIT: 12-46434641-7
Intentando con CUIT: 21-46095332-6
Intentando con CUIT: 10-75999809-7
Intentando con CUIT: 5-92623665-2
Intentando con CUIT: 24-73550746-5
Intentando con CUIT: 2-48807802-6
Intentando con CUIT: 8-49388754-3
Intentando con CUIT: 20-58793995-2
Intentando con CUIT: 15-96896209-1
Intentando con CUIT: 21-23637862-7
Intentando con CUIT: 18-65688537-6
Intentando con CUIT: 11-77356872-4
Intentando con CUIT: 10-41969875-5
Intentando con CUIT: 9-99483995-4
Intentando con CUIT: 3-99055060-1
Intentando con CUIT: 2-62729331-2
Intentando con CUIT: 14-87305500-2
Intentando con CUIT: 22-11406890-6
Intentando con CUIT: 2-82408130-5
Intentando con CUIT: 22-14859066-5
Intentando con CUIT: 15-23516733-4
Intentando con CUIT: 11-30688540-4
Intentando con CUIT: 14-83934776-0
Intentando con CUIT: 11-63746321-1
Intentando con CUIT: 6-11899360-7
Intentando con CUIT: 2-15364816-2
Intentando con CUIT: 17-48523437-2
Intentando con CUIT: 2-73988410-8
Intentando con CUIT: 7-78541860-4
Intentando con CUIT: 2-12075152-1
Intentando con CUIT: 19-85978987-2
Intentando con CUIT: 11-62799401-8
Intentando con CUIT: 1-48509713-1
Intentando con CUIT: 9-77565993-1
Intentando con CUIT: 13-59744746-5
Intentando con CUIT: 21-16060722-2
Intentando con CUIT: 9-61157599-0
Intentando con CUIT: 21-17408540-4
Intentando con CUIT: 1-73034314-3
Intentando con CUIT: 12-70210433-6
Intentando con CUIT: 16-65892692-8
Intentando con CUIT: 15-47787922-5
Intentando con CUIT: 9-36995380-5
Intentando con CUIT: 17-71191250-9
Intentando con CUIT: 3-87725959-1
Intentando con CUIT: 3-20838589-8
Intentando con CUIT: 21-61159750-2
Intentando con CUIT: 2-40236700-2
Intentando con CUIT: 6-11111174-8
Intentando con CUIT: 14-43501836-2
Intentando con CUIT: 3-53106368-8
Intentando con CUIT: 16-63535611-0
Intentando con CUIT: 22-31740371-3
Intentando con CUIT: 4-81288296-2
Intentando con CUIT: 8-88000259-6
Intentando con CUIT: 3-81459392-6
Intentando con CUIT: 15-52702701-5
Intentando con CUIT: 1-38932249-3
Intentando con CUIT: 15-57694961-0
Intentando con CUIT: 19-43493858-3
Intentando con CUIT: 17-59100192-8
Intentando con CUIT: 16-83197719-7
Intentando con CUIT: 20-39008685-5
Intentando con CUIT: 17-26760291-7
Intentando con CUIT: 8-69634738-0
Intentando con CUIT: 12-21749103-3
Intentando con CUIT: 1-10762760-4
Intentando con CUIT: 16-31360507-9
Intentando con CUIT: 7-24184682-4
Intentando con CUIT: 19-32908398-7
Intentando con CUIT: 4-54769902-2
Intentando con CUIT: 2-92187765-4
Intentando con CUIT: 16-24346469-4
Intentando con CUIT: 2-25792237-7
Intentando con CUIT: 15-71851076-7
Intentando con CUIT: 7-24249792-0
Intentando con CUIT: 21-11983972-3
Intentando con CUIT: 20-25206886-3
Intentando con CUIT: 16-57032055-5
Intentando con CUIT: 8-27536661-0
Intentando con CUIT: 19-20690255-7
Intentando con CUIT: 7-75665013-6
Intentando con CUIT: 16-36658172-7
Intentando con CUIT: 21-87085058-3
Intentando con CUIT: 11-47234597-8
Intentando con CUIT: 7-80925959-0
Intentando con CUIT: 20-4887755-5
Intentando con CUIT: 11-79211551-5
Intentando con CUIT: 12-25157979-0
Intentando con CUIT: 10-15035315-7
Intentando con CUIT: 9-68081107-7
Intentando con CUIT: 22-84011045-1
Intentando con CUIT: 12-41059508-1
Intentando con CUIT: 4-6346657-9
Intentando con CUIT: 22-48187317-2
Intentando con CUIT: 6-19104283-3
Intentando con CUIT: 15-10379848-5
Intentando con CUIT: 19-61707252-9
Intentando con CUIT: 6-5346304-8
Intentando con CUIT: 7-11187900-4
Intentando con CUIT: 15-1475966-1
Intentando con CUIT: 6-31621873-1
Intentando con CUIT: 17-30768274-7
Intentando con CUIT: 3-72382381-3
Intentando con CUIT: 23-19190956-5
Intentando con CUIT: 14-14469425-5
Intentando con CUIT: 1-2393826-9
Intentando con CUIT: 12-99120324-1
Intentando con CUIT: 16-59387588-8
Intentando con CUIT: 13-25591449-3
Intentando con CUIT: 16-21208849-6
Intentando con CUIT: 10-4993875-0
Intentando con CUIT: 20-30813491-5
Intentando con CUIT: 20-37407249-9
Intentando con CUIT: 21-63867529-3
Intentando con CUIT: 8-63150020-7
Intentando con CUIT: 17-83876246-1
Intentando con CUIT: 10-75103964-9
Intentando con CUIT: 19-26308830-2
Intentando con CUIT: 10-12904807-6
Intentando con CUIT: 2-47016233-2
Intentando con CUIT: 20-95185780-9
Intentando con CUIT: 5-28973752-7
Intentando con CUIT: 15-40276434-0
Intentando con CUIT: 17-90281921-1
Intentando con CUIT: 10-66215445-3
Intentando con CUIT: 1-30472946-0
Intentando con CUIT: 5-82078747-9
Intentando con CUIT: 8-70138964-7
Intentando con CUIT: 11-44989573-4
Intentando con CUIT: 22-20901527-2
Intentando con CUIT: 18-82358093-0
Intentando con CUIT: 20-60794143-5
Intentando con CUIT: 17-44261566-9
Intentando con CUIT: 20-79044513-9
Intentando con CUIT: 13-94831992-0
Intentando con CUIT: 9-61087759-0
Intentando con CUIT: 12-3737669-5
Intentando con CUIT: 23-95320437-2
Intentando con CUIT: 4-71926630-8
Intentando con CUIT: 16-95037326-4
Intentando con CUIT: 15-1125158-3
Intentando con CUIT: 18-81701214-6
Intentando con CUIT: 11-77530121-9
Intentando con CUIT: 17-84728960-0
Intentando con CUIT: 4-32650292-8
Intentando con CUIT: 24-25187655-7
Intentando con CUIT: 12-98981582-3
Intentando con CUIT: 5-95666098-1
Intentando con CUIT: 22-50525967-9
Intentando con CUIT: 23-59576751-1
Intentando con CUIT: 8-66128516-7
Intentando con CUIT: 21-88479281-5
Intentando con CUIT: 19-91642836-1
Intentando con CUIT: 4-62623588-6
Intentando con CUIT: 5-36191161-9
Intentando con CUIT: 10-89923683-7
Intentando con CUIT: 16-96775072-7
Intentando con CUIT: 23-74356401-8
Intentando con CUIT: 16-91103833-0
Intentando con CUIT: 11-32868903-3
Intentando con CUIT: 24-43560473-3
Intentando con CUIT: 10-39981865-3
Intentando con CUIT: 9-29205938-7
Intentando con CUIT: 21-40598467-3
Intentando con CUIT: 22-91208981-7
Intentando con CUIT: 18-89031449-5
Intentando con CUIT: 20-23859317-3
Intentando con CUIT: 2-26897116-1
Intentando con CUIT: 11-40788258-0
Intentando con CUIT: 10-86980098-1
Intentando con CUIT: 16-14261835-0
Intentando con CUIT: 20-12074526-0
Intentando con CUIT: 19-78149611-6
Intentando con CUIT: 12-2936141-1
Intentando con CUIT: 2-30219285-3
Intentando con CUIT: 6-88151416-7
Intentando con CUIT: 6-81594050-2
Intentando con CUIT: 8-26259276-9
Intentando con CUIT: 1-71860682-8
Intentando con CUIT: 19-70580048-0
Intentando con CUIT: 21-62688648-2
Intentando con CUIT: 9-40257479-3
Intentando con CUIT: 17-54769443-0
Intentando con CUIT: 23-83722941-8
Intentando con CUIT: 11-77359089-2
Intentando con CUIT: 17-55443155-7
Intentando con CUIT: 16-62400925-7
Intentando con CUIT: 10-75011108-1
Intentando con CUIT: 24-86873848-4
Intentando con CUIT: 13-74243474-9
Intentando con CUIT: 10-83146209-8
Intentando con CUIT: 17-63530501-5
Intentando con CUIT: 3-44227330-4
Intentando con CUIT: 17-76248861-8
Intentando con CUIT: 1-55985531-8
Intentando con CUIT: 22-43227539-8
Intentando con CUIT: 2-18651548-0
Intentando con CUIT: 2-87003359-6
Intentando con CUIT: 12-45431150-5
Intentando con CUIT: 1-7300343-8
Intentando con CUIT: 23-17912346-9
Intentando con CUIT: 23-43971997-1
Intentando con CUIT: 12-37993169-4
Intentando con CUIT: 4-40173398-0
Intentando con CUIT: 19-19373283-6
Intentando con CUIT: 3-56466082-4
Intentando con CUIT: 24-47055361-3
Intentando con CUIT: 12-26072114-2
Intentando con CUIT: 21-28928655-1
Intentando con CUIT: 6-79018327-6
Intentando con CUIT: 22-69154644-2
Intentando con CUIT: 4-20343536-0
Intentando con CUIT: 24-55464120-1
Intentando con CUIT: 16-97823731-4
Intentando con CUIT: 18-94034166-4
Intentando con CUIT: 2-22292808-9
Intentando con CUIT: 13-6647800-2
Intentando con CUIT: 16-31025803-7
Intentando con CUIT: 7-69103289-7
Intentando con CUIT: 6-4062293-8
Intentando con CUIT: 19-74263412-8
Intentando con CUIT: 17-31883346-2
Intentando con CUIT: 1-32289635-4
Intentando con CUIT: 13-86989285-9
Intentando con CUIT: 4-77364336-6
Intentando con CUIT: 14-63405842-0
Intentando con CUIT: 16-2465960-4
Intentando con CUIT: 15-48048725-2
Intentando con CUIT: 18-31362801-1
Intentando con CUIT: 2-55367722-1
Intentando con CUIT: 22-14289313-0
Intentando con CUIT: 22-47196899-8
Intentando con CUIT: 20-68230971-4
Intentando con CUIT: 10-88940047-4
Intentando con CUIT: 2-31463734-8
Intentando con CUIT: 21-50008932-6
Intentando con CUIT: 10-7088195-1
Intentando con CUIT: 12-49366697-7
Intentando con CUIT: 15-24073471-3
Intentando con CUIT: 11-48188707-5
Intentando con CUIT: 16-28878264-0
Intentando con CUIT: 14-27124758-3
Intentando con CUIT: 8-86690718-7
Intentando con CUIT: 2-77553072-9
Intentando con CUIT: 24-63788661-7
Intentando con CUIT: 19-4422332-7
Intentando con CUIT: 2-65688555-5
Intentando con CUIT: 3-49214771-8
Intentando con CUIT: 20-8261482-8
Intentando con CUIT: 12-25623429-3
Intentando con CUIT: 9-66951448-1
Intentando con CUIT: 5-68859139-3
Intentando con CUIT: 2-13077058-0
Intentando con CUIT: 20-21567589-7
Intentando con CUIT: 16-96369695-9
Intentando con CUIT: 13-87784289-1
Intentando con CUIT: 2-14789435-9
Intentando con CUIT: 10-73313511-4
Intentando con CUIT: 24-14595922-2
Intentando con CUIT: 15-19655674-5
Intentando con CUIT: 9-3039666-9
Intentando con CUIT: 4-23573076-1
Intentando con CUIT: 22-91272674-9
Intentando con CUIT: 24-11391273-4
Intentando con CUIT: 11-23466684-6
Intentando con CUIT: 13-35412450-9
Intentando con CUIT: 17-10502180-0
Intentando con CUIT: 7-92796247-6
Intentando con CUIT: 5-61585920-3
Intentando con CUIT: 24-44126657-4
Intentando con CUIT: 15-98069910-0
Intentando con CUIT: 24-43803464-7
Intentando con CUIT: 18-58699587-7
Intentando con CUIT: 18-13084355-9
Intentando con CUIT: 12-35623031-4
Intentando con CUIT: 7-88092762-2
Intentando con CUIT: 24-42929121-8
Intentando con CUIT: 13-88734742-8
Intentando con CUIT: 23-68221199-7
Intentando con CUIT: 9-8690452-3
Intentando con CUIT: 12-3041513-7
Intentando con CUIT: 23-2094649-7
Intentando con CUIT: 19-63080852-7
Intentando con CUIT: 4-83214976-7
Intentando con CUIT: 13-53490025-0
Intentando con CUIT: 7-83703657-1
Intentando con CUIT: 17-4542097-3
Intentando con CUIT: 10-38024351-9
Intentando con CUIT: 18-86749590-6
Intentando con CUIT: 23-53588006-8
Intentando con CUIT: 13-43127728-3
Intentando con CUIT: 21-61492885-4
Intentando con CUIT: 9-55874208-9
Intentando con CUIT: 7-20693957-4
Intentando con CUIT: 3-73525112-6
Intentando con CUIT: 16-5172003-0
Intentando con CUIT: 17-13161981-0
Intentando con CUIT: 14-45707361-6
Intentando con CUIT: 15-83441078-8
Intentando con CUIT: 11-32420465-4
Intentando con CUIT: 11-17417278-9
Intentando con CUIT: 20-40664050-2
Intentando con CUIT: 9-74362336-5
Intentando con CUIT: 10-14750533-9
Intentando con CUIT: 4-64147908-7
Intentando con CUIT: 21-79024834-7
Intentando con CUIT: 9-92639348-4
Intentando con CUIT: 18-4222794-5
Intentando con CUIT: 23-93994149-8
Intentando con CUIT: 13-34051016-1
Intentando con CUIT: 18-73464539-2
Intentando con CUIT: 7-30966152-0
Intentando con CUIT: 16-68340746-1
Intentando con CUIT: 9-18934675-8
Intentando con CUIT: 14-67614642-5
Intentando con CUIT: 22-74212457-3
Intentando con CUIT: 1-80814731-1
Intentando con CUIT: 8-52629432-1
Intentando con CUIT: 12-71431630-2
Intentando con CUIT: 17-68064955-5
Intentando con CUIT: 6-54190389-1
Intentando con CUIT: 16-86865531-2
Intentando con CUIT: 6-75148077-0
Intentando con CUIT: 9-77623449-6
Intentando con CUIT: 22-86183943-1
Intentando con CUIT: 12-41371870-7
Intentando con CUIT: 12-27281710-4
Intentando con CUIT: 1-43084777-0
Intentando con CUIT: 5-71323178-4
Intentando con CUIT: 14-84221917-2
Intentando con CUIT: 1-44875420-0
Intentando con CUIT: 17-85598321-4
Intentando con CUIT: 5-94235296-0
Intentando con CUIT: 21-64845680-8
Intentando con CUIT: 4-63099414-3
Intentando con CUIT: 3-8665694-5
Intentando con CUIT: 1-93051330-7
Intentando con CUIT: 13-15443595-5
Intentando con CUIT: 2-12870528-6
]]></system-out>
	</testcase>
</testsuite>
