<?xml version="1.0" encoding="UTF-8"?>
<testsuite name="Onboarding_test_tenant-20231219164519" tests="1" file=".py" time="0.009" timestamp="2023-12-19T16:45:19" failures="0" errors="1" skipped="0">
	<testcase classname="Onboarding_test_tenant" name="test_tenat_onboarding" time="0.009" timestamp="2023-12-19T16:45:19" file="Onboarding.py" line="26">
		<error type="AttributeError" message="'Onboarding_test_tenant' object has no attribute 'driver'"><![CDATA[Traceback (most recent call last):
  File "c:\Users\luist\repos\Automatizaciones-SILOHUB-\Onboarding.py", line 19, in setUp
    self.start_session = StartSession(self.driver)
AttributeError: 'Onboarding_test_tenant' object has no attribute 'driver'
]]></error>
	</testcase>
</testsuite>
