<?xml version="1.0" encoding="UTF-8"?>
<testsuite name="ReportinsumosPendRetirar-20240202162859" tests="2" file=".py" time="170.427" timestamp="2024-02-02T16:31:50" failures="0" errors="2" skipped="0">
	<testcase classname="ReportinsumosPendRetirar" name="test_Report_suppliesWithdrawal" time="0.000" timestamp="0001-01-01T00:00:00" file="reportInsuRetirar.py" line="17">
		<error type="AttributeError" message="'NoneType' object has no attribute 'is_displayed'"><![CDATA[Traceback (most recent call last):
  File "c:\Users\luist\repos\Automatizaciones-SILOHUB-\reportInsuRetirar.py", line 120, in test_Report_suppliesWithdrawal
    find_elements(self.driver,select_button_download2)
  File "c:\Users\luist\repos\Automatizaciones-SILOHUB-\Elements.py", line 15, in find_elements
    select_nex_button = WebDriverWait(driver, 10).until(
  File "C:\Users\luist\AppData\Roaming\Python\Python310\site-packages\selenium\webdriver\support\wait.py", line 96, in until
    value = method(self._driver)
  File "C:\Users\luist\AppData\Roaming\Python\Python310\site-packages\selenium\webdriver\support\expected_conditions.py", line 364, in _predicate
    element = visibility_of(target)(driver)
  File "C:\Users\luist\AppData\Roaming\Python\Python310\site-packages\selenium\webdriver\support\expected_conditions.py", line 173, in _predicate
    return _element_if_visible(element)
  File "C:\Users\luist\AppData\Roaming\Python\Python310\site-packages\selenium\webdriver\support\expected_conditions.py", line 179, in _element_if_visible
    return element if element.is_displayed() == visibility else False
AttributeError: 'NoneType' object has no attribute 'is_displayed'
]]></error>
		<system-out><![CDATA[¡Elemento encontrado y clickeado con éxito!
¡Elemento encontrado y clickeado con éxito!
¡Elemento encontrado y clickeado con éxito!
¡Elemento encontrado y clickeado con éxito!
¡Elemento encontrado y clickeado con éxito!
El texto encontrado es  Insumos Pendientes de Retirar
El texto encontrado es  Comprobante
El texto encontrado 'PED 0051 00016343' no coincide con el esperado ''
El texto encontrado es  Artículo
El texto encontrado 'Herbicida Eddus x 20 lts. (S-Metolacloro + Fomesafen) SYNGEN' no coincide con el esperado ''
El texto encontrado es  Pendiente
El valor es un carácter numérico. Valor: 5,00
segundo movimiento del listado
El texto encontrado 'PED 0051 00016354' no coincide con el esperado ''
El texto encontrado 'Herbicida 2 4D Ester Etihexilico Voleris S 89% x 20 lts. SYN' no coincide con el esperado ''
El valor es un carácter numérico. Valor: 1,00
Tiempo de espera agotado. El elemento no está presente o no es clickeable.
Tiempo de espera agotado. El elemento no está presente o no es clickeable.
Tiempo de espera agotado. El elemento no está presente o no es clickeable.
Tiempo de espera agotado. El elemento no está presente o no es clickeable.
]]></system-out>
	</testcase>
	<testcase classname="ReportinsumosPendRetirar" name="test_Report_suppliesWithdrawal" time="170.427" timestamp="2024-02-02T16:31:50" file="reportInsuRetirar.py" line="17">
		<error type="NoSuchWindowException" message="Message: no such window: target window already closed
from unknown error: web view not found
  (Session info: chrome=121.0.6167.140)
Stacktrace:
	GetHandleVerifier [0x00007FF7B61E5E42+3538674]
	(No symbol) [0x00007FF7B5E04C02]
	(No symbol) [0x00007FF7B5CB5AEB]
	(No symbol) [0x00007FF7B5C9288C]
	(No symbol) [0x00007FF7B5D25DD7]
	(No symbol) [0x00007FF7B5D2C4B6]
	(No symbol) [0x00007FF7B5D1F070]
	(No symbol) [0x00007FF7B5CEF514]
	(No symbol) [0x00007FF7B5CF0631]
	GetHandleVerifier [0x00007FF7B6216CAD+3738973]
	GetHandleVerifier [0x00007FF7B626C506+4089270]
	GetHandleVerifier [0x00007FF7B6264823+4057299]
	GetHandleVerifier [0x00007FF7B5F35C49+720121]
	(No symbol) [0x00007FF7B5E1126F]
	(No symbol) [0x00007FF7B5E0C304]
	(No symbol) [0x00007FF7B5E0C432]
	(No symbol) [0x00007FF7B5DFBD04]
	BaseThreadInitThunk [0x00007FFEF135257D+29]
	RtlUserThreadStart [0x00007FFEF336AA58+40]
"><![CDATA[Traceback (most recent call last):
  File "c:\Users\luist\repos\Automatizaciones-SILOHUB-\reportInsuRetirar.py", line 131, in tearDown
    self.driver.close()
  File "C:\Users\luist\AppData\Roaming\Python\Python310\site-packages\selenium\webdriver\remote\webdriver.py", line 459, in close
    self.execute(Command.CLOSE)
  File "C:\Users\luist\AppData\Roaming\Python\Python310\site-packages\selenium\webdriver\remote\webdriver.py", line 348, in execute
    self.error_handler.check_response(response)
  File "C:\Users\luist\AppData\Roaming\Python\Python310\site-packages\selenium\webdriver\remote\errorhandler.py", line 229, in check_response
    raise exception_class(message, screen, stacktrace)
selenium.common.exceptions.NoSuchWindowException: Message: no such window: target window already closed
from unknown error: web view not found
  (Session info: chrome=121.0.6167.140)
Stacktrace:
	GetHandleVerifier [0x00007FF7B61E5E42+3538674]
	(No symbol) [0x00007FF7B5E04C02]
	(No symbol) [0x00007FF7B5CB5AEB]
	(No symbol) [0x00007FF7B5C9288C]
	(No symbol) [0x00007FF7B5D25DD7]
	(No symbol) [0x00007FF7B5D2C4B6]
	(No symbol) [0x00007FF7B5D1F070]
	(No symbol) [0x00007FF7B5CEF514]
	(No symbol) [0x00007FF7B5CF0631]
	GetHandleVerifier [0x00007FF7B6216CAD+3738973]
	GetHandleVerifier [0x00007FF7B626C506+4089270]
	GetHandleVerifier [0x00007FF7B6264823+4057299]
	GetHandleVerifier [0x00007FF7B5F35C49+720121]
	(No symbol) [0x00007FF7B5E1126F]
	(No symbol) [0x00007FF7B5E0C304]
	(No symbol) [0x00007FF7B5E0C432]
	(No symbol) [0x00007FF7B5DFBD04]
	BaseThreadInitThunk [0x00007FFEF135257D+29]
	RtlUserThreadStart [0x00007FFEF336AA58+40]

]]></error>
		<system-out><![CDATA[¡Elemento encontrado y clickeado con éxito!
¡Elemento encontrado y clickeado con éxito!
¡Elemento encontrado y clickeado con éxito!
¡Elemento encontrado y clickeado con éxito!
¡Elemento encontrado y clickeado con éxito!
El texto encontrado es  Insumos Pendientes de Retirar
El texto encontrado es  Comprobante
El texto encontrado 'PED 0051 00016343' no coincide con el esperado ''
El texto encontrado es  Artículo
El texto encontrado 'Herbicida Eddus x 20 lts. (S-Metolacloro + Fomesafen) SYNGEN' no coincide con el esperado ''
El texto encontrado es  Pendiente
El valor es un carácter numérico. Valor: 5,00
segundo movimiento del listado
El texto encontrado 'PED 0051 00016354' no coincide con el esperado ''
El texto encontrado 'Herbicida 2 4D Ester Etihexilico Voleris S 89% x 20 lts. SYN' no coincide con el esperado ''
El valor es un carácter numérico. Valor: 1,00
Tiempo de espera agotado. El elemento no está presente o no es clickeable.
Tiempo de espera agotado. El elemento no está presente o no es clickeable.
Tiempo de espera agotado. El elemento no está presente o no es clickeable.
Tiempo de espera agotado. El elemento no está presente o no es clickeable.
]]></system-out>
	</testcase>
</testsuite>
