<?xml version="1.0" encoding="UTF-8"?>
<testsuite name="HomeTenant-20240111162512" tests="1" file=".py" time="33.568" timestamp="2024-01-11T16:25:45" failures="0" errors="1" skipped="0">
	<testcase classname="HomeTenant" name="test_inicio_tenant" time="33.568" timestamp="2024-01-11T16:25:45" file="Home.py" line="21">
		<error type="ElementClickInterceptedException" message="Message: element click intercepted: Element &lt;i _ngcontent-xmb-c180=&quot;&quot; class=&quot;ri-close-line t-gray-300 f-size-14 tag-close-icon&quot;&gt;&lt;/i&gt; is not clickable at point (1306, 110). Other element would receive the click: &lt;div _ngcontent-xmb-c183=&quot;&quot; class=&quot;choices__list choices__list--multiple row tags-container&quot;&gt;...&lt;/div&gt;
  (Session info: chrome=120.0.6099.201)
Stacktrace:
	GetHandleVerifier [0x00007FF610822142+3514994]
	(No symbol) [0x00007FF610440CE2]
	(No symbol) [0x00007FF6102E76AA]
	(No symbol) [0x00007FF6103388F3]
	(No symbol) [0x00007FF6103368ED]
	(No symbol) [0x00007FF6103340EC]
	(No symbol) [0x00007FF610332EA5]
	(No symbol) [0x00007FF610326A0F]
	(No symbol) [0x00007FF610355FEA]
	(No symbol) [0x00007FF6103263B6]
	(No symbol) [0x00007FF610356490]
	(No symbol) [0x00007FF6103728F6]
	(No symbol) [0x00007FF610355D93]
	(No symbol) [0x00007FF610324BDC]
	(No symbol) [0x00007FF610325C64]
	GetHandleVerifier [0x00007FF61084E16B+3695259]
	GetHandleVerifier [0x00007FF6108A6737+4057191]
	GetHandleVerifier [0x00007FF61089E4E3+4023827]
	GetHandleVerifier [0x00007FF6105704F9+689705]
	(No symbol) [0x00007FF61044C048]
	(No symbol) [0x00007FF610448044]
	(No symbol) [0x00007FF6104481C9]
	(No symbol) [0x00007FF6104388C4]
	BaseThreadInitThunk [0x00007FFF93D8257D+29]
	RtlUserThreadStart [0x00007FFF9494AA58+40]
"><![CDATA[Traceback (most recent call last):
  File "c:\Users\luist\repos\Automatizaciones-SILOHUB-\Home.py", line 38, in test_inicio_tenant
    delete_campaign.click()
  File "C:\Users\luist\AppData\Roaming\Python\Python310\site-packages\selenium\webdriver\remote\webelement.py", line 94, in click
    self._execute(Command.CLICK_ELEMENT)
  File "C:\Users\luist\AppData\Roaming\Python\Python310\site-packages\selenium\webdriver\remote\webelement.py", line 395, in _execute
    return self._parent.execute(command, params)
  File "C:\Users\luist\AppData\Roaming\Python\Python310\site-packages\selenium\webdriver\remote\webdriver.py", line 348, in execute
    self.error_handler.check_response(response)
  File "C:\Users\luist\AppData\Roaming\Python\Python310\site-packages\selenium\webdriver\remote\errorhandler.py", line 229, in check_response
    raise exception_class(message, screen, stacktrace)
selenium.common.exceptions.ElementClickInterceptedException: Message: element click intercepted: Element <i _ngcontent-xmb-c180="" class="ri-close-line t-gray-300 f-size-14 tag-close-icon"></i> is not clickable at point (1306, 110). Other element would receive the click: <div _ngcontent-xmb-c183="" class="choices__list choices__list--multiple row tags-container">...</div>
  (Session info: chrome=120.0.6099.201)
Stacktrace:
	GetHandleVerifier [0x00007FF610822142+3514994]
	(No symbol) [0x00007FF610440CE2]
	(No symbol) [0x00007FF6102E76AA]
	(No symbol) [0x00007FF6103388F3]
	(No symbol) [0x00007FF6103368ED]
	(No symbol) [0x00007FF6103340EC]
	(No symbol) [0x00007FF610332EA5]
	(No symbol) [0x00007FF610326A0F]
	(No symbol) [0x00007FF610355FEA]
	(No symbol) [0x00007FF6103263B6]
	(No symbol) [0x00007FF610356490]
	(No symbol) [0x00007FF6103728F6]
	(No symbol) [0x00007FF610355D93]
	(No symbol) [0x00007FF610324BDC]
	(No symbol) [0x00007FF610325C64]
	GetHandleVerifier [0x00007FF61084E16B+3695259]
	GetHandleVerifier [0x00007FF6108A6737+4057191]
	GetHandleVerifier [0x00007FF61089E4E3+4023827]
	GetHandleVerifier [0x00007FF6105704F9+689705]
	(No symbol) [0x00007FF61044C048]
	(No symbol) [0x00007FF610448044]
	(No symbol) [0x00007FF6104481C9]
	(No symbol) [0x00007FF6104388C4]
	BaseThreadInitThunk [0x00007FFF93D8257D+29]
	RtlUserThreadStart [0x00007FFF9494AA58+40]

]]></error>
	</testcase>
</testsuite>
