<?xml version="1.0" encoding="UTF-8"?>
<testsuite name="HomeTenant-20240115133445" tests="1" file=".py" time="90.763" timestamp="2024-01-15T13:36:16" failures="0" errors="1" skipped="0">
	<testcase classname="HomeTenant" name="test_start_tenant" time="90.763" timestamp="2024-01-15T13:36:16" file="Home.py" line="23">
		<error type="InvalidArgumentException" message="Message: invalid argument: 'value' must be a string
  (Session info: chrome=120.0.6099.217)
Stacktrace:
	GetHandleVerifier [0x00007FF7A4DF2142+3514994]
	(No symbol) [0x00007FF7A4A10CE2]
	(No symbol) [0x00007FF7A48B76AA]
	(No symbol) [0x00007FF7A4900EF5]
	(No symbol) [0x00007FF7A490197C]
	(No symbol) [0x00007FF7A4944EE7]
	(No symbol) [0x00007FF7A492602F]
	(No symbol) [0x00007FF7A49428F6]
	(No symbol) [0x00007FF7A4925D93]
	(No symbol) [0x00007FF7A48F4BDC]
	(No symbol) [0x00007FF7A48F5C64]
	GetHandleVerifier [0x00007FF7A4E1E16B+3695259]
	GetHandleVerifier [0x00007FF7A4E76737+4057191]
	GetHandleVerifier [0x00007FF7A4E6E4E3+4023827]
	GetHandleVerifier [0x00007FF7A4B404F9+689705]
	(No symbol) [0x00007FF7A4A1C048]
	(No symbol) [0x00007FF7A4A18044]
	(No symbol) [0x00007FF7A4A181C9]
	(No symbol) [0x00007FF7A4A088C4]
	BaseThreadInitThunk [0x00007FFC1CD9257D+29]
	RtlUserThreadStart [0x00007FFC1ED6AA58+40]
"><![CDATA[Traceback (most recent call last):
  File "c:\Users\luist\repos\Automatizaciones-SILOHUB-\Home.py", line 164, in test_start_tenant
    validate_character_numeric_element(self.driver, element10  )
  File "c:\Users\luist\repos\Automatizaciones-SILOHUB-\Elements.py", line 192, in validate_character_numeric_element
    elemento = driver.find_element(By.XPATH, xpath)
  File "C:\Users\luist\AppData\Roaming\Python\Python310\site-packages\selenium\webdriver\remote\webdriver.py", line 742, in find_element
    return self.execute(Command.FIND_ELEMENT, {"using": by, "value": value})["value"]
  File "C:\Users\luist\AppData\Roaming\Python\Python310\site-packages\selenium\webdriver\remote\webdriver.py", line 348, in execute
    self.error_handler.check_response(response)
  File "C:\Users\luist\AppData\Roaming\Python\Python310\site-packages\selenium\webdriver\remote\errorhandler.py", line 229, in check_response
    raise exception_class(message, screen, stacktrace)
selenium.common.exceptions.InvalidArgumentException: Message: invalid argument: 'value' must be a string
  (Session info: chrome=120.0.6099.217)
Stacktrace:
	GetHandleVerifier [0x00007FF7A4DF2142+3514994]
	(No symbol) [0x00007FF7A4A10CE2]
	(No symbol) [0x00007FF7A48B76AA]
	(No symbol) [0x00007FF7A4900EF5]
	(No symbol) [0x00007FF7A490197C]
	(No symbol) [0x00007FF7A4944EE7]
	(No symbol) [0x00007FF7A492602F]
	(No symbol) [0x00007FF7A49428F6]
	(No symbol) [0x00007FF7A4925D93]
	(No symbol) [0x00007FF7A48F4BDC]
	(No symbol) [0x00007FF7A48F5C64]
	GetHandleVerifier [0x00007FF7A4E1E16B+3695259]
	GetHandleVerifier [0x00007FF7A4E76737+4057191]
	GetHandleVerifier [0x00007FF7A4E6E4E3+4023827]
	GetHandleVerifier [0x00007FF7A4B404F9+689705]
	(No symbol) [0x00007FF7A4A1C048]
	(No symbol) [0x00007FF7A4A18044]
	(No symbol) [0x00007FF7A4A181C9]
	(No symbol) [0x00007FF7A4A088C4]
	BaseThreadInitThunk [0x00007FFC1CD9257D+29]
	RtlUserThreadStart [0x00007FFC1ED6AA58+40]

]]></error>
		<system-out><![CDATA[¡Botón encontrado y clickeado con éxito!
¡Botón encontrado y clickeado con éxito!
¡Botón encontrado y clickeado con éxito!
¡Botón encontrado y clickeado con éxito!
El texto encontrado es  Buen día JUAN DEMO!
Tiempo de espera agotado. La solapa no está presente o no es clickeable.
Tiempo de espera agotado. La solapa no está presente o no es clickeable.
El valor es un carácter numérico. Valor: 00,00
El texto no fue encontrado Vencido a hoy
El texto no fue encontrado usd
El valor es un carácter numérico. Valor: 00,00
El texto no fue encontrado A Vencer
El texto no fue encontrado ars
El valor es un carácter numérico. Valor: 00,00
El texto no fue encontrado A Vencer
El texto no fue encontrado usd
El valor es un carácter numérico. Valor: 00,00
El texto encontrado es  Resumen de Mis Negocios de Granos
La imagen es visible para el usuario. URL: https://pwa-portal-staging.silohub.ag/assets/images/grains/soja.svg
La imagen es visible para el usuario. URL: https://pwa-portal-staging.silohub.ag/assets/images/grains/maiz.svg
La imagen es visible para el usuario. URL: https://pwa-portal-staging.silohub.ag/assets/images/grains/trigo.svg
El valor es un carácter numérico. Valor: 5.850,53 Tn
El valor es un carácter numérico. Valor: 21.664,86 Tn
El valor es un carácter numérico. Valor: 20,00 Tn
El valor es un carácter numérico. Valor: 4.002,89 Tn
]]></system-out>
	</testcase>
</testsuite>
