<?xml version="1.0" encoding="UTF-8"?>
<testsuite name="HomeTenant-20240514121025" tests="1" file=".py" time="104.023" timestamp="2024-05-14T12:12:09" failures="0" errors="0" skipped="0">
	<testcase classname="HomeTenant" name="test_start_tenant" time="104.023" timestamp="2024-05-14T12:12:09" file="Home.py" line="18">
		<system-out><![CDATA[Tiempo de espera agotado. el texto por selector no estÃ¡ presente.
]]></system-out>
	</testcase>
</testsuite>
