<?xml version="1.0" encoding="UTF-8"?>
<testsuite name="HomeTenant-20240514120212" tests="1" file=".py" time="97.059" timestamp="2024-05-14T12:03:50" failures="0" errors="0" skipped="0">
	<testcase classname="HomeTenant" name="test_start_tenant" time="97.059" timestamp="2024-05-14T12:03:50" file="Home.py" line="18">
		<system-out><![CDATA[Tiempo de espera agotado. El texto con XPath '//p[contains(text(), "Buen día JUAN DEMO!")]' no está presente.
]]></system-out>
	</testcase>
</testsuite>
