<?xml version="1.0" encoding="UTF-8"?>
<testsuite name="HomeTenant-20240508181257" tests="1" file=".py" time="146.345" timestamp="2024-05-08T18:15:24" failures="0" errors="1" skipped="0">
	<testcase classname="HomeTenant" name="test_start_tenant" time="146.345" timestamp="2024-05-08T18:15:24" file="Home.py" line="19">
		<error type="AttributeError" message="'NoneType' object has no attribute 'get_attribute'"><![CDATA[Traceback (most recent call last):
  File "c:\Users\luist\repos\Automatizaciones-SILOHUB-\Home.py", line 117, in test_start_tenant
    validate_image_css_selector(self.driver, image_1, image_1_expected)
  File "c:\Users\luist\repos\Automatizaciones-SILOHUB-\Elements.py", line 1093, in validate_image_css_selector
    url_imagen_obtenida = imagen.get_attribute('src')
AttributeError: 'NoneType' object has no attribute 'get_attribute'
]]></error>
		<system-out><![CDATA[El texto encontrado es  Buen día JUAN DEMO!
El texto encontrado es  VENCIDO A HOY
El texto encontrado es  ARS
El valor es un carácter numérico. Valor: 1.642.624.183,60
El texto encontrado es  VENCIDO A HOY
El texto encontrado es  USD
El valor es un carácter numérico. Valor: 1.773.820,48
El texto encontrado es  A VENCER
El texto encontrado es  ARS
El valor es un carácter numérico. Valor: 00,00
El texto encontrado es  A VENCER
El texto encontrado es  USD
El valor es un carácter numérico. Valor: 1.717.610,16
El texto encontrado es  Resumen de Mis Negocios de Granos
]]></system-out>
	</testcase>
</testsuite>
