<?xml version="1.0" encoding="UTF-8"?>
<testsuite name="HomeTenant-20240116091045" tests="1" file=".py" time="63.023" timestamp="2024-01-16T09:11:48" failures="0" errors="0" skipped="0">
	<testcase classname="HomeTenant" name="test_start_tenant" time="63.023" timestamp="2024-01-16T09:11:48" file="Home.py" line="18">
		<system-out><![CDATA[¡Botón encontrado y clickeado con éxito!
¡Botón encontrado y clickeado con éxito!
¡Botón encontrado y clickeado con éxito!
¡Botón encontrado y clickeado con éxito!
El texto encontrado es  Buen día JUAN DEMO!
El texto encontrado es  VENCIDO A HOY
El texto encontrado es  ARS
El valor es un carácter numérico. Valor: 963.459.619,81
El texto encontrado es  VENCIDO A HOY
El texto encontrado es  USD
El valor es un carácter numérico. Valor: 343.997,75
El texto encontrado es  A VENCER
El texto encontrado es  ARS
El valor es un carácter numérico. Valor: 679.879.861,34
El texto encontrado es  A VENCER
El texto encontrado es  USD
El valor es un carácter numérico. Valor: 3.154.422,21
El texto encontrado es  Resumen de Mis Negocios de Granos
La imagen es visible para el usuario. URL: https://pwa-portal-staging.silohub.ag/assets/images/grains/soja.svg
La imagen es visible para el usuario. URL: https://pwa-portal-staging.silohub.ag/assets/images/grains/maiz.svg
La imagen es visible para el usuario. URL: https://pwa-portal-staging.silohub.ag/assets/images/grains/trigo.svg
El valor es un carácter numérico. Valor: 0 Tn
El valor es un carácter numérico. Valor: 2,50 Tn
El valor es un carácter numérico. Valor: 0 Tn
El valor es un carácter numérico. Valor: 0 Tn
El valor es un carácter numérico. Valor: 0 Tn
El texto encontrado es  Entregas y Ventas Recientes
La imagen es visible para el usuario. URL: https://pwa-portal-staging.silohub.ag/assets/images/grains/trigo.svg
El valor es un carácter numérico. Valor: 0010010109864292
El valor es un carácter numérico. Valor: 31,58
El texto encontrado es  Ventas Recientes
La imagen es visible para el usuario. URL: https://pwa-portal-staging.silohub.ag/assets/images/grains/soja.svg
El valor es un carácter numérico. Valor: 0,10
El valor es un carácter numérico. Valor: 10.038,00
]]></system-out>
	</testcase>
</testsuite>
