<?xml version="1.0" encoding="UTF-8"?>
<testsuite name="Conf_ventas_test_tenant-20231101161033" tests="1" file=".py" time="51.971" timestamp="2023-11-01T16:11:25" failures="0" errors="0" skipped="0">
	<testcase classname="Conf_ventas_test_tenant" name="test_conf_venta" time="51.971" timestamp="2023-11-01T16:11:25" file="Conf_ventas.py" line="20">
		<system-out><![CDATA[El titulo  fue validado correctamente CONTRATOS
La validación falló. no se visualiza ninguna opción cargada en el campo tipo de confirmación.
La opción ingresada en el campo especie fue  Soja.
La opción ingresada en el campo cosecha fue   22/23 .
La opción ingresada en el campo moneda fue   ARS .
La opción ingresada en el campo pizarra fue Rosario.
La opción ingresada en el campo código estándar fue  General  .
No se pudo generar la confirmación de venta El Código de Cosecha no existe.
]]></system-out>
		<system-err><![CDATA[c:\Users\luist\repos\Automatizaciones-SILOHUB-\Conf_ventas.py:12: DeprecationWarning: executable_path has been deprecated, please pass in a Service object
  self.driver = webdriver.Chrome(
c:\Users\luist\repos\Automatizaciones-SILOHUB-\Conf_ventas.py:22: DeprecationWarning: find_element_by_* commands are deprecated. Please use find_element() instead
  username = driver.find_element_by_id("email")
c:\Users\luist\repos\Automatizaciones-SILOHUB-\Conf_ventas.py:27: DeprecationWarning: find_element_by_* commands are deprecated. Please use find_element() instead
  passwordUser = driver.find_element_by_id("password")
c:\Users\luist\repos\Automatizaciones-SILOHUB-\Conf_ventas.py:32: DeprecationWarning: find_element_by_xpath is deprecated. Please use find_element(by=By.XPATH, value=xpath) instead
  insertButton = driver.find_element_by_xpath(
c:\Users\luist\repos\Automatizaciones-SILOHUB-\Conf_ventas.py:38: DeprecationWarning: find_element_by_xpath is deprecated. Please use find_element(by=By.XPATH, value=xpath) instead
  select_tenant = driver.find_element_by_xpath(
c:\Users\luist\repos\Automatizaciones-SILOHUB-\Conf_ventas.py:43: DeprecationWarning: find_element_by_xpath is deprecated. Please use find_element(by=By.XPATH, value=xpath) instead
  select_Granos = driver.find_element_by_xpath(
c:\Users\luist\repos\Automatizaciones-SILOHUB-\Conf_ventas.py:49: DeprecationWarning: find_element_by_xpath is deprecated. Please use find_element(by=By.XPATH, value=xpath) instead
  select_conf_ventas = driver.find_element_by_xpath(
c:\Users\luist\repos\Automatizaciones-SILOHUB-\Conf_ventas.py:58: DeprecationWarning: find_element_by_xpath is deprecated. Please use find_element(by=By.XPATH, value=xpath) instead
  elemento = driver.find_element_by_xpath(f"//*[contains(text(), '{texto_deseado}')]")
c:\Users\luist\repos\Automatizaciones-SILOHUB-\Conf_ventas.py:94: DeprecationWarning: find_element_by_xpath is deprecated. Please use find_element(by=By.XPATH, value=xpath) instead
  elemento_texto_1 = driver.find_element_by_xpath(
c:\Users\luist\repos\Automatizaciones-SILOHUB-\Conf_ventas.py:112: DeprecationWarning: find_element_by_xpath is deprecated. Please use find_element(by=By.XPATH, value=xpath) instead
  insert_account = driver.find_element_by_xpath(
c:\Users\luist\repos\Automatizaciones-SILOHUB-\Conf_ventas.py:119: DeprecationWarning: find_element_by_xpath is deprecated. Please use find_element(by=By.XPATH, value=xpath) instead
  select_account = driver.find_element_by_xpath(
c:\Users\luist\repos\Automatizaciones-SILOHUB-\Conf_ventas.py:147: DeprecationWarning: find_element_by_xpath is deprecated. Please use find_element(by=By.XPATH, value=xpath) instead
  elemento_texto_2 = driver.find_element_by_xpath(
c:\Users\luist\repos\Automatizaciones-SILOHUB-\Conf_ventas.py:181: DeprecationWarning: find_element_by_xpath is deprecated. Please use find_element(by=By.XPATH, value=xpath) instead
  elemento_texto_3 = driver.find_element_by_xpath(
c:\Users\luist\repos\Automatizaciones-SILOHUB-\Conf_ventas.py:195: DeprecationWarning: find_element_by_xpath is deprecated. Please use find_element(by=By.XPATH, value=xpath) instead
  insert_amount = driver.find_element_by_xpath(
c:\Users\luist\repos\Automatizaciones-SILOHUB-\Conf_ventas.py:224: DeprecationWarning: find_element_by_xpath is deprecated. Please use find_element(by=By.XPATH, value=xpath) instead
  elemento_texto_4 = driver.find_element_by_xpath(
c:\Users\luist\repos\Automatizaciones-SILOHUB-\Conf_ventas.py:239: DeprecationWarning: find_element_by_xpath is deprecated. Please use find_element(by=By.XPATH, value=xpath) instead
  insert_price = driver.find_element_by_xpath(
c:\Users\luist\repos\Automatizaciones-SILOHUB-\Conf_ventas.py:268: DeprecationWarning: find_element_by_xpath is deprecated. Please use find_element(by=By.XPATH, value=xpath) instead
  elemento_texto_5 = driver.find_element_by_xpath(
c:\Users\luist\repos\Automatizaciones-SILOHUB-\Conf_ventas.py:323: DeprecationWarning: find_element_by_xpath is deprecated. Please use find_element(by=By.XPATH, value=xpath) instead
  select_date = driver.find_element_by_xpath("/html/body/app-root/app-layout/app-vertical/div/div/div/div/app-sale-confirmation-main/div/div[1]/app-contract-form/div[1]/form/div/div[1]/div/div[8]/div[2]/app-date-picker/div/input[2]")
c:\Users\luist\repos\Automatizaciones-SILOHUB-\Conf_ventas.py:326: DeprecationWarning: find_element_by_xpath is deprecated. Please use find_element(by=By.XPATH, value=xpath) instead
  select_arrow = driver.find_element_by_xpath("/html/body/div[1]/div[1]/span[2]")
c:\Users\luist\repos\Automatizaciones-SILOHUB-\Conf_ventas.py:329: DeprecationWarning: find_element_by_xpath is deprecated. Please use find_element(by=By.XPATH, value=xpath) instead
  insert_date = driver.find_element_by_xpath("/html/body/div[1]/div[2]/div/div[2]/div/span[32]")
c:\Users\luist\repos\Automatizaciones-SILOHUB-\Conf_ventas.py:357: DeprecationWarning: find_element_by_xpath is deprecated. Please use find_element(by=By.XPATH, value=xpath) instead
  elemento_texto_7 = driver.find_element_by_xpath(
c:\Users\luist\repos\Automatizaciones-SILOHUB-\Conf_ventas.py:372: DeprecationWarning: find_element_by_xpath is deprecated. Please use find_element(by=By.XPATH, value=xpath) instead
  select_date = driver.find_element_by_xpath(
c:\Users\luist\repos\Automatizaciones-SILOHUB-\Conf_ventas.py:378: DeprecationWarning: find_element_by_xpath is deprecated. Please use find_element(by=By.XPATH, value=xpath) instead
  select_arrow2 = driver.find_element_by_xpath("/html/body/div[4]/div[1]/span[2]")
c:\Users\luist\repos\Automatizaciones-SILOHUB-\Conf_ventas.py:381: DeprecationWarning: find_element_by_xpath is deprecated. Please use find_element(by=By.XPATH, value=xpath) instead
  select_calendar = driver.find_element_by_xpath(
c:\Users\luist\repos\Automatizaciones-SILOHUB-\Conf_ventas.py:387: DeprecationWarning: find_element_by_xpath is deprecated. Please use find_element(by=By.XPATH, value=xpath) instead
  select_calendar = driver.find_element_by_xpath(
c:\Users\luist\repos\Automatizaciones-SILOHUB-\Conf_ventas.py:502: DeprecationWarning: find_element_by_xpath is deprecated. Please use find_element(by=By.XPATH, value=xpath) instead
  select_button_continue = driver.find_element_by_xpath(
c:\Users\luist\repos\Automatizaciones-SILOHUB-\Conf_ventas.py:507: DeprecationWarning: find_element_by_xpath is deprecated. Please use find_element(by=By.XPATH, value=xpath) instead
  select_button_confirmar = driver.find_element_by_xpath(
c:\Users\luist\repos\Automatizaciones-SILOHUB-\Conf_ventas.py:515: DeprecationWarning: find_element_by_xpath is deprecated. Please use find_element(by=By.XPATH, value=xpath) instead
  elemento_texto_11 = driver.find_element_by_xpath("/html/body/div[5]/div/h2")
c:\Users\luist\repos\Automatizaciones-SILOHUB-\Conf_ventas.py:526: DeprecationWarning: find_element_by_xpath is deprecated. Please use find_element(by=By.XPATH, value=xpath) instead
  select_finish = driver.find_element_by_xpath(
]]></system-err>
	</testcase>
</testsuite>
