<?xml version="1.0" encoding="UTF-8"?>
<testsuite name="granos_contratos-20240122094403" tests="1" file=".py" time="89.830" timestamp="2024-01-22T09:45:33" failures="0" errors="1" skipped="0">
	<testcase classname="granos_contratos" name="test_granos_contratos" time="89.830" timestamp="2024-01-22T09:45:33" file="GranosContratos.py" line="22">
		<error type="ElementClickInterceptedException" message="Message: element click intercepted: Element &lt;span class=&quot;ng-arrow-wrapper&quot;&gt;...&lt;/span&gt; is not clickable at point (859, 68). Other element would receive the click: &lt;div _ngcontent-sew-c132=&quot;&quot; class=&quot;navbar-header&quot;&gt;...&lt;/div&gt;
  (Session info: chrome=120.0.6099.225)
Stacktrace:
	GetHandleVerifier [0x00007FF7E00E2142+3514994]
	(No symbol) [0x00007FF7DFD00CE2]
	(No symbol) [0x00007FF7DFBA76AA]
	(No symbol) [0x00007FF7DFBF88F3]
	(No symbol) [0x00007FF7DFBF68ED]
	(No symbol) [0x00007FF7DFBF40EC]
	(No symbol) [0x00007FF7DFBF2EA5]
	(No symbol) [0x00007FF7DFBE6A0F]
	(No symbol) [0x00007FF7DFC15FEA]
	(No symbol) [0x00007FF7DFBE63B6]
	(No symbol) [0x00007FF7DFC16490]
	(No symbol) [0x00007FF7DFC328F6]
	(No symbol) [0x00007FF7DFC15D93]
	(No symbol) [0x00007FF7DFBE4BDC]
	(No symbol) [0x00007FF7DFBE5C64]
	GetHandleVerifier [0x00007FF7E010E16B+3695259]
	GetHandleVerifier [0x00007FF7E0166737+4057191]
	GetHandleVerifier [0x00007FF7E015E4E3+4023827]
	GetHandleVerifier [0x00007FF7DFE304F9+689705]
	(No symbol) [0x00007FF7DFD0C048]
	(No symbol) [0x00007FF7DFD08044]
	(No symbol) [0x00007FF7DFD081C9]
	(No symbol) [0x00007FF7DFCF88C4]
	BaseThreadInitThunk [0x00007FF97E2F257D+29]
	RtlUserThreadStart [0x00007FF97F46AA58+40]
"><![CDATA[Traceback (most recent call last):
  File "c:\Users\luist\repos\Automatizaciones-SILOHUB-\GranosContratos.py", line 223, in test_granos_contratos
    displace_element(self.driver, button_dopdown6)
  File "c:\Users\luist\repos\Automatizaciones-SILOHUB-\Elements.py", line 223, in displace_element
    search_input_element.click()
  File "C:\Users\luist\AppData\Roaming\Python\Python310\site-packages\selenium\webdriver\remote\webelement.py", line 94, in click
    self._execute(Command.CLICK_ELEMENT)
  File "C:\Users\luist\AppData\Roaming\Python\Python310\site-packages\selenium\webdriver\remote\webelement.py", line 395, in _execute
    return self._parent.execute(command, params)
  File "C:\Users\luist\AppData\Roaming\Python\Python310\site-packages\selenium\webdriver\remote\webdriver.py", line 348, in execute
    self.error_handler.check_response(response)
  File "C:\Users\luist\AppData\Roaming\Python\Python310\site-packages\selenium\webdriver\remote\errorhandler.py", line 229, in check_response
    raise exception_class(message, screen, stacktrace)
selenium.common.exceptions.ElementClickInterceptedException: Message: element click intercepted: Element <span class="ng-arrow-wrapper">...</span> is not clickable at point (859, 68). Other element would receive the click: <div _ngcontent-sew-c132="" class="navbar-header">...</div>
  (Session info: chrome=120.0.6099.225)
Stacktrace:
	GetHandleVerifier [0x00007FF7E00E2142+3514994]
	(No symbol) [0x00007FF7DFD00CE2]
	(No symbol) [0x00007FF7DFBA76AA]
	(No symbol) [0x00007FF7DFBF88F3]
	(No symbol) [0x00007FF7DFBF68ED]
	(No symbol) [0x00007FF7DFBF40EC]
	(No symbol) [0x00007FF7DFBF2EA5]
	(No symbol) [0x00007FF7DFBE6A0F]
	(No symbol) [0x00007FF7DFC15FEA]
	(No symbol) [0x00007FF7DFBE63B6]
	(No symbol) [0x00007FF7DFC16490]
	(No symbol) [0x00007FF7DFC328F6]
	(No symbol) [0x00007FF7DFC15D93]
	(No symbol) [0x00007FF7DFBE4BDC]
	(No symbol) [0x00007FF7DFBE5C64]
	GetHandleVerifier [0x00007FF7E010E16B+3695259]
	GetHandleVerifier [0x00007FF7E0166737+4057191]
	GetHandleVerifier [0x00007FF7E015E4E3+4023827]
	GetHandleVerifier [0x00007FF7DFE304F9+689705]
	(No symbol) [0x00007FF7DFD0C048]
	(No symbol) [0x00007FF7DFD08044]
	(No symbol) [0x00007FF7DFD081C9]
	(No symbol) [0x00007FF7DFCF88C4]
	BaseThreadInitThunk [0x00007FF97E2F257D+29]
	RtlUserThreadStart [0x00007FF97F46AA58+40]

]]></error>
		<system-out><![CDATA[¡Elemento encontrado y clickeado con éxito!
¡Elemento encontrado y clickeado con éxito!
El texto encontrado es  CONTRATOS
¡Valor 'Confirmación De Venta' ingresado y opción seleccionada con éxito!
El texto encontrado es  (VT) Confirmación De Venta
Número de cuenta '1023' ingresado y opción seleccionada con éxito!
¡Valor 'Soja' ingresado y opción seleccionada con éxito!
El texto encontrado es  Soja
¡Valor '22/23' ingresado y opción seleccionada con éxito!
El texto encontrado es  22/23
¡Input encontrado y enviado con éxito!
¡Valor 'ARS' ingresado y opción seleccionada con éxito!
El texto encontrado es  ARS
¡Input encontrado y enviado con éxito!
¡Valor 'Rosario' ingresado y opción seleccionada con éxito!
El texto encontrado es  Rosario
Tiempo de espera agotado. El elemento no está presente o no es clickeable.
Tiempo de espera agotado. El elemento no está presente o no es clickeable.
Tiempo de espera agotado. El elemento no está presente o no es clickeable.
¡Valor 'General' ingresado y opción seleccionada con éxito!
El texto encontrado es  General
¡Elemento encontrado y clickeado con éxito!
¡Elemento encontrado y clickeado 1 veces con éxito!
¡Elemento encontrado y clickeado con éxito!
¡Elemento encontrado y clickeado con éxito!
¡Elemento encontrado y clickeado 1 veces con éxito!
¡Elemento encontrado y clickeado con éxito!
¡Elemento encontrado y clickeado con éxito!
]]></system-out>
	</testcase>
</testsuite>
