<?xml version="1.0" encoding="UTF-8"?>
<testsuite name="granos_contratos-20240423175527" tests="1" file=".py" time="108.965" timestamp="2024-04-23T17:57:16" failures="0" errors="0" skipped="0">
	<testcase classname="granos_contratos" name="test_granos_contratos" time="108.965" timestamp="2024-04-23T17:57:16" file="GranosContratos.py" line="23">
		<system-out><![CDATA[El texto encontrado es  CONTRATOS
¡Cuenta encontrada y seleccionada 1023  con éxito!
¡Input encontrado y enviado con éxito!
¡Input encontrado y enviado con éxito!
¡Elemento encontrado y clickeado 1 veces con éxito!
¡Elemento encontrado y clickeado 6 veces con éxito!
¡Elemento encontrado y clickeado 6 veces con éxito!
¡Elemento encontrado y clickeado 6 veces con éxito!
Tiempo de espera agotado. El texto por xpaht no está presente.
]]></system-out>
	</testcase>
</testsuite>
