<?xml version="1.0" encoding="UTF-8"?>
<testsuite name="Conf_ventas_test_tenant-20231115173348" tests="1" file=".py" time="67.627" timestamp="2023-11-15T17:34:56" failures="0" errors="1" skipped="0">
	<testcase classname="Conf_ventas_test_tenant" name="test_conf_venta" time="67.627" timestamp="2023-11-15T17:34:56" file="Conf_ventas.py" line="20">
		<error type="NoSuchElementException" message="Message: no such element: Unable to locate element: {&quot;method&quot;:&quot;xpath&quot;,&quot;selector&quot;:&quot;/html/body/app-root/app-layout/app-vertical/div/div/div/div/app-sale-confirmation-main/div/div[1]/app-contract-form/div[1]/form/div/div[1]/div/div[8]/div[2]/app-date-picker/div/input[2]&quot;}
  (Session info: chrome=119.0.6045.124)
Stacktrace:
	GetHandleVerifier [0x00007FF6732982B2+55298]
	(No symbol) [0x00007FF673205E02]
	(No symbol) [0x00007FF6730C05AB]
	(No symbol) [0x00007FF67310175C]
	(No symbol) [0x00007FF6731018DC]
	(No symbol) [0x00007FF67313CBC7]
	(No symbol) [0x00007FF6731220EF]
	(No symbol) [0x00007FF67313AAA4]
	(No symbol) [0x00007FF673121E83]
	(No symbol) [0x00007FF6730F670A]
	(No symbol) [0x00007FF6730F7964]
	GetHandleVerifier [0x00007FF673610AAB+3694587]
	GetHandleVerifier [0x00007FF67366728E+4048862]
	GetHandleVerifier [0x00007FF67365F173+4015811]
	GetHandleVerifier [0x00007FF6733347D6+695590]
	(No symbol) [0x00007FF673210CE8]
	(No symbol) [0x00007FF67320CF34]
	(No symbol) [0x00007FF67320D062]
	(No symbol) [0x00007FF6731FD3A3]
	BaseThreadInitThunk [0x00007FFA3185257D+29]
	RtlUserThreadStart [0x00007FFA32C2AA78+40]
"><![CDATA[Traceback (most recent call last):
  File "c:\Users\luist\repos\Automatizaciones-SILOHUB-\Conf_ventas.py", line 323, in test_conf_venta
    select_date = driver.find_element_by_xpath("/html/body/app-root/app-layout/app-vertical/div/div/div/div/app-sale-confirmation-main/div/div[1]/app-contract-form/div[1]/form/div/div[1]/div/div[8]/div[2]/app-date-picker/div/input[2]")
  File "C:\Users\luist\AppData\Roaming\Python\Python310\site-packages\selenium\webdriver\remote\webdriver.py", line 526, in find_element_by_xpath
    return self.find_element(by=By.XPATH, value=xpath)
  File "C:\Users\luist\AppData\Roaming\Python\Python310\site-packages\selenium\webdriver\remote\webdriver.py", line 1251, in find_element
    return self.execute(Command.FIND_ELEMENT, {
  File "C:\Users\luist\AppData\Roaming\Python\Python310\site-packages\selenium\webdriver\remote\webdriver.py", line 430, in execute
    self.error_handler.check_response(response)
  File "C:\Users\luist\AppData\Roaming\Python\Python310\site-packages\selenium\webdriver\remote\errorhandler.py", line 247, in check_response
    raise exception_class(message, screen, stacktrace)
selenium.common.exceptions.NoSuchElementException: Message: no such element: Unable to locate element: {"method":"xpath","selector":"/html/body/app-root/app-layout/app-vertical/div/div/div/div/app-sale-confirmation-main/div/div[1]/app-contract-form/div[1]/form/div/div[1]/div/div[8]/div[2]/app-date-picker/div/input[2]"}
  (Session info: chrome=119.0.6045.124)
Stacktrace:
	GetHandleVerifier [0x00007FF6732982B2+55298]
	(No symbol) [0x00007FF673205E02]
	(No symbol) [0x00007FF6730C05AB]
	(No symbol) [0x00007FF67310175C]
	(No symbol) [0x00007FF6731018DC]
	(No symbol) [0x00007FF67313CBC7]
	(No symbol) [0x00007FF6731220EF]
	(No symbol) [0x00007FF67313AAA4]
	(No symbol) [0x00007FF673121E83]
	(No symbol) [0x00007FF6730F670A]
	(No symbol) [0x00007FF6730F7964]
	GetHandleVerifier [0x00007FF673610AAB+3694587]
	GetHandleVerifier [0x00007FF67366728E+4048862]
	GetHandleVerifier [0x00007FF67365F173+4015811]
	GetHandleVerifier [0x00007FF6733347D6+695590]
	(No symbol) [0x00007FF673210CE8]
	(No symbol) [0x00007FF67320CF34]
	(No symbol) [0x00007FF67320D062]
	(No symbol) [0x00007FF6731FD3A3]
	BaseThreadInitThunk [0x00007FFA3185257D+29]
	RtlUserThreadStart [0x00007FFA32C2AA78+40]

]]></error>
		<system-out><![CDATA[El titulo  fue validado correctamente CONTRATOS
La validación falló. no se visualiza ninguna opción cargada en el campo tipo de confirmación.
La opción ingresada en el campo especie fue  Soja.
La opción ingresada en el campo cosecha fue   22/23 .
La opción ingresada en el campo moneda fue   ARS .
La opción ingresada en el campo pizarra fue Rosario.
]]></system-out>
		<system-err><![CDATA[c:\Users\luist\repos\Automatizaciones-SILOHUB-\Conf_ventas.py:12: DeprecationWarning: executable_path has been deprecated, please pass in a Service object
  self.driver = webdriver.Chrome(
c:\Users\luist\repos\Automatizaciones-SILOHUB-\Conf_ventas.py:22: DeprecationWarning: find_element_by_* commands are deprecated. Please use find_element() instead
  username = driver.find_element_by_id("email")
c:\Users\luist\repos\Automatizaciones-SILOHUB-\Conf_ventas.py:27: DeprecationWarning: find_element_by_* commands are deprecated. Please use find_element() instead
  passwordUser = driver.find_element_by_id("password")
c:\Users\luist\repos\Automatizaciones-SILOHUB-\Conf_ventas.py:32: DeprecationWarning: find_element_by_xpath is deprecated. Please use find_element(by=By.XPATH, value=xpath) instead
  insertButton = driver.find_element_by_xpath(
c:\Users\luist\repos\Automatizaciones-SILOHUB-\Conf_ventas.py:38: DeprecationWarning: find_element_by_xpath is deprecated. Please use find_element(by=By.XPATH, value=xpath) instead
  select_tenant = driver.find_element_by_xpath(
c:\Users\luist\repos\Automatizaciones-SILOHUB-\Conf_ventas.py:43: DeprecationWarning: find_element_by_xpath is deprecated. Please use find_element(by=By.XPATH, value=xpath) instead
  select_Granos = driver.find_element_by_xpath(
c:\Users\luist\repos\Automatizaciones-SILOHUB-\Conf_ventas.py:49: DeprecationWarning: find_element_by_xpath is deprecated. Please use find_element(by=By.XPATH, value=xpath) instead
  select_conf_ventas = driver.find_element_by_xpath(
c:\Users\luist\repos\Automatizaciones-SILOHUB-\Conf_ventas.py:58: DeprecationWarning: find_element_by_xpath is deprecated. Please use find_element(by=By.XPATH, value=xpath) instead
  elemento = driver.find_element_by_xpath(f"//*[contains(text(), '{texto_deseado}')]")
c:\Users\luist\repos\Automatizaciones-SILOHUB-\Conf_ventas.py:94: DeprecationWarning: find_element_by_xpath is deprecated. Please use find_element(by=By.XPATH, value=xpath) instead
  elemento_texto_1 = driver.find_element_by_xpath(
c:\Users\luist\repos\Automatizaciones-SILOHUB-\Conf_ventas.py:112: DeprecationWarning: find_element_by_xpath is deprecated. Please use find_element(by=By.XPATH, value=xpath) instead
  insert_account = driver.find_element_by_xpath(
c:\Users\luist\repos\Automatizaciones-SILOHUB-\Conf_ventas.py:119: DeprecationWarning: find_element_by_xpath is deprecated. Please use find_element(by=By.XPATH, value=xpath) instead
  select_account = driver.find_element_by_xpath(
c:\Users\luist\repos\Automatizaciones-SILOHUB-\Conf_ventas.py:147: DeprecationWarning: find_element_by_xpath is deprecated. Please use find_element(by=By.XPATH, value=xpath) instead
  elemento_texto_2 = driver.find_element_by_xpath(
c:\Users\luist\repos\Automatizaciones-SILOHUB-\Conf_ventas.py:181: DeprecationWarning: find_element_by_xpath is deprecated. Please use find_element(by=By.XPATH, value=xpath) instead
  elemento_texto_3 = driver.find_element_by_xpath(
c:\Users\luist\repos\Automatizaciones-SILOHUB-\Conf_ventas.py:195: DeprecationWarning: find_element_by_xpath is deprecated. Please use find_element(by=By.XPATH, value=xpath) instead
  insert_amount = driver.find_element_by_xpath(
c:\Users\luist\repos\Automatizaciones-SILOHUB-\Conf_ventas.py:224: DeprecationWarning: find_element_by_xpath is deprecated. Please use find_element(by=By.XPATH, value=xpath) instead
  elemento_texto_4 = driver.find_element_by_xpath(
c:\Users\luist\repos\Automatizaciones-SILOHUB-\Conf_ventas.py:239: DeprecationWarning: find_element_by_xpath is deprecated. Please use find_element(by=By.XPATH, value=xpath) instead
  insert_price = driver.find_element_by_xpath(
c:\Users\luist\repos\Automatizaciones-SILOHUB-\Conf_ventas.py:268: DeprecationWarning: find_element_by_xpath is deprecated. Please use find_element(by=By.XPATH, value=xpath) instead
  elemento_texto_5 = driver.find_element_by_xpath(
c:\Users\luist\repos\Automatizaciones-SILOHUB-\Conf_ventas.py:323: DeprecationWarning: find_element_by_xpath is deprecated. Please use find_element(by=By.XPATH, value=xpath) instead
  select_date = driver.find_element_by_xpath("/html/body/app-root/app-layout/app-vertical/div/div/div/div/app-sale-confirmation-main/div/div[1]/app-contract-form/div[1]/form/div/div[1]/div/div[8]/div[2]/app-date-picker/div/input[2]")
]]></system-err>
	</testcase>
</testsuite>
