<?xml version="1.0" encoding="UTF-8"?>
<testsuite name="insumosProductos-20240202164811" tests="1" file=".py" time="59.097" timestamp="2024-02-02T16:49:10" failures="0" errors="0" skipped="0">
	<testcase classname="insumosProductos" name="test_supplies_products" time="59.097" timestamp="2024-02-02T16:49:10" file="insumos_producto.py" line="19">
		<system-out><![CDATA[¡Elemento encontrado y clickeado con éxito!
El texto encontrado es  PRODUCTOS
¡Input encontrado y enviado con éxito!
¡Elemento encontrado y clickeado con éxito!
¡Valor '30 días' ingresado y opción seleccionada con éxito!
¡Elemento encontrado y clickeado con éxito!
¡Elemento encontrado y clickeado con éxito!
¡Elemento encontrado y clickeado con éxito!
¡Elemento encontrado y clickeado con éxito!
¡Elemento encontrado y clickeado con éxito!
El texto encontrado es  Productos Seleccionados
El texto no fue encontrado Herbicida 2-4 DB 96% Rainwon x 20 lts RAINWON AGRO
¡Input encontrado y enviado con éxito!
¡Elemento encontrado y clickeado con éxito!
¡Input encontrado y enviado con éxito!
¡Input encontrado y enviado con éxito!
¡Elemento encontrado y clickeado con éxito!
La opcion fue seleccionada con éxito después de hacer clic en el chevron!
¡Elemento encontrado y clickeado con éxito!
¡Elemento encontrado y clickeado con éxito!
El texto encontrado es  Tu orden fue enviada al sistema
¡Elemento encontrado y clickeado con éxito!
]]></system-out>
	</testcase>
</testsuite>
