<?xml version="1.0" encoding="UTF-8"?>
<testsuite name="cuenta_ctacte_aplicada-20231103113449" tests="1" file=".py" time="82.784" timestamp="2023-11-03T11:36:12" failures="0" errors="0" skipped="0">
	<testcase classname="cuenta_ctacte_aplicada" name="test_cuenta_entregas" time="82.784" timestamp="2023-11-03T11:36:12" file="ctacte_aplicada.py" line="24">
		<system-out><![CDATA[El titulo de la pantalla es:  CUENTA CORRIENTE APLICADA
El total a pagar  es un carácter numérico. -471.589.127,27
El saldo ARS  es un carácter numérico. -33.123.755,71
El saldo USD  es un carácter numérico. 2.296.704,71
El titulo de la pantalla es:  CUENTA CORRIENTE
El numero del  comprobante es un string:  Movimiento NC 1118 00002058
El monto total en el detalle es un string:  - ARS 602.032,51
El tipo de cambio en el detalle es un string:  ARS 208,30
]]></system-out>
		<system-err><![CDATA[c:\Users\luist\repos\Automatizaciones-SILOHUB-\ctacte_aplicada.py:18: DeprecationWarning: executable_path has been deprecated, please pass in a Service object
  self.driver = webdriver.Chrome(executable_path=r"C:\driverchrome\chromedriver-win64\chromedriver.exe")
c:\Users\luist\repos\Automatizaciones-SILOHUB-\ctacte_aplicada.py:26: DeprecationWarning: find_element_by_* commands are deprecated. Please use find_element() instead
  usermane = driver.find_element_by_id("email")
c:\Users\luist\repos\Automatizaciones-SILOHUB-\ctacte_aplicada.py:32: DeprecationWarning: find_element_by_* commands are deprecated. Please use find_element() instead
  passworUser = driver.find_element_by_id("password")
c:\Users\luist\repos\Automatizaciones-SILOHUB-\ctacte_aplicada.py:37: DeprecationWarning: find_element_by_xpath is deprecated. Please use find_element(by=By.XPATH, value=xpath) instead
  insertButton = driver.find_element_by_xpath("/html/body/app-root/app-login-main/div/div[2]/div/app-login-form/div/div/div[1]/div/div[2]/form/div[4]/app-button/button")
c:\Users\luist\repos\Automatizaciones-SILOHUB-\ctacte_aplicada.py:42: DeprecationWarning: find_element_by_xpath is deprecated. Please use find_element(by=By.XPATH, value=xpath) instead
  selectTenant = driver.find_element_by_xpath("/html/body/app-root/app-layout/app-vertical/div/div/div/div/app-home-main/div/div[1]/app-tenant-main/app-tenant[8]/div/div/img")
c:\Users\luist\repos\Automatizaciones-SILOHUB-\ctacte_aplicada.py:58: DeprecationWarning: find_element_by_xpath is deprecated. Please use find_element(by=By.XPATH, value=xpath) instead
  select_menu_contrat = driver.find_element_by_xpath(
c:\Users\luist\repos\Automatizaciones-SILOHUB-\ctacte_aplicada.py:65: DeprecationWarning: find_element_by_xpath is deprecated. Please use find_element(by=By.XPATH, value=xpath) instead
  select_account = driver.find_element_by_xpath(
c:\Users\luist\repos\Automatizaciones-SILOHUB-\ctacte_aplicada.py:73: DeprecationWarning: find_element_by_xpath is deprecated. Please use find_element(by=By.XPATH, value=xpath) instead
  select_filter = driver.find_element_by_xpath(
c:\Users\luist\repos\Automatizaciones-SILOHUB-\ctacte_aplicada.py:81: DeprecationWarning: find_element_by_xpath is deprecated. Please use find_element(by=By.XPATH, value=xpath) instead
  apply_filter_1 = driver.find_element_by_xpath(
c:\Users\luist\repos\Automatizaciones-SILOHUB-\ctacte_aplicada.py:87: DeprecationWarning: find_element_by_xpath is deprecated. Please use find_element(by=By.XPATH, value=xpath) instead
  apply_filter_2 = driver.find_element_by_xpath(
c:\Users\luist\repos\Automatizaciones-SILOHUB-\ctacte_aplicada.py:93: DeprecationWarning: find_element_by_xpath is deprecated. Please use find_element(by=By.XPATH, value=xpath) instead
  apply_filter_3 = driver.find_element_by_xpath(
c:\Users\luist\repos\Automatizaciones-SILOHUB-\ctacte_aplicada.py:101: DeprecationWarning: find_element_by_xpath is deprecated. Please use find_element(by=By.XPATH, value=xpath) instead
  select_field_date = driver.find_element_by_xpath(
c:\Users\luist\repos\Automatizaciones-SILOHUB-\ctacte_aplicada.py:107: DeprecationWarning: find_element_by_xpath is deprecated. Please use find_element(by=By.XPATH, value=xpath) instead
  select_arrow_1 = driver.find_element_by_xpath(
c:\Users\luist\repos\Automatizaciones-SILOHUB-\ctacte_aplicada.py:113: DeprecationWarning: find_element_by_xpath is deprecated. Please use find_element(by=By.XPATH, value=xpath) instead
  select_arrow_2 = driver.find_element_by_xpath(
c:\Users\luist\repos\Automatizaciones-SILOHUB-\ctacte_aplicada.py:119: DeprecationWarning: find_element_by_xpath is deprecated. Please use find_element(by=By.XPATH, value=xpath) instead
  select_arrow_3 = driver.find_element_by_xpath(
c:\Users\luist\repos\Automatizaciones-SILOHUB-\ctacte_aplicada.py:125: DeprecationWarning: find_element_by_xpath is deprecated. Please use find_element(by=By.XPATH, value=xpath) instead
  select_date_1 = driver.find_element_by_xpath(
c:\Users\luist\repos\Automatizaciones-SILOHUB-\ctacte_aplicada.py:131: DeprecationWarning: find_element_by_xpath is deprecated. Please use find_element(by=By.XPATH, value=xpath) instead
  select_arrow_3 = driver.find_element_by_xpath(
c:\Users\luist\repos\Automatizaciones-SILOHUB-\ctacte_aplicada.py:137: DeprecationWarning: find_element_by_xpath is deprecated. Please use find_element(by=By.XPATH, value=xpath) instead
  select_date_2 = driver.find_element_by_xpath(
c:\Users\luist\repos\Automatizaciones-SILOHUB-\ctacte_aplicada.py:143: DeprecationWarning: find_element_by_xpath is deprecated. Please use find_element(by=By.XPATH, value=xpath) instead
  apply_button_filter = driver.find_element_by_xpath(
c:\Users\luist\repos\Automatizaciones-SILOHUB-\ctacte_aplicada.py:151: DeprecationWarning: find_element_by_xpath is deprecated. Please use find_element(by=By.XPATH, value=xpath) instead
  title_account = driver.find_element_by_xpath(
c:\Users\luist\repos\Automatizaciones-SILOHUB-\ctacte_aplicada.py:175: DeprecationWarning: find_element_by_xpath is deprecated. Please use find_element(by=By.XPATH, value=xpath) instead
  balance_ars = driver.find_element_by_xpath(
c:\Users\luist\repos\Automatizaciones-SILOHUB-\ctacte_aplicada.py:186: DeprecationWarning: find_element_by_xpath is deprecated. Please use find_element(by=By.XPATH, value=xpath) instead
  balance_usd = driver.find_element_by_xpath(
c:\Users\luist\repos\Automatizaciones-SILOHUB-\ctacte_aplicada.py:199: DeprecationWarning: find_element_by_xpath is deprecated. Please use find_element(by=By.XPATH, value=xpath) instead
  movements_list_1 = driver.find_element_by_xpath(
c:\Users\luist\repos\Automatizaciones-SILOHUB-\ctacte_aplicada.py:210: DeprecationWarning: find_element_by_xpath is deprecated. Please use find_element(by=By.XPATH, value=xpath) instead
  select_button = driver.find_element_by_xpath(
c:\Users\luist\repos\Automatizaciones-SILOHUB-\ctacte_aplicada.py:217: DeprecationWarning: find_element_by_xpath is deprecated. Please use find_element(by=By.XPATH, value=xpath) instead
  download_Excel = driver.find_element_by_xpath(
c:\Users\luist\repos\Automatizaciones-SILOHUB-\ctacte_aplicada.py:226: DeprecationWarning: find_element_by_xpath is deprecated. Please use find_element(by=By.XPATH, value=xpath) instead
  select_button = driver.find_element_by_xpath(
c:\Users\luist\repos\Automatizaciones-SILOHUB-\ctacte_aplicada.py:233: DeprecationWarning: find_element_by_xpath is deprecated. Please use find_element(by=By.XPATH, value=xpath) instead
  download_PDF = driver.find_element_by_xpath(
c:\Users\luist\repos\Automatizaciones-SILOHUB-\ctacte_aplicada.py:243: DeprecationWarning: find_element_by_xpath is deprecated. Please use find_element(by=By.XPATH, value=xpath) instead
  detail_movements = driver.find_element_by_xpath(
c:\Users\luist\repos\Automatizaciones-SILOHUB-\ctacte_aplicada.py:250: DeprecationWarning: find_element_by_xpath is deprecated. Please use find_element(by=By.XPATH, value=xpath) instead
  title_detail = driver.find_element_by_xpath(
c:\Users\luist\repos\Automatizaciones-SILOHUB-\ctacte_aplicada.py:261: DeprecationWarning: find_element_by_xpath is deprecated. Please use find_element(by=By.XPATH, value=xpath) instead
  number_movements = driver.find_element_by_xpath("/html/body/app-root/app-layout/app-vertical/div/div/div/div/app-current-account-detail/app-header-for-detail/div[1]/div")
c:\Users\luist\repos\Automatizaciones-SILOHUB-\ctacte_aplicada.py:273: DeprecationWarning: find_element_by_xpath is deprecated. Please use find_element(by=By.XPATH, value=xpath) instead
  balance_movements = driver.find_element_by_xpath(
c:\Users\luist\repos\Automatizaciones-SILOHUB-\ctacte_aplicada.py:283: DeprecationWarning: find_element_by_xpath is deprecated. Please use find_element(by=By.XPATH, value=xpath) instead
  settlement = driver.find_element_by_xpath(
c:\Users\luist\repos\Automatizaciones-SILOHUB-\ctacte_aplicada.py:296: DeprecationWarning: find_element_by_xpath is deprecated. Please use find_element(by=By.XPATH, value=xpath) instead
  go_out_list = driver.find_element_by_xpath(
]]></system-err>
	</testcase>
</testsuite>
