<?xml version="1.0" encoding="UTF-8"?>
<testsuite name="cuenta_ctacte_aplicada-20240122182019" tests="1" file=".py" time="55.716" timestamp="2024-01-22T18:21:15" failures="0" errors="1" skipped="0">
	<testcase classname="cuenta_ctacte_aplicada" name="test_ctacte_aplicada" time="55.716" timestamp="2024-01-22T18:21:15" file="ctacte_aplicada.py" line="18">
		<error type="TypeError" message="validate_strt() missing 1 required positional argument: 'xpaht'"><![CDATA[Traceback (most recent call last):
  File "c:\Users\luist\repos\Automatizaciones-SILOHUB-\ctacte_aplicada.py", line 145, in test_ctacte_aplicada
    validate_strt(self.driver,number_movements )
TypeError: validate_strt() missing 1 required positional argument: 'xpaht'
]]></error>
		<system-out><![CDATA[¡Elemento encontrado y clickeado con éxito!
¡Elemento encontrado y clickeado con éxito!
¡Elemento encontrado y clickeado con éxito!
¡Elemento encontrado y clickeado con éxito!
¡Elemento encontrado y clickeado con éxito!
¡Elemento encontrado y clickeado con éxito!
¡Elemento encontrado y clickeado con éxito!
¡Elemento encontrado y clickeado 3 veces con éxito!
¡Elemento encontrado y clickeado con éxito!
¡Elemento encontrado y clickeado 1 veces con éxito!
¡Elemento encontrado y clickeado con éxito!
¡Elemento encontrado y clickeado con éxito!
El texto encontrado es  CUENTA CORRIENTE APLICADA
El valor es un carácter numérico. Valor: -171.122.569,50
El valor es un carácter numérico. Valor: 51.213.438,74
El valor es un carácter numérico. Valor: 2.912.909,27
¡Elemento encontrado y clickeado con éxito!
¡Elemento encontrado y clickeado con éxito!
¡Elemento encontrado y clickeado con éxito!
¡Elemento encontrado y clickeado con éxito!
¡Elemento encontrado y clickeado con éxito!
¡Elemento encontrado y clickeado con éxito!
El texto encontrado es  CUENTA CORRIENTE
]]></system-out>
	</testcase>
</testsuite>
