<?xml version="1.0" encoding="UTF-8"?>
<testsuite name="logistica_MisSolitudes-20240416145808" tests="1" file=".py" time="36.379" timestamp="2024-04-16T14:58:44" failures="0" errors="1" skipped="0">
	<testcase classname="logistica_MisSolitudes" name="test_logistics_primaries" time="36.379" timestamp="2024-04-16T14:58:44" file="LogistMisSolitud.py" line="23">
		<error type="JavascriptException" message="Message: javascript error: {&quot;status&quot;:32,&quot;value&quot;:&quot;Unable to locate an element with the xpath expression  because of the following error:\nSyntaxError: Failed to execute 'evaluate' on 'Document': The string '' is not a valid XPath expression.&quot;}
  (Session info: chrome=123.0.6312.123)
Stacktrace:
	GetHandleVerifier [0x00007FF725AE7032+63090]
	(No symbol) [0x00007FF725A52C82]
	(No symbol) [0x00007FF7258EEC65]
	(No symbol) [0x00007FF7258F3D21]
	(No symbol) [0x00007FF7258F6159]
	(No symbol) [0x00007FF7258F6200]
	(No symbol) [0x00007FF72593460C]
	(No symbol) [0x00007FF725934ADC]
	(No symbol) [0x00007FF725975B37]
	(No symbol) [0x00007FF72595701F]
	(No symbol) [0x00007FF725973412]
	(No symbol) [0x00007FF725956D83]
	(No symbol) [0x00007FF7259283A8]
	(No symbol) [0x00007FF725929441]
	GetHandleVerifier [0x00007FF725EE25AD+4238317]
	GetHandleVerifier [0x00007FF725F1F70D+4488525]
	GetHandleVerifier [0x00007FF725F179EF+4456495]
	GetHandleVerifier [0x00007FF725BC0576+953270]
	(No symbol) [0x00007FF725A5E54F]
	(No symbol) [0x00007FF725A59224]
	(No symbol) [0x00007FF725A5935B]
	(No symbol) [0x00007FF725A49B94]
	BaseThreadInitThunk [0x00007FFA9757257D+29]
	RtlUserThreadStart [0x00007FFA98AAAA48+40]
"><![CDATA[Traceback (most recent call last):
  File "c:\Users\luist\repos\Automatizaciones-SILOHUB-\LogistMisSolitud.py", line 102, in test_logistics_primaries
    validate_character_numeric_element(self.driver, amount_CTG)
  File "c:\Users\luist\repos\Automatizaciones-SILOHUB-\Elements.py", line 1098, in validate_character_numeric_element
    elemento = driver.find_element(By.XPATH, xpath)
  File "C:\Users\luist\AppData\Roaming\Python\Python310\site-packages\selenium\webdriver\remote\webdriver.py", line 742, in find_element
    return self.execute(Command.FIND_ELEMENT, {"using": by, "value": value})["value"]
  File "C:\Users\luist\AppData\Roaming\Python\Python310\site-packages\selenium\webdriver\remote\webdriver.py", line 348, in execute
    self.error_handler.check_response(response)
  File "C:\Users\luist\AppData\Roaming\Python\Python310\site-packages\selenium\webdriver\remote\errorhandler.py", line 229, in check_response
    raise exception_class(message, screen, stacktrace)
selenium.common.exceptions.JavascriptException: Message: javascript error: {"status":32,"value":"Unable to locate an element with the xpath expression  because of the following error:\nSyntaxError: Failed to execute 'evaluate' on 'Document': The string '' is not a valid XPath expression."}
  (Session info: chrome=123.0.6312.123)
Stacktrace:
	GetHandleVerifier [0x00007FF725AE7032+63090]
	(No symbol) [0x00007FF725A52C82]
	(No symbol) [0x00007FF7258EEC65]
	(No symbol) [0x00007FF7258F3D21]
	(No symbol) [0x00007FF7258F6159]
	(No symbol) [0x00007FF7258F6200]
	(No symbol) [0x00007FF72593460C]
	(No symbol) [0x00007FF725934ADC]
	(No symbol) [0x00007FF725975B37]
	(No symbol) [0x00007FF72595701F]
	(No symbol) [0x00007FF725973412]
	(No symbol) [0x00007FF725956D83]
	(No symbol) [0x00007FF7259283A8]
	(No symbol) [0x00007FF725929441]
	GetHandleVerifier [0x00007FF725EE25AD+4238317]
	GetHandleVerifier [0x00007FF725F1F70D+4488525]
	GetHandleVerifier [0x00007FF725F179EF+4456495]
	GetHandleVerifier [0x00007FF725BC0576+953270]
	(No symbol) [0x00007FF725A5E54F]
	(No symbol) [0x00007FF725A59224]
	(No symbol) [0x00007FF725A5935B]
	(No symbol) [0x00007FF725A49B94]
	BaseThreadInitThunk [0x00007FFA9757257D+29]
	RtlUserThreadStart [0x00007FFA98AAAA48+40]

]]></error>
		<system-out><![CDATA[¡Cuenta encontrada y seleccionada 1023  con éxito!
El texto encontrado es  Estado de Solicitudes
El texto encontrado es  Solicita-dos
El valor es un carácter numérico. Valor: 2
El texto encontrado es  Pen-dientes
El valor es un carácter numérico. Valor: 2
El texto encontrado es  Recha-zados
El valor es un carácter numérico. Valor: 0
El texto encontrado es  Recibi-dos
El valor es un carácter numérico. Valor: 0
El texto encontrado es  Estado Cupos Asignados
El texto encontrado es  Sin CTG
El valor es un carácter numérico. Valor: 0
El texto encontrado es  CTG
]]></system-out>
	</testcase>
</testsuite>
