<?xml version="1.0" encoding="UTF-8"?>
<testsuite name="logistica_MisSolitudes-20240416130516" tests="1" file=".py" time="29.671" timestamp="2024-04-16T13:05:45" failures="0" errors="0" skipped="0">
	<testcase classname="logistica_MisSolitudes" name="test_logistics_primaries" time="29.671" timestamp="2024-04-16T13:05:45" file="LogistMisSolitud.py" line="23">
		<system-out><![CDATA[¡Cuenta encontrada y seleccionada 1023  con éxito!
]]></system-out>
	</testcase>
</testsuite>
