<?xml version="1.0" encoding="UTF-8"?>
<testsuite name="logistica_MisSolitudes-20240416135031" tests="1" file=".py" time="35.175" timestamp="2024-04-16T13:51:06" failures="0" errors="0" skipped="0">
	<testcase classname="logistica_MisSolitudes" name="test_logistics_primaries" time="35.175" timestamp="2024-04-16T13:51:06" file="LogistMisSolitud.py" line="23">
		<system-out><![CDATA[¡Cuenta encontrada y seleccionada 1023  con éxito!
El texto encontrado es  Solicita-dos
El valor es un carácter numérico. Valor: 2
El texto encontrado es  Pen-dientes
El valor es un carácter numérico. Valor: 2
]]></system-out>
	</testcase>
</testsuite>
