<?xml version="1.0" encoding="UTF-8"?>
<testsuite name="Precio_Fijacion.precio_granos_fijaciones-failed" tests="1" file="Precio_Fijacion.py" time="101.787" timestamp="2024-06-06T12:38:43" failures="0" errors="1" skipped="0">
	<testcase classname="Precio_Fijacion.precio_granos_fijaciones" name="test_price_fixings" time="101.787" timestamp="2024-06-06T12:38:43" file="Precio_Fijacion.py" line="21">
		<error type="ElementClickInterceptedException" message="Message: element click intercepted: Element is not clickable at point (1436, 765)
  (Session info: chrome=125.0.6422.142)
Stacktrace:
	GetHandleVerifier [0x00007FF6A6381F52+60322]
	(No symbol) [0x00007FF6A62FCEC9]
	(No symbol) [0x00007FF6A61B7EBA]
	(No symbol) [0x00007FF6A620F32E]
	(No symbol) [0x00007FF6A620CCF2]
	(No symbol) [0x00007FF6A620A18B]
	(No symbol) [0x00007FF6A6209356]
	(No symbol) [0x00007FF6A61FB491]
	(No symbol) [0x00007FF6A622C21A]
	(No symbol) [0x00007FF6A61FADB6]
	(No symbol) [0x00007FF6A622C430]
	(No symbol) [0x00007FF6A624BC80]
	(No symbol) [0x00007FF6A622BFC3]
	(No symbol) [0x00007FF6A61F9617]
	(No symbol) [0x00007FF6A61FA211]
	GetHandleVerifier [0x00007FF6A66994AD+3301629]
	GetHandleVerifier [0x00007FF6A66E36D3+3605283]
	GetHandleVerifier [0x00007FF6A66D9450+3563680]
	GetHandleVerifier [0x00007FF6A6434326+790390]
	(No symbol) [0x00007FF6A630750F]
	(No symbol) [0x00007FF6A6303404]
	(No symbol) [0x00007FF6A6303592]
	(No symbol) [0x00007FF6A62F2F9F]
	BaseThreadInitThunk [0x00007FFBED37257D+29]
	RtlUserThreadStart [0x00007FFBEECEAA48+40]
"><![CDATA[Traceback (most recent call last):
  File "c:\Users\luist\repos\Automatizaciones-SILOHUB-\Precio_Fijacion.py", line 139, in test_price_fixings
    displace_element(self.driver, select_hand)
  File "c:\Users\luist\repos\Automatizaciones-SILOHUB-\Elements.py", line 531, in displace_element
    search_input_element.click()
  File "C:\Users\luist\AppData\Roaming\Python\Python310\site-packages\selenium\webdriver\remote\webelement.py", line 94, in click
    self._execute(Command.CLICK_ELEMENT)
  File "C:\Users\luist\AppData\Roaming\Python\Python310\site-packages\selenium\webdriver\remote\webelement.py", line 395, in _execute
    return self._parent.execute(command, params)
  File "C:\Users\luist\AppData\Roaming\Python\Python310\site-packages\selenium\webdriver\remote\webdriver.py", line 348, in execute
    self.error_handler.check_response(response)
  File "C:\Users\luist\AppData\Roaming\Python\Python310\site-packages\selenium\webdriver\remote\errorhandler.py", line 229, in check_response
    raise exception_class(message, screen, stacktrace)
selenium.common.exceptions.ElementClickInterceptedException: Message: element click intercepted: Element is not clickable at point (1436, 765)
  (Session info: chrome=125.0.6422.142)
Stacktrace:
	GetHandleVerifier [0x00007FF6A6381F52+60322]
	(No symbol) [0x00007FF6A62FCEC9]
	(No symbol) [0x00007FF6A61B7EBA]
	(No symbol) [0x00007FF6A620F32E]
	(No symbol) [0x00007FF6A620CCF2]
	(No symbol) [0x00007FF6A620A18B]
	(No symbol) [0x00007FF6A6209356]
	(No symbol) [0x00007FF6A61FB491]
	(No symbol) [0x00007FF6A622C21A]
	(No symbol) [0x00007FF6A61FADB6]
	(No symbol) [0x00007FF6A622C430]
	(No symbol) [0x00007FF6A624BC80]
	(No symbol) [0x00007FF6A622BFC3]
	(No symbol) [0x00007FF6A61F9617]
	(No symbol) [0x00007FF6A61FA211]
	GetHandleVerifier [0x00007FF6A66994AD+3301629]
	GetHandleVerifier [0x00007FF6A66E36D3+3605283]
	GetHandleVerifier [0x00007FF6A66D9450+3563680]
	GetHandleVerifier [0x00007FF6A6434326+790390]
	(No symbol) [0x00007FF6A630750F]
	(No symbol) [0x00007FF6A6303404]
	(No symbol) [0x00007FF6A6303592]
	(No symbol) [0x00007FF6A62F2F9F]
	BaseThreadInitThunk [0x00007FFBED37257D+29]
	RtlUserThreadStart [0x00007FFBEECEAA48+40]

]]></error>
		<system-out><![CDATA[El texto encontrado es  MERCADOS
Se hizo clic en un icono de borrar.
Se hizo clic en un icono de borrar.
Se hizo clic en un icono de borrar.
No se encontraron más movimientos para borrar.
¡Input encontrado y enviado con éxito!
¡Elemento encontrado y clickeado 6 veces con éxito!
¡Input encontrado y enviado con éxito!
]]></system-out>
	</testcase>
</testsuite>
