<?xml version="1.0" encoding="UTF-8"?>
<testsuite name="Ventas.cuenta_ventas-failed" tests="1" file="Ventas.py" time="262.222" timestamp="2024-05-17T12:06:11" failures="0" errors="1" skipped="0">
	<testcase classname="Ventas.cuenta_ventas" name="test_cuenta_ventas" time="262.222" timestamp="2024-05-17T12:06:11" file="Ventas.py" line="22">
		<error type="NoSuchElementException" message="Message: no such element: Unable to locate element: {&quot;method&quot;:&quot;xpath&quot;,&quot;selector&quot;:&quot;/html/body/app-root/app-layout/app-vertical/div/div/div/div/app-detail-sales/div[1]/app-header-for-detail/div[1]/div&quot;}
  (Session info: chrome=125.0.6422.60); For documentation on this error, please visit: https://www.selenium.dev/documentation/webdriver/troubleshooting/errors#no-such-element-exception
Stacktrace:
	GetHandleVerifier [0x00007FF626B422C2+60002]
	(No symbol) [0x00007FF626ABCA59]
	(No symbol) [0x00007FF626977EDA]
	(No symbol) [0x00007FF6269C76E6]
	(No symbol) [0x00007FF6269C77AC]
	(No symbol) [0x00007FF626A0E9D7]
	(No symbol) [0x00007FF6269EC2CF]
	(No symbol) [0x00007FF626A0BCC7]
	(No symbol) [0x00007FF6269EC033]
	(No symbol) [0x00007FF6269B9657]
	(No symbol) [0x00007FF6269BA251]
	GetHandleVerifier [0x00007FF626E53E2D+3278285]
	GetHandleVerifier [0x00007FF626EA0190+3590448]
	GetHandleVerifier [0x00007FF626E961D0+3549552]
	GetHandleVerifier [0x00007FF626BF1DE6+779654]
	(No symbol) [0x00007FF626AC7ACF]
	(No symbol) [0x00007FF626AC2EE4]
	(No symbol) [0x00007FF626AC3072]
	(No symbol) [0x00007FF626AB2C4F]
	BaseThreadInitThunk [0x00007FFAAEB4257D+29]
	RtlUserThreadStart [0x00007FFAAFA8AA48+40]
"><![CDATA[Traceback (most recent call last):
  File "c:\Users\luist\repos\Automatizaciones-SILOHUB-\Ventas.py", line 129, in test_cuenta_ventas
    validate_text_visible(self.driver, number_sale, number_sale_expected )
  File "c:\Users\luist\repos\Automatizaciones-SILOHUB-\Elements.py", line 1136, in validate_text_visible
    element = driver.find_element(By.XPATH, xpath)
  File "C:\Users\luist\AppData\Roaming\Python\Python310\site-packages\selenium\webdriver\remote\webdriver.py", line 742, in find_element
    return self.execute(Command.FIND_ELEMENT, {"using": by, "value": value})["value"]
  File "C:\Users\luist\AppData\Roaming\Python\Python310\site-packages\selenium\webdriver\remote\webdriver.py", line 348, in execute
    self.error_handler.check_response(response)
  File "C:\Users\luist\AppData\Roaming\Python\Python310\site-packages\selenium\webdriver\remote\errorhandler.py", line 229, in check_response
    raise exception_class(message, screen, stacktrace)
selenium.common.exceptions.NoSuchElementException: Message: no such element: Unable to locate element: {"method":"xpath","selector":"/html/body/app-root/app-layout/app-vertical/div/div/div/div/app-detail-sales/div[1]/app-header-for-detail/div[1]/div"}
  (Session info: chrome=125.0.6422.60); For documentation on this error, please visit: https://www.selenium.dev/documentation/webdriver/troubleshooting/errors#no-such-element-exception
Stacktrace:
	GetHandleVerifier [0x00007FF626B422C2+60002]
	(No symbol) [0x00007FF626ABCA59]
	(No symbol) [0x00007FF626977EDA]
	(No symbol) [0x00007FF6269C76E6]
	(No symbol) [0x00007FF6269C77AC]
	(No symbol) [0x00007FF626A0E9D7]
	(No symbol) [0x00007FF6269EC2CF]
	(No symbol) [0x00007FF626A0BCC7]
	(No symbol) [0x00007FF6269EC033]
	(No symbol) [0x00007FF6269B9657]
	(No symbol) [0x00007FF6269BA251]
	GetHandleVerifier [0x00007FF626E53E2D+3278285]
	GetHandleVerifier [0x00007FF626EA0190+3590448]
	GetHandleVerifier [0x00007FF626E961D0+3549552]
	GetHandleVerifier [0x00007FF626BF1DE6+779654]
	(No symbol) [0x00007FF626AC7ACF]
	(No symbol) [0x00007FF626AC2EE4]
	(No symbol) [0x00007FF626AC3072]
	(No symbol) [0x00007FF626AB2C4F]
	BaseThreadInitThunk [0x00007FFAAEB4257D+29]
	RtlUserThreadStart [0x00007FFAAFA8AA48+40]

]]></error>
		<system-out><![CDATA[El texto es visible para el usuario
El texto fue validado correctamente: Mis Ventas
¡Elemento encontrado y clickeado 12 veces con éxito!
¡Elemento encontrado y clickeado 1 veces con éxito!
Tiempo de espera agotado. El elemento no está presente o no es clickeable.
Tiempo de espera agotado. El elemento no está presente o no es clickeable.
Tiempo de espera agotado. El elemento no está presente o no es clickeable.
Tiempo de espera agotado. El elemento no está presente o no es clickeable.
Tiempo de espera agotado. El elemento no está presente o no es clickeable.
Tiempo de espera agotado. El elemento no está presente o no es clickeable.
]]></system-out>
	</testcase>
</testsuite>
