<?xml version="1.0" encoding="UTF-8"?>
<testsuite name="Entregas.cuenta_entregas-failed" tests="1" file="Entregas.py" time="148.211" timestamp="2024-06-06T12:50:07" failures="0" errors="1" skipped="0">
	<testcase classname="Entregas.cuenta_entregas" name="test_cuenta_entregas" time="148.211" timestamp="2024-06-06T12:50:07" file="Entregas.py" line="22">
		<error type="NoSuchElementException" message="Message: no such element: Unable to locate element: {&quot;method&quot;:&quot;xpath&quot;,&quot;selector&quot;:&quot;/html/body/app-root/app-layout/app-vertical/div/div/div/div/app-detail-deliveries/div/app-header-for-detail/div[1]/div&quot;}
  (Session info: chrome=125.0.6422.142); For documentation on this error, please visit: https://www.selenium.dev/documentation/webdriver/troubleshooting/errors#no-such-element-exception
Stacktrace:
	GetHandleVerifier [0x00007FF6A6381F52+60322]
	(No symbol) [0x00007FF6A62FCEC9]
	(No symbol) [0x00007FF6A61B7EBA]
	(No symbol) [0x00007FF6A6207676]
	(No symbol) [0x00007FF6A620773C]
	(No symbol) [0x00007FF6A624E967]
	(No symbol) [0x00007FF6A622C25F]
	(No symbol) [0x00007FF6A624BC80]
	(No symbol) [0x00007FF6A622BFC3]
	(No symbol) [0x00007FF6A61F9617]
	(No symbol) [0x00007FF6A61FA211]
	GetHandleVerifier [0x00007FF6A66994AD+3301629]
	GetHandleVerifier [0x00007FF6A66E36D3+3605283]
	GetHandleVerifier [0x00007FF6A66D9450+3563680]
	GetHandleVerifier [0x00007FF6A6434326+790390]
	(No symbol) [0x00007FF6A630750F]
	(No symbol) [0x00007FF6A6303404]
	(No symbol) [0x00007FF6A6303592]
	(No symbol) [0x00007FF6A62F2F9F]
	BaseThreadInitThunk [0x00007FFBED37257D+29]
	RtlUserThreadStart [0x00007FFBEECEAA48+40]
"><![CDATA[Traceback (most recent call last):
  File "c:\Users\luist\repos\Automatizaciones-SILOHUB-\Entregas.py", line 156, in test_cuenta_entregas
    validate_text_visible(self.driver, number_TK, number_TK_expected )
  File "c:\Users\luist\repos\Automatizaciones-SILOHUB-\Elements.py", line 1136, in validate_text_visible
    element = driver.find_element(By.XPATH, xpath)
  File "C:\Users\luist\AppData\Roaming\Python\Python310\site-packages\selenium\webdriver\remote\webdriver.py", line 742, in find_element
    return self.execute(Command.FIND_ELEMENT, {"using": by, "value": value})["value"]
  File "C:\Users\luist\AppData\Roaming\Python\Python310\site-packages\selenium\webdriver\remote\webdriver.py", line 348, in execute
    self.error_handler.check_response(response)
  File "C:\Users\luist\AppData\Roaming\Python\Python310\site-packages\selenium\webdriver\remote\errorhandler.py", line 229, in check_response
    raise exception_class(message, screen, stacktrace)
selenium.common.exceptions.NoSuchElementException: Message: no such element: Unable to locate element: {"method":"xpath","selector":"/html/body/app-root/app-layout/app-vertical/div/div/div/div/app-detail-deliveries/div/app-header-for-detail/div[1]/div"}
  (Session info: chrome=125.0.6422.142); For documentation on this error, please visit: https://www.selenium.dev/documentation/webdriver/troubleshooting/errors#no-such-element-exception
Stacktrace:
	GetHandleVerifier [0x00007FF6A6381F52+60322]
	(No symbol) [0x00007FF6A62FCEC9]
	(No symbol) [0x00007FF6A61B7EBA]
	(No symbol) [0x00007FF6A6207676]
	(No symbol) [0x00007FF6A620773C]
	(No symbol) [0x00007FF6A624E967]
	(No symbol) [0x00007FF6A622C25F]
	(No symbol) [0x00007FF6A624BC80]
	(No symbol) [0x00007FF6A622BFC3]
	(No symbol) [0x00007FF6A61F9617]
	(No symbol) [0x00007FF6A61FA211]
	GetHandleVerifier [0x00007FF6A66994AD+3301629]
	GetHandleVerifier [0x00007FF6A66E36D3+3605283]
	GetHandleVerifier [0x00007FF6A66D9450+3563680]
	GetHandleVerifier [0x00007FF6A6434326+790390]
	(No symbol) [0x00007FF6A630750F]
	(No symbol) [0x00007FF6A6303404]
	(No symbol) [0x00007FF6A6303592]
	(No symbol) [0x00007FF6A62F2F9F]
	BaseThreadInitThunk [0x00007FFBED37257D+29]
	RtlUserThreadStart [0x00007FFBEECEAA48+40]

]]></error>
		<system-out><![CDATA[El texto encontrado es  MIS ENTREGAS
¡Elemento encontrado y clickeado 2 veces con éxito!
¡Elemento encontrado y clickeado 5 veces con éxito!
¡Elemento encontrado y clickeado 1 veces con éxito!
El texto es visible para el usuario: '9.922,10'
El texto es visible para el usuario: '9.826,76'
Tiempo de espera agotado. El elemento no está presente o no es clickeable.
]]></system-out>
	</testcase>
</testsuite>
