<?xml version="1.0" encoding="UTF-8"?>
<testsuite name="CtaCtoDtalLiquidaciones.detalle_cto_liquidaciones-failed" tests="1" file="CtaCtoDtalLiquidaciones.py" time="61.812" timestamp="2024-05-17T11:52:36" failures="0" errors="1" skipped="0">
	<testcase classname="CtaCtoDtalLiquidaciones.detalle_cto_liquidaciones" name="test_detail_liquidations" time="61.812" timestamp="2024-05-17T11:52:36" file="CtaCtoDtalLiquidaciones.py" line="22">
		<error type="ElementClickInterceptedException" message="Message: element click intercepted: Element is not clickable at point (680, 1214)
  (Session info: chrome=125.0.6422.60)
Stacktrace:
	GetHandleVerifier [0x00007FF626B422C2+60002]
	(No symbol) [0x00007FF626ABCA59]
	(No symbol) [0x00007FF626977EDA]
	(No symbol) [0x00007FF6269CF39E]
	(No symbol) [0x00007FF6269CCD62]
	(No symbol) [0x00007FF6269CA1FB]
	(No symbol) [0x00007FF6269C93C6]
	(No symbol) [0x00007FF6269BB4D1]
	(No symbol) [0x00007FF6269EC28A]
	(No symbol) [0x00007FF6269BADF6]
	(No symbol) [0x00007FF6269EC4A0]
	(No symbol) [0x00007FF626A0BCC7]
	(No symbol) [0x00007FF6269EC033]
	(No symbol) [0x00007FF6269B9657]
	(No symbol) [0x00007FF6269BA251]
	GetHandleVerifier [0x00007FF626E53E2D+3278285]
	GetHandleVerifier [0x00007FF626EA0190+3590448]
	GetHandleVerifier [0x00007FF626E961D0+3549552]
	GetHandleVerifier [0x00007FF626BF1DE6+779654]
	(No symbol) [0x00007FF626AC7ACF]
	(No symbol) [0x00007FF626AC2EE4]
	(No symbol) [0x00007FF626AC3072]
	(No symbol) [0x00007FF626AB2C4F]
	BaseThreadInitThunk [0x00007FFAAEB4257D+29]
	RtlUserThreadStart [0x00007FFAAFA8AA48+40]
"><![CDATA[Traceback (most recent call last):
  File "c:\Users\luist\repos\Automatizaciones-SILOHUB-\CtaCtoDtalLiquidaciones.py", line 124, in test_detail_liquidations
    find_elements_id(self.driver, select_liquidations )
  File "c:\Users\luist\repos\Automatizaciones-SILOHUB-\Elements.py", line 47, in find_elements_id
    select_nex_button.click()
  File "C:\Users\luist\AppData\Roaming\Python\Python310\site-packages\selenium\webdriver\remote\webelement.py", line 94, in click
    self._execute(Command.CLICK_ELEMENT)
  File "C:\Users\luist\AppData\Roaming\Python\Python310\site-packages\selenium\webdriver\remote\webelement.py", line 395, in _execute
    return self._parent.execute(command, params)
  File "C:\Users\luist\AppData\Roaming\Python\Python310\site-packages\selenium\webdriver\remote\webdriver.py", line 348, in execute
    self.error_handler.check_response(response)
  File "C:\Users\luist\AppData\Roaming\Python\Python310\site-packages\selenium\webdriver\remote\errorhandler.py", line 229, in check_response
    raise exception_class(message, screen, stacktrace)
selenium.common.exceptions.ElementClickInterceptedException: Message: element click intercepted: Element is not clickable at point (680, 1214)
  (Session info: chrome=125.0.6422.60)
Stacktrace:
	GetHandleVerifier [0x00007FF626B422C2+60002]
	(No symbol) [0x00007FF626ABCA59]
	(No symbol) [0x00007FF626977EDA]
	(No symbol) [0x00007FF6269CF39E]
	(No symbol) [0x00007FF6269CCD62]
	(No symbol) [0x00007FF6269CA1FB]
	(No symbol) [0x00007FF6269C93C6]
	(No symbol) [0x00007FF6269BB4D1]
	(No symbol) [0x00007FF6269EC28A]
	(No symbol) [0x00007FF6269BADF6]
	(No symbol) [0x00007FF6269EC4A0]
	(No symbol) [0x00007FF626A0BCC7]
	(No symbol) [0x00007FF6269EC033]
	(No symbol) [0x00007FF6269B9657]
	(No symbol) [0x00007FF6269BA251]
	GetHandleVerifier [0x00007FF626E53E2D+3278285]
	GetHandleVerifier [0x00007FF626EA0190+3590448]
	GetHandleVerifier [0x00007FF626E961D0+3549552]
	GetHandleVerifier [0x00007FF626BF1DE6+779654]
	(No symbol) [0x00007FF626AC7ACF]
	(No symbol) [0x00007FF626AC2EE4]
	(No symbol) [0x00007FF626AC3072]
	(No symbol) [0x00007FF626AB2C4F]
	BaseThreadInitThunk [0x00007FFAAEB4257D+29]
	RtlUserThreadStart [0x00007FFAAFA8AA48+40]

]]></error>
		<system-out><![CDATA[¡Elemento encontrado y clickeado 3 veces con éxito!
¡Elemento encontrado y clickeado 2 veces con éxito!
¡Elemento encontrado y clickeado 3 veces con éxito!
El texto encontrado es  Estado De Mis Contratos
El texto es visible para el usuario
El texto fue validado correctamente: Contrato 108280
El texto es visible para el usuario
El texto fue validado correctamente: De Maiz
El texto no coincide con los valores esperados. Texto actual: '5.000,00 QQ'
]]></system-out>
	</testcase>
</testsuite>
