<?xml version="1.0" encoding="UTF-8"?>
<testsuite name="CtaContOperSecundaria.contrato_operSecundarias-failed" tests="1" file="CtaContOperSecundaria.py" time="71.195" timestamp="2024-07-02T16:16:09" failures="0" errors="0" skipped="0">
	<testcase classname="CtaContOperSecundaria.contrato_operSecundarias" name="test_contratc_oparSecondary" time="71.195" timestamp="2024-07-02T16:16:09" file="CtaContOperSecundaria.py" line="22">
		<system-out><![CDATA[¡Elemento encontrado y clickeado 2 veces con éxito!
¡Elemento encontrado y clickeado 7 veces con éxito!
El texto encontrado es  Estado De Mis Contratos
El texto es visible para el usuario
El texto fue validado correctamente: Contrato 2070
El texto es visible para el usuario
El texto fue validado correctamente: De Soja
El texto es visible para el usuario
El texto fue validado correctamente: 2122
El texto es visible para el usuario: '1,00 Kg'
]]></system-out>
	</testcase>
</testsuite>
