<?xml version="1.0" encoding="UTF-8"?>
<testsuite name="Entregas.cuenta_entregas-failed" tests="2" file="Entregas.py" time="246.751" timestamp="2024-06-26T12:31:42" failures="0" errors="2" skipped="0">
	<testcase classname="Entregas.cuenta_entregas" name="test_cuenta_entregas" time="0.000" timestamp="0001-01-01T00:00:00" file="Entregas.py" line="22">
		<error type="AttributeError" message="'NoneType' object has no attribute 'is_displayed'"><![CDATA[Traceback (most recent call last):
  File "c:\Users\luist\repos\Automatizaciones-SILOHUB-\Entregas.py", line 156, in test_cuenta_entregas
    validate_text_visible(self.driver, number_TK, number_TK_expected )
  File "c:\Users\luist\repos\Automatizaciones-SILOHUB-\Elements.py", line 1165, in validate_text_visible
    is_visible = element.is_displayed()
AttributeError: 'NoneType' object has no attribute 'is_displayed'
]]></error>
		<system-out><![CDATA[El texto encontrado es  MIS ENTREGAS
¡Elemento encontrado y clickeado 2 veces con éxito!
¡Elemento encontrado y clickeado 5 veces con éxito!
¡Elemento encontrado y clickeado 1 veces con éxito!
El texto es visible para el usuario: '992.210,00'
El texto es visible para el usuario: '982.676,00'
Tiempo de espera agotado. El elemento no está presente o no es clickeable.
Tiempo de espera agotado. El elemento no está presente o no es clickeable.
Tiempo de espera agotado. El elemento no está presente o no es clickeable.
Tiempo de espera agotado. El elemento no está presente o no es clickeable.
Tiempo de espera agotado. El elemento no está presente o no es clickeable.
]]></system-out>
	</testcase>
	<testcase classname="Entregas.cuenta_entregas" name="test_cuenta_entregas" time="246.751" timestamp="2024-06-26T12:31:42" file="Entregas.py" line="22">
		<error type="WebDriverException" message="Message: disconnected: unable to send message to renderer
  (failed to check if window was closed: disconnected: not connected to DevTools)
  (Session info: chrome=126.0.6478.116)
Stacktrace:
	GetHandleVerifier [0x00007FF77C83EEA2+31554]
	(No symbol) [0x00007FF77C7B7ED9]
	(No symbol) [0x00007FF77C67872A]
	(No symbol) [0x00007FF77C66006C]
	(No symbol) [0x00007FF77C65E7CC]
	(No symbol) [0x00007FF77C65F47F]
	(No symbol) [0x00007FF77C678D53]
	(No symbol) [0x00007FF77C64D47C]
	(No symbol) [0x00007FF77C6FB614]
	(No symbol) [0x00007FF77C6ECFF0]
	(No symbol) [0x00007FF77C6BA33B]
	(No symbol) [0x00007FF77C6BAED1]
	GetHandleVerifier [0x00007FF77CB48B1D+3217341]
	GetHandleVerifier [0x00007FF77CB95AE3+3532675]
	GetHandleVerifier [0x00007FF77CB8B0E0+3489152]
	GetHandleVerifier [0x00007FF77C8EE776+750614]
	(No symbol) [0x00007FF77C7C375F]
	(No symbol) [0x00007FF77C7BEB14]
	(No symbol) [0x00007FF77C7BECA2]
	(No symbol) [0x00007FF77C7AE16F]
	BaseThreadInitThunk [0x00007FFBED37257D+29]
	RtlUserThreadStart [0x00007FFBEECEAA48+40]
"><![CDATA[Traceback (most recent call last):
  File "c:\Users\luist\repos\Automatizaciones-SILOHUB-\Entregas.py", line 233, in tearDown
    self.driver.close()
  File "C:\Users\luist\AppData\Roaming\Python\Python310\site-packages\selenium\webdriver\remote\webdriver.py", line 459, in close
    self.execute(Command.CLOSE)
  File "C:\Users\luist\AppData\Roaming\Python\Python310\site-packages\selenium\webdriver\remote\webdriver.py", line 348, in execute
    self.error_handler.check_response(response)
  File "C:\Users\luist\AppData\Roaming\Python\Python310\site-packages\selenium\webdriver\remote\errorhandler.py", line 229, in check_response
    raise exception_class(message, screen, stacktrace)
selenium.common.exceptions.WebDriverException: Message: disconnected: unable to send message to renderer
  (failed to check if window was closed: disconnected: not connected to DevTools)
  (Session info: chrome=126.0.6478.116)
Stacktrace:
	GetHandleVerifier [0x00007FF77C83EEA2+31554]
	(No symbol) [0x00007FF77C7B7ED9]
	(No symbol) [0x00007FF77C67872A]
	(No symbol) [0x00007FF77C66006C]
	(No symbol) [0x00007FF77C65E7CC]
	(No symbol) [0x00007FF77C65F47F]
	(No symbol) [0x00007FF77C678D53]
	(No symbol) [0x00007FF77C64D47C]
	(No symbol) [0x00007FF77C6FB614]
	(No symbol) [0x00007FF77C6ECFF0]
	(No symbol) [0x00007FF77C6BA33B]
	(No symbol) [0x00007FF77C6BAED1]
	GetHandleVerifier [0x00007FF77CB48B1D+3217341]
	GetHandleVerifier [0x00007FF77CB95AE3+3532675]
	GetHandleVerifier [0x00007FF77CB8B0E0+3489152]
	GetHandleVerifier [0x00007FF77C8EE776+750614]
	(No symbol) [0x00007FF77C7C375F]
	(No symbol) [0x00007FF77C7BEB14]
	(No symbol) [0x00007FF77C7BECA2]
	(No symbol) [0x00007FF77C7AE16F]
	BaseThreadInitThunk [0x00007FFBED37257D+29]
	RtlUserThreadStart [0x00007FFBEECEAA48+40]

]]></error>
		<system-out><![CDATA[El texto encontrado es  MIS ENTREGAS
¡Elemento encontrado y clickeado 2 veces con éxito!
¡Elemento encontrado y clickeado 5 veces con éxito!
¡Elemento encontrado y clickeado 1 veces con éxito!
El texto es visible para el usuario: '992.210,00'
El texto es visible para el usuario: '982.676,00'
Tiempo de espera agotado. El elemento no está presente o no es clickeable.
Tiempo de espera agotado. El elemento no está presente o no es clickeable.
Tiempo de espera agotado. El elemento no está presente o no es clickeable.
Tiempo de espera agotado. El elemento no está presente o no es clickeable.
Tiempo de espera agotado. El elemento no está presente o no es clickeable.
]]></system-out>
	</testcase>
</testsuite>
