<?xml version="1.0" encoding="UTF-8"?>
<testsuite name="Dashboar.dashboard_granos-failed" tests="1" file="Dashboar.py" time="82.815" timestamp="2024-05-24T11:17:15" failures="0" errors="0" skipped="0">
	<testcase classname="Dashboar.dashboard_granos" name="test_dashboard_grain" time="82.815" timestamp="2024-05-24T11:17:15" file="Dashboar.py" line="23"/>
</testsuite>
