<?xml version="1.0" encoding="UTF-8"?>
<testsuite name="ctacte_ApliApagar.cta_cte_apliApagar-failed" tests="1" file="ctacte_ApliApagar.py" time="60.024" timestamp="2024-07-02T16:25:18" failures="0" errors="0" skipped="0">
	<testcase classname="ctacte_ApliApagar.cta_cte_apliApagar" name="test_ctacte_apliApagar" time="60.024" timestamp="2024-07-02T16:25:18" file="ctacte_ApliApagar.py" line="17">
		<system-out><![CDATA[¡Elemento encontrado y clickeado 9 veces con éxito!
¡Elemento encontrado y clickeado 2 veces con éxito!
El texto encontrado es  Cuenta Corriente Aplicada
El valor es un carácter numérico. Valor: -171.167.917,83
El valor es un carácter numérico. Valor: -51.215.932,24
El valor es un carácter numérico. Valor: -2.913.163,37
El texto encontrado es  CUENTA CORRIENTE
El texto encontrado es  Movimiento FC 1051 00014215
El texto encontrado es  USD 738,10
El texto encontrado es  SILO BOLSA-
]]></system-out>
	</testcase>
</testsuite>
