<?xml version="1.0" encoding="UTF-8"?>
<testsuite name="Cuentacontrato.contrato_tenant-failed" tests="1" file="Cuentacontrato.py" time="73.051" timestamp="2024-06-06T12:36:57" failures="0" errors="0" skipped="0">
	<testcase classname="Cuentacontrato.contrato_tenant" name="test_contrato_tenant" time="73.051" timestamp="2024-06-06T12:36:57" file="Cuentacontrato.py" line="22">
		<system-out><![CDATA[¡Elemento encontrado y clickeado 8 veces con éxito!
¡Elemento encontrado y clickeado 1 veces con éxito!
El texto encontrado es  Estado De Mis Contratos
El texto es visible para el usuario
El texto fue validado correctamente: Contrato 121261
El texto es visible para el usuario
El texto fue validado correctamente: De Soja
El texto es visible para el usuario: 'De 500,00 QQ Pactados'
El texto es visible para el usuario: '500,00 QQ'
El texto es visible para el usuario: '93,65 QQ'
El texto es visible para el usuario: '37,00 QQ'
]]></system-out>
	</testcase>
</testsuite>
