<?xml version="1.0" encoding="UTF-8"?>
<testsuite name="Onboarding.Onboarding_test_tenant-failed" tests="1" file="Onboarding.py" time="111.022" timestamp="2024-05-24T11:55:56" failures="0" errors="1" skipped="0">
	<testcase classname="Onboarding.Onboarding_test_tenant" name="test_tenat_onboarding" time="111.022" timestamp="2024-05-24T11:55:56" file="Onboarding.py" line="28">
		<error type="InvalidArgumentException" message="Message: invalid argument: File not found : C:/Users/luist/OneDrive/Escritorio/Capturas de pantalla/2022-02-14 (5).png
  (Session info: chrome=125.0.6422.112)
Stacktrace:
	GetHandleVerifier [0x00007FF6156F1F22+60322]
	(No symbol) [0x00007FF61566CE99]
	(No symbol) [0x00007FF615527EBA]
	(No symbol) [0x00007FF61557028B]
	(No symbol) [0x00007FF61559C21A]
	(No symbol) [0x00007FF61556ADB6]
	(No symbol) [0x00007FF61559C430]
	(No symbol) [0x00007FF6155BBC80]
	(No symbol) [0x00007FF61559BFC3]
	(No symbol) [0x00007FF615569617]
	(No symbol) [0x00007FF61556A211]
	GetHandleVerifier [0x00007FF615A0946D+3301613]
	GetHandleVerifier [0x00007FF615A53693+3605267]
	GetHandleVerifier [0x00007FF615A49410+3563664]
	GetHandleVerifier [0x00007FF6157A42F6+790390]
	(No symbol) [0x00007FF6156774DF]
	(No symbol) [0x00007FF6156733D4]
	(No symbol) [0x00007FF615673562]
	(No symbol) [0x00007FF615662F6F]
	BaseThreadInitThunk [0x00007FFFE64E257D+29]
	RtlUserThreadStart [0x00007FFFE792AA48+40]
"><![CDATA[Traceback (most recent call last):
  File "c:\Users\luist\repos\Automatizaciones-SILOHUB-\Onboarding.py", line 200, in test_tenat_onboarding
    upload_file_after_click(self.driver, select_field3, element_archive_4, archive3)
  File "c:\Users\luist\repos\Automatizaciones-SILOHUB-\Elements.py", line 911, in upload_file_after_click
    upload_input_element.send_keys(file_path)
  File "C:\Users\luist\AppData\Roaming\Python\Python310\site-packages\selenium\webdriver\remote\webelement.py", line 231, in send_keys
    self._execute(
  File "C:\Users\luist\AppData\Roaming\Python\Python310\site-packages\selenium\webdriver\remote\webelement.py", line 395, in _execute
    return self._parent.execute(command, params)
  File "C:\Users\luist\AppData\Roaming\Python\Python310\site-packages\selenium\webdriver\remote\webdriver.py", line 348, in execute
    self.error_handler.check_response(response)
  File "C:\Users\luist\AppData\Roaming\Python\Python310\site-packages\selenium\webdriver\remote\errorhandler.py", line 229, in check_response
    raise exception_class(message, screen, stacktrace)
selenium.common.exceptions.InvalidArgumentException: Message: invalid argument: File not found : C:/Users/luist/OneDrive/Escritorio/Capturas de pantalla/2022-02-14 (5).png
  (Session info: chrome=125.0.6422.112)
Stacktrace:
	GetHandleVerifier [0x00007FF6156F1F22+60322]
	(No symbol) [0x00007FF61566CE99]
	(No symbol) [0x00007FF615527EBA]
	(No symbol) [0x00007FF61557028B]
	(No symbol) [0x00007FF61559C21A]
	(No symbol) [0x00007FF61556ADB6]
	(No symbol) [0x00007FF61559C430]
	(No symbol) [0x00007FF6155BBC80]
	(No symbol) [0x00007FF61559BFC3]
	(No symbol) [0x00007FF615569617]
	(No symbol) [0x00007FF61556A211]
	GetHandleVerifier [0x00007FF615A0946D+3301613]
	GetHandleVerifier [0x00007FF615A53693+3605267]
	GetHandleVerifier [0x00007FF615A49410+3563664]
	GetHandleVerifier [0x00007FF6157A42F6+790390]
	(No symbol) [0x00007FF6156774DF]
	(No symbol) [0x00007FF6156733D4]
	(No symbol) [0x00007FF615673562]
	(No symbol) [0x00007FF615662F6F]
	BaseThreadInitThunk [0x00007FFFE64E257D+29]
	RtlUserThreadStart [0x00007FFFE792AA48+40]

]]></error>
		<system-out><![CDATA[El texto es visible para el usuario
El texto fue validado correctamente: DOCUMENTACIÓN
El texto es visible para el usuario
El texto fue validado correctamente: Para poder continuar al siguiente paso, será obligatorio completar los campos que se muestran a continuación.
Error presente. Intentando con otro CUIT.
Error presente. Intentando con otro CUIT.
Error presente. Intentando con otro CUIT.
Error presente. Intentando con otro CUIT.
CUIT válido insertado: 13-85067394-7
Archivo 'C:/Users/luist/OneDrive/Escritorio/Facturas/Contratos-1023-JUAN DEMO.xls' cargado con éxito después de hacer clic en el chevron!
Checkbox con XPAHT '/html/body/app-root/app-layout/app-vertical/div/div/div/div/app-documentation-process/div/div/aw-wizard/div/app-account-type/div/div[3]/app-checks/div/input' seleccionado con éxito!
El texto es visible para el usuario
El texto fue validado correctamente: Estado Impositivo
El texto es visible para el usuario
El texto fue validado correctamente: Apertura de legajo
Archivo 'C:/Users/luist/OneDrive/Escritorio/Facturas/fractura Bezatbeth_files/factura Bezatbeth.pdf' cargado con éxito después de hacer clic en el chevron!
]]></system-out>
	</testcase>
</testsuite>
