<?xml version="1.0" encoding="UTF-8"?>
<testsuite name="CtaCtoDtalEntVta.detalle_ctro_entregaVentas-failed" tests="1" file="CtaCtoDtalEntVta.py" time="62.704" timestamp="2024-05-17T11:48:31" failures="0" errors="1" skipped="0">
	<testcase classname="CtaCtoDtalEntVta.detalle_ctro_entregaVentas" name="test_detail_deriverySales" time="62.704" timestamp="2024-05-17T11:48:31" file="CtaCtoDtalEntVta.py" line="22">
		<error type="ElementClickInterceptedException" message="Message: element click intercepted: Element is not clickable at point (292, 1459)
  (Session info: chrome=125.0.6422.60)
Stacktrace:
	GetHandleVerifier [0x00007FF626B422C2+60002]
	(No symbol) [0x00007FF626ABCA59]
	(No symbol) [0x00007FF626977EDA]
	(No symbol) [0x00007FF6269CF39E]
	(No symbol) [0x00007FF6269CCD62]
	(No symbol) [0x00007FF6269CA1FB]
	(No symbol) [0x00007FF6269C93C6]
	(No symbol) [0x00007FF6269BB4D1]
	(No symbol) [0x00007FF6269EC28A]
	(No symbol) [0x00007FF6269BADF6]
	(No symbol) [0x00007FF6269EC4A0]
	(No symbol) [0x00007FF626A0BCC7]
	(No symbol) [0x00007FF6269EC033]
	(No symbol) [0x00007FF6269B9657]
	(No symbol) [0x00007FF6269BA251]
	GetHandleVerifier [0x00007FF626E53E2D+3278285]
	GetHandleVerifier [0x00007FF626EA0190+3590448]
	GetHandleVerifier [0x00007FF626E961D0+3549552]
	GetHandleVerifier [0x00007FF626BF1DE6+779654]
	(No symbol) [0x00007FF626AC7ACF]
	(No symbol) [0x00007FF626AC2EE4]
	(No symbol) [0x00007FF626AC3072]
	(No symbol) [0x00007FF626AB2C4F]
	BaseThreadInitThunk [0x00007FFAAEB4257D+29]
	RtlUserThreadStart [0x00007FFAAFA8AA48+40]
"><![CDATA[Traceback (most recent call last):
  File "c:\Users\luist\repos\Automatizaciones-SILOHUB-\CtaCtoDtalEntVta.py", line 199, in test_detail_deriverySales
    click_checkbox_xpaht(self.driver, select_moviments )
  File "c:\Users\luist\repos\Automatizaciones-SILOHUB-\Elements.py", line 456, in click_checkbox_xpaht
    checkbox_element.click()
  File "C:\Users\luist\AppData\Roaming\Python\Python310\site-packages\selenium\webdriver\remote\webelement.py", line 94, in click
    self._execute(Command.CLICK_ELEMENT)
  File "C:\Users\luist\AppData\Roaming\Python\Python310\site-packages\selenium\webdriver\remote\webelement.py", line 395, in _execute
    return self._parent.execute(command, params)
  File "C:\Users\luist\AppData\Roaming\Python\Python310\site-packages\selenium\webdriver\remote\webdriver.py", line 348, in execute
    self.error_handler.check_response(response)
  File "C:\Users\luist\AppData\Roaming\Python\Python310\site-packages\selenium\webdriver\remote\errorhandler.py", line 229, in check_response
    raise exception_class(message, screen, stacktrace)
selenium.common.exceptions.ElementClickInterceptedException: Message: element click intercepted: Element is not clickable at point (292, 1459)
  (Session info: chrome=125.0.6422.60)
Stacktrace:
	GetHandleVerifier [0x00007FF626B422C2+60002]
	(No symbol) [0x00007FF626ABCA59]
	(No symbol) [0x00007FF626977EDA]
	(No symbol) [0x00007FF6269CF39E]
	(No symbol) [0x00007FF6269CCD62]
	(No symbol) [0x00007FF6269CA1FB]
	(No symbol) [0x00007FF6269C93C6]
	(No symbol) [0x00007FF6269BB4D1]
	(No symbol) [0x00007FF6269EC28A]
	(No symbol) [0x00007FF6269BADF6]
	(No symbol) [0x00007FF6269EC4A0]
	(No symbol) [0x00007FF626A0BCC7]
	(No symbol) [0x00007FF6269EC033]
	(No symbol) [0x00007FF6269B9657]
	(No symbol) [0x00007FF6269BA251]
	GetHandleVerifier [0x00007FF626E53E2D+3278285]
	GetHandleVerifier [0x00007FF626EA0190+3590448]
	GetHandleVerifier [0x00007FF626E961D0+3549552]
	GetHandleVerifier [0x00007FF626BF1DE6+779654]
	(No symbol) [0x00007FF626AC7ACF]
	(No symbol) [0x00007FF626AC2EE4]
	(No symbol) [0x00007FF626AC3072]
	(No symbol) [0x00007FF626AB2C4F]
	BaseThreadInitThunk [0x00007FFAAEB4257D+29]
	RtlUserThreadStart [0x00007FFAAFA8AA48+40]

]]></error>
		<system-out><![CDATA[¡Elemento encontrado y clickeado 3 veces con éxito!
¡Elemento encontrado y clickeado 2 veces con éxito!
¡Elemento encontrado y clickeado 3 veces con éxito!
El texto encontrado es  Estado De Mis Contratos
El texto es visible para el usuario
El texto fue validado correctamente: Contrato 108280
El texto es visible para el usuario
El texto fue validado correctamente: De Maiz
El texto no coincide con los valores esperados. Texto actual: '5.000,00 QQ'
El texto es visible para el usuario
El texto fue validado correctamente: Mis Entregas
El texto es visible para el usuario
El texto fue validado correctamente: Producto
El texto es visible para el usuario
El texto fue validado correctamente: Maiz
El texto es visible para el usuario
El texto fue validado correctamente: Fecha
El texto es visible para el usuario
El texto fue validado correctamente: 15/03/2022
El texto es visible para el usuario: 'QQ Brutos'
El valor es un carácter numérico. Valor: 291,80
El texto es visible para el usuario
El texto fue validado correctamente: Humedad
El valor es un carácter numérico. Valor: 15,70%
El texto es visible para el usuario
El texto fue validado correctamente: Zaranda
El valor es un carácter numérico. Valor: 0,00%
El texto es visible para el usuario
El texto fue validado correctamente: Volátil
El valor es un carácter numérico. Valor: 0,30%
El texto es visible para el usuario
El texto fue validado correctamente: Factor/Grado
El valor es un carácter numérico. Valor: 100/2
El texto es visible para el usuario: 'QQ Netos'
El valor es un carácter numérico. Valor: 32,82
El texto es visible para el usuario
El texto fue validado correctamente: CTG/CRT
El valor es un carácter numérico. Valor: 0010010102308045
]]></system-out>
	</testcase>
</testsuite>
