<?xml version="1.0" encoding="UTF-8"?>
<testsuite name="ctacte_aplicada.cuenta_ctacte_aplicada-failed" tests="1" file="ctacte_aplicada.py" time="58.714" timestamp="2024-07-02T16:23:11" failures="0" errors="0" skipped="0">
	<testcase classname="ctacte_aplicada.cuenta_ctacte_aplicada" name="test_ctacte_aplicada" time="58.714" timestamp="2024-07-02T16:23:11" file="ctacte_aplicada.py" line="17">
		<system-out><![CDATA[¡Elemento encontrado y clickeado 9 veces con éxito!
¡Elemento encontrado y clickeado 2 veces con éxito!
El texto encontrado es  CUENTA CORRIENTE APLICADA
El valor es un carácter numérico. Valor: -171.122.569,49
El valor es un carácter numérico. Valor: -51.213.438,74
El valor es un carácter numérico. Valor: -2.912.909,27
El texto encontrado es  CUENTA CORRIENTE
El texto encontrado es  Movimiento FC 1051 00014218
El texto encontrado es  USD 738,10
El texto encontrado es  SILO BOLSA-
]]></system-out>
	</testcase>
</testsuite>
