<?xml version="1.0" encoding="UTF-8"?>
<testsuite name="Profile_User.Perfil_Usuario-failed" tests="1" file="Profile_User.py" time="88.538" timestamp="2024-05-24T11:04:16" failures="0" errors="0" skipped="0">
	<testcase classname="Profile_User.Perfil_Usuario" name="test_Profile_User" time="88.538" timestamp="2024-05-24T11:04:16" file="Profile_User.py" line="21">
		<system-out><![CDATA[El texto encontrado es  MIS DATOS
El texto encontrado es  Datos personales
¡Input encontrado y enviado con éxito!
¡Input encontrado y enviado con éxito!
¡Input encontrado y enviado con éxito!
¡Input encontrado y enviado con éxito!
¡Input encontrado y enviado con éxito!
Tiempo de espera agotado. El chevron no están presentes o no son clickeables.
¡Input encontrado y enviado con éxito!
¡Input encontrado y enviado con éxito!
Perfil guardado con éxito
]]></system-out>
	</testcase>
</testsuite>
