<?xml version="1.0" encoding="UTF-8"?>
<testsuite name="ctacte_histórica.cuenta_ctacte_historica-failed" tests="1" file="ctacte_histórica.py" time="60.030" timestamp="2024-07-13T12:20:09" failures="0" errors="0" skipped="0">
	<testcase classname="ctacte_histórica.cuenta_ctacte_historica" name="test_ctacte_historica" time="60.030" timestamp="2024-07-13T12:20:09" file="ctacte_histórica.py" line="17">
		<system-out><![CDATA[¡Elemento encontrado y clickeado 13 veces con éxito!
¡Elemento encontrado y clickeado 1 veces con éxito!
El texto encontrado es  CUENTA CORRIENTE
El valor es un carácter numérico. Valor: 145.869.433,96
El valor es un carácter numérico. Valor: 897.440,38
El texto encontrado es  CUENTA CORRIENTE
El texto encontrado es  Movimiento ED 0011 00285494
El texto encontrado es  + ARS 2.487.087,83
El texto encontrado es  IMPUTACION CANJE
]]></system-out>
	</testcase>
</testsuite>
