<?xml version="1.0" encoding="UTF-8"?>
<testsuite name="EntregasAplicadas.cta_entregasAplicadas-failed" tests="2" file="EntregasAplicadas.py" time="138.321" timestamp="2024-06-06T12:52:28" failures="0" errors="2" skipped="0">
	<testcase classname="EntregasAplicadas.cta_entregasAplicadas" name="test_delivery_applied" time="0.000" timestamp="0001-01-01T00:00:00" file="EntregasAplicadas.py" line="22">
		<error type="AttributeError" message="'NoneType' object has no attribute 'is_displayed'"><![CDATA[Traceback (most recent call last):
  File "c:\Users\luist\repos\Automatizaciones-SILOHUB-\EntregasAplicadas.py", line 207, in test_delivery_applied
    validate_text_visible_selector(self.driver, data_analysis,  data_analysis_expected  )
  File "c:\Users\luist\repos\Automatizaciones-SILOHUB-\Elements.py", line 1154, in validate_text_visible_selector
    is_visible = element.is_displayed()
AttributeError: 'NoneType' object has no attribute 'is_displayed'
]]></error>
		<system-out><![CDATA[El texto encontrado es  MIS ENTREGAS
¡Elemento encontrado y clickeado 2 veces con éxito!
¡Elemento encontrado y clickeado 5 veces con éxito!
¡Elemento encontrado y clickeado 2 veces con éxito!
El texto es visible para el usuario: '9.922,10'
El texto es visible para el usuario: '9.826,76'
Tiempo de espera agotado. El elemento no está presente o no es clickeable.
El texto es visible para el usuario
El texto fue validado correctamente: Entrega TK 9999 00074351
El texto es visible para el usuario: '303,30 QQ'
El texto es visible para el usuario
El texto fue validado correctamente: De Maiz
El texto es visible para el usuario
El texto fue validado correctamente: DATOS DE LA ENTREGA
El texto es visible para el usuario
El texto fue validado correctamente: 23/02/2022
El texto es visible para el usuario
El texto fue validado correctamente: 21/22
El texto es visible para el usuario
El texto fue validado correctamente: JUAN DEMO
El texto es visible para el usuario
El texto fue validado correctamente: 1032 El Rincon
El texto es visible para el usuario
El texto fue validado correctamente: ANÁLISIS
]]></system-out>
	</testcase>
	<testcase classname="EntregasAplicadas.cta_entregasAplicadas" name="test_delivery_applied" time="138.321" timestamp="2024-06-06T12:52:28" file="EntregasAplicadas.py" line="22">
		<error type="NoSuchWindowException" message="Message: no such window: target window already closed
from unknown error: web view not found
  (Session info: chrome=125.0.6422.142)
Stacktrace:
	GetHandleVerifier [0x00007FF6A6381F52+60322]
	(No symbol) [0x00007FF6A62FCEC9]
	(No symbol) [0x00007FF6A61B7EBA]
	(No symbol) [0x00007FF6A618D5A5]
	(No symbol) [0x00007FF6A62336B7]
	(No symbol) [0x00007FF6A623A812]
	(No symbol) [0x00007FF6A622C1E0]
	(No symbol) [0x00007FF6A61F9617]
	(No symbol) [0x00007FF6A61FA211]
	GetHandleVerifier [0x00007FF6A66994AD+3301629]
	GetHandleVerifier [0x00007FF6A66E36D3+3605283]
	GetHandleVerifier [0x00007FF6A66D9450+3563680]
	GetHandleVerifier [0x00007FF6A6434326+790390]
	(No symbol) [0x00007FF6A630750F]
	(No symbol) [0x00007FF6A6303404]
	(No symbol) [0x00007FF6A6303592]
	(No symbol) [0x00007FF6A62F2F9F]
	BaseThreadInitThunk [0x00007FFBED37257D+29]
	RtlUserThreadStart [0x00007FFBEECEAA48+40]
"><![CDATA[Traceback (most recent call last):
  File "c:\Users\luist\repos\Automatizaciones-SILOHUB-\EntregasAplicadas.py", line 232, in tearDown
    self.driver.close()
  File "C:\Users\luist\AppData\Roaming\Python\Python310\site-packages\selenium\webdriver\remote\webdriver.py", line 459, in close
    self.execute(Command.CLOSE)
  File "C:\Users\luist\AppData\Roaming\Python\Python310\site-packages\selenium\webdriver\remote\webdriver.py", line 348, in execute
    self.error_handler.check_response(response)
  File "C:\Users\luist\AppData\Roaming\Python\Python310\site-packages\selenium\webdriver\remote\errorhandler.py", line 229, in check_response
    raise exception_class(message, screen, stacktrace)
selenium.common.exceptions.NoSuchWindowException: Message: no such window: target window already closed
from unknown error: web view not found
  (Session info: chrome=125.0.6422.142)
Stacktrace:
	GetHandleVerifier [0x00007FF6A6381F52+60322]
	(No symbol) [0x00007FF6A62FCEC9]
	(No symbol) [0x00007FF6A61B7EBA]
	(No symbol) [0x00007FF6A618D5A5]
	(No symbol) [0x00007FF6A62336B7]
	(No symbol) [0x00007FF6A623A812]
	(No symbol) [0x00007FF6A622C1E0]
	(No symbol) [0x00007FF6A61F9617]
	(No symbol) [0x00007FF6A61FA211]
	GetHandleVerifier [0x00007FF6A66994AD+3301629]
	GetHandleVerifier [0x00007FF6A66E36D3+3605283]
	GetHandleVerifier [0x00007FF6A66D9450+3563680]
	GetHandleVerifier [0x00007FF6A6434326+790390]
	(No symbol) [0x00007FF6A630750F]
	(No symbol) [0x00007FF6A6303404]
	(No symbol) [0x00007FF6A6303592]
	(No symbol) [0x00007FF6A62F2F9F]
	BaseThreadInitThunk [0x00007FFBED37257D+29]
	RtlUserThreadStart [0x00007FFBEECEAA48+40]

]]></error>
		<system-out><![CDATA[El texto encontrado es  MIS ENTREGAS
¡Elemento encontrado y clickeado 2 veces con éxito!
¡Elemento encontrado y clickeado 5 veces con éxito!
¡Elemento encontrado y clickeado 2 veces con éxito!
El texto es visible para el usuario: '9.922,10'
El texto es visible para el usuario: '9.826,76'
Tiempo de espera agotado. El elemento no está presente o no es clickeable.
El texto es visible para el usuario
El texto fue validado correctamente: Entrega TK 9999 00074351
El texto es visible para el usuario: '303,30 QQ'
El texto es visible para el usuario
El texto fue validado correctamente: De Maiz
El texto es visible para el usuario
El texto fue validado correctamente: DATOS DE LA ENTREGA
El texto es visible para el usuario
El texto fue validado correctamente: 23/02/2022
El texto es visible para el usuario
El texto fue validado correctamente: 21/22
El texto es visible para el usuario
El texto fue validado correctamente: JUAN DEMO
El texto es visible para el usuario
El texto fue validado correctamente: 1032 El Rincon
El texto es visible para el usuario
El texto fue validado correctamente: ANÁLISIS
]]></system-out>
	</testcase>
</testsuite>
