<?xml version="1.0" encoding="UTF-8"?>
<testsuite name="CtaCte_HistoAvenver.cuenta_ctacte_histAvencer-failed" tests="1" file="CtaCte_HistoAvenver.py" time="108.440" timestamp="2024-07-13T12:25:06" failures="0" errors="1" skipped="0">
	<testcase classname="CtaCte_HistoAvenver.cuenta_ctacte_histAvencer" name="test_ctacte_historica" time="108.440" timestamp="2024-07-13T12:25:06" file="CtaCte_HistoAvenver.py" line="17">
		<error type="NoSuchElementException" message="Message: no such element: Unable to locate element: {&quot;method&quot;:&quot;xpath&quot;,&quot;selector&quot;:&quot;/html/body/app-root/app-layout/app-vertical/div/div/div/div/app-current-account/div/div/div[3]/app-current-account-file-list/app-header-for-responsive-table/div/div/div[1]/div/div[1]/app-totalizer/div/div/div[2]/div[2]/span[1]&quot;}
  (Session info: chrome=126.0.6478.127); For documentation on this error, please visit: https://www.selenium.dev/documentation/webdriver/troubleshooting/errors#no-such-element-exception
Stacktrace:
	GetHandleVerifier [0x00007FF6C711EEA2+31554]
	(No symbol) [0x00007FF6C7097ED9]
	(No symbol) [0x00007FF6C6F5872A]
	(No symbol) [0x00007FF6C6FA8434]
	(No symbol) [0x00007FF6C6FA853C]
	(No symbol) [0x00007FF6C6FEF6A7]
	(No symbol) [0x00007FF6C6FCD06F]
	(No symbol) [0x00007FF6C6FEC977]
	(No symbol) [0x00007FF6C6FCCDD3]
	(No symbol) [0x00007FF6C6F9A33B]
	(No symbol) [0x00007FF6C6F9AED1]
	GetHandleVerifier [0x00007FF6C7428B1D+3217341]
	GetHandleVerifier [0x00007FF6C7475AE3+3532675]
	GetHandleVerifier [0x00007FF6C746B0E0+3489152]
	GetHandleVerifier [0x00007FF6C71CE776+750614]
	(No symbol) [0x00007FF6C70A375F]
	(No symbol) [0x00007FF6C709EB14]
	(No symbol) [0x00007FF6C709ECA2]
	(No symbol) [0x00007FF6C708E16F]
	BaseThreadInitThunk [0x00007FFBD5F8257D+29]
	RtlUserThreadStart [0x00007FFBD704AF28+40]
"><![CDATA[Traceback (most recent call last):
  File "c:\Users\luist\repos\Automatizaciones-SILOHUB-\CtaCte_HistoAvenver.py", line 115, in test_ctacte_historica
    validate_character_numeric_element(self.driver, balance_ars)
  File "c:\Users\luist\repos\Automatizaciones-SILOHUB-\Elements.py", line 1147, in validate_character_numeric_element
    elemento = driver.find_element(By.XPATH, xpath)
  File "C:\Users\luist\AppData\Roaming\Python\Python310\site-packages\selenium\webdriver\remote\webdriver.py", line 742, in find_element
    return self.execute(Command.FIND_ELEMENT, {"using": by, "value": value})["value"]
  File "C:\Users\luist\AppData\Roaming\Python\Python310\site-packages\selenium\webdriver\remote\webdriver.py", line 348, in execute
    self.error_handler.check_response(response)
  File "C:\Users\luist\AppData\Roaming\Python\Python310\site-packages\selenium\webdriver\remote\errorhandler.py", line 229, in check_response
    raise exception_class(message, screen, stacktrace)
selenium.common.exceptions.NoSuchElementException: Message: no such element: Unable to locate element: {"method":"xpath","selector":"/html/body/app-root/app-layout/app-vertical/div/div/div/div/app-current-account/div/div/div[3]/app-current-account-file-list/app-header-for-responsive-table/div/div/div[1]/div/div[1]/app-totalizer/div/div/div[2]/div[2]/span[1]"}
  (Session info: chrome=126.0.6478.127); For documentation on this error, please visit: https://www.selenium.dev/documentation/webdriver/troubleshooting/errors#no-such-element-exception
Stacktrace:
	GetHandleVerifier [0x00007FF6C711EEA2+31554]
	(No symbol) [0x00007FF6C7097ED9]
	(No symbol) [0x00007FF6C6F5872A]
	(No symbol) [0x00007FF6C6FA8434]
	(No symbol) [0x00007FF6C6FA853C]
	(No symbol) [0x00007FF6C6FEF6A7]
	(No symbol) [0x00007FF6C6FCD06F]
	(No symbol) [0x00007FF6C6FEC977]
	(No symbol) [0x00007FF6C6FCCDD3]
	(No symbol) [0x00007FF6C6F9A33B]
	(No symbol) [0x00007FF6C6F9AED1]
	GetHandleVerifier [0x00007FF6C7428B1D+3217341]
	GetHandleVerifier [0x00007FF6C7475AE3+3532675]
	GetHandleVerifier [0x00007FF6C746B0E0+3489152]
	GetHandleVerifier [0x00007FF6C71CE776+750614]
	(No symbol) [0x00007FF6C70A375F]
	(No symbol) [0x00007FF6C709EB14]
	(No symbol) [0x00007FF6C709ECA2]
	(No symbol) [0x00007FF6C708E16F]
	BaseThreadInitThunk [0x00007FFBD5F8257D+29]
	RtlUserThreadStart [0x00007FFBD704AF28+40]

]]></error>
		<system-out><![CDATA[¡Elemento encontrado y clickeado 7 veces con éxito!
¡Elemento encontrado y clickeado 4 veces con éxito!
Tiempo de espera agotado. El texto por xpaht no está presente.
]]></system-out>
	</testcase>
</testsuite>
