<?xml version="1.0" encoding="UTF-8"?>
<testsuite name="ctacte_apliAcobrar.cta_cte_apliAcobrar-failed" tests="1" file="ctacte_apliAcobrar.py" time="56.386" timestamp="2024-06-26T12:39:36" failures="0" errors="0" skipped="0">
	<testcase classname="ctacte_apliAcobrar.cta_cte_apliAcobrar" name="test_ctacte_aplicada" time="56.386" timestamp="2024-06-26T12:39:36" file="ctacte_apliAcobrar.py" line="17">
		<system-out><![CDATA[¡Elemento encontrado y clickeado 8 veces con éxito!
¡Elemento encontrado y clickeado 2 veces con éxito!
El texto encontrado es  Cuenta Corriente Aplicada
El valor es un carácter numérico. Valor: 45.348,34
El valor es un carácter numérico. Valor: 2.493,50
El valor es un carácter numérico. Valor: 254,10
El texto encontrado es  CUENTA CORRIENTE
El texto encontrado es  Movimiento NC 1051 00007140
El texto encontrado es  USD 236,68
El texto encontrado es  NC Bonificacion afecta a fra. 1051-14310-(3 bidon
]]></system-out>
	</testcase>
</testsuite>
