<?xml version="1.0" encoding="UTF-8"?>
<testsuite name="ctacte_ApliAvencer.cta_cte_apliAvencer-failed" tests="1" file="ctacte_ApliAvencer.py" time="88.554" timestamp="2024-06-26T12:42:07" failures="0" errors="0" skipped="0">
	<testcase classname="ctacte_ApliAvencer.cta_cte_apliAvencer" name="test_ctacte_apliAvencer" time="88.554" timestamp="2024-06-26T12:42:07" file="ctacte_ApliAvencer.py" line="17">
		<system-out><![CDATA[¡Elemento encontrado y clickeado 8 veces con éxito!
¡Elemento encontrado y clickeado 2 veces con éxito!
El texto encontrado es  Cuenta Corriente Aplicada
El valor es un carácter numérico. Valor: -29.219.949,78
El valor es un carácter numérico. Valor: 0,00
El valor es un carácter numérico. Valor: -371.873,06
El texto encontrado es  CUENTA CORRIENTE
El texto encontrado es  Movimiento NC 1051 00007141
Tiempo de espera agotado. El texto por texto no está presente.
El texto encontrado es  NC Bonificacion afecta a fra. 1051-14357-(Bidon c
]]></system-out>
	</testcase>
</testsuite>
