<?xml version="1.0" encoding="UTF-8"?>
<testsuite name="Home.HomeTenant-failed" tests="1" file="Home.py" time="25.022" timestamp="2024-05-17T11:42:05" failures="0" errors="0" skipped="0">
	<testcase classname="Home.HomeTenant" name="test_start_tenant" time="25.022" timestamp="2024-05-17T11:42:05" file="Home.py" line="19">
		<system-out><![CDATA[El texto encontrado es  Buen día JUAN DEMO!
El texto encontrado es  VENCIDO A HOY
El texto encontrado es  ARS
El valor es un carácter numérico. Valor: 1.642.624.183,60
El texto encontrado es  VENCIDO A HOY
El texto encontrado es  USD
El valor es un carácter numérico. Valor: 1.774.378,57
El texto encontrado es  A VENCER
El texto encontrado es  ARS
El valor es un carácter numérico. Valor: 00,00
El texto encontrado es  A VENCER
El texto encontrado es  USD
El valor es un carácter numérico. Valor: 1.717.052,07
]]></system-out>
	</testcase>
</testsuite>
