<?xml version="1.0" encoding="UTF-8"?>
<testsuite name="insumos_producto.insumosProductos-failed" tests="1" file="insumos_producto.py" time="246.923" timestamp="2024-07-13T11:54:38" failures="0" errors="1" skipped="0">
	<testcase classname="insumos_producto.insumosProductos" name="test_supplies_products" time="246.923" timestamp="2024-07-13T11:54:38" file="insumos_producto.py" line="19">
		<error type="RecursionError" message="maximum recursion depth exceeded while calling a Python object"><![CDATA[Traceback (most recent call last):
  File "c:\Users\luist\repos\Automatizaciones-SILOHUB-\insumos_producto.py", line 110, in test_supplies_products
    displace_element_clear_send_keys(self.driver, inser_new_amount,  send_new_amount)
  File "c:\Users\luist\repos\Automatizaciones-SILOHUB-\Elements.py", line 567, in displace_element_clear_send_keys
    displace_element_clear_send_keys(driver, xpath, new_amount)
  File "c:\Users\luist\repos\Automatizaciones-SILOHUB-\Elements.py", line 567, in displace_element_clear_send_keys
    displace_element_clear_send_keys(driver, xpath, new_amount)
  File "c:\Users\luist\repos\Automatizaciones-SILOHUB-\Elements.py", line 567, in displace_element_clear_send_keys
    displace_element_clear_send_keys(driver, xpath, new_amount)
  [Previous line repeated 954 more times]
  File "c:\Users\luist\repos\Automatizaciones-SILOHUB-\Elements.py", line 540, in displace_element_clear_send_keys
    element = WebDriverWait(driver, 10).until(
  File "C:\Users\luist\AppData\Roaming\Python\Python310\site-packages\selenium\webdriver\support\wait.py", line 96, in until
    value = method(self._driver)
  File "C:\Users\luist\AppData\Roaming\Python\Python310\site-packages\selenium\webdriver\support\expected_conditions.py", line 156, in _predicate
    return _element_if_visible(driver.find_element(*locator))
  File "C:\Users\luist\AppData\Roaming\Python\Python310\site-packages\selenium\webdriver\support\expected_conditions.py", line 179, in _element_if_visible
    return element if element.is_displayed() == visibility else False
  File "C:\Users\luist\AppData\Roaming\Python\Python310\site-packages\selenium\webdriver\remote\webelement.py", line 252, in is_displayed
    return self.parent.execute_script(f"/* isDisplayed */return ({isDisplayed_js}).apply(null, arguments);", self)
  File "C:\Users\luist\AppData\Roaming\Python\Python310\site-packages\selenium\webdriver\remote\webdriver.py", line 408, in execute_script
    return self.execute(command, {"script": script, "args": converted_args})["value"]
  File "C:\Users\luist\AppData\Roaming\Python\Python310\site-packages\selenium\webdriver\remote\webdriver.py", line 346, in execute
    response = self.command_executor.execute(driver_command, params)
  File "C:\Users\luist\AppData\Roaming\Python\Python310\site-packages\selenium\webdriver\remote\remote_connection.py", line 300, in execute
    return self._request(command_info[0], url, body=data)
  File "C:\Users\luist\AppData\Roaming\Python\Python310\site-packages\selenium\webdriver\remote\remote_connection.py", line 321, in _request
    response = self._conn.request(method, url, body=body, headers=headers)
  File "C:\Users\luist\AppData\Roaming\Python\Python310\site-packages\urllib3\request.py", line 78, in request
    return self.request_encode_body(
  File "C:\Users\luist\AppData\Roaming\Python\Python310\site-packages\urllib3\request.py", line 170, in request_encode_body
    return self.urlopen(method, url, **extra_kw)
  File "C:\Users\luist\AppData\Roaming\Python\Python310\site-packages\urllib3\poolmanager.py", line 376, in urlopen
    response = conn.urlopen(method, u.request_uri, **kw)
  File "C:\Users\luist\AppData\Roaming\Python\Python310\site-packages\urllib3\connectionpool.py", line 703, in urlopen
    httplib_response = self._make_request(
  File "C:\Users\luist\AppData\Roaming\Python\Python310\site-packages\urllib3\connectionpool.py", line 449, in _make_request
    six.raise_from(e, None)
  File "<string>", line 3, in raise_from
  File "C:\Users\luist\AppData\Roaming\Python\Python310\site-packages\urllib3\connectionpool.py", line 444, in _make_request
    httplib_response = conn.getresponse()
  File "C:\Program Files\Python310\lib\http\client.py", line 1374, in getresponse
    response.begin()
  File "C:\Program Files\Python310\lib\http\client.py", line 337, in begin
    self.headers = self.msg = parse_headers(self.fp)
  File "C:\Program Files\Python310\lib\http\client.py", line 236, in parse_headers
    return email.parser.Parser(_class=_class).parsestr(hstring)
  File "C:\Program Files\Python310\lib\email\parser.py", line 67, in parsestr
    return self.parse(StringIO(text), headersonly=headersonly)
  File "C:\Program Files\Python310\lib\email\parser.py", line 56, in parse
    feedparser.feed(data)
  File "C:\Program Files\Python310\lib\email\feedparser.py", line 176, in feed
    self._call_parse()
  File "C:\Program Files\Python310\lib\email\feedparser.py", line 180, in _call_parse
    self._parse()
  File "C:\Program Files\Python310\lib\email\feedparser.py", line 295, in _parsegen
    if self._cur.get_content_maintype() == 'message':
  File "C:\Program Files\Python310\lib\email\message.py", line 594, in get_content_maintype
    ctype = self.get_content_type()
  File "C:\Program Files\Python310\lib\email\message.py", line 578, in get_content_type
    value = self.get('content-type', missing)
  File "C:\Program Files\Python310\lib\email\message.py", line 471, in get
    return self.policy.header_fetch_parse(k, v)
  File "C:\Program Files\Python310\lib\email\_policybase.py", line 316, in header_fetch_parse
    return self._sanitize_header(name, value)
  File "C:\Program Files\Python310\lib\email\_policybase.py", line 287, in _sanitize_header
    if _has_surrogates(value):
  File "C:\Program Files\Python310\lib\email\utils.py", line 57, in _has_surrogates
    s.encode()
RecursionError: maximum recursion depth exceeded while calling a Python object
]]></error>
		<system-out><![CDATA[El texto encontrado es  PRODUCTOS
¡Input encontrado y enviado con éxito!
¡Valor '30 días' ingresado y opción seleccionada con éxito!
El texto encontrado es  Productos Seleccionados
El texto no fue encontrado Herbicida 2-4 DB 96% Rainwon x 20 lts RAINWON AGRO
¡Input encontrado y enviado con éxito!
Elemento obsoleto después de desplazarse. Intentando recuperarlo y reintentar...
Elemento obsoleto después de desplazarse. Intentando recuperarlo y reintentar...
Elemento obsoleto después de desplazarse. Intentando recuperarlo y reintentar...
Elemento obsoleto después de desplazarse. Intentando recuperarlo y reintentar...
Elemento obsoleto después de desplazarse. Intentando recuperarlo y reintentar...
Elemento obsoleto después de desplazarse. Intentando recuperarlo y reintentar...
Elemento obsoleto después de desplazarse. Intentando recuperarlo y reintentar...
Elemento obsoleto después de desplazarse. Intentando recuperarlo y reintentar...
Elemento obsoleto después de desplazarse. Intentando recuperarlo y reintentar...
Elemento obsoleto después de desplazarse. Intentando recuperarlo y reintentar...
Elemento obsoleto después de desplazarse. Intentando recuperarlo y reintentar...
Elemento obsoleto después de desplazarse. Intentando recuperarlo y reintentar...
Elemento obsoleto después de desplazarse. Intentando recuperarlo y reintentar...
Elemento obsoleto después de desplazarse. Intentando recuperarlo y reintentar...
Elemento obsoleto después de desplazarse. Intentando recuperarlo y reintentar...
Elemento obsoleto después de desplazarse. Intentando recuperarlo y reintentar...
Elemento obsoleto después de desplazarse. Intentando recuperarlo y reintentar...
Elemento obsoleto después de desplazarse. Intentando recuperarlo y reintentar...
Elemento obsoleto después de desplazarse. Intentando recuperarlo y reintentar...
Elemento obsoleto después de desplazarse. Intentando recuperarlo y reintentar...
Elemento obsoleto después de desplazarse. Intentando recuperarlo y reintentar...
Elemento obsoleto después de desplazarse. Intentando recuperarlo y reintentar...
Elemento obsoleto después de desplazarse. Intentando recuperarlo y reintentar...
Elemento obsoleto después de desplazarse. Intentando recuperarlo y reintentar...
Elemento obsoleto después de desplazarse. Intentando recuperarlo y reintentar...
Elemento obsoleto después de desplazarse. Intentando recuperarlo y reintentar...
Elemento obsoleto después de desplazarse. Intentando recuperarlo y reintentar...
Elemento obsoleto después de desplazarse. Intentando recuperarlo y reintentar...
Elemento obsoleto después de desplazarse. Intentando recuperarlo y reintentar...
Elemento obsoleto después de desplazarse. Intentando recuperarlo y reintentar...
Elemento obsoleto después de desplazarse. Intentando recuperarlo y reintentar...
Elemento obsoleto después de desplazarse. Intentando recuperarlo y reintentar...
Elemento obsoleto después de desplazarse. Intentando recuperarlo y reintentar...
Elemento obsoleto después de desplazarse. Intentando recuperarlo y reintentar...
Elemento obsoleto después de desplazarse. Intentando recuperarlo y reintentar...
Elemento obsoleto después de desplazarse. Intentando recuperarlo y reintentar...
Elemento obsoleto después de desplazarse. Intentando recuperarlo y reintentar...
Elemento obsoleto después de desplazarse. Intentando recuperarlo y reintentar...
Elemento obsoleto después de desplazarse. Intentando recuperarlo y reintentar...
Elemento obsoleto después de desplazarse. Intentando recuperarlo y reintentar...
Elemento obsoleto después de desplazarse. Intentando recuperarlo y reintentar...
Elemento obsoleto después de desplazarse. Intentando recuperarlo y reintentar...
Elemento obsoleto después de desplazarse. Intentando recuperarlo y reintentar...
Elemento obsoleto después de desplazarse. Intentando recuperarlo y reintentar...
Elemento obsoleto después de desplazarse. Intentando recuperarlo y reintentar...
Elemento obsoleto después de desplazarse. Intentando recuperarlo y reintentar...
Elemento obsoleto después de desplazarse. Intentando recuperarlo y reintentar...
Elemento obsoleto después de desplazarse. Intentando recuperarlo y reintentar...
Elemento obsoleto después de desplazarse. Intentando recuperarlo y reintentar...
Elemento obsoleto después de desplazarse. Intentando recuperarlo y reintentar...
Elemento obsoleto después de desplazarse. Intentando recuperarlo y reintentar...
Elemento obsoleto después de desplazarse. Intentando recuperarlo y reintentar...
Elemento obsoleto después de desplazarse. Intentando recuperarlo y reintentar...
Elemento obsoleto después de desplazarse. Intentando recuperarlo y reintentar...
Elemento obsoleto después de desplazarse. Intentando recuperarlo y reintentar...
Elemento obsoleto después de desplazarse. Intentando recuperarlo y reintentar...
Elemento obsoleto después de desplazarse. Intentando recuperarlo y reintentar...
Elemento obsoleto después de desplazarse. Intentando recuperarlo y reintentar...
Elemento obsoleto después de desplazarse. Intentando recuperarlo y reintentar...
Elemento obsoleto después de desplazarse. Intentando recuperarlo y reintentar...
Elemento obsoleto después de desplazarse. Intentando recuperarlo y reintentar...
Elemento obsoleto después de desplazarse. Intentando recuperarlo y reintentar...
Elemento obsoleto después de desplazarse. Intentando recuperarlo y reintentar...
Elemento obsoleto después de desplazarse. Intentando recuperarlo y reintentar...
Elemento obsoleto después de desplazarse. Intentando recuperarlo y reintentar...
Elemento obsoleto después de desplazarse. Intentando recuperarlo y reintentar...
Elemento obsoleto después de desplazarse. Intentando recuperarlo y reintentar...
Elemento obsoleto después de desplazarse. Intentando recuperarlo y reintentar...
Elemento obsoleto después de desplazarse. Intentando recuperarlo y reintentar...
Elemento obsoleto después de desplazarse. Intentando recuperarlo y reintentar...
Elemento obsoleto después de desplazarse. Intentando recuperarlo y reintentar...
Elemento obsoleto después de desplazarse. Intentando recuperarlo y reintentar...
Elemento obsoleto después de desplazarse. Intentando recuperarlo y reintentar...
Elemento obsoleto después de desplazarse. Intentando recuperarlo y reintentar...
Elemento obsoleto después de desplazarse. Intentando recuperarlo y reintentar...
Elemento obsoleto después de desplazarse. Intentando recuperarlo y reintentar...
Elemento obsoleto después de desplazarse. Intentando recuperarlo y reintentar...
Elemento obsoleto después de desplazarse. Intentando recuperarlo y reintentar...
Elemento obsoleto después de desplazarse. Intentando recuperarlo y reintentar...
Elemento obsoleto después de desplazarse. Intentando recuperarlo y reintentar...
Elemento obsoleto después de desplazarse. Intentando recuperarlo y reintentar...
Elemento obsoleto después de desplazarse. Intentando recuperarlo y reintentar...
Elemento obsoleto después de desplazarse. Intentando recuperarlo y reintentar...
Elemento obsoleto después de desplazarse. Intentando recuperarlo y reintentar...
Elemento obsoleto después de desplazarse. Intentando recuperarlo y reintentar...
Elemento obsoleto después de desplazarse. Intentando recuperarlo y reintentar...
Elemento obsoleto después de desplazarse. Intentando recuperarlo y reintentar...
Elemento obsoleto después de desplazarse. Intentando recuperarlo y reintentar...
Elemento obsoleto después de desplazarse. Intentando recuperarlo y reintentar...
Elemento obsoleto después de desplazarse. Intentando recuperarlo y reintentar...
Elemento obsoleto después de desplazarse. Intentando recuperarlo y reintentar...
Elemento obsoleto después de desplazarse. Intentando recuperarlo y reintentar...
Elemento obsoleto después de desplazarse. Intentando recuperarlo y reintentar...
Elemento obsoleto después de desplazarse. Intentando recuperarlo y reintentar...
Elemento obsoleto después de desplazarse. Intentando recuperarlo y reintentar...
Elemento obsoleto después de desplazarse. Intentando recuperarlo y reintentar...
Elemento obsoleto después de desplazarse. Intentando recuperarlo y reintentar...
Elemento obsoleto después de desplazarse. Intentando recuperarlo y reintentar...
Elemento obsoleto después de desplazarse. Intentando recuperarlo y reintentar...
Elemento obsoleto después de desplazarse. Intentando recuperarlo y reintentar...
Elemento obsoleto después de desplazarse. Intentando recuperarlo y reintentar...
Elemento obsoleto después de desplazarse. Intentando recuperarlo y reintentar...
Elemento obsoleto después de desplazarse. Intentando recuperarlo y reintentar...
Elemento obsoleto después de desplazarse. Intentando recuperarlo y reintentar...
Elemento obsoleto después de desplazarse. Intentando recuperarlo y reintentar...
Elemento obsoleto después de desplazarse. Intentando recuperarlo y reintentar...
Elemento obsoleto después de desplazarse. Intentando recuperarlo y reintentar...
Elemento obsoleto después de desplazarse. Intentando recuperarlo y reintentar...
Elemento obsoleto después de desplazarse. Intentando recuperarlo y reintentar...
Elemento obsoleto después de desplazarse. Intentando recuperarlo y reintentar...
Elemento obsoleto después de desplazarse. Intentando recuperarlo y reintentar...
Elemento obsoleto después de desplazarse. Intentando recuperarlo y reintentar...
Elemento obsoleto después de desplazarse. Intentando recuperarlo y reintentar...
Elemento obsoleto después de desplazarse. Intentando recuperarlo y reintentar...
Elemento obsoleto después de desplazarse. Intentando recuperarlo y reintentar...
Elemento obsoleto después de desplazarse. Intentando recuperarlo y reintentar...
Elemento obsoleto después de desplazarse. Intentando recuperarlo y reintentar...
Elemento obsoleto después de desplazarse. Intentando recuperarlo y reintentar...
Elemento obsoleto después de desplazarse. Intentando recuperarlo y reintentar...
Elemento obsoleto después de desplazarse. Intentando recuperarlo y reintentar...
Elemento obsoleto después de desplazarse. Intentando recuperarlo y reintentar...
Elemento obsoleto después de desplazarse. Intentando recuperarlo y reintentar...
Elemento obsoleto después de desplazarse. Intentando recuperarlo y reintentar...
Elemento obsoleto después de desplazarse. Intentando recuperarlo y reintentar...
Elemento obsoleto después de desplazarse. Intentando recuperarlo y reintentar...
Elemento obsoleto después de desplazarse. Intentando recuperarlo y reintentar...
Elemento obsoleto después de desplazarse. Intentando recuperarlo y reintentar...
Elemento obsoleto después de desplazarse. Intentando recuperarlo y reintentar...
Elemento obsoleto después de desplazarse. Intentando recuperarlo y reintentar...
Elemento obsoleto después de desplazarse. Intentando recuperarlo y reintentar...
Elemento obsoleto después de desplazarse. Intentando recuperarlo y reintentar...
Elemento obsoleto después de desplazarse. Intentando recuperarlo y reintentar...
Elemento obsoleto después de desplazarse. Intentando recuperarlo y reintentar...
Elemento obsoleto después de desplazarse. Intentando recuperarlo y reintentar...
Elemento obsoleto después de desplazarse. Intentando recuperarlo y reintentar...
Elemento obsoleto después de desplazarse. Intentando recuperarlo y reintentar...
Elemento obsoleto después de desplazarse. Intentando recuperarlo y reintentar...
Elemento obsoleto después de desplazarse. Intentando recuperarlo y reintentar...
Elemento obsoleto después de desplazarse. Intentando recuperarlo y reintentar...
Elemento obsoleto después de desplazarse. Intentando recuperarlo y reintentar...
Elemento obsoleto después de desplazarse. Intentando recuperarlo y reintentar...
Elemento obsoleto después de desplazarse. Intentando recuperarlo y reintentar...
Elemento obsoleto después de desplazarse. Intentando recuperarlo y reintentar...
Elemento obsoleto después de desplazarse. Intentando recuperarlo y reintentar...
Elemento obsoleto después de desplazarse. Intentando recuperarlo y reintentar...
Elemento obsoleto después de desplazarse. Intentando recuperarlo y reintentar...
Elemento obsoleto después de desplazarse. Intentando recuperarlo y reintentar...
Elemento obsoleto después de desplazarse. Intentando recuperarlo y reintentar...
Elemento obsoleto después de desplazarse. Intentando recuperarlo y reintentar...
Elemento obsoleto después de desplazarse. Intentando recuperarlo y reintentar...
Elemento obsoleto después de desplazarse. Intentando recuperarlo y reintentar...
Elemento obsoleto después de desplazarse. Intentando recuperarlo y reintentar...
Elemento obsoleto después de desplazarse. Intentando recuperarlo y reintentar...
Elemento obsoleto después de desplazarse. Intentando recuperarlo y reintentar...
Elemento obsoleto después de desplazarse. Intentando recuperarlo y reintentar...
Elemento obsoleto después de desplazarse. Intentando recuperarlo y reintentar...
Elemento obsoleto después de desplazarse. Intentando recuperarlo y reintentar...
Elemento obsoleto después de desplazarse. Intentando recuperarlo y reintentar...
Elemento obsoleto después de desplazarse. Intentando recuperarlo y reintentar...
Elemento obsoleto después de desplazarse. Intentando recuperarlo y reintentar...
Elemento obsoleto después de desplazarse. Intentando recuperarlo y reintentar...
Elemento obsoleto después de desplazarse. Intentando recuperarlo y reintentar...
Elemento obsoleto después de desplazarse. Intentando recuperarlo y reintentar...
Elemento obsoleto después de desplazarse. Intentando recuperarlo y reintentar...
Elemento obsoleto después de desplazarse. Intentando recuperarlo y reintentar...
Elemento obsoleto después de desplazarse. Intentando recuperarlo y reintentar...
Elemento obsoleto después de desplazarse. Intentando recuperarlo y reintentar...
Elemento obsoleto después de desplazarse. Intentando recuperarlo y reintentar...
Elemento obsoleto después de desplazarse. Intentando recuperarlo y reintentar...
Elemento obsoleto después de desplazarse. Intentando recuperarlo y reintentar...
Elemento obsoleto después de desplazarse. Intentando recuperarlo y reintentar...
Elemento obsoleto después de desplazarse. Intentando recuperarlo y reintentar...
Elemento obsoleto después de desplazarse. Intentando recuperarlo y reintentar...
Elemento obsoleto después de desplazarse. Intentando recuperarlo y reintentar...
Elemento obsoleto después de desplazarse. Intentando recuperarlo y reintentar...
Elemento obsoleto después de desplazarse. Intentando recuperarlo y reintentar...
Elemento obsoleto después de desplazarse. Intentando recuperarlo y reintentar...
Elemento obsoleto después de desplazarse. Intentando recuperarlo y reintentar...
Elemento obsoleto después de desplazarse. Intentando recuperarlo y reintentar...
Elemento obsoleto después de desplazarse. Intentando recuperarlo y reintentar...
Elemento obsoleto después de desplazarse. Intentando recuperarlo y reintentar...
Elemento obsoleto después de desplazarse. Intentando recuperarlo y reintentar...
Elemento obsoleto después de desplazarse. Intentando recuperarlo y reintentar...
Elemento obsoleto después de desplazarse. Intentando recuperarlo y reintentar...
Elemento obsoleto después de desplazarse. Intentando recuperarlo y reintentar...
Elemento obsoleto después de desplazarse. Intentando recuperarlo y reintentar...
Elemento obsoleto después de desplazarse. Intentando recuperarlo y reintentar...
Elemento obsoleto después de desplazarse. Intentando recuperarlo y reintentar...
Elemento obsoleto después de desplazarse. Intentando recuperarlo y reintentar...
Elemento obsoleto después de desplazarse. Intentando recuperarlo y reintentar...
Elemento obsoleto después de desplazarse. Intentando recuperarlo y reintentar...
Elemento obsoleto después de desplazarse. Intentando recuperarlo y reintentar...
Elemento obsoleto después de desplazarse. Intentando recuperarlo y reintentar...
Elemento obsoleto después de desplazarse. Intentando recuperarlo y reintentar...
Elemento obsoleto después de desplazarse. Intentando recuperarlo y reintentar...
Elemento obsoleto después de desplazarse. Intentando recuperarlo y reintentar...
Elemento obsoleto después de desplazarse. Intentando recuperarlo y reintentar...
Elemento obsoleto después de desplazarse. Intentando recuperarlo y reintentar...
Elemento obsoleto después de desplazarse. Intentando recuperarlo y reintentar...
Elemento obsoleto después de desplazarse. Intentando recuperarlo y reintentar...
Elemento obsoleto después de desplazarse. Intentando recuperarlo y reintentar...
Elemento obsoleto después de desplazarse. Intentando recuperarlo y reintentar...
Elemento obsoleto después de desplazarse. Intentando recuperarlo y reintentar...
Elemento obsoleto después de desplazarse. Intentando recuperarlo y reintentar...
Elemento obsoleto después de desplazarse. Intentando recuperarlo y reintentar...
Elemento obsoleto después de desplazarse. Intentando recuperarlo y reintentar...
Elemento obsoleto después de desplazarse. Intentando recuperarlo y reintentar...
Elemento obsoleto después de desplazarse. Intentando recuperarlo y reintentar...
Elemento obsoleto después de desplazarse. Intentando recuperarlo y reintentar...
Elemento obsoleto después de desplazarse. Intentando recuperarlo y reintentar...
Elemento obsoleto después de desplazarse. Intentando recuperarlo y reintentar...
Elemento obsoleto después de desplazarse. Intentando recuperarlo y reintentar...
Elemento obsoleto después de desplazarse. Intentando recuperarlo y reintentar...
Elemento obsoleto después de desplazarse. Intentando recuperarlo y reintentar...
Elemento obsoleto después de desplazarse. Intentando recuperarlo y reintentar...
Elemento obsoleto después de desplazarse. Intentando recuperarlo y reintentar...
Elemento obsoleto después de desplazarse. Intentando recuperarlo y reintentar...
Elemento obsoleto después de desplazarse. Intentando recuperarlo y reintentar...
Elemento obsoleto después de desplazarse. Intentando recuperarlo y reintentar...
Elemento obsoleto después de desplazarse. Intentando recuperarlo y reintentar...
Elemento obsoleto después de desplazarse. Intentando recuperarlo y reintentar...
Elemento obsoleto después de desplazarse. Intentando recuperarlo y reintentar...
Elemento obsoleto después de desplazarse. Intentando recuperarlo y reintentar...
Elemento obsoleto después de desplazarse. Intentando recuperarlo y reintentar...
Elemento obsoleto después de desplazarse. Intentando recuperarlo y reintentar...
Elemento obsoleto después de desplazarse. Intentando recuperarlo y reintentar...
Elemento obsoleto después de desplazarse. Intentando recuperarlo y reintentar...
Elemento obsoleto después de desplazarse. Intentando recuperarlo y reintentar...
Elemento obsoleto después de desplazarse. Intentando recuperarlo y reintentar...
Elemento obsoleto después de desplazarse. Intentando recuperarlo y reintentar...
Elemento obsoleto después de desplazarse. Intentando recuperarlo y reintentar...
Elemento obsoleto después de desplazarse. Intentando recuperarlo y reintentar...
Elemento obsoleto después de desplazarse. Intentando recuperarlo y reintentar...
Elemento obsoleto después de desplazarse. Intentando recuperarlo y reintentar...
Elemento obsoleto después de desplazarse. Intentando recuperarlo y reintentar...
Elemento obsoleto después de desplazarse. Intentando recuperarlo y reintentar...
Elemento obsoleto después de desplazarse. Intentando recuperarlo y reintentar...
Elemento obsoleto después de desplazarse. Intentando recuperarlo y reintentar...
Elemento obsoleto después de desplazarse. Intentando recuperarlo y reintentar...
Elemento obsoleto después de desplazarse. Intentando recuperarlo y reintentar...
Elemento obsoleto después de desplazarse. Intentando recuperarlo y reintentar...
Elemento obsoleto después de desplazarse. Intentando recuperarlo y reintentar...
Elemento obsoleto después de desplazarse. Intentando recuperarlo y reintentar...
Elemento obsoleto después de desplazarse. Intentando recuperarlo y reintentar...
Elemento obsoleto después de desplazarse. Intentando recuperarlo y reintentar...
Elemento obsoleto después de desplazarse. Intentando recuperarlo y reintentar...
Elemento obsoleto después de desplazarse. Intentando recuperarlo y reintentar...
Elemento obsoleto después de desplazarse. Intentando recuperarlo y reintentar...
Elemento obsoleto después de desplazarse. Intentando recuperarlo y reintentar...
Elemento obsoleto después de desplazarse. Intentando recuperarlo y reintentar...
Elemento obsoleto después de desplazarse. Intentando recuperarlo y reintentar...
Elemento obsoleto después de desplazarse. Intentando recuperarlo y reintentar...
Elemento obsoleto después de desplazarse. Intentando recuperarlo y reintentar...
Elemento obsoleto después de desplazarse. Intentando recuperarlo y reintentar...
Elemento obsoleto después de desplazarse. Intentando recuperarlo y reintentar...
Elemento obsoleto después de desplazarse. Intentando recuperarlo y reintentar...
Elemento obsoleto después de desplazarse. Intentando recuperarlo y reintentar...
Elemento obsoleto después de desplazarse. Intentando recuperarlo y reintentar...
Elemento obsoleto después de desplazarse. Intentando recuperarlo y reintentar...
Elemento obsoleto después de desplazarse. Intentando recuperarlo y reintentar...
Elemento obsoleto después de desplazarse. Intentando recuperarlo y reintentar...
Elemento obsoleto después de desplazarse. Intentando recuperarlo y reintentar...
Elemento obsoleto después de desplazarse. Intentando recuperarlo y reintentar...
Elemento obsoleto después de desplazarse. Intentando recuperarlo y reintentar...
Elemento obsoleto después de desplazarse. Intentando recuperarlo y reintentar...
Elemento obsoleto después de desplazarse. Intentando recuperarlo y reintentar...
Elemento obsoleto después de desplazarse. Intentando recuperarlo y reintentar...
Elemento obsoleto después de desplazarse. Intentando recuperarlo y reintentar...
Elemento obsoleto después de desplazarse. Intentando recuperarlo y reintentar...
Elemento obsoleto después de desplazarse. Intentando recuperarlo y reintentar...
Elemento obsoleto después de desplazarse. Intentando recuperarlo y reintentar...
Elemento obsoleto después de desplazarse. Intentando recuperarlo y reintentar...
Elemento obsoleto después de desplazarse. Intentando recuperarlo y reintentar...
Elemento obsoleto después de desplazarse. Intentando recuperarlo y reintentar...
Elemento obsoleto después de desplazarse. Intentando recuperarlo y reintentar...
Elemento obsoleto después de desplazarse. Intentando recuperarlo y reintentar...
Elemento obsoleto después de desplazarse. Intentando recuperarlo y reintentar...
Elemento obsoleto después de desplazarse. Intentando recuperarlo y reintentar...
Elemento obsoleto después de desplazarse. Intentando recuperarlo y reintentar...
Elemento obsoleto después de desplazarse. Intentando recuperarlo y reintentar...
Elemento obsoleto después de desplazarse. Intentando recuperarlo y reintentar...
Elemento obsoleto después de desplazarse. Intentando recuperarlo y reintentar...
Elemento obsoleto después de desplazarse. Intentando recuperarlo y reintentar...
Elemento obsoleto después de desplazarse. Intentando recuperarlo y reintentar...
Elemento obsoleto después de desplazarse. Intentando recuperarlo y reintentar...
Elemento obsoleto después de desplazarse. Intentando recuperarlo y reintentar...
Elemento obsoleto después de desplazarse. Intentando recuperarlo y reintentar...
Elemento obsoleto después de desplazarse. Intentando recuperarlo y reintentar...
Elemento obsoleto después de desplazarse. Intentando recuperarlo y reintentar...
Elemento obsoleto después de desplazarse. Intentando recuperarlo y reintentar...
Elemento obsoleto después de desplazarse. Intentando recuperarlo y reintentar...
Elemento obsoleto después de desplazarse. Intentando recuperarlo y reintentar...
Elemento obsoleto después de desplazarse. Intentando recuperarlo y reintentar...
Elemento obsoleto después de desplazarse. Intentando recuperarlo y reintentar...
Elemento obsoleto después de desplazarse. Intentando recuperarlo y reintentar...
Elemento obsoleto después de desplazarse. Intentando recuperarlo y reintentar...
Elemento obsoleto después de desplazarse. Intentando recuperarlo y reintentar...
Elemento obsoleto después de desplazarse. Intentando recuperarlo y reintentar...
Elemento obsoleto después de desplazarse. Intentando recuperarlo y reintentar...
Elemento obsoleto después de desplazarse. Intentando recuperarlo y reintentar...
Elemento obsoleto después de desplazarse. Intentando recuperarlo y reintentar...
Elemento obsoleto después de desplazarse. Intentando recuperarlo y reintentar...
Elemento obsoleto después de desplazarse. Intentando recuperarlo y reintentar...
Elemento obsoleto después de desplazarse. Intentando recuperarlo y reintentar...
Elemento obsoleto después de desplazarse. Intentando recuperarlo y reintentar...
Elemento obsoleto después de desplazarse. Intentando recuperarlo y reintentar...
Elemento obsoleto después de desplazarse. Intentando recuperarlo y reintentar...
Elemento obsoleto después de desplazarse. Intentando recuperarlo y reintentar...
Elemento obsoleto después de desplazarse. Intentando recuperarlo y reintentar...
Elemento obsoleto después de desplazarse. Intentando recuperarlo y reintentar...
Elemento obsoleto después de desplazarse. Intentando recuperarlo y reintentar...
Elemento obsoleto después de desplazarse. Intentando recuperarlo y reintentar...
Elemento obsoleto después de desplazarse. Intentando recuperarlo y reintentar...
Elemento obsoleto después de desplazarse. Intentando recuperarlo y reintentar...
Elemento obsoleto después de desplazarse. Intentando recuperarlo y reintentar...
Elemento obsoleto después de desplazarse. Intentando recuperarlo y reintentar...
Elemento obsoleto después de desplazarse. Intentando recuperarlo y reintentar...
Elemento obsoleto después de desplazarse. Intentando recuperarlo y reintentar...
Elemento obsoleto después de desplazarse. Intentando recuperarlo y reintentar...
Elemento obsoleto después de desplazarse. Intentando recuperarlo y reintentar...
Elemento obsoleto después de desplazarse. Intentando recuperarlo y reintentar...
Elemento obsoleto después de desplazarse. Intentando recuperarlo y reintentar...
Elemento obsoleto después de desplazarse. Intentando recuperarlo y reintentar...
Elemento obsoleto después de desplazarse. Intentando recuperarlo y reintentar...
Elemento obsoleto después de desplazarse. Intentando recuperarlo y reintentar...
Elemento obsoleto después de desplazarse. Intentando recuperarlo y reintentar...
Elemento obsoleto después de desplazarse. Intentando recuperarlo y reintentar...
Elemento obsoleto después de desplazarse. Intentando recuperarlo y reintentar...
Elemento obsoleto después de desplazarse. Intentando recuperarlo y reintentar...
Elemento obsoleto después de desplazarse. Intentando recuperarlo y reintentar...
Elemento obsoleto después de desplazarse. Intentando recuperarlo y reintentar...
Elemento obsoleto después de desplazarse. Intentando recuperarlo y reintentar...
Elemento obsoleto después de desplazarse. Intentando recuperarlo y reintentar...
Elemento obsoleto después de desplazarse. Intentando recuperarlo y reintentar...
Elemento obsoleto después de desplazarse. Intentando recuperarlo y reintentar...
Elemento obsoleto después de desplazarse. Intentando recuperarlo y reintentar...
Elemento obsoleto después de desplazarse. Intentando recuperarlo y reintentar...
Elemento obsoleto después de desplazarse. Intentando recuperarlo y reintentar...
Elemento obsoleto después de desplazarse. Intentando recuperarlo y reintentar...
Elemento obsoleto después de desplazarse. Intentando recuperarlo y reintentar...
Elemento obsoleto después de desplazarse. Intentando recuperarlo y reintentar...
Elemento obsoleto después de desplazarse. Intentando recuperarlo y reintentar...
Elemento obsoleto después de desplazarse. Intentando recuperarlo y reintentar...
Elemento obsoleto después de desplazarse. Intentando recuperarlo y reintentar...
Elemento obsoleto después de desplazarse. Intentando recuperarlo y reintentar...
Elemento obsoleto después de desplazarse. Intentando recuperarlo y reintentar...
Elemento obsoleto después de desplazarse. Intentando recuperarlo y reintentar...
Elemento obsoleto después de desplazarse. Intentando recuperarlo y reintentar...
Elemento obsoleto después de desplazarse. Intentando recuperarlo y reintentar...
Elemento obsoleto después de desplazarse. Intentando recuperarlo y reintentar...
Elemento obsoleto después de desplazarse. Intentando recuperarlo y reintentar...
Elemento obsoleto después de desplazarse. Intentando recuperarlo y reintentar...
Elemento obsoleto después de desplazarse. Intentando recuperarlo y reintentar...
Elemento obsoleto después de desplazarse. Intentando recuperarlo y reintentar...
Elemento obsoleto después de desplazarse. Intentando recuperarlo y reintentar...
Elemento obsoleto después de desplazarse. Intentando recuperarlo y reintentar...
Elemento obsoleto después de desplazarse. Intentando recuperarlo y reintentar...
Elemento obsoleto después de desplazarse. Intentando recuperarlo y reintentar...
Elemento obsoleto después de desplazarse. Intentando recuperarlo y reintentar...
Elemento obsoleto después de desplazarse. Intentando recuperarlo y reintentar...
Elemento obsoleto después de desplazarse. Intentando recuperarlo y reintentar...
Elemento obsoleto después de desplazarse. Intentando recuperarlo y reintentar...
Elemento obsoleto después de desplazarse. Intentando recuperarlo y reintentar...
Elemento obsoleto después de desplazarse. Intentando recuperarlo y reintentar...
Elemento obsoleto después de desplazarse. Intentando recuperarlo y reintentar...
Elemento obsoleto después de desplazarse. Intentando recuperarlo y reintentar...
Elemento obsoleto después de desplazarse. Intentando recuperarlo y reintentar...
Elemento obsoleto después de desplazarse. Intentando recuperarlo y reintentar...
Elemento obsoleto después de desplazarse. Intentando recuperarlo y reintentar...
Elemento obsoleto después de desplazarse. Intentando recuperarlo y reintentar...
Elemento obsoleto después de desplazarse. Intentando recuperarlo y reintentar...
Elemento obsoleto después de desplazarse. Intentando recuperarlo y reintentar...
Elemento obsoleto después de desplazarse. Intentando recuperarlo y reintentar...
Elemento obsoleto después de desplazarse. Intentando recuperarlo y reintentar...
Elemento obsoleto después de desplazarse. Intentando recuperarlo y reintentar...
Elemento obsoleto después de desplazarse. Intentando recuperarlo y reintentar...
Elemento obsoleto después de desplazarse. Intentando recuperarlo y reintentar...
Elemento obsoleto después de desplazarse. Intentando recuperarlo y reintentar...
Elemento obsoleto después de desplazarse. Intentando recuperarlo y reintentar...
Elemento obsoleto después de desplazarse. Intentando recuperarlo y reintentar...
Elemento obsoleto después de desplazarse. Intentando recuperarlo y reintentar...
Elemento obsoleto después de desplazarse. Intentando recuperarlo y reintentar...
Elemento obsoleto después de desplazarse. Intentando recuperarlo y reintentar...
Elemento obsoleto después de desplazarse. Intentando recuperarlo y reintentar...
Elemento obsoleto después de desplazarse. Intentando recuperarlo y reintentar...
Elemento obsoleto después de desplazarse. Intentando recuperarlo y reintentar...
Elemento obsoleto después de desplazarse. Intentando recuperarlo y reintentar...
Elemento obsoleto después de desplazarse. Intentando recuperarlo y reintentar...
Elemento obsoleto después de desplazarse. Intentando recuperarlo y reintentar...
Elemento obsoleto después de desplazarse. Intentando recuperarlo y reintentar...
Elemento obsoleto después de desplazarse. Intentando recuperarlo y reintentar...
Elemento obsoleto después de desplazarse. Intentando recuperarlo y reintentar...
Elemento obsoleto después de desplazarse. Intentando recuperarlo y reintentar...
Elemento obsoleto después de desplazarse. Intentando recuperarlo y reintentar...
Elemento obsoleto después de desplazarse. Intentando recuperarlo y reintentar...
Elemento obsoleto después de desplazarse. Intentando recuperarlo y reintentar...
Elemento obsoleto después de desplazarse. Intentando recuperarlo y reintentar...
Elemento obsoleto después de desplazarse. Intentando recuperarlo y reintentar...
Elemento obsoleto después de desplazarse. Intentando recuperarlo y reintentar...
Elemento obsoleto después de desplazarse. Intentando recuperarlo y reintentar...
Elemento obsoleto después de desplazarse. Intentando recuperarlo y reintentar...
Elemento obsoleto después de desplazarse. Intentando recuperarlo y reintentar...
Elemento obsoleto después de desplazarse. Intentando recuperarlo y reintentar...
Elemento obsoleto después de desplazarse. Intentando recuperarlo y reintentar...
Elemento obsoleto después de desplazarse. Intentando recuperarlo y reintentar...
Elemento obsoleto después de desplazarse. Intentando recuperarlo y reintentar...
Elemento obsoleto después de desplazarse. Intentando recuperarlo y reintentar...
Elemento obsoleto después de desplazarse. Intentando recuperarlo y reintentar...
Elemento obsoleto después de desplazarse. Intentando recuperarlo y reintentar...
Elemento obsoleto después de desplazarse. Intentando recuperarlo y reintentar...
Elemento obsoleto después de desplazarse. Intentando recuperarlo y reintentar...
Elemento obsoleto después de desplazarse. Intentando recuperarlo y reintentar...
Elemento obsoleto después de desplazarse. Intentando recuperarlo y reintentar...
Elemento obsoleto después de desplazarse. Intentando recuperarlo y reintentar...
Elemento obsoleto después de desplazarse. Intentando recuperarlo y reintentar...
Elemento obsoleto después de desplazarse. Intentando recuperarlo y reintentar...
Elemento obsoleto después de desplazarse. Intentando recuperarlo y reintentar...
Elemento obsoleto después de desplazarse. Intentando recuperarlo y reintentar...
Elemento obsoleto después de desplazarse. Intentando recuperarlo y reintentar...
Elemento obsoleto después de desplazarse. Intentando recuperarlo y reintentar...
Elemento obsoleto después de desplazarse. Intentando recuperarlo y reintentar...
Elemento obsoleto después de desplazarse. Intentando recuperarlo y reintentar...
Elemento obsoleto después de desplazarse. Intentando recuperarlo y reintentar...
Elemento obsoleto después de desplazarse. Intentando recuperarlo y reintentar...
Elemento obsoleto después de desplazarse. Intentando recuperarlo y reintentar...
Elemento obsoleto después de desplazarse. Intentando recuperarlo y reintentar...
Elemento obsoleto después de desplazarse. Intentando recuperarlo y reintentar...
Elemento obsoleto después de desplazarse. Intentando recuperarlo y reintentar...
Elemento obsoleto después de desplazarse. Intentando recuperarlo y reintentar...
Elemento obsoleto después de desplazarse. Intentando recuperarlo y reintentar...
Elemento obsoleto después de desplazarse. Intentando recuperarlo y reintentar...
Elemento obsoleto después de desplazarse. Intentando recuperarlo y reintentar...
Elemento obsoleto después de desplazarse. Intentando recuperarlo y reintentar...
Elemento obsoleto después de desplazarse. Intentando recuperarlo y reintentar...
Elemento obsoleto después de desplazarse. Intentando recuperarlo y reintentar...
Elemento obsoleto después de desplazarse. Intentando recuperarlo y reintentar...
Elemento obsoleto después de desplazarse. Intentando recuperarlo y reintentar...
Elemento obsoleto después de desplazarse. Intentando recuperarlo y reintentar...
Elemento obsoleto después de desplazarse. Intentando recuperarlo y reintentar...
Elemento obsoleto después de desplazarse. Intentando recuperarlo y reintentar...
Elemento obsoleto después de desplazarse. Intentando recuperarlo y reintentar...
Elemento obsoleto después de desplazarse. Intentando recuperarlo y reintentar...
Elemento obsoleto después de desplazarse. Intentando recuperarlo y reintentar...
Elemento obsoleto después de desplazarse. Intentando recuperarlo y reintentar...
Elemento obsoleto después de desplazarse. Intentando recuperarlo y reintentar...
Elemento obsoleto después de desplazarse. Intentando recuperarlo y reintentar...
Elemento obsoleto después de desplazarse. Intentando recuperarlo y reintentar...
Elemento obsoleto después de desplazarse. Intentando recuperarlo y reintentar...
Elemento obsoleto después de desplazarse. Intentando recuperarlo y reintentar...
Elemento obsoleto después de desplazarse. Intentando recuperarlo y reintentar...
Elemento obsoleto después de desplazarse. Intentando recuperarlo y reintentar...
Elemento obsoleto después de desplazarse. Intentando recuperarlo y reintentar...
Elemento obsoleto después de desplazarse. Intentando recuperarlo y reintentar...
Elemento obsoleto después de desplazarse. Intentando recuperarlo y reintentar...
Elemento obsoleto después de desplazarse. Intentando recuperarlo y reintentar...
Elemento obsoleto después de desplazarse. Intentando recuperarlo y reintentar...
Elemento obsoleto después de desplazarse. Intentando recuperarlo y reintentar...
Elemento obsoleto después de desplazarse. Intentando recuperarlo y reintentar...
Elemento obsoleto después de desplazarse. Intentando recuperarlo y reintentar...
Elemento obsoleto después de desplazarse. Intentando recuperarlo y reintentar...
Elemento obsoleto después de desplazarse. Intentando recuperarlo y reintentar...
Elemento obsoleto después de desplazarse. Intentando recuperarlo y reintentar...
Elemento obsoleto después de desplazarse. Intentando recuperarlo y reintentar...
Elemento obsoleto después de desplazarse. Intentando recuperarlo y reintentar...
Elemento obsoleto después de desplazarse. Intentando recuperarlo y reintentar...
Elemento obsoleto después de desplazarse. Intentando recuperarlo y reintentar...
Elemento obsoleto después de desplazarse. Intentando recuperarlo y reintentar...
Elemento obsoleto después de desplazarse. Intentando recuperarlo y reintentar...
Elemento obsoleto después de desplazarse. Intentando recuperarlo y reintentar...
Elemento obsoleto después de desplazarse. Intentando recuperarlo y reintentar...
Elemento obsoleto después de desplazarse. Intentando recuperarlo y reintentar...
Elemento obsoleto después de desplazarse. Intentando recuperarlo y reintentar...
Elemento obsoleto después de desplazarse. Intentando recuperarlo y reintentar...
Elemento obsoleto después de desplazarse. Intentando recuperarlo y reintentar...
Elemento obsoleto después de desplazarse. Intentando recuperarlo y reintentar...
Elemento obsoleto después de desplazarse. Intentando recuperarlo y reintentar...
Elemento obsoleto después de desplazarse. Intentando recuperarlo y reintentar...
Elemento obsoleto después de desplazarse. Intentando recuperarlo y reintentar...
Elemento obsoleto después de desplazarse. Intentando recuperarlo y reintentar...
Elemento obsoleto después de desplazarse. Intentando recuperarlo y reintentar...
Elemento obsoleto después de desplazarse. Intentando recuperarlo y reintentar...
Elemento obsoleto después de desplazarse. Intentando recuperarlo y reintentar...
Elemento obsoleto después de desplazarse. Intentando recuperarlo y reintentar...
Elemento obsoleto después de desplazarse. Intentando recuperarlo y reintentar...
Elemento obsoleto después de desplazarse. Intentando recuperarlo y reintentar...
Elemento obsoleto después de desplazarse. Intentando recuperarlo y reintentar...
Elemento obsoleto después de desplazarse. Intentando recuperarlo y reintentar...
Elemento obsoleto después de desplazarse. Intentando recuperarlo y reintentar...
Elemento obsoleto después de desplazarse. Intentando recuperarlo y reintentar...
Elemento obsoleto después de desplazarse. Intentando recuperarlo y reintentar...
Elemento obsoleto después de desplazarse. Intentando recuperarlo y reintentar...
Elemento obsoleto después de desplazarse. Intentando recuperarlo y reintentar...
Elemento obsoleto después de desplazarse. Intentando recuperarlo y reintentar...
Elemento obsoleto después de desplazarse. Intentando recuperarlo y reintentar...
Elemento obsoleto después de desplazarse. Intentando recuperarlo y reintentar...
Elemento obsoleto después de desplazarse. Intentando recuperarlo y reintentar...
Elemento obsoleto después de desplazarse. Intentando recuperarlo y reintentar...
Elemento obsoleto después de desplazarse. Intentando recuperarlo y reintentar...
Elemento obsoleto después de desplazarse. Intentando recuperarlo y reintentar...
Elemento obsoleto después de desplazarse. Intentando recuperarlo y reintentar...
Elemento obsoleto después de desplazarse. Intentando recuperarlo y reintentar...
Elemento obsoleto después de desplazarse. Intentando recuperarlo y reintentar...
Elemento obsoleto después de desplazarse. Intentando recuperarlo y reintentar...
Elemento obsoleto después de desplazarse. Intentando recuperarlo y reintentar...
Elemento obsoleto después de desplazarse. Intentando recuperarlo y reintentar...
Elemento obsoleto después de desplazarse. Intentando recuperarlo y reintentar...
Elemento obsoleto después de desplazarse. Intentando recuperarlo y reintentar...
Elemento obsoleto después de desplazarse. Intentando recuperarlo y reintentar...
Elemento obsoleto después de desplazarse. Intentando recuperarlo y reintentar...
Elemento obsoleto después de desplazarse. Intentando recuperarlo y reintentar...
Elemento obsoleto después de desplazarse. Intentando recuperarlo y reintentar...
Elemento obsoleto después de desplazarse. Intentando recuperarlo y reintentar...
Elemento obsoleto después de desplazarse. Intentando recuperarlo y reintentar...
Elemento obsoleto después de desplazarse. Intentando recuperarlo y reintentar...
Elemento obsoleto después de desplazarse. Intentando recuperarlo y reintentar...
Elemento obsoleto después de desplazarse. Intentando recuperarlo y reintentar...
Elemento obsoleto después de desplazarse. Intentando recuperarlo y reintentar...
Elemento obsoleto después de desplazarse. Intentando recuperarlo y reintentar...
Elemento obsoleto después de desplazarse. Intentando recuperarlo y reintentar...
Elemento obsoleto después de desplazarse. Intentando recuperarlo y reintentar...
Elemento obsoleto después de desplazarse. Intentando recuperarlo y reintentar...
Elemento obsoleto después de desplazarse. Intentando recuperarlo y reintentar...
Elemento obsoleto después de desplazarse. Intentando recuperarlo y reintentar...
Elemento obsoleto después de desplazarse. Intentando recuperarlo y reintentar...
Elemento obsoleto después de desplazarse. Intentando recuperarlo y reintentar...
Elemento obsoleto después de desplazarse. Intentando recuperarlo y reintentar...
Elemento obsoleto después de desplazarse. Intentando recuperarlo y reintentar...
Elemento obsoleto después de desplazarse. Intentando recuperarlo y reintentar...
Elemento obsoleto después de desplazarse. Intentando recuperarlo y reintentar...
Elemento obsoleto después de desplazarse. Intentando recuperarlo y reintentar...
Elemento obsoleto después de desplazarse. Intentando recuperarlo y reintentar...
Elemento obsoleto después de desplazarse. Intentando recuperarlo y reintentar...
Elemento obsoleto después de desplazarse. Intentando recuperarlo y reintentar...
Elemento obsoleto después de desplazarse. Intentando recuperarlo y reintentar...
Elemento obsoleto después de desplazarse. Intentando recuperarlo y reintentar...
Elemento obsoleto después de desplazarse. Intentando recuperarlo y reintentar...
Elemento obsoleto después de desplazarse. Intentando recuperarlo y reintentar...
Elemento obsoleto después de desplazarse. Intentando recuperarlo y reintentar...
Elemento obsoleto después de desplazarse. Intentando recuperarlo y reintentar...
Elemento obsoleto después de desplazarse. Intentando recuperarlo y reintentar...
Elemento obsoleto después de desplazarse. Intentando recuperarlo y reintentar...
Elemento obsoleto después de desplazarse. Intentando recuperarlo y reintentar...
Elemento obsoleto después de desplazarse. Intentando recuperarlo y reintentar...
Elemento obsoleto después de desplazarse. Intentando recuperarlo y reintentar...
Elemento obsoleto después de desplazarse. Intentando recuperarlo y reintentar...
Elemento obsoleto después de desplazarse. Intentando recuperarlo y reintentar...
Elemento obsoleto después de desplazarse. Intentando recuperarlo y reintentar...
Elemento obsoleto después de desplazarse. Intentando recuperarlo y reintentar...
Elemento obsoleto después de desplazarse. Intentando recuperarlo y reintentar...
Elemento obsoleto después de desplazarse. Intentando recuperarlo y reintentar...
Elemento obsoleto después de desplazarse. Intentando recuperarlo y reintentar...
Elemento obsoleto después de desplazarse. Intentando recuperarlo y reintentar...
Elemento obsoleto después de desplazarse. Intentando recuperarlo y reintentar...
Elemento obsoleto después de desplazarse. Intentando recuperarlo y reintentar...
Elemento obsoleto después de desplazarse. Intentando recuperarlo y reintentar...
Elemento obsoleto después de desplazarse. Intentando recuperarlo y reintentar...
Elemento obsoleto después de desplazarse. Intentando recuperarlo y reintentar...
Elemento obsoleto después de desplazarse. Intentando recuperarlo y reintentar...
Elemento obsoleto después de desplazarse. Intentando recuperarlo y reintentar...
Elemento obsoleto después de desplazarse. Intentando recuperarlo y reintentar...
Elemento obsoleto después de desplazarse. Intentando recuperarlo y reintentar...
Elemento obsoleto después de desplazarse. Intentando recuperarlo y reintentar...
Elemento obsoleto después de desplazarse. Intentando recuperarlo y reintentar...
Elemento obsoleto después de desplazarse. Intentando recuperarlo y reintentar...
Elemento obsoleto después de desplazarse. Intentando recuperarlo y reintentar...
Elemento obsoleto después de desplazarse. Intentando recuperarlo y reintentar...
Elemento obsoleto después de desplazarse. Intentando recuperarlo y reintentar...
Elemento obsoleto después de desplazarse. Intentando recuperarlo y reintentar...
Elemento obsoleto después de desplazarse. Intentando recuperarlo y reintentar...
Elemento obsoleto después de desplazarse. Intentando recuperarlo y reintentar...
Elemento obsoleto después de desplazarse. Intentando recuperarlo y reintentar...
Elemento obsoleto después de desplazarse. Intentando recuperarlo y reintentar...
Elemento obsoleto después de desplazarse. Intentando recuperarlo y reintentar...
Elemento obsoleto después de desplazarse. Intentando recuperarlo y reintentar...
Elemento obsoleto después de desplazarse. Intentando recuperarlo y reintentar...
Elemento obsoleto después de desplazarse. Intentando recuperarlo y reintentar...
Elemento obsoleto después de desplazarse. Intentando recuperarlo y reintentar...
Elemento obsoleto después de desplazarse. Intentando recuperarlo y reintentar...
Elemento obsoleto después de desplazarse. Intentando recuperarlo y reintentar...
Elemento obsoleto después de desplazarse. Intentando recuperarlo y reintentar...
Elemento obsoleto después de desplazarse. Intentando recuperarlo y reintentar...
Elemento obsoleto después de desplazarse. Intentando recuperarlo y reintentar...
Elemento obsoleto después de desplazarse. Intentando recuperarlo y reintentar...
Elemento obsoleto después de desplazarse. Intentando recuperarlo y reintentar...
Elemento obsoleto después de desplazarse. Intentando recuperarlo y reintentar...
Elemento obsoleto después de desplazarse. Intentando recuperarlo y reintentar...
Elemento obsoleto después de desplazarse. Intentando recuperarlo y reintentar...
Elemento obsoleto después de desplazarse. Intentando recuperarlo y reintentar...
Elemento obsoleto después de desplazarse. Intentando recuperarlo y reintentar...
Elemento obsoleto después de desplazarse. Intentando recuperarlo y reintentar...
Elemento obsoleto después de desplazarse. Intentando recuperarlo y reintentar...
Elemento obsoleto después de desplazarse. Intentando recuperarlo y reintentar...
Elemento obsoleto después de desplazarse. Intentando recuperarlo y reintentar...
Elemento obsoleto después de desplazarse. Intentando recuperarlo y reintentar...
Elemento obsoleto después de desplazarse. Intentando recuperarlo y reintentar...
Elemento obsoleto después de desplazarse. Intentando recuperarlo y reintentar...
Elemento obsoleto después de desplazarse. Intentando recuperarlo y reintentar...
Elemento obsoleto después de desplazarse. Intentando recuperarlo y reintentar...
Elemento obsoleto después de desplazarse. Intentando recuperarlo y reintentar...
Elemento obsoleto después de desplazarse. Intentando recuperarlo y reintentar...
Elemento obsoleto después de desplazarse. Intentando recuperarlo y reintentar...
Elemento obsoleto después de desplazarse. Intentando recuperarlo y reintentar...
Elemento obsoleto después de desplazarse. Intentando recuperarlo y reintentar...
Elemento obsoleto después de desplazarse. Intentando recuperarlo y reintentar...
Elemento obsoleto después de desplazarse. Intentando recuperarlo y reintentar...
Elemento obsoleto después de desplazarse. Intentando recuperarlo y reintentar...
Elemento obsoleto después de desplazarse. Intentando recuperarlo y reintentar...
Elemento obsoleto después de desplazarse. Intentando recuperarlo y reintentar...
Elemento obsoleto después de desplazarse. Intentando recuperarlo y reintentar...
Elemento obsoleto después de desplazarse. Intentando recuperarlo y reintentar...
Elemento obsoleto después de desplazarse. Intentando recuperarlo y reintentar...
Elemento obsoleto después de desplazarse. Intentando recuperarlo y reintentar...
Elemento obsoleto después de desplazarse. Intentando recuperarlo y reintentar...
Elemento obsoleto después de desplazarse. Intentando recuperarlo y reintentar...
Elemento obsoleto después de desplazarse. Intentando recuperarlo y reintentar...
Elemento obsoleto después de desplazarse. Intentando recuperarlo y reintentar...
Elemento obsoleto después de desplazarse. Intentando recuperarlo y reintentar...
Elemento obsoleto después de desplazarse. Intentando recuperarlo y reintentar...
Elemento obsoleto después de desplazarse. Intentando recuperarlo y reintentar...
Elemento obsoleto después de desplazarse. Intentando recuperarlo y reintentar...
Elemento obsoleto después de desplazarse. Intentando recuperarlo y reintentar...
Elemento obsoleto después de desplazarse. Intentando recuperarlo y reintentar...
Elemento obsoleto después de desplazarse. Intentando recuperarlo y reintentar...
Elemento obsoleto después de desplazarse. Intentando recuperarlo y reintentar...
Elemento obsoleto después de desplazarse. Intentando recuperarlo y reintentar...
Elemento obsoleto después de desplazarse. Intentando recuperarlo y reintentar...
Elemento obsoleto después de desplazarse. Intentando recuperarlo y reintentar...
Elemento obsoleto después de desplazarse. Intentando recuperarlo y reintentar...
Elemento obsoleto después de desplazarse. Intentando recuperarlo y reintentar...
Elemento obsoleto después de desplazarse. Intentando recuperarlo y reintentar...
Elemento obsoleto después de desplazarse. Intentando recuperarlo y reintentar...
Elemento obsoleto después de desplazarse. Intentando recuperarlo y reintentar...
Elemento obsoleto después de desplazarse. Intentando recuperarlo y reintentar...
Elemento obsoleto después de desplazarse. Intentando recuperarlo y reintentar...
Elemento obsoleto después de desplazarse. Intentando recuperarlo y reintentar...
Elemento obsoleto después de desplazarse. Intentando recuperarlo y reintentar...
Elemento obsoleto después de desplazarse. Intentando recuperarlo y reintentar...
Elemento obsoleto después de desplazarse. Intentando recuperarlo y reintentar...
Elemento obsoleto después de desplazarse. Intentando recuperarlo y reintentar...
Elemento obsoleto después de desplazarse. Intentando recuperarlo y reintentar...
Elemento obsoleto después de desplazarse. Intentando recuperarlo y reintentar...
Elemento obsoleto después de desplazarse. Intentando recuperarlo y reintentar...
Elemento obsoleto después de desplazarse. Intentando recuperarlo y reintentar...
Elemento obsoleto después de desplazarse. Intentando recuperarlo y reintentar...
Elemento obsoleto después de desplazarse. Intentando recuperarlo y reintentar...
Elemento obsoleto después de desplazarse. Intentando recuperarlo y reintentar...
Elemento obsoleto después de desplazarse. Intentando recuperarlo y reintentar...
Elemento obsoleto después de desplazarse. Intentando recuperarlo y reintentar...
Elemento obsoleto después de desplazarse. Intentando recuperarlo y reintentar...
Elemento obsoleto después de desplazarse. Intentando recuperarlo y reintentar...
Elemento obsoleto después de desplazarse. Intentando recuperarlo y reintentar...
Elemento obsoleto después de desplazarse. Intentando recuperarlo y reintentar...
Elemento obsoleto después de desplazarse. Intentando recuperarlo y reintentar...
Elemento obsoleto después de desplazarse. Intentando recuperarlo y reintentar...
Elemento obsoleto después de desplazarse. Intentando recuperarlo y reintentar...
Elemento obsoleto después de desplazarse. Intentando recuperarlo y reintentar...
Elemento obsoleto después de desplazarse. Intentando recuperarlo y reintentar...
Elemento obsoleto después de desplazarse. Intentando recuperarlo y reintentar...
Elemento obsoleto después de desplazarse. Intentando recuperarlo y reintentar...
Elemento obsoleto después de desplazarse. Intentando recuperarlo y reintentar...
Elemento obsoleto después de desplazarse. Intentando recuperarlo y reintentar...
Elemento obsoleto después de desplazarse. Intentando recuperarlo y reintentar...
Elemento obsoleto después de desplazarse. Intentando recuperarlo y reintentar...
Elemento obsoleto después de desplazarse. Intentando recuperarlo y reintentar...
Elemento obsoleto después de desplazarse. Intentando recuperarlo y reintentar...
Elemento obsoleto después de desplazarse. Intentando recuperarlo y reintentar...
Elemento obsoleto después de desplazarse. Intentando recuperarlo y reintentar...
Elemento obsoleto después de desplazarse. Intentando recuperarlo y reintentar...
Elemento obsoleto después de desplazarse. Intentando recuperarlo y reintentar...
Elemento obsoleto después de desplazarse. Intentando recuperarlo y reintentar...
Elemento obsoleto después de desplazarse. Intentando recuperarlo y reintentar...
Elemento obsoleto después de desplazarse. Intentando recuperarlo y reintentar...
Elemento obsoleto después de desplazarse. Intentando recuperarlo y reintentar...
Elemento obsoleto después de desplazarse. Intentando recuperarlo y reintentar...
Elemento obsoleto después de desplazarse. Intentando recuperarlo y reintentar...
Elemento obsoleto después de desplazarse. Intentando recuperarlo y reintentar...
Elemento obsoleto después de desplazarse. Intentando recuperarlo y reintentar...
Elemento obsoleto después de desplazarse. Intentando recuperarlo y reintentar...
Elemento obsoleto después de desplazarse. Intentando recuperarlo y reintentar...
Elemento obsoleto después de desplazarse. Intentando recuperarlo y reintentar...
Elemento obsoleto después de desplazarse. Intentando recuperarlo y reintentar...
Elemento obsoleto después de desplazarse. Intentando recuperarlo y reintentar...
Elemento obsoleto después de desplazarse. Intentando recuperarlo y reintentar...
Elemento obsoleto después de desplazarse. Intentando recuperarlo y reintentar...
Elemento obsoleto después de desplazarse. Intentando recuperarlo y reintentar...
Elemento obsoleto después de desplazarse. Intentando recuperarlo y reintentar...
Elemento obsoleto después de desplazarse. Intentando recuperarlo y reintentar...
Elemento obsoleto después de desplazarse. Intentando recuperarlo y reintentar...
Elemento obsoleto después de desplazarse. Intentando recuperarlo y reintentar...
Elemento obsoleto después de desplazarse. Intentando recuperarlo y reintentar...
Elemento obsoleto después de desplazarse. Intentando recuperarlo y reintentar...
Elemento obsoleto después de desplazarse. Intentando recuperarlo y reintentar...
Elemento obsoleto después de desplazarse. Intentando recuperarlo y reintentar...
Elemento obsoleto después de desplazarse. Intentando recuperarlo y reintentar...
Elemento obsoleto después de desplazarse. Intentando recuperarlo y reintentar...
Elemento obsoleto después de desplazarse. Intentando recuperarlo y reintentar...
Elemento obsoleto después de desplazarse. Intentando recuperarlo y reintentar...
Elemento obsoleto después de desplazarse. Intentando recuperarlo y reintentar...
Elemento obsoleto después de desplazarse. Intentando recuperarlo y reintentar...
Elemento obsoleto después de desplazarse. Intentando recuperarlo y reintentar...
Elemento obsoleto después de desplazarse. Intentando recuperarlo y reintentar...
Elemento obsoleto después de desplazarse. Intentando recuperarlo y reintentar...
Elemento obsoleto después de desplazarse. Intentando recuperarlo y reintentar...
Elemento obsoleto después de desplazarse. Intentando recuperarlo y reintentar...
Elemento obsoleto después de desplazarse. Intentando recuperarlo y reintentar...
Elemento obsoleto después de desplazarse. Intentando recuperarlo y reintentar...
Elemento obsoleto después de desplazarse. Intentando recuperarlo y reintentar...
Elemento obsoleto después de desplazarse. Intentando recuperarlo y reintentar...
Elemento obsoleto después de desplazarse. Intentando recuperarlo y reintentar...
Elemento obsoleto después de desplazarse. Intentando recuperarlo y reintentar...
Elemento obsoleto después de desplazarse. Intentando recuperarlo y reintentar...
Elemento obsoleto después de desplazarse. Intentando recuperarlo y reintentar...
Elemento obsoleto después de desplazarse. Intentando recuperarlo y reintentar...
Elemento obsoleto después de desplazarse. Intentando recuperarlo y reintentar...
Elemento obsoleto después de desplazarse. Intentando recuperarlo y reintentar...
Elemento obsoleto después de desplazarse. Intentando recuperarlo y reintentar...
Elemento obsoleto después de desplazarse. Intentando recuperarlo y reintentar...
Elemento obsoleto después de desplazarse. Intentando recuperarlo y reintentar...
Elemento obsoleto después de desplazarse. Intentando recuperarlo y reintentar...
Elemento obsoleto después de desplazarse. Intentando recuperarlo y reintentar...
Elemento obsoleto después de desplazarse. Intentando recuperarlo y reintentar...
Elemento obsoleto después de desplazarse. Intentando recuperarlo y reintentar...
Elemento obsoleto después de desplazarse. Intentando recuperarlo y reintentar...
Elemento obsoleto después de desplazarse. Intentando recuperarlo y reintentar...
Elemento obsoleto después de desplazarse. Intentando recuperarlo y reintentar...
Elemento obsoleto después de desplazarse. Intentando recuperarlo y reintentar...
Elemento obsoleto después de desplazarse. Intentando recuperarlo y reintentar...
Elemento obsoleto después de desplazarse. Intentando recuperarlo y reintentar...
Elemento obsoleto después de desplazarse. Intentando recuperarlo y reintentar...
Elemento obsoleto después de desplazarse. Intentando recuperarlo y reintentar...
Elemento obsoleto después de desplazarse. Intentando recuperarlo y reintentar...
Elemento obsoleto después de desplazarse. Intentando recuperarlo y reintentar...
Elemento obsoleto después de desplazarse. Intentando recuperarlo y reintentar...
Elemento obsoleto después de desplazarse. Intentando recuperarlo y reintentar...
Elemento obsoleto después de desplazarse. Intentando recuperarlo y reintentar...
Elemento obsoleto después de desplazarse. Intentando recuperarlo y reintentar...
Elemento obsoleto después de desplazarse. Intentando recuperarlo y reintentar...
Elemento obsoleto después de desplazarse. Intentando recuperarlo y reintentar...
Elemento obsoleto después de desplazarse. Intentando recuperarlo y reintentar...
Elemento obsoleto después de desplazarse. Intentando recuperarlo y reintentar...
Elemento obsoleto después de desplazarse. Intentando recuperarlo y reintentar...
Elemento obsoleto después de desplazarse. Intentando recuperarlo y reintentar...
Elemento obsoleto después de desplazarse. Intentando recuperarlo y reintentar...
Elemento obsoleto después de desplazarse. Intentando recuperarlo y reintentar...
Elemento obsoleto después de desplazarse. Intentando recuperarlo y reintentar...
Elemento obsoleto después de desplazarse. Intentando recuperarlo y reintentar...
Elemento obsoleto después de desplazarse. Intentando recuperarlo y reintentar...
Elemento obsoleto después de desplazarse. Intentando recuperarlo y reintentar...
Elemento obsoleto después de desplazarse. Intentando recuperarlo y reintentar...
Elemento obsoleto después de desplazarse. Intentando recuperarlo y reintentar...
Elemento obsoleto después de desplazarse. Intentando recuperarlo y reintentar...
Elemento obsoleto después de desplazarse. Intentando recuperarlo y reintentar...
Elemento obsoleto después de desplazarse. Intentando recuperarlo y reintentar...
Elemento obsoleto después de desplazarse. Intentando recuperarlo y reintentar...
Elemento obsoleto después de desplazarse. Intentando recuperarlo y reintentar...
Elemento obsoleto después de desplazarse. Intentando recuperarlo y reintentar...
Elemento obsoleto después de desplazarse. Intentando recuperarlo y reintentar...
Elemento obsoleto después de desplazarse. Intentando recuperarlo y reintentar...
Elemento obsoleto después de desplazarse. Intentando recuperarlo y reintentar...
Elemento obsoleto después de desplazarse. Intentando recuperarlo y reintentar...
Elemento obsoleto después de desplazarse. Intentando recuperarlo y reintentar...
Elemento obsoleto después de desplazarse. Intentando recuperarlo y reintentar...
Elemento obsoleto después de desplazarse. Intentando recuperarlo y reintentar...
Elemento obsoleto después de desplazarse. Intentando recuperarlo y reintentar...
Elemento obsoleto después de desplazarse. Intentando recuperarlo y reintentar...
Elemento obsoleto después de desplazarse. Intentando recuperarlo y reintentar...
Elemento obsoleto después de desplazarse. Intentando recuperarlo y reintentar...
Elemento obsoleto después de desplazarse. Intentando recuperarlo y reintentar...
Elemento obsoleto después de desplazarse. Intentando recuperarlo y reintentar...
Elemento obsoleto después de desplazarse. Intentando recuperarlo y reintentar...
Elemento obsoleto después de desplazarse. Intentando recuperarlo y reintentar...
Elemento obsoleto después de desplazarse. Intentando recuperarlo y reintentar...
Elemento obsoleto después de desplazarse. Intentando recuperarlo y reintentar...
Elemento obsoleto después de desplazarse. Intentando recuperarlo y reintentar...
Elemento obsoleto después de desplazarse. Intentando recuperarlo y reintentar...
Elemento obsoleto después de desplazarse. Intentando recuperarlo y reintentar...
Elemento obsoleto después de desplazarse. Intentando recuperarlo y reintentar...
Elemento obsoleto después de desplazarse. Intentando recuperarlo y reintentar...
Elemento obsoleto después de desplazarse. Intentando recuperarlo y reintentar...
Elemento obsoleto después de desplazarse. Intentando recuperarlo y reintentar...
Elemento obsoleto después de desplazarse. Intentando recuperarlo y reintentar...
Elemento obsoleto después de desplazarse. Intentando recuperarlo y reintentar...
Elemento obsoleto después de desplazarse. Intentando recuperarlo y reintentar...
Elemento obsoleto después de desplazarse. Intentando recuperarlo y reintentar...
Elemento obsoleto después de desplazarse. Intentando recuperarlo y reintentar...
Elemento obsoleto después de desplazarse. Intentando recuperarlo y reintentar...
Elemento obsoleto después de desplazarse. Intentando recuperarlo y reintentar...
Elemento obsoleto después de desplazarse. Intentando recuperarlo y reintentar...
Elemento obsoleto después de desplazarse. Intentando recuperarlo y reintentar...
Elemento obsoleto después de desplazarse. Intentando recuperarlo y reintentar...
Elemento obsoleto después de desplazarse. Intentando recuperarlo y reintentar...
Elemento obsoleto después de desplazarse. Intentando recuperarlo y reintentar...
Elemento obsoleto después de desplazarse. Intentando recuperarlo y reintentar...
Elemento obsoleto después de desplazarse. Intentando recuperarlo y reintentar...
Elemento obsoleto después de desplazarse. Intentando recuperarlo y reintentar...
Elemento obsoleto después de desplazarse. Intentando recuperarlo y reintentar...
Elemento obsoleto después de desplazarse. Intentando recuperarlo y reintentar...
Elemento obsoleto después de desplazarse. Intentando recuperarlo y reintentar...
Elemento obsoleto después de desplazarse. Intentando recuperarlo y reintentar...
Elemento obsoleto después de desplazarse. Intentando recuperarlo y reintentar...
Elemento obsoleto después de desplazarse. Intentando recuperarlo y reintentar...
Elemento obsoleto después de desplazarse. Intentando recuperarlo y reintentar...
Elemento obsoleto después de desplazarse. Intentando recuperarlo y reintentar...
Elemento obsoleto después de desplazarse. Intentando recuperarlo y reintentar...
Elemento obsoleto después de desplazarse. Intentando recuperarlo y reintentar...
Elemento obsoleto después de desplazarse. Intentando recuperarlo y reintentar...
Elemento obsoleto después de desplazarse. Intentando recuperarlo y reintentar...
Elemento obsoleto después de desplazarse. Intentando recuperarlo y reintentar...
Elemento obsoleto después de desplazarse. Intentando recuperarlo y reintentar...
Elemento obsoleto después de desplazarse. Intentando recuperarlo y reintentar...
Elemento obsoleto después de desplazarse. Intentando recuperarlo y reintentar...
Elemento obsoleto después de desplazarse. Intentando recuperarlo y reintentar...
Elemento obsoleto después de desplazarse. Intentando recuperarlo y reintentar...
Elemento obsoleto después de desplazarse. Intentando recuperarlo y reintentar...
Elemento obsoleto después de desplazarse. Intentando recuperarlo y reintentar...
Elemento obsoleto después de desplazarse. Intentando recuperarlo y reintentar...
Elemento obsoleto después de desplazarse. Intentando recuperarlo y reintentar...
Elemento obsoleto después de desplazarse. Intentando recuperarlo y reintentar...
Elemento obsoleto después de desplazarse. Intentando recuperarlo y reintentar...
Elemento obsoleto después de desplazarse. Intentando recuperarlo y reintentar...
Elemento obsoleto después de desplazarse. Intentando recuperarlo y reintentar...
Elemento obsoleto después de desplazarse. Intentando recuperarlo y reintentar...
Elemento obsoleto después de desplazarse. Intentando recuperarlo y reintentar...
Elemento obsoleto después de desplazarse. Intentando recuperarlo y reintentar...
Elemento obsoleto después de desplazarse. Intentando recuperarlo y reintentar...
Elemento obsoleto después de desplazarse. Intentando recuperarlo y reintentar...
Elemento obsoleto después de desplazarse. Intentando recuperarlo y reintentar...
Elemento obsoleto después de desplazarse. Intentando recuperarlo y reintentar...
Elemento obsoleto después de desplazarse. Intentando recuperarlo y reintentar...
Elemento obsoleto después de desplazarse. Intentando recuperarlo y reintentar...
Elemento obsoleto después de desplazarse. Intentando recuperarlo y reintentar...
Elemento obsoleto después de desplazarse. Intentando recuperarlo y reintentar...
Elemento obsoleto después de desplazarse. Intentando recuperarlo y reintentar...
Elemento obsoleto después de desplazarse. Intentando recuperarlo y reintentar...
Elemento obsoleto después de desplazarse. Intentando recuperarlo y reintentar...
Elemento obsoleto después de desplazarse. Intentando recuperarlo y reintentar...
Elemento obsoleto después de desplazarse. Intentando recuperarlo y reintentar...
Elemento obsoleto después de desplazarse. Intentando recuperarlo y reintentar...
Elemento obsoleto después de desplazarse. Intentando recuperarlo y reintentar...
Elemento obsoleto después de desplazarse. Intentando recuperarlo y reintentar...
Elemento obsoleto después de desplazarse. Intentando recuperarlo y reintentar...
Elemento obsoleto después de desplazarse. Intentando recuperarlo y reintentar...
Elemento obsoleto después de desplazarse. Intentando recuperarlo y reintentar...
Elemento obsoleto después de desplazarse. Intentando recuperarlo y reintentar...
Elemento obsoleto después de desplazarse. Intentando recuperarlo y reintentar...
Elemento obsoleto después de desplazarse. Intentando recuperarlo y reintentar...
Elemento obsoleto después de desplazarse. Intentando recuperarlo y reintentar...
Elemento obsoleto después de desplazarse. Intentando recuperarlo y reintentar...
Elemento obsoleto después de desplazarse. Intentando recuperarlo y reintentar...
Elemento obsoleto después de desplazarse. Intentando recuperarlo y reintentar...
Elemento obsoleto después de desplazarse. Intentando recuperarlo y reintentar...
Elemento obsoleto después de desplazarse. Intentando recuperarlo y reintentar...
Elemento obsoleto después de desplazarse. Intentando recuperarlo y reintentar...
Elemento obsoleto después de desplazarse. Intentando recuperarlo y reintentar...
Elemento obsoleto después de desplazarse. Intentando recuperarlo y reintentar...
Elemento obsoleto después de desplazarse. Intentando recuperarlo y reintentar...
Elemento obsoleto después de desplazarse. Intentando recuperarlo y reintentar...
Elemento obsoleto después de desplazarse. Intentando recuperarlo y reintentar...
Elemento obsoleto después de desplazarse. Intentando recuperarlo y reintentar...
Elemento obsoleto después de desplazarse. Intentando recuperarlo y reintentar...
Elemento obsoleto después de desplazarse. Intentando recuperarlo y reintentar...
Elemento obsoleto después de desplazarse. Intentando recuperarlo y reintentar...
Elemento obsoleto después de desplazarse. Intentando recuperarlo y reintentar...
Elemento obsoleto después de desplazarse. Intentando recuperarlo y reintentar...
Elemento obsoleto después de desplazarse. Intentando recuperarlo y reintentar...
Elemento obsoleto después de desplazarse. Intentando recuperarlo y reintentar...
Elemento obsoleto después de desplazarse. Intentando recuperarlo y reintentar...
Elemento obsoleto después de desplazarse. Intentando recuperarlo y reintentar...
Elemento obsoleto después de desplazarse. Intentando recuperarlo y reintentar...
Elemento obsoleto después de desplazarse. Intentando recuperarlo y reintentar...
Elemento obsoleto después de desplazarse. Intentando recuperarlo y reintentar...
Elemento obsoleto después de desplazarse. Intentando recuperarlo y reintentar...
Elemento obsoleto después de desplazarse. Intentando recuperarlo y reintentar...
Elemento obsoleto después de desplazarse. Intentando recuperarlo y reintentar...
Elemento obsoleto después de desplazarse. Intentando recuperarlo y reintentar...
Elemento obsoleto después de desplazarse. Intentando recuperarlo y reintentar...
Elemento obsoleto después de desplazarse. Intentando recuperarlo y reintentar...
Elemento obsoleto después de desplazarse. Intentando recuperarlo y reintentar...
Elemento obsoleto después de desplazarse. Intentando recuperarlo y reintentar...
Elemento obsoleto después de desplazarse. Intentando recuperarlo y reintentar...
Elemento obsoleto después de desplazarse. Intentando recuperarlo y reintentar...
Elemento obsoleto después de desplazarse. Intentando recuperarlo y reintentar...
Elemento obsoleto después de desplazarse. Intentando recuperarlo y reintentar...
Elemento obsoleto después de desplazarse. Intentando recuperarlo y reintentar...
Elemento obsoleto después de desplazarse. Intentando recuperarlo y reintentar...
Elemento obsoleto después de desplazarse. Intentando recuperarlo y reintentar...
Elemento obsoleto después de desplazarse. Intentando recuperarlo y reintentar...
Elemento obsoleto después de desplazarse. Intentando recuperarlo y reintentar...
Elemento obsoleto después de desplazarse. Intentando recuperarlo y reintentar...
Elemento obsoleto después de desplazarse. Intentando recuperarlo y reintentar...
Elemento obsoleto después de desplazarse. Intentando recuperarlo y reintentar...
Elemento obsoleto después de desplazarse. Intentando recuperarlo y reintentar...
Elemento obsoleto después de desplazarse. Intentando recuperarlo y reintentar...
Elemento obsoleto después de desplazarse. Intentando recuperarlo y reintentar...
Elemento obsoleto después de desplazarse. Intentando recuperarlo y reintentar...
Elemento obsoleto después de desplazarse. Intentando recuperarlo y reintentar...
Elemento obsoleto después de desplazarse. Intentando recuperarlo y reintentar...
Elemento obsoleto después de desplazarse. Intentando recuperarlo y reintentar...
Elemento obsoleto después de desplazarse. Intentando recuperarlo y reintentar...
Elemento obsoleto después de desplazarse. Intentando recuperarlo y reintentar...
Elemento obsoleto después de desplazarse. Intentando recuperarlo y reintentar...
Elemento obsoleto después de desplazarse. Intentando recuperarlo y reintentar...
Elemento obsoleto después de desplazarse. Intentando recuperarlo y reintentar...
Elemento obsoleto después de desplazarse. Intentando recuperarlo y reintentar...
Elemento obsoleto después de desplazarse. Intentando recuperarlo y reintentar...
Elemento obsoleto después de desplazarse. Intentando recuperarlo y reintentar...
Elemento obsoleto después de desplazarse. Intentando recuperarlo y reintentar...
Elemento obsoleto después de desplazarse. Intentando recuperarlo y reintentar...
Elemento obsoleto después de desplazarse. Intentando recuperarlo y reintentar...
Elemento obsoleto después de desplazarse. Intentando recuperarlo y reintentar...
Elemento obsoleto después de desplazarse. Intentando recuperarlo y reintentar...
Elemento obsoleto después de desplazarse. Intentando recuperarlo y reintentar...
Elemento obsoleto después de desplazarse. Intentando recuperarlo y reintentar...
Elemento obsoleto después de desplazarse. Intentando recuperarlo y reintentar...
Elemento obsoleto después de desplazarse. Intentando recuperarlo y reintentar...
Elemento obsoleto después de desplazarse. Intentando recuperarlo y reintentar...
Elemento obsoleto después de desplazarse. Intentando recuperarlo y reintentar...
Elemento obsoleto después de desplazarse. Intentando recuperarlo y reintentar...
Elemento obsoleto después de desplazarse. Intentando recuperarlo y reintentar...
Elemento obsoleto después de desplazarse. Intentando recuperarlo y reintentar...
Elemento obsoleto después de desplazarse. Intentando recuperarlo y reintentar...
Elemento obsoleto después de desplazarse. Intentando recuperarlo y reintentar...
Elemento obsoleto después de desplazarse. Intentando recuperarlo y reintentar...
Elemento obsoleto después de desplazarse. Intentando recuperarlo y reintentar...
Elemento obsoleto después de desplazarse. Intentando recuperarlo y reintentar...
Elemento obsoleto después de desplazarse. Intentando recuperarlo y reintentar...
Elemento obsoleto después de desplazarse. Intentando recuperarlo y reintentar...
Elemento obsoleto después de desplazarse. Intentando recuperarlo y reintentar...
Elemento obsoleto después de desplazarse. Intentando recuperarlo y reintentar...
Elemento obsoleto después de desplazarse. Intentando recuperarlo y reintentar...
Elemento obsoleto después de desplazarse. Intentando recuperarlo y reintentar...
Elemento obsoleto después de desplazarse. Intentando recuperarlo y reintentar...
Elemento obsoleto después de desplazarse. Intentando recuperarlo y reintentar...
Elemento obsoleto después de desplazarse. Intentando recuperarlo y reintentar...
Elemento obsoleto después de desplazarse. Intentando recuperarlo y reintentar...
Elemento obsoleto después de desplazarse. Intentando recuperarlo y reintentar...
Elemento obsoleto después de desplazarse. Intentando recuperarlo y reintentar...
Elemento obsoleto después de desplazarse. Intentando recuperarlo y reintentar...
Elemento obsoleto después de desplazarse. Intentando recuperarlo y reintentar...
Elemento obsoleto después de desplazarse. Intentando recuperarlo y reintentar...
Elemento obsoleto después de desplazarse. Intentando recuperarlo y reintentar...
Elemento obsoleto después de desplazarse. Intentando recuperarlo y reintentar...
Elemento obsoleto después de desplazarse. Intentando recuperarlo y reintentar...
Elemento obsoleto después de desplazarse. Intentando recuperarlo y reintentar...
Elemento obsoleto después de desplazarse. Intentando recuperarlo y reintentar...
Elemento obsoleto después de desplazarse. Intentando recuperarlo y reintentar...
Elemento obsoleto después de desplazarse. Intentando recuperarlo y reintentar...
Elemento obsoleto después de desplazarse. Intentando recuperarlo y reintentar...
Elemento obsoleto después de desplazarse. Intentando recuperarlo y reintentar...
Elemento obsoleto después de desplazarse. Intentando recuperarlo y reintentar...
Elemento obsoleto después de desplazarse. Intentando recuperarlo y reintentar...
Elemento obsoleto después de desplazarse. Intentando recuperarlo y reintentar...
Elemento obsoleto después de desplazarse. Intentando recuperarlo y reintentar...
Elemento obsoleto después de desplazarse. Intentando recuperarlo y reintentar...
Elemento obsoleto después de desplazarse. Intentando recuperarlo y reintentar...
Elemento obsoleto después de desplazarse. Intentando recuperarlo y reintentar...
Elemento obsoleto después de desplazarse. Intentando recuperarlo y reintentar...
]]></system-out>
	</testcase>
</testsuite>
