<?xml version="1.0" encoding="UTF-8"?>
<testsuite name="reportInsuRetirar.ReportinsumosPendRetirar-failed" tests="1" file="reportInsuRetirar.py" time="48.487" timestamp="2024-06-26T13:00:50" failures="0" errors="0" skipped="0">
	<testcase classname="reportInsuRetirar.ReportinsumosPendRetirar" name="test_Report_suppliesWithdrawal" time="48.487" timestamp="2024-06-26T13:00:50" file="reportInsuRetirar.py" line="17">
		<system-out><![CDATA[El texto encontrado es  Insumos Pendientes de Retirar
El texto encontrado es  Comprobante
El texto encontrado 'FAC 1051 00014525' no coincide con el esperado ''
El texto encontrado es  Artículo
El texto encontrado '150244 - Herbicida Flex (Fomesafen 25%) x 5 Lts SYNGENTA AGRO SA' no coincide con el esperado ''
El texto encontrado es  Cant. Pend.
El valor es un carácter numérico. Valor: 1.500
]]></system-out>
	</testcase>
</testsuite>
