<?xml version="1.0" encoding="UTF-8"?>
<testsuite name="comproCtaCte.comprobantectacte-failed" tests="1" file="comproCtaCte.py" time="107.844" timestamp="2024-07-13T12:28:30" failures="0" errors="0" skipped="0">
	<testcase classname="comproCtaCte.comprobantectacte" name="test_vouchers_ctacte" time="107.844" timestamp="2024-07-13T12:28:30" file="comproCtaCte.py" line="15">
		<system-out><![CDATA[El texto encontrado es  COMPROBANTES
¡Elemento encontrado y clickeado 7 veces con éxito!
¡Elemento encontrado y clickeado 1 veces con éxito!
El texto encontrado es  Mis Comprobantes
El texto encontrado es  NC 1053 00000779
El texto encontrado es  FC 1051 00014531
Tiempo de espera agotado. El texto por xpaht no está presente.
Tiempo de espera agotado. El elemento no está presente o no es clickeable.
]]></system-out>
	</testcase>
</testsuite>
