<?xml version="1.0" encoding="UTF-8"?>
<testsuite name="Onboarding.Onboarding_test_tenant-failed" tests="1" file="Onboarding.py" time="57.799" timestamp="2024-07-13T12:42:37" failures="0" errors="1" skipped="0">
	<testcase classname="Onboarding.Onboarding_test_tenant" name="test_tenat_onboarding" time="57.799" timestamp="2024-07-13T12:42:37" file="Onboarding.py" line="28">
		<error type="ElementClickInterceptedException" message="Message: element click intercepted: Element is not clickable at point (488, 727)
  (Session info: chrome=126.0.6478.127)
Stacktrace:
	GetHandleVerifier [0x00007FF6C711EEA2+31554]
	(No symbol) [0x00007FF6C7097ED9]
	(No symbol) [0x00007FF6C6F5872A]
	(No symbol) [0x00007FF6C6FB012E]
	(No symbol) [0x00007FF6C6FADAF2]
	(No symbol) [0x00007FF6C6FAAF8B]
	(No symbol) [0x00007FF6C6FAA156]
	(No symbol) [0x00007FF6C6F9C151]
	(No symbol) [0x00007FF6C6FCD02A]
	(No symbol) [0x00007FF6C6F9BA76]
	(No symbol) [0x00007FF6C6FCD240]
	(No symbol) [0x00007FF6C6FEC977]
	(No symbol) [0x00007FF6C6FCCDD3]
	(No symbol) [0x00007FF6C6F9A33B]
	(No symbol) [0x00007FF6C6F9AED1]
	GetHandleVerifier [0x00007FF6C7428B1D+3217341]
	GetHandleVerifier [0x00007FF6C7475AE3+3532675]
	GetHandleVerifier [0x00007FF6C746B0E0+3489152]
	GetHandleVerifier [0x00007FF6C71CE776+750614]
	(No symbol) [0x00007FF6C70A375F]
	(No symbol) [0x00007FF6C709EB14]
	(No symbol) [0x00007FF6C709ECA2]
	(No symbol) [0x00007FF6C708E16F]
	BaseThreadInitThunk [0x00007FFBD5F8257D+29]
	RtlUserThreadStart [0x00007FFBD704AF28+40]
"><![CDATA[Traceback (most recent call last):
  File "c:\Users\luist\repos\Automatizaciones-SILOHUB-\Onboarding.py", line 101, in test_tenat_onboarding
    click_checkbox_xpaht(self.driver, check_button)
  File "c:\Users\luist\repos\Automatizaciones-SILOHUB-\Elements.py", line 457, in click_checkbox_xpaht
    checkbox_element.click()
  File "C:\Users\luist\AppData\Roaming\Python\Python310\site-packages\selenium\webdriver\remote\webelement.py", line 94, in click
    self._execute(Command.CLICK_ELEMENT)
  File "C:\Users\luist\AppData\Roaming\Python\Python310\site-packages\selenium\webdriver\remote\webelement.py", line 395, in _execute
    return self._parent.execute(command, params)
  File "C:\Users\luist\AppData\Roaming\Python\Python310\site-packages\selenium\webdriver\remote\webdriver.py", line 348, in execute
    self.error_handler.check_response(response)
  File "C:\Users\luist\AppData\Roaming\Python\Python310\site-packages\selenium\webdriver\remote\errorhandler.py", line 229, in check_response
    raise exception_class(message, screen, stacktrace)
selenium.common.exceptions.ElementClickInterceptedException: Message: element click intercepted: Element is not clickable at point (488, 727)
  (Session info: chrome=126.0.6478.127)
Stacktrace:
	GetHandleVerifier [0x00007FF6C711EEA2+31554]
	(No symbol) [0x00007FF6C7097ED9]
	(No symbol) [0x00007FF6C6F5872A]
	(No symbol) [0x00007FF6C6FB012E]
	(No symbol) [0x00007FF6C6FADAF2]
	(No symbol) [0x00007FF6C6FAAF8B]
	(No symbol) [0x00007FF6C6FAA156]
	(No symbol) [0x00007FF6C6F9C151]
	(No symbol) [0x00007FF6C6FCD02A]
	(No symbol) [0x00007FF6C6F9BA76]
	(No symbol) [0x00007FF6C6FCD240]
	(No symbol) [0x00007FF6C6FEC977]
	(No symbol) [0x00007FF6C6FCCDD3]
	(No symbol) [0x00007FF6C6F9A33B]
	(No symbol) [0x00007FF6C6F9AED1]
	GetHandleVerifier [0x00007FF6C7428B1D+3217341]
	GetHandleVerifier [0x00007FF6C7475AE3+3532675]
	GetHandleVerifier [0x00007FF6C746B0E0+3489152]
	GetHandleVerifier [0x00007FF6C71CE776+750614]
	(No symbol) [0x00007FF6C70A375F]
	(No symbol) [0x00007FF6C709EB14]
	(No symbol) [0x00007FF6C709ECA2]
	(No symbol) [0x00007FF6C708E16F]
	BaseThreadInitThunk [0x00007FFBD5F8257D+29]
	RtlUserThreadStart [0x00007FFBD704AF28+40]

]]></error>
		<system-out><![CDATA[El texto es visible para el usuario
El texto fue validado correctamente: DOCUMENTACIÓN
El texto es visible para el usuario
El texto fue validado correctamente: Para poder continuar al siguiente paso, será obligatorio completar los campos que se muestran a continuación.
Error presente. Intentando con otro CUIT.
Error presente. Intentando con otro CUIT.
CUIT válido insertado: 14-32739468-2
Archivo 'C:/Users/luist/OneDrive/Escritorio/Facturas/Contratos-1023-JUAN DEMO.xls' cargado con éxito después de hacer clic en el chevron!
]]></system-out>
	</testcase>
</testsuite>
