<?xml version="1.0" encoding="UTF-8"?>
<testsuite name="precio_granos_desponible-20240422120537" tests="2" file=".py" time="132.009" timestamp="2024-04-22T12:07:49" failures="0" errors="2" skipped="0">
	<testcase classname="precio_granos_desponible" name="test_price_available" time="0.000" timestamp="0001-01-01T00:00:00" file="Precio_Disponible.py" line="23">
		<error type="AttributeError" message="'NoneType' object has no attribute 'is_displayed'"><![CDATA[Traceback (most recent call last):
  File "c:\Users\luist\repos\Automatizaciones-SILOHUB-\Precio_Disponible.py", line 125, in test_price_available
    find_elements(self.driver, select_button_accept)
  File "c:\Users\luist\repos\Automatizaciones-SILOHUB-\Elements.py", line 19, in find_elements
    select_nex_button = WebDriverWait(driver, 10).until(
  File "C:\Users\luist\AppData\Roaming\Python\Python310\site-packages\selenium\webdriver\support\wait.py", line 96, in until
    value = method(self._driver)
  File "C:\Users\luist\AppData\Roaming\Python\Python310\site-packages\selenium\webdriver\support\expected_conditions.py", line 364, in _predicate
    element = visibility_of(target)(driver)
  File "C:\Users\luist\AppData\Roaming\Python\Python310\site-packages\selenium\webdriver\support\expected_conditions.py", line 173, in _predicate
    return _element_if_visible(element)
  File "C:\Users\luist\AppData\Roaming\Python\Python310\site-packages\selenium\webdriver\support\expected_conditions.py", line 179, in _element_if_visible
    return element if element.is_displayed() == visibility else False
AttributeError: 'NoneType' object has no attribute 'is_displayed'
]]></error>
		<system-out><![CDATA[El texto encontrado es  MERCADOS
Se hizo clic en un icono de borrar.
No se encontraron más movimientos para borrar.
¡Input encontrado y enviado con éxito!
¡Elemento encontrado y clickeado 6 veces con éxito!
¡Input encontrado y enviado con éxito!
Tiempo de espera agotado. El elemento no está presente o no es clickeable.
]]></system-out>
	</testcase>
	<testcase classname="precio_granos_desponible" name="test_price_available" time="132.009" timestamp="2024-04-22T12:07:49" file="Precio_Disponible.py" line="23">
		<error type="WebDriverException" message="Message: disconnected: Unable to receive message from renderer
  (failed to check if window was closed: disconnected: not connected to DevTools)
  (Session info: chrome=124.0.6367.60)
Stacktrace:
	GetHandleVerifier [0x00007FF7A419F922+3045234]
	(No symbol) [0x00007FF7A3E43652]
	(No symbol) [0x00007FF7A3D07564]
	(No symbol) [0x00007FF7A3CF086C]
	(No symbol) [0x00007FF7A3CEE674]
	(No symbol) [0x00007FF7A3CEEE8F]
	(No symbol) [0x00007FF7A3D07B5D]
	(No symbol) [0x00007FF7A3CDD63C]
	(No symbol) [0x00007FF7A3D880A4]
	(No symbol) [0x00007FF7A3D79D70]
	(No symbol) [0x00007FF7A3D4813C]
	(No symbol) [0x00007FF7A3D48D71]
	GetHandleVerifier [0x00007FF7A41CE89D+3237613]
	GetHandleVerifier [0x00007FF7A4210BA7+3508727]
	GetHandleVerifier [0x00007FF7A420976F+3478975]
	GetHandleVerifier [0x00007FF7A3F7F1C6+815126]
	(No symbol) [0x00007FF7A3E4ED0F]
	(No symbol) [0x00007FF7A3E49854]
	(No symbol) [0x00007FF7A3E499E2]
	(No symbol) [0x00007FF7A3E3A574]
	BaseThreadInitThunk [0x00007FF834EC257D+29]
	RtlUserThreadStart [0x00007FF835A2AA48+40]
"><![CDATA[Traceback (most recent call last):
  File "c:\Users\luist\repos\Automatizaciones-SILOHUB-\Precio_Disponible.py", line 163, in tearDown
    self.driver.close()
  File "C:\Users\luist\AppData\Roaming\Python\Python310\site-packages\selenium\webdriver\remote\webdriver.py", line 459, in close
    self.execute(Command.CLOSE)
  File "C:\Users\luist\AppData\Roaming\Python\Python310\site-packages\selenium\webdriver\remote\webdriver.py", line 348, in execute
    self.error_handler.check_response(response)
  File "C:\Users\luist\AppData\Roaming\Python\Python310\site-packages\selenium\webdriver\remote\errorhandler.py", line 229, in check_response
    raise exception_class(message, screen, stacktrace)
selenium.common.exceptions.WebDriverException: Message: disconnected: Unable to receive message from renderer
  (failed to check if window was closed: disconnected: not connected to DevTools)
  (Session info: chrome=124.0.6367.60)
Stacktrace:
	GetHandleVerifier [0x00007FF7A419F922+3045234]
	(No symbol) [0x00007FF7A3E43652]
	(No symbol) [0x00007FF7A3D07564]
	(No symbol) [0x00007FF7A3CF086C]
	(No symbol) [0x00007FF7A3CEE674]
	(No symbol) [0x00007FF7A3CEEE8F]
	(No symbol) [0x00007FF7A3D07B5D]
	(No symbol) [0x00007FF7A3CDD63C]
	(No symbol) [0x00007FF7A3D880A4]
	(No symbol) [0x00007FF7A3D79D70]
	(No symbol) [0x00007FF7A3D4813C]
	(No symbol) [0x00007FF7A3D48D71]
	GetHandleVerifier [0x00007FF7A41CE89D+3237613]
	GetHandleVerifier [0x00007FF7A4210BA7+3508727]
	GetHandleVerifier [0x00007FF7A420976F+3478975]
	GetHandleVerifier [0x00007FF7A3F7F1C6+815126]
	(No symbol) [0x00007FF7A3E4ED0F]
	(No symbol) [0x00007FF7A3E49854]
	(No symbol) [0x00007FF7A3E499E2]
	(No symbol) [0x00007FF7A3E3A574]
	BaseThreadInitThunk [0x00007FF834EC257D+29]
	RtlUserThreadStart [0x00007FF835A2AA48+40]

]]></error>
		<system-out><![CDATA[El texto encontrado es  MERCADOS
Se hizo clic en un icono de borrar.
No se encontraron más movimientos para borrar.
¡Input encontrado y enviado con éxito!
¡Elemento encontrado y clickeado 6 veces con éxito!
¡Input encontrado y enviado con éxito!
Tiempo de espera agotado. El elemento no está presente o no es clickeable.
]]></system-out>
	</testcase>
</testsuite>
