<?xml version="1.0" encoding="UTF-8"?>
<testsuite name="precio_granos_desponible-20240417122613" tests="1" file=".py" time="139.383" timestamp="2024-04-17T12:28:33" failures="0" errors="0" skipped="0">
	<testcase classname="precio_granos_desponible" name="test_price_available" time="139.383" timestamp="2024-04-17T12:28:33" file="Precio_Disponible.py" line="23">
		<system-out><![CDATA[El texto encontrado es  MERCADOS
Se hizo clic en un icono de borrar.
No se encontraron más movimientos para borrar.
¡Input encontrado y enviado con éxito!
¡Elemento encontrado y clickeado 3 veces con éxito!
¡Input encontrado y enviado con éxito!
¡Cuenta encontrada y seleccionada 1023  con éxito!
¡Input encontrado y enviado con éxito!
]]></system-out>
	</testcase>
</testsuite>
