<?xml version="1.0" encoding="UTF-8"?>
<testsuite name="logistica_primarias-20240416122349" tests="1" file=".py" time="62.366" timestamp="2024-04-16T12:24:51" failures="0" errors="0" skipped="0">
	<testcase classname="logistica_primarias" name="test_logistics_primaries" time="62.366" timestamp="2024-04-16T12:24:51" file="LogistPrimaria.py" line="23">
		<system-out><![CDATA[¡Cuenta encontrada y seleccionada 1023  con éxito!
¡Input encontrado y enviado con éxito!
¡Input encontrado y enviado con éxito!
¡Input encontrado y enviado con éxito!
¡Input encontrado y enviado con éxito!
¡Input encontrado y enviado con éxito!
¡Input encontrado y enviado con éxito!
El texto encontrado es  Tu Solicitud fue enviada al sistema
]]></system-out>
	</testcase>
</testsuite>
