<?xml version="1.0" encoding="UTF-8"?>
<testsuite name="CtaCte_HistoApagar.cuenta_ctacte_histApagar-20240508141427" tests="1" file="CtaCte_HistoApagar.py" time="68.458" timestamp="2024-05-08T15:39:37" failures="0" errors="0" skipped="0">
	<testcase classname="CtaCte_HistoApagar.cuenta_ctacte_histApagar" name="test_ctacte_historica" time="68.458" timestamp="2024-05-08T15:39:37" file="CtaCte_HistoApagar.py" line="17">
		<system-out><![CDATA[¡Elemento encontrado y clickeado 4 veces con éxito!
¡Elemento encontrado y clickeado 4 veces con éxito!
El texto encontrado es  Cuenta Corriente
El valor es un carácter numérico. Valor: -1.537.138.180,40
El valor es un carácter numérico. Valor: -4.649.138,86
El texto encontrado es  CUENTA CORRIENTE
El texto no fue encontrado Movimiento OP 0011 00499478
El texto no fue encontrado - ARS 87.725,00
El texto no fue encontrado PAGO A CTA.VTA.MAIZ
]]></system-out>
	</testcase>
</testsuite>
