<?xml version="1.0" encoding="UTF-8"?>
<testsuite name="Ctacte_histoAcobrar.cuenta_ctacte_histAcobrar-20240508141427" tests="1" file="Ctacte_histoAcobrar.py" time="63.869" timestamp="2024-05-08T15:38:27" failures="0" errors="0" skipped="0">
	<testcase classname="Ctacte_histoAcobrar.cuenta_ctacte_histAcobrar" name="test_ctacte_historica" time="63.869" timestamp="2024-05-08T15:38:27" file="Ctacte_histoAcobrar.py" line="17">
		<system-out><![CDATA[¡Elemento encontrado y clickeado 4 veces con éxito!
¡Elemento encontrado y clickeado 4 veces con éxito!
El texto encontrado es  Cuenta Corriente
El valor es un carácter numérico. Valor: 1.516.285.398,06
El valor es un carácter numérico. Valor: 4.837.351,06
El texto encontrado es  CUENTA CORRIENTE
El texto no fue encontrado Movimiento LC 3302 11350773
El texto no fue encontrado + ARS 19.640,53
El texto no fue encontrado Liq.1116C SOJA 2223 100 Kgs. 100,00%
]]></system-out>
	</testcase>
</testsuite>
