<?xml version="1.0" encoding="UTF-8"?>
<testsuite name="Ctacte_ApliApagar.cta_cte_apliApagar-20240423153059" tests="1" file="Ctacte_ApliApagar.py" time="102.764" timestamp="2024-04-23T15:32:42" failures="0" errors="0" skipped="0">
	<testcase classname="Ctacte_ApliApagar.cta_cte_apliApagar" name="test_ctacte_apliApagar" time="102.764" timestamp="2024-04-23T15:32:42" file="Ctacte_ApliApagar.py" line="17">
		<system-out><![CDATA[¡Elemento encontrado y clickeado 12 veces con éxito!
¡Elemento encontrado y clickeado 1 veces con éxito!
Tiempo de espera agotado. El elemento no está presente o no es clickeable.
Elemento desplazado, cantidad limpiada y nuevo valor '_7ycq2k8f@yopmail.com' ingresado con éxito!
¡Elemento encontrado y clickeado 6 veces con éxito!
¡Elemento encontrado y clickeado 2 veces con éxito!
¡Elemento encontrado y clickeado 6 veces con éxito!
El texto es visible para el usuario
El texto fue validado correctamente: Venta F 0001 00118245
El texto es visible para el usuario: '150.000,00 Kg'
El texto es visible para el usuario
El texto fue validado correctamente: De Soja
El texto encontrado es  CUENTA CORRIENTE APLICADA
El texto es visible para el usuario
El texto fue validado correctamente: DATOS DE LA VENTA
El texto es visible para el usuario
El texto fue validado correctamente: 29/03/2023
El texto es visible para el usuario
El texto fue validado correctamente: 21/22
El texto encontrado es  03 Playa S. Miguel (T6 y M. Pampa)
El texto es visible para el usuario
El texto fue validado correctamente: 24/08/2022
]]></system-out>
	</testcase>
</testsuite>
