<?xml version="1.0" encoding="UTF-8"?>
<testsuite name="EntregasPendApli.entregas_pend_Aplicadas-20240423152939" tests="1" file="EntregasPendApli.py" time="104.105" timestamp="2024-04-23T15:31:23" failures="0" errors="0" skipped="0">
	<testcase classname="EntregasPendApli.entregas_pend_Aplicadas" name="test_delivery_earrings" time="104.105" timestamp="2024-04-23T15:31:23" file="EntregasPendApli.py" line="22">
		<system-out><![CDATA[¡Input encontrado y enviado con éxito!
Email generado: _7ycq2k8f@yopmail.com
El texto es visible para el usuario
El texto fue validado correctamente: Entrega TK 0001 00121693
El texto es visible para el usuario: '31.320,00 Kg'
El texto es visible para el usuario
El texto fue validado correctamente: De Maiz
El texto es visible para el usuario
El texto fue validado correctamente: DATOS DE LA ENTREGA
El texto es visible para el usuario
El texto fue validado correctamente: 26/07/2022
El texto es visible para el usuario
El texto fue validado correctamente: 21/22
El texto es visible para el usuario
El texto fue validado correctamente: DON EMIDIO SA
El texto es visible para el usuario
El texto fue validado correctamente: 19970 CAMPO RASSETTO (Don Emidio S.A.)
El texto encontrado es  Cuenta Corriente Aplicada
El valor es un carácter numérico. Valor: 45.348,34
El valor es un carácter numérico. Valor: -2.493,50
El valor es un carácter numérico. Valor: -254,10
]]></system-out>
		<system-err><![CDATA[
Running tests...
----------------------------------------------------------------------
.
----------------------------------------------------------------------
Ran 1 test in 95.812s

OK

Generating XML reports...
]]></system-err>
	</testcase>
</testsuite>
