<?xml version="1.0" encoding="UTF-8"?>
<testsuite name="CtaCte_Aplicada.cuenta_ctacte_aplicada-20240423115934" tests="1" file="CtaCte_Aplicada.py" time="59.868" timestamp="2024-04-23T12:32:06" failures="0" errors="0" skipped="0">
	<testcase classname="CtaCte_Aplicada.cuenta_ctacte_aplicada" name="test_ctacte_aplicada" time="59.868" timestamp="2024-04-23T12:32:06" file="CtaCte_Aplicada.py" line="17">
		<system-out><![CDATA[¡Elemento encontrado y clickeado 6 veces con éxito!
¡Elemento encontrado y clickeado 2 veces con éxito!
El texto encontrado es  CUENTA CORRIENTE APLICADA
El valor es un carácter numérico. Valor: -2.282.045.012,07
El valor es un carácter numérico. Valor: 1.642.624.183,60
El valor es un carácter numérico. Valor: 3.488.722,55
El texto encontrado es  CUENTA CORRIENTE
El texto encontrado es  Movimiento FC 1051 00014218
El texto encontrado es  USD 738,10
El texto encontrado es  SILO BOLSA-
]]></system-out>
	</testcase>
</testsuite>
