<?xml version="1.0" encoding="UTF-8"?>
<testsuite name="ConfISolicitudes.confi_Solicitudes-20240423153922" tests="1" file="ConfISolicitudes.py" time="64.985" timestamp="2024-04-23T15:40:27" failures="0" errors="0" skipped="0">
	<testcase classname="ConfISolicitudes.confi_Solicitudes" name="test_settings_User" time="64.985" timestamp="2024-04-23T15:40:27" file="ConfISolicitudes.py" line="19">
		<system-out><![CDATA[¡Input encontrado y enviado con éxito!
¡Input encontrado y enviado con éxito!
Tiempo de espera agotado. El elemento no está presente o no es clickeable.
¡Input encontrado y enviado con éxito!
¡Input encontrado y enviado con éxito!
Tiempo de espera agotado. El elemento no está presente o no es clickeable.
El texto encontrado es  DATOS GENERALES
El texto encontrado es  RAZON SOCIAL
El texto encontrado es  5 B S.A.
El texto encontrado es  CUIT
El texto encontrado es  30-71227027-2
El texto encontrado es  CELULAR
El texto encontrado es  03406 - 480479 / 15645641
El texto encontrado es  DATOS EXTRA
El texto encontrado es  COMERCIAL
El texto encontrado es  CORDOBA, RAMIRO
El texto encontrado es  CUENTA
El texto encontrado es  (2903) - 5 B S.A.
Test finalizado con éxito
El texto encontrado es  Tu Solicitud fue enviada al sistema
]]></system-out>
		<system-err><![CDATA[
Running tests...
----------------------------------------------------------------------
]]></system-err>
	</testcase>
</testsuite>
