<?xml version="1.0" encoding="UTF-8"?>
<testsuite name="EntregasAplicadas.cta_entregasAplicadas-20240423152838" tests="1" file="EntregasAplicadas.py" time="87.877" timestamp="2024-04-23T15:30:06" failures="0" errors="0" skipped="0">
	<testcase classname="EntregasAplicadas.cta_entregasAplicadas" name="test_delivery_applied" time="87.877" timestamp="2024-04-23T15:30:06" file="EntregasAplicadas.py" line="22">
		<system-out><![CDATA[¡Elemento encontrado y clickeado 2 veces con éxito!
¡Elemento encontrado y clickeado 3 veces con éxito!
¡Elemento encontrado y clickeado 3 veces con éxito!
¡Elemento encontrado y clickeado 2 veces con éxito!
¡Elemento encontrado y clickeado 3 veces con éxito!
No se encontraron más movimientos para borrar.
¡Elemento encontrado y clickeado 1 veces con éxito!
El texto encontrado es  Estado De Mis Contratos
El texto es visible para el usuario
El texto fue validado correctamente: Contrato 108280
El texto es visible para el usuario
El texto fue validado correctamente: De Maiz
El texto no coincide con los valores esperados. Texto actual: '500.000,00 Kg'
El texto no coincide con los valores esperados. Texto actual: '1.052.210,00'
El texto es visible para el usuario: '982.676,00'
Tiempo de espera agotado. El texto por texto no está presente.
El texto es visible para el usuario
El texto fue validado correctamente: Mis Ventas
El texto es visible para el usuario
El texto fue validado correctamente: Producto
El texto es visible para el usuario
El texto fue validado correctamente: Maiz
El texto es visible para el usuario
El texto fue validado correctamente: Fecha
El texto es visible para el usuario
El texto fue validado correctamente: 22/04/2021
El texto es visible para el usuario
El texto fue validado correctamente: Comprobante
El valor es un carácter numérico. Valor: VN 0001 00108280
El texto es visible para el usuario: 'Kg Fijados'
El valor es un carácter numérico. Valor: 500.000,00
El texto es visible para el usuario
El texto fue validado correctamente: Precio
El valor es un carácter numérico. Valor: 0,19
El texto es visible para el usuario
El texto fue validado correctamente: Moneda
El texto es visible para el usuario
El texto fue validado correctamente: USD
Checkbox con XPAHT '/html/body/app-root/app-layout/app-vertical/div/div/div/div/app-detail-contract/app-contract-detail-tabs/div/div[2]/app-contract-sales/app-sales-shared/app-responsive-table/div/div/table/tbody/tr/th/input' seleccionado con éxito!
¡Input encontrado y enviado con éxito!
¡Elemento encontrado y clickeado 6 veces con éxito!
El texto encontrado es  MIS ENTREGAS
¡Input encontrado y enviado con éxito!
El texto es visible para el usuario
El texto fue validado correctamente: Entrega TK 9999 00074351
El texto es visible para el usuario: '30.330,00 Kg'
El texto es visible para el usuario
El texto fue validado correctamente: De Maiz
El texto es visible para el usuario
El texto fue validado correctamente: DATOS DE LA ENTREGA
El texto es visible para el usuario
El texto fue validado correctamente: 23/02/2022
El texto es visible para el usuario
El texto fue validado correctamente: 21/22
El texto es visible para el usuario
El texto fue validado correctamente: JUAN DEMO
El texto es visible para el usuario
El texto fue validado correctamente: 1032 El Rincon
¡Elemento encontrado y clickeado 2 veces con éxito!
¡Elemento encontrado y clickeado 3 veces con éxito!
¡Elemento encontrado y clickeado 1 veces con éxito!
]]></system-out>
	</testcase>
</testsuite>
