<?xml version="1.0" encoding="UTF-8"?>
<testsuite name="Cuentacontrato.contrato_tenant-20240423153413" tests="1" file="Cuentacontrato.py" time="120.245" timestamp="2024-04-23T15:36:13" failures="0" errors="0" skipped="0">
	<testcase classname="Cuentacontrato.contrato_tenant" name="test_contrato_tenant" time="120.245" timestamp="2024-04-23T15:36:13" file="Cuentacontrato.py" line="22">
		<system-out><![CDATA[El texto encontrado es  COMPROBANTES
Tiempo de espera agotado. El texto por xpaht no está presente.
¡Elemento encontrado y clickeado 4 veces con éxito!
El texto encontrado es  COMPROBANTES
¡Elemento encontrado y clickeado 1 veces con éxito!
El texto encontrado es  Mis Comprobantes
Tiempo de espera agotado. El elemento no está presente o no es clickeable.
El texto encontrado es  NC 1053 00000779
¡Elemento encontrado y clickeado 4 veces con éxito!
El texto encontrado es  FC 1051 00014531
¡Elemento encontrado y clickeado 1 veces con éxito!
El texto encontrado es  COMPROBANTES
El texto encontrado es  Mis Comprobantes
Tiempo de espera agotado. El input no está presente o no es clickeable.
El texto encontrado es  TK 0001 00127175
El texto no fue encontrado TK 0001 00127180
¡Elemento encontrado y clickeado 4 veces con éxito!
¡Elemento encontrado y clickeado 4 veces con éxito!
]]></system-out>
		<system-err><![CDATA[
Running tests...
----------------------------------------------------------------------
]]></system-err>
	</testcase>
</testsuite>
