<?xml version="1.0" encoding="UTF-8"?>
<testsuite name="ReportTenImpo.reportenImpositivas-20240423153634" tests="1" file="ReportTenImpo.py" time="131.865" timestamp="2024-04-23T15:38:46" failures="0" errors="0" skipped="0">
	<testcase classname="ReportTenImpo.reportenImpositivas" name="test_Report_tenImpositivas" time="131.865" timestamp="2024-04-23T15:38:46" file="ReportTenImpo.py" line="17">
		<system-out><![CDATA[El texto encontrado es  Estado De Mis Contratos
El texto encontrado es  Insumos Pendientes de Retirar
El texto encontrado es  Comprobante
Tiempo de espera agotado. El elemento no está presente o no es clickeable.
El texto encontrado 'FAC 1051 00014310' no coincide con el esperado ''
El texto encontrado es  Artículo
El texto es visible para el usuario
El texto fue validado correctamente: Contrato 108280
El texto encontrado 'Herbicida Sulfosato TD Touchdown S x 20 lts SYNGENTA AGRO SA' no coincide con el esperado ''
El texto es visible para el usuario
El texto encontrado es  Pendiente
El texto fue validado correctamente: De Maiz
El valor es un carácter numérico. Valor: 4.420,00
segundo movimiento del listado
El texto encontrado 'FAC 1051 00014313' no coincide con el esperado ''
El texto no coincide con los valores esperados. Texto actual: '500.000,00 Kg'
El texto encontrado 'Bio Potenciador de nitrogeno BIOESTIM NUTRICION EFICIENTE' no coincide con el esperado ''
El valor es un carácter numérico. Valor: 18.800,00
]]></system-out>
	</testcase>
</testsuite>
