<?xml version="1.0" encoding="UTF-8"?>
<testsuite name="ReportCompPenFact.reportPendFacturar-20240423153532" tests="1" file="ReportCompPenFact.py" time="128.816" timestamp="2024-04-23T15:37:41" failures="0" errors="0" skipped="0">
	<testcase classname="ReportCompPenFact.reportPendFacturar" name="test_Report_PendFacturar" time="128.816" timestamp="2024-04-23T15:37:41" file="ReportCompPenFact.py" line="17">
		<system-out><![CDATA[El texto encontrado es  Estado De Mis Contratos
El texto es visible para el usuario
El texto fue validado correctamente: Contrato 121261
El texto es visible para el usuario
El texto fue validado correctamente: De Soja
El texto es visible para el usuario: 'De 50.000,00 Kg Pactados'
El texto es visible para el usuario: '50.000,00 Kg'
El texto es visible para el usuario: '9.365,00 Kg'
El texto es visible para el usuario: '3.700,00 Kg'
Tiempo de espera agotado. El elemento no estÃ¡ presente o no es clickeable.
]]></system-out>
	</testcase>
</testsuite>
