<?xml version="1.0" encoding="UTF-8"?>
<testsuite name="ConfiColaborador.confi_colaborador-20240423115934" tests="1" file="ConfiColaborador.py" time="46.536" timestamp="2024-04-23T13:03:33" failures="0" errors="0" skipped="0">
	<testcase classname="ConfiColaborador.confi_colaborador" name="test_record_collaborator" time="46.536" timestamp="2024-04-23T13:03:33" file="ConfiColaborador.py" line="19">
		<system-out><![CDATA[El texto no fue encontrado COLABORADORES
¡Input encontrado y enviado con éxito!
¡Input encontrado y enviado con éxito!
El texto encontrado es  DATOS GENERALES
El texto encontrado es  RAZON SOCIAL
El texto encontrado es  PRODUCTOR 90116
El texto encontrado es  DNI
El texto encontrado es  24.779.576
El texto encontrado es  CUIT
El texto encontrado es  20-24779576-7
El texto encontrado es  DATOS DEL COLABORADOR
El texto encontrado es  NÚMERO DE LEGAJO
El texto encontrado es  90116
El texto encontrado es  TIPO DE COLABORADOR
El texto encontrado es  Colaborador
Test finalizado con éxito
]]></system-out>
	</testcase>
</testsuite>
