<?xml version="1.0" encoding="UTF-8"?>
<testsuite name="LogistSecundarias.logistica_secundarias-20240423153715" tests="1" file="LogistSecundarias.py" time="112.725" timestamp="2024-04-23T15:39:08" failures="0" errors="0" skipped="0">
	<testcase classname="LogistSecundarias.logistica_secundarias" name="test_logistics_primaries" time="112.725" timestamp="2024-04-23T15:39:08" file="LogistSecundarias.py" line="23">
		<system-out><![CDATA[¡Elemento encontrado y clickeado 2 veces con éxito!
¡Elemento encontrado y clickeado 2 veces con éxito!
Tiempo de espera agotado. El elemento no está presente o no es clickeable.
¡Elemento encontrado y clickeado 6 veces con éxito!
¡Elemento encontrado y clickeado 6 veces con éxito!
Tiempo de espera agotado. El texto por texto no está presente.
El texto encontrado es  CANTIDAD
El valor es un carácter numérico. Valor: 1
El texto encontrado es  CANTIDAD PENDIENTE
El valor es un carácter numérico. Valor: 1
¡Elemento encontrado y clickeado 2 veces con éxito!
Tiempo de espera agotado. El chevron no están presentes o no son clickeables.
El valor es un carácter numérico. Valor: 336.800,50
El valor es un carácter numérico. Valor: 2.754.461,66
El texto encontrado es  Mercadería Remitida
El texto encontrado es  Fecha
El valor es un carácter numérico. Valor: 311.374,50
El texto no fue encontrado 30/09/2021El valor es un carácter numérico. Valor: 2.463.061,51

El texto encontrado es  Mercadería Facturada
El texto encontrado es  Comprobante
El texto encontrado es  Fecha
El texto no fue encontrado REMBAL 0063 00031634
El texto no fue encontrado 30/09/2021El texto encontrado es  Artículo

El texto encontrado es  Comprobante
El texto no fue encontrado Premezcla Final Feed Embolsado x 25 kgs Nutricion Superior
El texto no fue encontrado FACBAL 1063 00029204
El texto encontrado es  Salidas
El texto encontrado es  Artículo
El valor no es un carácter numérico. Valor: Salidas
El texto encontrado es  Precio
El texto no fue encontrado Premezcla Creci Feed Nutricion Superior x 25 kgs
El valor es un carácter numérico. Valor: 63,24
El texto encontrado es  Total ARS
El valor es un carácter numérico. Valor: 126.470,80
El texto encontrado es  Salidas
El valor es un carácter numérico. Valor: 50,00
El texto encontrado es  Precio
El valor es un carácter numérico. Valor: 102,75
El texto encontrado es  Total ARS
El valor es un carácter numérico. Valor: 5.137,46
Tiempo de espera agotado. El texto por xpaht no está presente.
El valor es un carácter numérico. Valor: 2.020
El texto encontrado es  Total Cuentas ERP
]]></system-out>
		<system-err><![CDATA[
Running tests...
----------------------------------------------------------------------

Running tests...
----------------------------------------------------------------------
.]]></system-err>
	</testcase>
</testsuite>
