<?xml version="1.0" encoding="UTF-8"?>
<testsuite name="Profile_User.Perfil_Usuario-20240508141427" tests="1" file="Profile_User.py" time="59.324" timestamp="2024-05-08T14:19:07" failures="0" errors="0" skipped="0">
	<testcase classname="Profile_User.Perfil_Usuario" name="test_Profile_User" time="59.324" timestamp="2024-05-08T14:19:07" file="Profile_User.py" line="21">
		<system-out><![CDATA[El texto encontrado es  MIS DATOS
El texto encontrado es  Datos personales
¡Input encontrado y enviado con éxito!
¡Input encontrado y enviado con éxito!
¡Input encontrado y enviado con éxito!
¡Input encontrado y enviado con éxito!
¡Input encontrado y enviado con éxito!
¡Input encontrado y enviado con éxito!
¡Input encontrado y enviado con éxito!
Perfil guardado con éxito
]]></system-out>
	</testcase>
</testsuite>
