<?xml version="1.0" encoding="UTF-8"?>
<testsuite name="ConfigSucursales.config_Sucursales-20240508141427" tests="1" file="ConfigSucursales.py" time="67.335" timestamp="2024-05-08T16:26:33" failures="0" errors="0" skipped="0">
	<testcase classname="ConfigSucursales.config_Sucursales" name="test_settings_branch_offices" time="67.335" timestamp="2024-05-08T16:26:33" file="ConfigSucursales.py" line="19">
		<system-out><![CDATA[El texto encontrado es  SUCURSALES
El texto encontrado es  Nombre Sucursal
El texto encontrado es  Angellica - Casa Central
El texto encontrado es  Depositos
El texto encontrado es  Centro de Distribución
El texto encontrado es  Depósito
El texto encontrado es  Deposito Angelica - Bancchio
Test finalizado con éxito
]]></system-out>
	</testcase>
</testsuite>
