<?xml version="1.0" encoding="UTF-8"?>
<testsuite name="ConfiColaborador.confi_colaborador-20240423153948" tests="1" file="ConfiColaborador.py" time="53.153" timestamp="2024-04-23T15:40:42" failures="0" errors="0" skipped="0">
	<testcase classname="ConfiColaborador.confi_colaborador" name="test_record_collaborator" time="53.153" timestamp="2024-04-23T15:40:42" file="ConfiColaborador.py" line="19">
		<system-out><![CDATA[Tiempo de espera agotado. El elemento no está presente o no es clickeable.
El texto es visible para el usuario
El texto fue validado correctamente: DOCUMENTACIÓN
Tiempo de espera agotado. El elemento no está presente o no es clickeable.
El texto es visible para el usuario
El texto fue validado correctamente: Para poder continuar al siguiente paso, será obligatorio completar los campos que se muestran a continuación.
Error presente. Intentando con otro CUIT.
Error presente. Intentando con otro CUIT.
Error presente. Intentando con otro CUIT.
Error presente. Intentando con otro CUIT.
Error presente. Intentando con otro CUIT.
El texto encontrado es  SOLICITUDES
¡Input encontrado y enviado con éxito!
Tiempo de espera agotado. El elemento no está presente o no es visible.
¡Input encontrado y enviado con éxito!
El texto no fue encontrado COLABORADORES
¡Input encontrado y enviado con éxito!
¡Input encontrado y enviado con éxito!
Tiempo de espera agotado. El texto por xpaht no está presente.
Test finalizado con éxito
Tiempo de espera agotado. El elemento no está presente o no es clickeable.
]]></system-out>
	</testcase>
</testsuite>
