<?xml version="1.0" encoding="UTF-8"?>
<testsuite name="Onboarding.Onboarding_test_tenant-20240423153924" tests="1" file="Onboarding.py" time="164.925" timestamp="2024-04-23T15:42:09" failures="0" errors="0" skipped="0">
	<testcase classname="Onboarding.Onboarding_test_tenant" name="test_tenat_onboarding" time="164.925" timestamp="2024-04-23T15:42:09" file="Onboarding.py" line="27">
		<system-out><![CDATA[¡Input encontrado y enviado con éxito!
Tiempo de espera agotado. El elemento no está presente o no es clickeable.
¡Input encontrado y enviado con éxito!
¡Input encontrado y enviado con éxito!
Tiempo de espera agotado. El elemento no está presente o no es clickeable.
El texto encontrado es  DATOS GENERALES
El texto encontrado es  RAZON SOCIAL
El texto encontrado es  5 B S.A.
El texto encontrado es  CUIT
El texto encontrado es  30-71227027-2
El texto encontrado es  CELULAR
El texto encontrado es  03406 - 480479 / 15645641
El texto encontrado es  DATOS EXTRA
El texto encontrado es  COMERCIAL
El texto encontrado es  CORDOBA, RAMIRO
El texto encontrado es  CUENTA
El texto encontrado es  (2903) - 5 B S.A.
Test finalizado con éxito
El texto encontrado es  Tu Solicitud fue enviada al sistema
]]></system-out>
	</testcase>
</testsuite>
