<?xml version="1.0" encoding="UTF-8"?>
<testsuite name="ConfigSucursales.config_Sucursales-20240423153919" tests="1" file="ConfigSucursales.py" time="139.153" timestamp="2024-04-23T15:41:38" failures="0" errors="0" skipped="0">
	<testcase classname="ConfigSucursales.config_Sucursales" name="test_settings_branch_offices" time="139.153" timestamp="2024-04-23T15:41:38" file="ConfigSucursales.py" line="19">
		<system-out><![CDATA[¡Input encontrado y enviado con éxito!
El texto encontrado es  Clientes
¡Input encontrado y enviado con éxito!
Tiempo de espera agotado. El elemento no está presente o no es clickeable.
¡Input encontrado y enviado con éxito!
¡Input encontrado y enviado con éxito!
Tiempo de espera agotado. El elemento no está presente o no es clickeable.
¡Input encontrado y enviado con éxito!
¡Input encontrado y enviado con éxito!
Tiempo de espera agotado. El elemento no está presente o no es clickeable.
El texto encontrado es  DATOS GENERALES
El texto encontrado es  RAZON SOCIAL
El texto encontrado es  5 B S.A.
El texto encontrado es  CUIT
El texto encontrado es  30-71227027-2
El texto encontrado es  CELULAR
El texto encontrado es  03406 - 480479 / 15645641
El texto encontrado es  DATOS EXTRA
El texto encontrado es  COMERCIAL
El texto encontrado es  CORDOBA, RAMIRO
El texto encontrado es  CUENTA
El texto encontrado es  (2903) - 5 B S.A.
Test finalizado con éxito
El texto encontrado es  Tu Solicitud fue enviada al sistema
CUIT válido insertado: 17-47417362-3
El texto encontrado es  DATOS GENERALES
El texto encontrado es  RAZON SOCIAL
El texto encontrado es  PRODUCTOR 90116
El texto encontrado es  DNI
El texto encontrado es  24.779.576
El texto encontrado es  CUIT
El texto encontrado es  20-24779576-7
El texto encontrado es  DATOS DEL COLABORADOR
El texto encontrado es  NÚMERO DE LEGAJO
El texto encontrado es  90116
El texto encontrado es  TIPO DE COLABORADOR
El texto encontrado es  Colaborador
No se encontraron los datos para borrar.
Archivo 'C:/Users/luist/OneDrive/Escritorio/Facturas/Contratos-1023-JUAN DEMO.xls' cargado con éxito después de hacer clic en el chevron!
Test finalizado con éxito
Checkbox con XPAHT '/html/body/app-root/app-layout/app-vertical/div/div/div/div/app-documentation-process/div/div/aw-wizard/div/app-account-type/div/div[3]/app-checks/div/input' seleccionado con éxito!
]]></system-out>
		<system-err><![CDATA[
Running tests...
----------------------------------------------------------------------

Running tests...
----------------------------------------------------------------------
.
----------------------------------------------------------------------
Ran 1 test in 69.047s

OK

Generating XML reports...
]]></system-err>
	</testcase>
</testsuite>
