<?xml version="1.0" encoding="UTF-8"?>
<testsuite name="Cuentacontrato.contrato_tenant-20240124193122" tests="1" file="Cuentacontrato.py" time="74.345" timestamp="2024-01-24T19:33:12" failures="0" errors="0" skipped="0">
	<testcase classname="Cuentacontrato.contrato_tenant" name="test_contrato_tenant" time="74.345" timestamp="2024-01-24T19:33:12" file="Cuentacontrato.py" line="22">
		<system-out><![CDATA[¡Elemento encontrado y clickeado con éxito!
¡Elemento encontrado y clickeado con éxito!
¡Elemento encontrado y clickeado con éxito!
¡Elemento encontrado y clickeado con éxito!
¡Elemento encontrado y clickeado con éxito!
¡Elemento encontrado y clickeado con éxito!
¡Elemento encontrado y clickeado con éxito!
¡Elemento encontrado y clickeado 3 veces con éxito!
¡Elemento encontrado y clickeado con éxito!
¡Elemento encontrado y clickeado 1 veces con éxito!
¡Elemento encontrado y clickeado con éxito!
¡Elemento encontrado y clickeado con éxito!
El texto encontrado es  Estado De Mis Contratos
¡Elemento encontrado y clickeado con éxito!
El texto es visible para el usuario
El texto fue validado correctamente: Contrato 121261
El texto es visible para el usuario
El texto fue validado correctamente: De Soja
La cadena de texto es visible para el usuario: 'De 50.000,00 Kg Pactados'
La cadena de texto es visible para el usuario: '50.000,00 Kg'
La cadena de texto es visible para el usuario: '9.365,00 Kg'
La cadena de texto es visible para el usuario: '3.700,00 Kg'
¡Elemento encontrado y clickeado con éxito!
¡Elemento encontrado y clickeado con éxito!
¡Elemento encontrado y clickeado con éxito!
]]></system-out>
	</testcase>
</testsuite>
