<?xml version="1.0" encoding="UTF-8"?>
<testsuite name="CtaCte_Aplicada.cuenta_ctacte_aplicada-20240508141427" tests="1" file="CtaCte_Aplicada.py" time="69.293" timestamp="2024-05-08T15:31:40" failures="0" errors="0" skipped="0">
	<testcase classname="CtaCte_Aplicada.cuenta_ctacte_aplicada" name="test_ctacte_aplicada" time="69.293" timestamp="2024-05-08T15:31:40" file="CtaCte_Aplicada.py" line="17">
		<system-out><![CDATA[¡Elemento encontrado y clickeado 7 veces con éxito!
¡Elemento encontrado y clickeado 3 veces con éxito!
El texto encontrado es  CUENTA CORRIENTE APLICADA
El valor es un carácter numérico. Valor: -2.282.227.965,21
El valor es un carácter numérico. Valor: 1.642.624.183,60
El valor es un carácter numérico. Valor: 3.427.518,80
El texto encontrado es  CUENTA CORRIENTE
El texto encontrado es  Movimiento AT 0011 00499169
El texto encontrado es  + ARS 5.000.000,00
El texto encontrado es  PAGO A CTA
]]></system-out>
	</testcase>
</testsuite>
