<?xml version="1.0" encoding="UTF-8"?>
<testsuite name="Ctacte_histoAcobrar.cuenta_ctacte_histAcobrar-20240423153157" tests="1" file="Ctacte_histoAcobrar.py" time="83.430" timestamp="2024-04-23T15:33:20" failures="0" errors="0" skipped="0">
	<testcase classname="Ctacte_histoAcobrar.cuenta_ctacte_histAcobrar" name="test_ctacte_historica" time="83.430" timestamp="2024-04-23T15:33:20" file="Ctacte_histoAcobrar.py" line="17">
		<system-out><![CDATA[¡Elemento encontrado y clickeado 6 veces con éxito!
Tiempo de espera agotado. El elemento no está presente o no es clickeable.
¡Elemento encontrado y clickeado 2 veces con éxito!
Elemento desplazado, cantidad limpiada y nuevo valor '_7ycq2k8f@yopmail.com' ingresado con éxito!
El texto encontrado es  Cuenta Corriente Aplicada
El valor es un carácter numérico. Valor: -171.167.917,84
El valor es un carácter numérico. Valor: 51.215.932,24
El valor es un carácter numérico. Valor: 2.913.163,37
El texto encontrado es  Email del usuario validado correctamente.
¡Elemento encontrado y clickeado 6 veces con éxito!
¡Elemento encontrado y clickeado 2 veces con éxito!
¡Elemento encontrado y clickeado 6 veces con éxito!
El texto encontrado es  CUENTA CORRIENTE
El texto encontrado es  Movimiento FC 1051 00014215
El texto encontrado es  USD 738,10
El texto encontrado es  SILO BOLSA-
¡Elemento encontrado y clickeado 2 veces con éxito!
Tiempo de espera agotado. El elemento no está presente o no es clickeable.
]]></system-out>
		<system-err><![CDATA[
Running tests...
----------------------------------------------------------------------
]]></system-err>
	</testcase>
</testsuite>
