<?xml version="1.0" encoding="UTF-8"?>
<testsuite name="CtaCtoDtalFijaciones.detalle_ctro_fijaciones-20240423152706" tests="1" file="CtaCtoDtalFijaciones.py" time="139.135" timestamp="2024-04-23T15:29:25" failures="0" errors="0" skipped="0">
	<testcase classname="CtaCtoDtalFijaciones.detalle_ctro_fijaciones" name="test_detail_fixings" time="139.135" timestamp="2024-04-23T15:29:25" file="CtaCtoDtalFijaciones.py" line="22">
		<system-out><![CDATA[El texto encontrado es  CONTRATOS
El texto encontrado es  MERCADOS
¡Cuenta encontrada y seleccionada 1023  con éxito!
Se hizo clic en un icono de borrar.
¡Input encontrado y enviado con éxito!
¡Input encontrado y enviado con éxito!
El texto encontrado es  MIS ENTREGAS
Tiempo de espera agotado. El elemento no está presente o no es clickeable.
¡Elemento encontrado y clickeado 1 veces con éxito!
]]></system-out>
		<system-err><![CDATA[
Running tests...
----------------------------------------------------------------------

Running tests...
----------------------------------------------------------------------
]]></system-err>
	</testcase>
</testsuite>
