<?xml version="1.0" encoding="UTF-8"?>
<testsuite name="Fijaciones.Fijaciones_precio-20240423115934" tests="1" file="Fijaciones.py" time="109.033" timestamp="2024-04-23T12:06:48" failures="0" errors="0" skipped="0">
	<testcase classname="Fijaciones.Fijaciones_precio" name="test_grain_pipup" time="109.033" timestamp="2024-04-23T12:06:48" file="Fijaciones.py" line="21">
		<system-out><![CDATA[El texto encontrado es  Fijaciones Habilitadas
Número de cuenta '484' ingresado y opción seleccionada con éxito!
El texto encontrado es  Nueva Fijación de Precio
¡Input encontrado y enviado con éxito!
¡Input encontrado y enviado con éxito!
¡Elemento encontrado y clickeado 1 veces con éxito!
¡Elemento encontrado y clickeado 1 veces con éxito!
El texto encontrado es  Tu fijación fue enviada al sistema
]]></system-out>
	</testcase>
</testsuite>
