<?xml version="1.0" encoding="UTF-8"?>
<testsuite name="Precio_Disponible.precio_granos_desponible-20240423115934" tests="1" file="Precio_Disponible.py" time="80.195" timestamp="2024-04-23T12:09:04" failures="0" errors="1" skipped="0">
	<testcase classname="Precio_Disponible.precio_granos_desponible" name="test_price_available" time="80.195" timestamp="2024-04-23T12:09:04" file="Precio_Disponible.py" line="23">
		<error type="ElementClickInterceptedException" message="Message: element click intercepted: Element &lt;button _ngcontent-tyo-c133=&quot;&quot; type=&quot;button&quot; class=&quot;btn waves-effect waves-light fw-bold d-flex justify-content-center shadow-none button btn-primary w-100&quot;&gt;...&lt;/button&gt; is not clickable at point (1375, 17). Other element would receive the click: &lt;span _ngcontent-tyo-c125=&quot;&quot; class=&quot;position-absolute topbar-badge fs-10 translate-middle badge rounded-pill bg-danger&quot;&gt;...&lt;/span&gt;
  (Session info: chrome=124.0.6367.61)
Stacktrace:
	GetHandleVerifier [0x00007FF666E2F922+3045234]
	(No symbol) [0x00007FF666AD3652]
	(No symbol) [0x00007FF666997564]
	(No symbol) [0x00007FF6669EDAA7]
	(No symbol) [0x00007FF6669EB584]
	(No symbol) [0x00007FF6669E8A4A]
	(No symbol) [0x00007FF6669E7C22]
	(No symbol) [0x00007FF6669D9FDB]
	(No symbol) [0x00007FF666A09DAA]
	(No symbol) [0x00007FF6669D9916]
	(No symbol) [0x00007FF666A09FC0]
	(No symbol) [0x00007FF666A291C4]
	(No symbol) [0x00007FF666A09B53]
	(No symbol) [0x00007FF6669D813C]
	(No symbol) [0x00007FF6669D8D71]
	GetHandleVerifier [0x00007FF666E5E89D+3237613]
	GetHandleVerifier [0x00007FF666EA0BA7+3508727]
	GetHandleVerifier [0x00007FF666E9976F+3478975]
	GetHandleVerifier [0x00007FF666C0F1C6+815126]
	(No symbol) [0x00007FF666ADED0F]
	(No symbol) [0x00007FF666AD9854]
	(No symbol) [0x00007FF666AD99E2]
	(No symbol) [0x00007FF666ACA574]
	BaseThreadInitThunk [0x00007FF834EC257D+29]
	RtlUserThreadStart [0x00007FF835A2AA48+40]
"><![CDATA[Traceback (most recent call last):
  File "c:\Users\luist\repos\Automatizaciones-SILOHUB-\Precio_Disponible.py", line 117, in test_price_available
    find_elements(self.driver, select_post)
  File "c:\Users\luist\repos\Automatizaciones-SILOHUB-\Elements.py", line 22, in find_elements
    select_nex_button.click()
  File "C:\Users\luist\AppData\Roaming\Python\Python310\site-packages\selenium\webdriver\remote\webelement.py", line 94, in click
    self._execute(Command.CLICK_ELEMENT)
  File "C:\Users\luist\AppData\Roaming\Python\Python310\site-packages\selenium\webdriver\remote\webelement.py", line 395, in _execute
    return self._parent.execute(command, params)
  File "C:\Users\luist\AppData\Roaming\Python\Python310\site-packages\selenium\webdriver\remote\webdriver.py", line 348, in execute
    self.error_handler.check_response(response)
  File "C:\Users\luist\AppData\Roaming\Python\Python310\site-packages\selenium\webdriver\remote\errorhandler.py", line 229, in check_response
    raise exception_class(message, screen, stacktrace)
selenium.common.exceptions.ElementClickInterceptedException: Message: element click intercepted: Element <button _ngcontent-tyo-c133="" type="button" class="btn waves-effect waves-light fw-bold d-flex justify-content-center shadow-none button btn-primary w-100">...</button> is not clickable at point (1375, 17). Other element would receive the click: <span _ngcontent-tyo-c125="" class="position-absolute topbar-badge fs-10 translate-middle badge rounded-pill bg-danger">...</span>
  (Session info: chrome=124.0.6367.61)
Stacktrace:
	GetHandleVerifier [0x00007FF666E2F922+3045234]
	(No symbol) [0x00007FF666AD3652]
	(No symbol) [0x00007FF666997564]
	(No symbol) [0x00007FF6669EDAA7]
	(No symbol) [0x00007FF6669EB584]
	(No symbol) [0x00007FF6669E8A4A]
	(No symbol) [0x00007FF6669E7C22]
	(No symbol) [0x00007FF6669D9FDB]
	(No symbol) [0x00007FF666A09DAA]
	(No symbol) [0x00007FF6669D9916]
	(No symbol) [0x00007FF666A09FC0]
	(No symbol) [0x00007FF666A291C4]
	(No symbol) [0x00007FF666A09B53]
	(No symbol) [0x00007FF6669D813C]
	(No symbol) [0x00007FF6669D8D71]
	GetHandleVerifier [0x00007FF666E5E89D+3237613]
	GetHandleVerifier [0x00007FF666EA0BA7+3508727]
	GetHandleVerifier [0x00007FF666E9976F+3478975]
	GetHandleVerifier [0x00007FF666C0F1C6+815126]
	(No symbol) [0x00007FF666ADED0F]
	(No symbol) [0x00007FF666AD9854]
	(No symbol) [0x00007FF666AD99E2]
	(No symbol) [0x00007FF666ACA574]
	BaseThreadInitThunk [0x00007FF834EC257D+29]
	RtlUserThreadStart [0x00007FF835A2AA48+40]

]]></error>
		<system-out><![CDATA[El texto encontrado es  MERCADOS
Se hizo clic en un icono de borrar.
Se hizo clic en un icono de borrar.
Se hizo clic en un icono de borrar.
Se hizo clic en un icono de borrar.
No se encontraron más movimientos para borrar.
¡Input encontrado y enviado con éxito!
¡Elemento encontrado y clickeado 6 veces con éxito!
¡Input encontrado y enviado con éxito!
]]></system-out>
	</testcase>
</testsuite>
