<?xml version="1.0" encoding="UTF-8"?>
<testsuite name="CtaCtoDtalFijaciones.detalle_ctro_fijaciones-20240508141427" tests="1" file="CtaCtoDtalFijaciones.py" time="74.896" timestamp="2024-05-08T15:17:15" failures="0" errors="1" skipped="0">
	<testcase classname="CtaCtoDtalFijaciones.detalle_ctro_fijaciones" name="test_detail_fixings" time="74.896" timestamp="2024-05-08T15:17:15" file="CtaCtoDtalFijaciones.py" line="22">
		<error type="ElementClickInterceptedException" message="Message: element click intercepted: Element is not clickable at point (292, 803)
  (Session info: chrome=124.0.6367.119)
Stacktrace:
	GetHandleVerifier [0x00007FF74D951572+60802]
	(No symbol) [0x00007FF74D8CAC72]
	(No symbol) [0x00007FF74D787CE4]
	(No symbol) [0x00007FF74D7DE877]
	(No symbol) [0x00007FF74D7DC344]
	(No symbol) [0x00007FF74D7D980A]
	(No symbol) [0x00007FF74D7D89E2]
	(No symbol) [0x00007FF74D7CAE8B]
	(No symbol) [0x00007FF74D7FAB7A]
	(No symbol) [0x00007FF74D7CA7C6]
	(No symbol) [0x00007FF74D7FAD90]
	(No symbol) [0x00007FF74D81A224]
	(No symbol) [0x00007FF74D7FA923]
	(No symbol) [0x00007FF74D7C8FEC]
	(No symbol) [0x00007FF74D7C9C21]
	GetHandleVerifier [0x00007FF74DC5420D+3217949]
	GetHandleVerifier [0x00007FF74DC961A7+3488183]
	GetHandleVerifier [0x00007FF74DC8F12F+3459391]
	GetHandleVerifier [0x00007FF74DA0B936+823622]
	(No symbol) [0x00007FF74D8D600F]
	(No symbol) [0x00007FF74D8D0F34]
	(No symbol) [0x00007FF74D8D10C2]
	(No symbol) [0x00007FF74D8C1914]
	BaseThreadInitThunk [0x00007FFEF342257D+29]
	RtlUserThreadStart [0x00007FFEF4B0AA48+40]
"><![CDATA[Traceback (most recent call last):
  File "c:\Users\luist\repos\Automatizaciones-SILOHUB-\CtaCtoDtalFijaciones.py", line 183, in test_detail_fixings
    click_checkbox_xpaht(self.driver, select_moviments )
  File "c:\Users\luist\repos\Automatizaciones-SILOHUB-\Elements.py", line 431, in click_checkbox_xpaht
    checkbox_element.click()
  File "C:\Users\luist\AppData\Roaming\Python\Python310\site-packages\selenium\webdriver\remote\webelement.py", line 94, in click
    self._execute(Command.CLICK_ELEMENT)
  File "C:\Users\luist\AppData\Roaming\Python\Python310\site-packages\selenium\webdriver\remote\webelement.py", line 395, in _execute
    return self._parent.execute(command, params)
  File "C:\Users\luist\AppData\Roaming\Python\Python310\site-packages\selenium\webdriver\remote\webdriver.py", line 348, in execute
    self.error_handler.check_response(response)
  File "C:\Users\luist\AppData\Roaming\Python\Python310\site-packages\selenium\webdriver\remote\errorhandler.py", line 229, in check_response
    raise exception_class(message, screen, stacktrace)
selenium.common.exceptions.ElementClickInterceptedException: Message: element click intercepted: Element is not clickable at point (292, 803)
  (Session info: chrome=124.0.6367.119)
Stacktrace:
	GetHandleVerifier [0x00007FF74D951572+60802]
	(No symbol) [0x00007FF74D8CAC72]
	(No symbol) [0x00007FF74D787CE4]
	(No symbol) [0x00007FF74D7DE877]
	(No symbol) [0x00007FF74D7DC344]
	(No symbol) [0x00007FF74D7D980A]
	(No symbol) [0x00007FF74D7D89E2]
	(No symbol) [0x00007FF74D7CAE8B]
	(No symbol) [0x00007FF74D7FAB7A]
	(No symbol) [0x00007FF74D7CA7C6]
	(No symbol) [0x00007FF74D7FAD90]
	(No symbol) [0x00007FF74D81A224]
	(No symbol) [0x00007FF74D7FA923]
	(No symbol) [0x00007FF74D7C8FEC]
	(No symbol) [0x00007FF74D7C9C21]
	GetHandleVerifier [0x00007FF74DC5420D+3217949]
	GetHandleVerifier [0x00007FF74DC961A7+3488183]
	GetHandleVerifier [0x00007FF74DC8F12F+3459391]
	GetHandleVerifier [0x00007FF74DA0B936+823622]
	(No symbol) [0x00007FF74D8D600F]
	(No symbol) [0x00007FF74D8D0F34]
	(No symbol) [0x00007FF74D8D10C2]
	(No symbol) [0x00007FF74D8C1914]
	BaseThreadInitThunk [0x00007FFEF342257D+29]
	RtlUserThreadStart [0x00007FFEF4B0AA48+40]

]]></error>
		<system-out><![CDATA[¡Elemento encontrado y clickeado 3 veces con éxito!
¡Elemento encontrado y clickeado 3 veces con éxito!
¡Elemento encontrado y clickeado 3 veces con éxito!
El texto encontrado es  Estado De Mis Contratos
El texto es visible para el usuario
El texto fue validado correctamente: Contrato 108280
El texto es visible para el usuario
El texto fue validado correctamente: De Maiz
El texto no coincide con los valores esperados. Texto actual: '500.000,00 Kg'
El texto es visible para el usuario
El texto fue validado correctamente: Mis Ventas
El texto es visible para el usuario
El texto fue validado correctamente: Producto
El texto es visible para el usuario
El texto fue validado correctamente: Maiz
El texto es visible para el usuario
El texto fue validado correctamente: Fecha
El texto es visible para el usuario
El texto fue validado correctamente: 22/04/2021
El texto es visible para el usuario
El texto fue validado correctamente: Comprobante
El valor es un carácter numérico. Valor: VN 0001 00108280
El texto es visible para el usuario: 'Kg Fijados'
El valor es un carácter numérico. Valor: 500.000,00
El texto es visible para el usuario
El texto fue validado correctamente: Precio
El valor es un carácter numérico. Valor: 0.19
El texto es visible para el usuario
El texto fue validado correctamente: Moneda
El texto es visible para el usuario
El texto fue validado correctamente: USD
]]></system-out>
	</testcase>
</testsuite>
