<?xml version="1.0" encoding="UTF-8"?>
<testsuite name="Metricas.Metricas-20240423115934" tests="1" file="Metricas.py" time="31.089" timestamp="2024-04-23T13:01:59" failures="0" errors="0" skipped="0">
	<testcase classname="Metricas.Metricas" name="test_metricas" time="31.089" timestamp="2024-04-23T13:01:59" file="Metricas.py" line="18">
		<system-out><![CDATA[El texto no fue encontrado MÉTRICAS
¡Elemento encontrado y clickeado 2 veces con éxito!
¡Elemento encontrado y clickeado 2 veces con éxito!
El valor es un carácter numérico. Valor: 2.020
El texto encontrado es  Total Cuentas ERP
El valor es un carácter numérico. Valor: 1.592
El texto encontrado es  Total Cuentas Vinculadas
El valor es un carácter numérico. Valor: 428
El texto encontrado es  Cuentas Pend. de Vincular
El valor es un carácter numérico. Valor: 78,81%
El texto encontrado es  Porc. Vinculado
El valor es un carácter numérico. Valor: 0
El texto encontrado es  Productores Nuevos
El valor es un carácter numérico. Valor: 0
El texto encontrado es  Total Logins (Visitas)
El valor es un carácter numérico. Valor: 0
El texto encontrado es  Usuarios Logueados
El valor es un carácter numérico. Valor: 00:00:00
El texto encontrado es  Tiempo Prom. Sesión
El texto encontrado es  Pantallas Más Visitadas
El texto encontrado es  Inicio
El valor es un carácter numérico. Valor: 27,14% - 38
El texto encontrado es  Otros
El valor es un carácter numérico. Valor: 20,71% - 29
El texto no fue encontrado Granos
El valor es un carácter numérico. Valor: 10,71% - 15
El texto no fue encontrado Contratos
El valor es un carácter numérico. Valor: 10,71% - 15
El texto no fue encontrado Configuraciones
El valor es un carácter numérico. Valor: 10,71% - 15
El texto encontrado es  Pantallas Menos Visitadas
El texto no fue encontrado Ventas
El valor es un carácter numérico. Valor: 1,43% - 2
El texto no fue encontrado Comprobantes
El valor es un carácter numérico. Valor: 2,86% - 4
El texto no fue encontrado Entregas
El valor es un carácter numérico. Valor: 3,57% - 5
El texto no fue encontrado Cuenta Corriente
El valor es un carácter numérico. Valor: 4,29% - 6
El texto no fue encontrado Acceso a Terceros
El valor es un carácter numérico. Valor: 5,71% - 8
El valor del gráfico es 56.
El valor del gráfico es 2.
]]></system-out>
	</testcase>
</testsuite>
