<?xml version="1.0" encoding="UTF-8"?>
<testsuite name="Ctacte_ApliAvencer.cta_cte_apliAvencer-20240508141427" tests="1" file="Ctacte_ApliAvencer.py" time="68.141" timestamp="2024-05-08T15:35:06" failures="0" errors="0" skipped="0">
	<testcase classname="Ctacte_ApliAvencer.cta_cte_apliAvencer" name="test_ctacte_apliAvencer" time="68.141" timestamp="2024-05-08T15:35:06" file="Ctacte_ApliAvencer.py" line="17">
		<system-out><![CDATA[Tiempo de espera agotado. El elemento no está presente o no es clickeable.
¡Elemento encontrado y clickeado 7 veces con éxito!
¡Elemento encontrado y clickeado 3 veces con éxito!
El texto encontrado es  Cuenta Corriente Aplicada
El valor es un carácter numérico. Valor: -123.853.219,85
El valor es un carácter numérico. Valor: 0,00
El valor es un carácter numérico. Valor: 1.659.535,82
El texto encontrado es  CUENTA CORRIENTE
El texto encontrado es  Movimiento FC 1051 00014525
El texto encontrado es  USD 74.684,83
El texto encontrado es  AGROQIMICOS-
]]></system-out>
	</testcase>
</testsuite>
