<?xml version="1.0" encoding="UTF-8"?>
<testsuite name="Ctacte_ApliAvencer.cta_cte_apliAvencer-20240423115934" tests="1" file="Ctacte_ApliAvencer.py" time="57.972" timestamp="2024-04-23T12:35:12" failures="0" errors="0" skipped="0">
	<testcase classname="Ctacte_ApliAvencer.cta_cte_apliAvencer" name="test_ctacte_apliAvencer" time="57.972" timestamp="2024-04-23T12:35:12" file="Ctacte_ApliAvencer.py" line="17">
		<system-out><![CDATA[¡Elemento encontrado y clickeado 6 veces con éxito!
¡Elemento encontrado y clickeado 2 veces con éxito!
El texto encontrado es  Cuenta Corriente Aplicada
El valor es un carácter numérico. Valor: -66.143.502,81
El valor es un carácter numérico. Valor: 0,00
El valor es un carácter numérico. Valor: 1.267.912,56
El texto encontrado es  CUENTA CORRIENTE
El texto encontrado es  Movimiento NC 1051 00007140
El texto encontrado es  USD 236,68
El texto encontrado es  NC Bonificacion afecta a fra. 1051-14310-(3 bidon
]]></system-out>
	</testcase>
</testsuite>
