<?xml version="1.0" encoding="UTF-8"?>
<testsuite name="Ctacte_ApliVencido.cta_cte_apliVencido-20240423115934" tests="1" file="Ctacte_ApliVencido.py" time="57.247" timestamp="2024-04-23T12:36:12" failures="0" errors="0" skipped="0">
	<testcase classname="Ctacte_ApliVencido.cta_cte_apliVencido" name="test_ctacte_aplivencido" time="57.247" timestamp="2024-04-23T12:36:12" file="Ctacte_ApliVencido.py" line="17">
		<system-out><![CDATA[¡Elemento encontrado y clickeado 6 veces con éxito!
¡Elemento encontrado y clickeado 2 veces con éxito!
El texto encontrado es  Cuenta Corriente Aplicada
El valor es un carácter numérico. Valor: -104.979.066,69
El valor es un carácter numérico. Valor: 51.213.438,74
El valor es un carácter numérico. Valor: 1.644.996,71
El texto encontrado es  CUENTA CORRIENTE
El texto encontrado es  Movimiento ID 0011 00294698
El texto encontrado es  - ARS 3,50
El texto encontrado es  IMPUTCC
]]></system-out>
	</testcase>
</testsuite>
