<?xml version="1.0" encoding="UTF-8"?>
<testsuite name="PrecioFijaciones.precio_granos_fijaciones-20240423115934" tests="1" file="PrecioFijaciones.py" time="113.076" timestamp="2024-04-23T12:10:59" failures="0" errors="0" skipped="0">
	<testcase classname="PrecioFijaciones.precio_granos_fijaciones" name="test_price_fixings" time="113.076" timestamp="2024-04-23T12:10:59" file="PrecioFijaciones.py" line="23">
		<system-out><![CDATA[El texto encontrado es  MERCADOS
Se hizo clic en un icono de borrar.
No se encontraron más movimientos para borrar.
¡Input encontrado y enviado con éxito!
¡Elemento encontrado y clickeado 6 veces con éxito!
¡Input encontrado y enviado con éxito!
¡Cuenta encontrada y seleccionada 484  con éxito!
¡Input encontrado y enviado con éxito!
]]></system-out>
	</testcase>
</testsuite>
