<?xml version="1.0" encoding="UTF-8"?>
<testsuite name="Precio_Disponible.precio_granos_desponible-20240423152703" tests="1" file="Precio_Disponible.py" time="222.456" timestamp="2024-04-23T15:30:45" failures="0" errors="1" skipped="0">
	<testcase classname="Precio_Disponible.precio_granos_desponible" name="test_price_available" time="222.456" timestamp="2024-04-23T15:30:45" file="Precio_Disponible.py" line="23">
		<error type="ElementClickInterceptedException" message="Message: element click intercepted: Element is not clickable at point (1471, 748)
  (Session info: chrome=124.0.6367.61)
Stacktrace:
	GetHandleVerifier [0x00007FF793CDF922+3045234]
	(No symbol) [0x00007FF793983652]
	(No symbol) [0x00007FF793847564]
	(No symbol) [0x00007FF79389DAA7]
	(No symbol) [0x00007FF79389B584]
	(No symbol) [0x00007FF793898A4A]
	(No symbol) [0x00007FF793897C22]
	(No symbol) [0x00007FF793889FDB]
	(No symbol) [0x00007FF7938B9DAA]
	(No symbol) [0x00007FF793889916]
	(No symbol) [0x00007FF7938B9FC0]
	(No symbol) [0x00007FF7938D91C4]
	(No symbol) [0x00007FF7938B9B53]
	(No symbol) [0x00007FF79388813C]
	(No symbol) [0x00007FF793888D71]
	GetHandleVerifier [0x00007FF793D0E89D+3237613]
	GetHandleVerifier [0x00007FF793D50BA7+3508727]
	GetHandleVerifier [0x00007FF793D4976F+3478975]
	GetHandleVerifier [0x00007FF793ABF1C6+815126]
	(No symbol) [0x00007FF79398ED0F]
	(No symbol) [0x00007FF793989854]
	(No symbol) [0x00007FF7939899E2]
	(No symbol) [0x00007FF79397A574]
	BaseThreadInitThunk [0x00007FF834EC257D+29]
	RtlUserThreadStart [0x00007FF835A2AA48+40]
"><![CDATA[Traceback (most recent call last):
  File "c:\Users\luist\repos\Automatizaciones-SILOHUB-\Precio_Disponible.py", line 48, in test_price_available
    click_icon_delete(self.driver, delete_price_grain)
  File "c:\Users\luist\repos\Automatizaciones-SILOHUB-\Elements.py", line 1298, in click_icon_delete
    icono_borrar.click()
  File "C:\Users\luist\AppData\Roaming\Python\Python310\site-packages\selenium\webdriver\remote\webelement.py", line 94, in click
    self._execute(Command.CLICK_ELEMENT)
  File "C:\Users\luist\AppData\Roaming\Python\Python310\site-packages\selenium\webdriver\remote\webelement.py", line 395, in _execute
    return self._parent.execute(command, params)
  File "C:\Users\luist\AppData\Roaming\Python\Python310\site-packages\selenium\webdriver\remote\webdriver.py", line 348, in execute
    self.error_handler.check_response(response)
  File "C:\Users\luist\AppData\Roaming\Python\Python310\site-packages\selenium\webdriver\remote\errorhandler.py", line 229, in check_response
    raise exception_class(message, screen, stacktrace)
selenium.common.exceptions.ElementClickInterceptedException: Message: element click intercepted: Element is not clickable at point (1471, 748)
  (Session info: chrome=124.0.6367.61)
Stacktrace:
	GetHandleVerifier [0x00007FF793CDF922+3045234]
	(No symbol) [0x00007FF793983652]
	(No symbol) [0x00007FF793847564]
	(No symbol) [0x00007FF79389DAA7]
	(No symbol) [0x00007FF79389B584]
	(No symbol) [0x00007FF793898A4A]
	(No symbol) [0x00007FF793897C22]
	(No symbol) [0x00007FF793889FDB]
	(No symbol) [0x00007FF7938B9DAA]
	(No symbol) [0x00007FF793889916]
	(No symbol) [0x00007FF7938B9FC0]
	(No symbol) [0x00007FF7938D91C4]
	(No symbol) [0x00007FF7938B9B53]
	(No symbol) [0x00007FF79388813C]
	(No symbol) [0x00007FF793888D71]
	GetHandleVerifier [0x00007FF793D0E89D+3237613]
	GetHandleVerifier [0x00007FF793D50BA7+3508727]
	GetHandleVerifier [0x00007FF793D4976F+3478975]
	GetHandleVerifier [0x00007FF793ABF1C6+815126]
	(No symbol) [0x00007FF79398ED0F]
	(No symbol) [0x00007FF793989854]
	(No symbol) [0x00007FF7939899E2]
	(No symbol) [0x00007FF79397A574]
	BaseThreadInitThunk [0x00007FF834EC257D+29]
	RtlUserThreadStart [0x00007FF835A2AA48+40]

]]></error>
		<system-out><![CDATA[El texto encontrado es  CONTRATOS
El texto encontrado es  MERCADOS
¡Cuenta encontrada y seleccionada 1023  con éxito!
Se hizo clic en un icono de borrar.
¡Input encontrado y enviado con éxito!
¡Input encontrado y enviado con éxito!
El texto encontrado es  MIS ENTREGAS
Tiempo de espera agotado. El elemento no está presente o no es clickeable.
¡Elemento encontrado y clickeado 1 veces con éxito!
El texto es visible para el usuario
El texto fue validado correctamente: ANÁLISIS
El texto es visible para el usuario
El texto fue validado correctamente: Peso Hectolítrico
El texto es visible para el usuario
El texto fue validado correctamente: 69.961%
El texto no coincide con los valores esperados. Texto actual: '1.052.210,00'
El texto es visible para el usuario: '982.676,00'
Tiempo de espera agotado. El input no está presente o no es clickeable.
¡Cuenta encontrada y seleccionada 484  con éxito!
¡Input encontrado y enviado con éxito!
Email generado: _7ycq2k8f@yopmail.com
]]></system-out>
		<system-err><![CDATA[
Running tests...
----------------------------------------------------------------------

Running tests...
----------------------------------------------------------------------

Running tests...
----------------------------------------------------------------------
.
----------------------------------------------------------------------
Ran 1 test in 143.204s

OK

Generating XML reports...
.
----------------------------------------------------------------------
Ran 1 test in 141.219s

OK

Generating XML reports...

Running tests...
----------------------------------------------------------------------

Running tests...
----------------------------------------------------------------------
]]></system-err>
	</testcase>
</testsuite>
