<?xml version="1.0" encoding="UTF-8"?>
<testsuite name="LogistMisSolitud.logistica_MisSolitudes-20240423115934" tests="1" file="LogistMisSolitud.py" time="57.344" timestamp="2024-04-23T13:00:07" failures="0" errors="0" skipped="0">
	<testcase classname="LogistMisSolitud.logistica_MisSolitudes" name="test_logistics_MyRequest" time="57.344" timestamp="2024-04-23T13:00:07" file="LogistMisSolitud.py" line="23">
		<system-out><![CDATA[¡Cuenta encontrada y seleccionada 1023  con éxito!
El texto encontrado es  Estado de Solicitudes
El texto encontrado es  Solicita-dos
El valor es un carácter numérico. Valor: 5
El texto encontrado es  Pen-dientes
El valor es un carácter numérico. Valor: 5
El texto encontrado es  Recha-zados
El valor es un carácter numérico. Valor: 0
El texto encontrado es  Recibi-dos
El valor es un carácter numérico. Valor: 0
El texto encontrado es  Estado Cupos Asignados
El texto encontrado es  Sin CTG
El valor es un carácter numérico. Valor: 0
El texto encontrado es  CTG
El valor es un carácter numérico. Valor: 0
El texto encontrado es  En Destino
El valor es un carácter numérico. Valor: 0
El texto encontrado es  Descar-gados
El valor es un carácter numérico. Valor: 0
¡Input encontrado y enviado con éxito!
]]></system-out>
	</testcase>
</testsuite>
