<?xml version="1.0" encoding="UTF-8"?>
<testsuite name="LogistMisSolitud.logistica_MisSolitudes-20240423153724" tests="1" file="LogistMisSolitud.py" time="101.556" timestamp="2024-04-23T15:39:06" failures="0" errors="0" skipped="0">
	<testcase classname="LogistMisSolitud.logistica_MisSolitudes" name="test_logistics_MyRequest" time="101.556" timestamp="2024-04-23T15:39:06" file="LogistMisSolitud.py" line="23">
		<system-out><![CDATA[Tiempo de espera agotado. El texto por texto no está presente.
El texto encontrado es  CANTIDAD
El valor es un carácter numérico. Valor: 1
El texto encontrado es  CANTIDAD PENDIENTE
El valor es un carácter numérico. Valor: 1
¡Elemento encontrado y clickeado 2 veces con éxito!
Tiempo de espera agotado. El chevron no están presentes o no son clickeables.
El valor es un carácter numérico. Valor: 336.800,50
El valor es un carácter numérico. Valor: 2.754.461,66
El texto encontrado es  Mercadería Remitida
El texto encontrado es  Fecha
El valor es un carácter numérico. Valor: 311.374,50
El texto no fue encontrado 30/09/2021El valor es un carácter numérico. Valor: 2.463.061,51

El texto encontrado es  Mercadería Facturada
El texto encontrado es  Comprobante
El texto encontrado es  Fecha
El texto no fue encontrado REMBAL 0063 00031634
El texto no fue encontrado 30/09/2021El texto encontrado es  Artículo

El texto encontrado es  Comprobante
El texto no fue encontrado Premezcla Final Feed Embolsado x 25 kgs Nutricion Superior
El texto no fue encontrado FACBAL 1063 00029204
El texto encontrado es  Salidas
El texto encontrado es  Artículo
El valor no es un carácter numérico. Valor: Salidas
El texto encontrado es  Precio
El texto no fue encontrado Premezcla Creci Feed Nutricion Superior x 25 kgs
El valor es un carácter numérico. Valor: 63,24
El texto encontrado es  Total ARS
El valor es un carácter numérico. Valor: 126.470,80
El texto encontrado es  Salidas
El valor es un carácter numérico. Valor: 50,00
El texto encontrado es  Precio
El valor es un carácter numérico. Valor: 102,75
El texto encontrado es  Total ARS
El valor es un carácter numérico. Valor: 5.137,46
]]></system-out>
		<system-err><![CDATA[
Running tests...
----------------------------------------------------------------------
]]></system-err>
	</testcase>
</testsuite>
