<?xml version="1.0" encoding="UTF-8"?>
<testsuite name="Ctacte_ApliAvencer.cta_cte_apliAvencer-20240423153127" tests="1" file="Ctacte_ApliAvencer.py" time="89.493" timestamp="2024-04-23T15:32:56" failures="0" errors="0" skipped="0">
	<testcase classname="Ctacte_ApliAvencer.cta_cte_apliAvencer" name="test_ctacte_apliAvencer" time="89.493" timestamp="2024-04-23T15:32:56" file="Ctacte_ApliAvencer.py" line="17">
		<system-out><![CDATA[Tiempo de espera agotado. El elemento no estÃ¡ presente o no es clickeable.
El texto encontrado es  CUENTA CORRIENTE
El texto encontrado es  Movimiento NC 1051 00007140
El texto encontrado es  USD 236,68
El texto encontrado es  NC Bonificacion afecta a fra. 1051-14310-(3 bidon
]]></system-out>
		<system-err><![CDATA[
Running tests...
----------------------------------------------------------------------

Running tests...
----------------------------------------------------------------------
]]></system-err>
	</testcase>
</testsuite>
