<?xml version="1.0" encoding="UTF-8"?>
<testsuite name="LogistSecundarias.logistica_secundarias-20240423115934" tests="1" file="LogistSecundarias.py" time="59.871" timestamp="2024-04-23T12:59:08" failures="0" errors="0" skipped="0">
	<testcase classname="LogistSecundarias.logistica_secundarias" name="test_logistics_primaries" time="59.871" timestamp="2024-04-23T12:59:08" file="LogistSecundarias.py" line="23">
		<system-out><![CDATA[¡Cuenta encontrada y seleccionada 1023  con éxito!
¡Input encontrado y enviado con éxito!
¡Input encontrado y enviado con éxito!
¡Input encontrado y enviado con éxito!
¡Input encontrado y enviado con éxito!
¡Input encontrado y enviado con éxito!
¡Input encontrado y enviado con éxito!
El texto encontrado es  Tu Solicitud fue enviada al sistema
]]></system-out>
	</testcase>
</testsuite>
