<?xml version="1.0" encoding="UTF-8"?>
<testsuite name="CtaCte_HistoApagar.cuenta_ctacte_histApagar-20240423115934" tests="1" file="CtaCte_HistoApagar.py" time="61.170" timestamp="2024-04-23T12:39:21" failures="0" errors="0" skipped="0">
	<testcase classname="CtaCte_HistoApagar.cuenta_ctacte_histApagar" name="test_ctacte_historica" time="61.170" timestamp="2024-04-23T12:39:21" file="CtaCte_HistoApagar.py" line="17">
		<system-out><![CDATA[¡Elemento encontrado y clickeado 4 veces con éxito!
¡Elemento encontrado y clickeado 4 veces con éxito!
El texto encontrado es  Cuenta Corriente
El valor es un carácter numérico. Valor: -1.537.135.076,15
El valor es un carácter numérico. Valor: -4.649.138,86
El texto encontrado es  CUENTA CORRIENTE
El texto encontrado es  Movimiento OP 0011 00499478
El texto encontrado es  - ARS 87.725,00
El texto encontrado es  PAGO A CTA.VTA.MAIZ
]]></system-out>
	</testcase>
</testsuite>
