<?xml version="1.0" encoding="UTF-8"?>
<testsuite name="ReportEntreVentas.reportEntregasVentas-20240423153510" tests="1" file="ReportEntreVentas.py" time="100.009" timestamp="2024-04-23T15:36:50" failures="0" errors="0" skipped="0">
	<testcase classname="ReportEntreVentas.reportEntregasVentas" name="test_Report_deliverySales" time="100.009" timestamp="2024-04-23T15:36:50" file="ReportEntreVentas.py" line="17">
		<system-out><![CDATA[El texto encontrado es  Cuenta Corriente
¡Elemento encontrado y clickeado 2 veces con éxito!
Tiempo de espera agotado. El texto por xpaht no está presente.
Tiempo de espera agotado. El elemento no está presente o no es clickeable.
El texto encontrado es  Reporte de usuarios
El texto encontrado es  Correo Electrónico
El texto no fue encontrado fernando@silohub.ag
¡Elemento encontrado y clickeado 6 veces con éxito!
El texto encontrado es  Rol
El texto no fue encontrado Admin
El texto encontrado es  Fecha de Registro
El texto no fue encontrado 03/01/2023 10:52:46
El texto encontrado es  Ult.Login
El valor es un carácter numérico. Valor: 26/07/2022 11:07:44
¡Elemento encontrado y clickeado 1 veces con éxito!
]]></system-out>
	</testcase>
</testsuite>
