<?xml version="1.0" encoding="UTF-8"?>
<testsuite name="ComproVentas.comprobanteVentas-20240423153404" tests="1" file="ComproVentas.py" time="134.680" timestamp="2024-04-23T15:36:18" failures="0" errors="0" skipped="0">
	<testcase classname="ComproVentas.comprobanteVentas" name="test_vouchers_sales" time="134.680" timestamp="2024-04-23T15:36:18" file="ComproVentas.py" line="18">
		<system-out><![CDATA[El texto encontrado es  COMPROBANTES
Tiempo de espera agotado. El texto por xpaht no está presente.
¡Elemento encontrado y clickeado 4 veces con éxito!
El texto encontrado es  COMPROBANTES
¡Elemento encontrado y clickeado 1 veces con éxito!
El texto encontrado es  Mis Comprobantes
Tiempo de espera agotado. El elemento no está presente o no es clickeable.
El texto encontrado es  NC 1053 00000779
¡Elemento encontrado y clickeado 4 veces con éxito!
El texto encontrado es  FC 1051 00014531
¡Elemento encontrado y clickeado 1 veces con éxito!
El texto encontrado es  COMPROBANTES
El texto encontrado es  Mis Comprobantes
Tiempo de espera agotado. El input no está presente o no es clickeable.
El texto encontrado es  TK 0001 00127175
El texto no fue encontrado TK 0001 00127180
¡Elemento encontrado y clickeado 4 veces con éxito!
¡Elemento encontrado y clickeado 4 veces con éxito!
El texto encontrado es  Estado De Mis Contratos
El texto es visible para el usuario
El texto fue validado correctamente: Contrato 121261
El texto es visible para el usuario
El texto fue validado correctamente: De Soja
El texto es visible para el usuario: 'De 50.000,00 Kg Pactados'
El texto es visible para el usuario: '50.000,00 Kg'
El texto es visible para el usuario: '9.365,00 Kg'
El texto es visible para el usuario: '3.700,00 Kg'
Tiempo de espera agotado. El elemento no está presente o no es clickeable.
Tiempo de espera agotado. El elemento no está presente o no es clickeable.
]]></system-out>
		<system-err><![CDATA[
Running tests...
----------------------------------------------------------------------

Running tests...
----------------------------------------------------------------------

Running tests...
----------------------------------------------------------------------
.
----------------------------------------------------------------------
Ran 1 test in 82.735s

OK

Generating XML reports...

Running tests...
----------------------------------------------------------------------
.
----------------------------------------------------------------------
Ran 1 test in 124.297s

OK

Generating XML reports...
]]></system-err>
	</testcase>
</testsuite>
