<?xml version="1.0" encoding="UTF-8"?>
<testsuite name="ReportEntreVentas.reportEntregasVentas-20240508141427" tests="1" file="ReportEntreVentas.py" time="64.534" timestamp="2024-05-08T15:55:54" failures="0" errors="0" skipped="0">
	<testcase classname="ReportEntreVentas.reportEntregasVentas" name="test_Report_deliverySales" time="64.534" timestamp="2024-05-08T15:55:54" file="ReportEntreVentas.py" line="17">
		<system-out><![CDATA[El texto encontrado es  Entregas y Ventas
El texto encontrado es  Soja
El texto encontrado es  23/24
El texto encontrado es  Kilos Entregados
El valor es un carácter numérico. Valor: 0
El texto encontrado es  Otros Movimientos
El valor es un carácter numérico. Valor: 0
El texto encontrado es  Kilos Vendidos
El valor es un carácter numérico. Valor: 94.536.098
El texto encontrado es  Kilos Solicitados
El valor es un carácter numérico. Valor: 0
El texto encontrado es  Kilos a Fijar
El valor es un carácter numérico. Valor: 307.902
El texto encontrado es  Saldo
El valor es un carácter numérico. Valor: -94.536.098
El texto encontrado es  Saldo Comercial
El valor es un carácter numérico. Valor: -94.844.000
]]></system-out>
	</testcase>
</testsuite>
