<?xml version="1.0" encoding="UTF-8"?>
<testsuite name="LogistPrimaria.logistica_primarias-20240423153803" tests="1" file="LogistPrimaria.py" time="102.077" timestamp="2024-04-23T15:39:45" failures="0" errors="0" skipped="0">
	<testcase classname="LogistPrimaria.logistica_primarias" name="test_logistics_primaries" time="102.077" timestamp="2024-04-23T15:39:45" file="LogistPrimaria.py" line="23">
		<system-out><![CDATA[Tiempo de espera agotado. El elemento no está presente o no es clickeable.
¡Cuenta encontrada y seleccionada 1023  con éxito!
Tiempo de espera agotado. El elemento no está presente o no es clickeable.
¡Cuenta encontrada y seleccionada 1023  con éxito!
El texto encontrado es  Estado de Solicitudes
El texto encontrado es  Solicita-dos
El valor es un carácter numérico. Valor: 5
El texto encontrado es  Pen-dientes
El valor es un carácter numérico. Valor: 5
El texto encontrado es  Recha-zados
El valor es un carácter numérico. Valor: 0
El texto encontrado es  Recibi-dos
El valor es un carácter numérico. Valor: 0
El texto encontrado es  Estado Cupos Asignados
El texto encontrado es  Sin CTG
El valor es un carácter numérico. Valor: 0
El texto encontrado es  CTG
Tiempo de espera agotado. El elemento no está presente o no es clickeable.
¡Input encontrado y enviado con éxito!
El valor es un carácter numérico. Valor: 0
El texto encontrado es  En Destino
El valor es un carácter numérico. Valor: 0
El texto encontrado es  Descar-gados
El valor es un carácter numérico. Valor: 0
¡Input encontrado y enviado con éxito!
¡Input encontrado y enviado con éxito!
¡Input encontrado y enviado con éxito!
¡Input encontrado y enviado con éxito!
¡Input encontrado y enviado con éxito!
¡Input encontrado y enviado con éxito!
¡Input encontrado y enviado con éxito!
El texto encontrado es  Clientes
¡Input encontrado y enviado con éxito!
Tiempo de espera agotado. El elemento no está presente o no es clickeable.
¡Input encontrado y enviado con éxito!
¡Input encontrado y enviado con éxito!
Tiempo de espera agotado. El elemento no está presente o no es clickeable.
¡Input encontrado y enviado con éxito!
¡Input encontrado y enviado con éxito!
Tiempo de espera agotado. El elemento no está presente o no es clickeable.
El texto encontrado es  DATOS GENERALES
El texto encontrado es  RAZON SOCIAL
El texto encontrado es  5 B S.A.
El texto encontrado es  CUIT
El texto encontrado es  30-71227027-2
El texto encontrado es  CELULAR
El texto encontrado es  03406 - 480479 / 15645641
El texto encontrado es  DATOS EXTRA
El texto encontrado es  COMERCIAL
El texto encontrado es  CORDOBA, RAMIRO
El texto encontrado es  CUENTA
El texto encontrado es  (2903) - 5 B S.A.
Test finalizado con éxito
El texto encontrado es  Tu Solicitud fue enviada al sistema
]]></system-out>
		<system-err><![CDATA[
Running tests...
----------------------------------------------------------------------

Running tests...
----------------------------------------------------------------------
.
Running tests...
----------------------------------------------------------------------

----------------------------------------------------------------------
Ran 1 test in 71.907s

OK

Generating XML reports...

Running tests...
----------------------------------------------------------------------

Running tests...
----------------------------------------------------------------------
]]></system-err>
	</testcase>
</testsuite>
