<?xml version="1.0" encoding="UTF-8"?>
<testsuite name="ReportTenImpo.reportenImpositivas-20240423115934" tests="1" file="ReportTenImpo.py" time="69.939" timestamp="2024-04-23T12:56:37" failures="0" errors="0" skipped="0">
	<testcase classname="ReportTenImpo.reportenImpositivas" name="test_Report_tenImpositivas" time="69.939" timestamp="2024-04-23T12:56:37" file="ReportTenImpo.py" line="17">
		<system-out><![CDATA[¡Elemento encontrado y clickeado 2 veces con éxito!
El texto encontrado es  Tenencias Impositivas
El texto encontrado es  STOCK DE GRANOS NO LIQUIDADOS
El texto encontrado es  Producto
El texto encontrado es  MAIZ
El texto encontrado es  Kg. Netos
El valor es un carácter numérico. Valor: 575.194
El texto encontrado es  Campaña
El texto encontrado es  2223
El texto encontrado es  Kg. Pendientes Cert.
El valor es un carácter numérico. Valor: 0
El texto encontrado es  SALDOS DE CUENTA CORRIENTE
El valor es un carácter numérico. Valor: 1.642.624.183,60
El valor es un carácter numérico. Valor: 3.488.722,55
El valor es un carácter numérico. Valor: 2.784.924.136,94
]]></system-out>
	</testcase>
</testsuite>
