<?xml version="1.0" encoding="UTF-8"?>
<testsuite name="ReportMerFacturada.reportMerFacturada-20240508141427" tests="1" file="ReportMerFacturada.py" time="54.470" timestamp="2024-05-08T16:01:18" failures="0" errors="0" skipped="0">
	<testcase classname="ReportMerFacturada.reportMerFacturada" name="test_Report_MerFacturada" time="54.470" timestamp="2024-05-08T16:01:18" file="ReportMerFacturada.py" line="17">
		<system-out><![CDATA[¡Elemento encontrado y clickeado 2 veces con éxito!
¡Elemento encontrado y clickeado 6 veces con éxito!
El valor es un carácter numérico. Valor: 31.862,50
El valor es un carácter numérico. Valor: 38.878.434,67
El texto encontrado es  Mercadería Facturada
El texto encontrado es  Fecha
El texto no fue encontrado 30/09/2021
El texto encontrado es  Comprobante
El texto no fue encontrado FACBAL 1063 00029204
El texto encontrado es  Artículo
El texto no fue encontrado Premezcla Creci Feed Nutricion Superior x 25 kgs
El texto encontrado es  Salidas
El valor es un carácter numérico. Valor: 1,00
El texto encontrado es  Precio
El valor es un carácter numérico. Valor: 156.426,06
El texto encontrado es  Total ARS
El valor es un carácter numérico. Valor: 156.426,06
]]></system-out>
	</testcase>
</testsuite>
