<?xml version="1.0" encoding="UTF-8"?>
<testsuite name="ConfISolicitudes.confi_Solicitudes-20240423115934" tests="1" file="ConfISolicitudes.py" time="47.334" timestamp="2024-04-23T13:05:30" failures="0" errors="0" skipped="0">
	<testcase classname="ConfISolicitudes.confi_Solicitudes" name="test_settings_User" time="47.334" timestamp="2024-04-23T13:05:30" file="ConfISolicitudes.py" line="19">
		<system-out><![CDATA[El texto encontrado es  SOLICITUDES
¡Input encontrado y enviado con éxito!
¡Input encontrado y enviado con éxito!
Test finalizado con éxito
]]></system-out>
	</testcase>
</testsuite>
