<?xml version="1.0" encoding="UTF-8"?>
<testsuite name="Ctacte_ApliApagar.cta_cte_apliApagar-20240423115934" tests="1" file="Ctacte_ApliApagar.py" time="57.891" timestamp="2024-04-23T12:34:12" failures="0" errors="0" skipped="0">
	<testcase classname="Ctacte_ApliApagar.cta_cte_apliApagar" name="test_ctacte_apliApagar" time="57.891" timestamp="2024-04-23T12:34:12" file="Ctacte_ApliApagar.py" line="17">
		<system-out><![CDATA[¡Elemento encontrado y clickeado 6 veces con éxito!
¡Elemento encontrado y clickeado 2 veces con éxito!
El texto encontrado es  Cuenta Corriente Aplicada
El valor es un carácter numérico. Valor: -171.167.917,84
El valor es un carácter numérico. Valor: 51.215.932,24
El valor es un carácter numérico. Valor: 2.913.163,37
El texto encontrado es  CUENTA CORRIENTE
El texto encontrado es  Movimiento FC 1051 00014215
El texto encontrado es  USD 738,10
El texto encontrado es  SILO BOLSA-
]]></system-out>
	</testcase>
</testsuite>
