<?xml version="1.0" encoding="UTF-8"?>
<testsuite name="ConfiClientes.confi_registro_cliente-20240423153835" tests="1" file="ConfiClientes.py" time="70.853" timestamp="2024-04-23T15:39:46" failures="0" errors="0" skipped="0">
	<testcase classname="ConfiClientes.confi_registro_cliente" name="test_record_client" time="70.853" timestamp="2024-04-23T15:39:46" file="ConfiClientes.py" line="19">
		<system-out><![CDATA[El texto encontrado es  En Destino
El valor es un carácter numérico. Valor: 0
El texto encontrado es  Descar-gados
El valor es un carácter numérico. Valor: 0
¡Input encontrado y enviado con éxito!
¡Input encontrado y enviado con éxito!
¡Input encontrado y enviado con éxito!
¡Input encontrado y enviado con éxito!
¡Input encontrado y enviado con éxito!
]]></system-out>
	</testcase>
</testsuite>
