<?xml version="1.0" encoding="UTF-8"?>
<testsuite name="Metricas-20240508164004" tests="1" file=".py" time="32.034" timestamp="2024-05-08T16:40:37" failures="0" errors="0" skipped="0">
	<testcase classname="Metricas" name="test_metricas" time="32.034" timestamp="2024-05-08T16:40:37" file="Metricas.py" line="18">
		<system-out><![CDATA[El texto no fue encontrado MÉTRICAS
¡Elemento encontrado y clickeado 4 veces con éxito!
¡Elemento encontrado y clickeado 3 veces con éxito!
El valor es un carácter numérico. Valor: 1.974
El texto encontrado es  Total Cuentas ERP
El valor es un carácter numérico. Valor: 1.556
El texto encontrado es  Total Cuentas Vinculadas
El valor es un carácter numérico. Valor: 418
El texto encontrado es  Cuentas Pend. de Vincular
El valor es un carácter numérico. Valor: 78,82%
El texto encontrado es  Porc. Vinculado
El valor es un carácter numérico. Valor: 1
El texto encontrado es  Productores Nuevos
El valor es un carácter numérico. Valor: 68
El texto encontrado es  Total Logins (Visitas)
El valor es un carácter numérico. Valor: 28
El texto encontrado es  Usuarios Logueados
El valor es un carácter numérico. Valor: 00:06:40
El texto encontrado es  Tiempo Prom. Sesión
El texto encontrado es  Pantallas Más Visitadas
El texto encontrado es  Inicio
El valor es un carácter numérico. Valor: 32,02% - 73
El texto encontrado es  Otros
El valor es un carácter numérico. Valor: 19,74% - 45
El texto no fue encontrado Granos
El valor es un carácter numérico. Valor: 7,89% - 18
El texto no fue encontrado Contratos
El valor es un carácter numérico. Valor: 7,02% - 16
El texto no fue encontrado Configuraciones
El valor es un carácter numérico. Valor: 6,58% - 15
El texto encontrado es  Pantallas Menos Visitadas
El texto no fue encontrado Ventas
El valor es un carácter numérico. Valor: 1,32% - 3
El texto no fue encontrado Comprobantes
El valor es un carácter numérico. Valor: 2,19% - 5
El texto no fue encontrado Entregas
El valor es un carácter numérico. Valor: 2,19% - 5
El texto no fue encontrado Cuenta Corriente
El valor es un carácter numérico. Valor: 2,19% - 5
El texto no fue encontrado Acceso a Terceros
El valor es un carácter numérico. Valor: 3,07% - 7
El valor del gráfico es 56.
El valor del gráfico es 2.
]]></system-out>
	</testcase>
</testsuite>
