<?xml version="1.0" encoding="UTF-8"?>
<testsuite name="comprobanteEntregas-20240126160659" tests="1" file=".py" time="48.968" timestamp="2024-01-26T16:07:48" failures="0" errors="0" skipped="0">
	<testcase classname="comprobanteEntregas" name="test_vouchers_delivery" time="48.968" timestamp="2024-01-26T16:07:48" file="comproEntregas.py" line="16">
		<system-out><![CDATA[¡Elemento encontrado y clickeado con éxito!
¡Elemento encontrado y clickeado con éxito!
El texto encontrado es  COMPROBANTES
¡Elemento encontrado y clickeado con éxito!
¡Elemento encontrado y clickeado con éxito!
¡Elemento encontrado y clickeado con éxito!
¡Elemento encontrado y clickeado 1 veces con éxito!
¡Elemento encontrado y clickeado con éxito!
¡Elemento encontrado y clickeado 1 veces con éxito!
¡Elemento encontrado y clickeado con éxito!
¡Elemento encontrado y clickeado con éxito!
El texto encontrado es  Mis Comprobantes
¡Elemento encontrado y clickeado con éxito!
El texto encontrado es  TK 0001 00127175
El texto encontrado es  TK 0001 00127180
¡Elemento encontrado y clickeado con éxito!
¡Elemento encontrado y clickeado con éxito!
El texto encontrado es  El comprobante seleccionado no se encuentra para su descarga
¡Elemento encontrado y clickeado con éxito!
]]></system-out>
	</testcase>
</testsuite>
