<?xml version="1.0" encoding="UTF-8"?>
<testsuite name="cuenta_ventas-20231102180236" tests="1" file=".py" time="51.589" timestamp="2023-11-02T18:03:28" failures="0" errors="0" skipped="0">
	<testcase classname="cuenta_ventas" name="test_cuenta_entregas" time="51.589" timestamp="2023-11-02T18:03:28" file="Ventas.py" line="23">
		<system-out><![CDATA[El titulo de la pagina es: Mis Ventas
El número de venta es: Venta EP 0001 00111822
La cantidad de kilos es: 3.370,05 QQ
El tipo de producto es: De Soja
El titulo de la segunda card  es: DATOS DE LA VENTA
La fecha de la venta  es: 07/03/2022
La campaña de la venta  es: 20/21
El texto del tipo de mercado es visible en la página.
El tipo de mercado es:
RENOVA - Soja - Timbues
La fecha de vencimiento es: 07/10/2021
]]></system-out>
		<system-err><![CDATA[c:\Users\luist\repos\Automatizaciones-SILOHUB-\Ventas.py:17: DeprecationWarning: executable_path has been deprecated, please pass in a Service object
  self.driver = webdriver.Chrome(executable_path=r"C:\driverchrome\chromedriver-win64\chromedriver.exe")
c:\Users\luist\repos\Automatizaciones-SILOHUB-\Ventas.py:25: DeprecationWarning: find_element_by_* commands are deprecated. Please use find_element() instead
  usermane = driver.find_element_by_id("email")
c:\Users\luist\repos\Automatizaciones-SILOHUB-\Ventas.py:31: DeprecationWarning: find_element_by_* commands are deprecated. Please use find_element() instead
  passworUser = driver.find_element_by_id("password")
c:\Users\luist\repos\Automatizaciones-SILOHUB-\Ventas.py:36: DeprecationWarning: find_element_by_xpath is deprecated. Please use find_element(by=By.XPATH, value=xpath) instead
  insertButton = driver.find_element_by_xpath("/html/body/app-root/app-login-main/div/div[2]/div/app-login-form/div/div/div[1]/div/div[2]/form/div[4]/app-button/button")
c:\Users\luist\repos\Automatizaciones-SILOHUB-\Ventas.py:41: DeprecationWarning: find_element_by_xpath is deprecated. Please use find_element(by=By.XPATH, value=xpath) instead
  selectTenant = driver.find_element_by_xpath("/html/body/app-root/app-layout/app-vertical/div/div/div/div/app-home-main/div/div[1]/app-tenant-main/app-tenant[8]/div/div/img")
c:\Users\luist\repos\Automatizaciones-SILOHUB-\Ventas.py:57: DeprecationWarning: find_element_by_xpath is deprecated. Please use find_element(by=By.XPATH, value=xpath) instead
  select_menu_Account = driver.find_element_by_xpath(
c:\Users\luist\repos\Automatizaciones-SILOHUB-\Ventas.py:62: DeprecationWarning: find_element_by_xpath is deprecated. Please use find_element(by=By.XPATH, value=xpath) instead
  select_sales = driver.find_element_by_xpath(
c:\Users\luist\repos\Automatizaciones-SILOHUB-\Ventas.py:72: DeprecationWarning: find_element_by_xpath is deprecated. Please use find_element(by=By.XPATH, value=xpath) instead
  title_menu = driver.find_element_by_xpath("/html/body/app-root/app-layout/app-vertical/div/div/div/div/app-sales/app-sales-shared/div/span")
c:\Users\luist\repos\Automatizaciones-SILOHUB-\Ventas.py:86: DeprecationWarning: find_element_by_xpath is deprecated. Please use find_element(by=By.XPATH, value=xpath) instead
  selct_filter = driver.find_element_by_xpath("/html/body/app-root/app-layout/app-vertical/div/div/div/div/app-sales/app-sales-shared/app-header-for-responsive-table/div/div/div[2]/div/div[2]/app-filter-button/button/div/span")
c:\Users\luist\repos\Automatizaciones-SILOHUB-\Ventas.py:94: DeprecationWarning: find_element_by_xpath is deprecated. Please use find_element(by=By.XPATH, value=xpath) instead
  clean_filter = driver.find_element_by_xpath("/html/body/ngb-offcanvas-panel/div/ngx-simplebar/div[1]/div[2]/div/div/div/app-filter-content/div[2]/app-filter-buttons/div/app-button[1]/button")
c:\Users\luist\repos\Automatizaciones-SILOHUB-\Ventas.py:100: DeprecationWarning: find_element_by_xpath is deprecated. Please use find_element(by=By.XPATH, value=xpath) instead
  apply_product_filter = driver.find_element_by_xpath("/html/body/ngb-offcanvas-panel/div/ngx-simplebar/div[1]/div[2]/div/div/div/app-filter-content/div[2]/app-grain-container/div/app-grain-button[1]/div/img")
c:\Users\luist\repos\Automatizaciones-SILOHUB-\Ventas.py:104: DeprecationWarning: find_element_by_xpath is deprecated. Please use find_element(by=By.XPATH, value=xpath) instead
  apply_Campaign_filter = driver.find_element_by_xpath("/html/body/ngb-offcanvas-panel/div/ngx-simplebar/div[1]/div[2]/div/div/div/app-filter-content/div[2]/app-season-container/div/app-season-button[3]/div/div")
c:\Users\luist\repos\Automatizaciones-SILOHUB-\Ventas.py:108: DeprecationWarning: find_element_by_xpath is deprecated. Please use find_element(by=By.XPATH, value=xpath) instead
  apply_filter = driver.find_element_by_xpath("/html/body/ngb-offcanvas-panel/div/ngx-simplebar/div[1]/div[2]/div/div/div/app-filter-content/div[2]/app-filter-buttons/div/app-button[2]/button")
c:\Users\luist\repos\Automatizaciones-SILOHUB-\Ventas.py:114: DeprecationWarning: find_element_by_xpath is deprecated. Please use find_element(by=By.XPATH, value=xpath) instead
  select_product_list_1 = driver.find_element_by_xpath("/html/body/app-root/app-layout/app-vertical/div/div/div/div/app-sales/app-sales-shared/app-responsive-table/div/table/tbody/tr[1]/th/input")
c:\Users\luist\repos\Automatizaciones-SILOHUB-\Ventas.py:119: DeprecationWarning: find_element_by_xpath is deprecated. Please use find_element(by=By.XPATH, value=xpath) instead
  select_product_list_2 = driver.find_element_by_xpath("/html/body/app-root/app-layout/app-vertical/div/div/div/div/app-sales/app-sales-shared/app-responsive-table/div/table/tbody/tr[2]/th/input")
c:\Users\luist\repos\Automatizaciones-SILOHUB-\Ventas.py:125: DeprecationWarning: find_element_by_xpath is deprecated. Please use find_element(by=By.XPATH, value=xpath) instead
  select_product_list_3 = driver.find_element_by_xpath("/html/body/app-root/app-layout/app-vertical/div/div/div/div/app-sales/app-sales-shared/app-responsive-table/div/table/tbody/tr[3]/th/input")
c:\Users\luist\repos\Automatizaciones-SILOHUB-\Ventas.py:131: DeprecationWarning: find_element_by_xpath is deprecated. Please use find_element(by=By.XPATH, value=xpath) instead
  button_download = driver.find_element_by_xpath("/html/body/app-root/app-layout/app-vertical/div/div/div/div/app-sales/app-sales-shared/app-header-for-responsive-table/div/div/div[2]/div/div[1]/app-download-button/div/button[2]")
c:\Users\luist\repos\Automatizaciones-SILOHUB-\Ventas.py:135: DeprecationWarning: find_element_by_xpath is deprecated. Please use find_element(by=By.XPATH, value=xpath) instead
  select_format = driver.find_element_by_xpath("/html/body/app-root/app-layout/app-vertical/div/div/div/div/app-sales/app-sales-shared/app-header-for-responsive-table/div/div/div[2]/div/div[1]/app-download-button/div/ul/li[2]/a")
c:\Users\luist\repos\Automatizaciones-SILOHUB-\Ventas.py:141: DeprecationWarning: find_element_by_xpath is deprecated. Please use find_element(by=By.XPATH, value=xpath) instead
  insert_detail = driver.find_element_by_xpath("/html/body/app-root/app-layout/app-vertical/div/div/div/div/app-sales/app-sales-shared/app-responsive-table/div/table/tbody/tr[3]/td[3]/span/span")
c:\Users\luist\repos\Automatizaciones-SILOHUB-\Ventas.py:147: DeprecationWarning: find_element_by_xpath is deprecated. Please use find_element(by=By.XPATH, value=xpath) instead
  number_sale = driver.find_element_by_xpath("/html/body/app-root/app-layout/app-vertical/div/div/div/div/app-detail-sales/div[1]/app-header-for-detail/div[1]/div")
c:\Users\luist\repos\Automatizaciones-SILOHUB-\Ventas.py:161: DeprecationWarning: find_element_by_xpath is deprecated. Please use find_element(by=By.XPATH, value=xpath) instead
  amount_kilos = driver.find_element_by_xpath("/html/body/app-root/app-layout/app-vertical/div/div/div/div/app-detail-sales/div[1]/app-header-for-detail/div[2]/div/div[2]/div[2]")
c:\Users\luist\repos\Automatizaciones-SILOHUB-\Ventas.py:171: DeprecationWarning: find_element_by_xpath is deprecated. Please use find_element(by=By.XPATH, value=xpath) instead
  type_product = driver.find_element_by_xpath("/html/body/app-root/app-layout/app-vertical/div/div/div/div/app-detail-sales/div[1]/app-header-for-detail/div[2]/div/div[2]/div[3]")
c:\Users\luist\repos\Automatizaciones-SILOHUB-\Ventas.py:186: DeprecationWarning: find_element_by_xpath is deprecated. Please use find_element(by=By.XPATH, value=xpath) instead
  title_data = driver.find_element_by_xpath("/html/body/app-root/app-layout/app-vertical/div/div/div/div/app-detail-sales/div[1]/section/div/h2[1]")
c:\Users\luist\repos\Automatizaciones-SILOHUB-\Ventas.py:203: DeprecationWarning: find_element_by_xpath is deprecated. Please use find_element(by=By.XPATH, value=xpath) instead
  date_data = driver.find_element_by_xpath("/html/body/app-root/app-layout/app-vertical/div/div/div/div/app-detail-sales/div[1]/section/div/div[1]/div[1]")
c:\Users\luist\repos\Automatizaciones-SILOHUB-\Ventas.py:217: DeprecationWarning: find_element_by_xpath is deprecated. Please use find_element(by=By.XPATH, value=xpath) instead
  campaign_sale = driver.find_element_by_xpath("/html/body/app-root/app-layout/app-vertical/div/div/div/div/app-detail-sales/div[1]/section/div/div[1]/div[2]")
c:\Users\luist\repos\Automatizaciones-SILOHUB-\Ventas.py:252: DeprecationWarning: find_element_by_xpath is deprecated. Please use find_element(by=By.XPATH, value=xpath) instead
  date_expiration = driver.find_element_by_xpath("/html/body/app-root/app-layout/app-vertical/div/div/div/div/app-detail-sales/div[1]/section/div/div[1]/div[4]")
c:\Users\luist\repos\Automatizaciones-SILOHUB-\Ventas.py:266: DeprecationWarning: find_element_by_xpath is deprecated. Please use find_element(by=By.XPATH, value=xpath) instead
  go_out_list = driver.find_element_by_xpath("/html/body/app-root/app-layout/app-vertical/div/div/div/app-header-for-screen/div/div/div/a")
]]></system-err>
	</testcase>
</testsuite>
