<?xml version="1.0" encoding="UTF-8"?>
<testsuite name="contrato_tenant-20231205100137" tests="1" file=".py" time="4.962" timestamp="2023-12-05T10:01:42" failures="0" errors="1" skipped="0">
	<testcase classname="contrato_tenant" name="test_login_user_1" time="4.962" timestamp="2023-12-05T10:01:42" file="contrato.py" line="29">
		<error type="AttributeError" message="'WebDriver' object has no attribute 'find_element_by_id'"><![CDATA[Traceback (most recent call last):
  File "c:\Users\luist\repos\Automatizaciones-SILOHUB-\contrato.py", line 30, in test_login_user_1
    username = self.driver.find_element_by_id("email")
AttributeError: 'WebDriver' object has no attribute 'find_element_by_id'
]]></error>
	</testcase>
</testsuite>
