<?xml version="1.0" encoding="UTF-8"?>
<testsuite name="contrato_tenant-20240116175346" tests="1" file=".py" time="110.115" timestamp="2024-01-16T17:55:36" failures="0" errors="0" skipped="0">
	<testcase classname="contrato_tenant" name="test_contrato_tenant" time="110.115" timestamp="2024-01-16T17:55:36" file="contrato.py" line="22">
		<system-out><![CDATA[¡Elemento encontrado y clickeado con éxito!
¡Elemento encontrado y clickeado con éxito!
¡Elemento encontrado y clickeado con éxito!
¡Elemento encontrado y clickeado con éxito!
¡Elemento encontrado y clickeado con éxito!
¡Elemento encontrado y clickeado con éxito!
¡Elemento encontrado y clickeado con éxito!
¡Elemento encontrado y clickeado 3 veces con éxito!
¡Elemento encontrado y clickeado con éxito!
¡Elemento encontrado y clickeado 1 veces con éxito!
¡Elemento encontrado y clickeado con éxito!
¡Elemento encontrado y clickeado con éxito!
El texto encontrado es  Estado De Mis Contratos
¡Elemento encontrado y clickeado con éxito!
El texto es visible para el usuario
El texto fue validado correctamente: Contrato 121261
El texto es visible para el usuario
El texto fue validado correctamente: De Soja
La cadena de texto no es visible para el usuario. : None
La cadena de texto no es visible para el usuario. : None
La cadena de texto no es visible para el usuario. : None
La cadena de texto no es visible para el usuario. : None
¡Elemento encontrado y clickeado con éxito!
¡Elemento encontrado y clickeado con éxito!
¡Elemento encontrado y clickeado con éxito!
]]></system-out>
	</testcase>
</testsuite>
