<?xml version="1.0" encoding="UTF-8"?>
<testsuite name="contrato_tenant-20231101174009" tests="1" file=".py" time="70.110" timestamp="2023-11-01T17:41:19" failures="0" errors="0" skipped="0">
	<testcase classname="contrato_tenant" name="test_login_user_1" time="70.110" timestamp="2023-11-01T17:41:19" file="contrato.py" line="22">
		<system-out><![CDATA[El titulo de la pantalla es: MIS CONTRATOS
El numero de contrato es: Contrato 121190
El tipo de producto es: De Soja
La cantidad de kilos pactados son: De 90,00 Tn Pactados
La cantidad  de producto es: 90,00 Tn
La cantidad  de aplicadas es: 0,00 Tn
La cantidad  de fijadas es: 0,10 Tn
]]></system-out>
		<system-err><![CDATA[c:\Users\luist\repos\Automatizaciones-SILOHUB-\contrato.py:14: DeprecationWarning: executable_path has been deprecated, please pass in a Service object
  self.driver = webdriver.Chrome(executable_path=r"C:\driverchrome\chromedriver-win64\chromedriver.exe")
c:\Users\luist\repos\Automatizaciones-SILOHUB-\contrato.py:24: DeprecationWarning: find_element_by_* commands are deprecated. Please use find_element() instead
  username = driver.find_element_by_id("email")
c:\Users\luist\repos\Automatizaciones-SILOHUB-\contrato.py:30: DeprecationWarning: find_element_by_* commands are deprecated. Please use find_element() instead
  passwordUser = driver.find_element_by_id("password")
c:\Users\luist\repos\Automatizaciones-SILOHUB-\contrato.py:35: DeprecationWarning: find_element_by_xpath is deprecated. Please use find_element(by=By.XPATH, value=xpath) instead
  insertButton = driver.find_element_by_xpath("/html/body/app-root/app-login-main/div/div[2]/div/app-login-form/div/div/div[1]/div/div[2]/form/div[4]/app-button/button")
c:\Users\luist\repos\Automatizaciones-SILOHUB-\contrato.py:40: DeprecationWarning: find_element_by_xpath is deprecated. Please use find_element(by=By.XPATH, value=xpath) instead
  selectTenant = driver.find_element_by_xpath("/html/body/app-root/app-layout/app-vertical/div/div/div/div/app-home-main/div/div[1]/app-tenant-main/app-tenant[8]/div/div/img")
c:\Users\luist\repos\Automatizaciones-SILOHUB-\contrato.py:56: DeprecationWarning: find_element_by_css_selector is deprecated. Please use find_element(by=By.CSS_SELECTOR, value=css_selector) instead
  select_account = driver.find_element_by_css_selector("#navbar-nav > li:nth-child(5) > a > span")
c:\Users\luist\repos\Automatizaciones-SILOHUB-\contrato.py:60: DeprecationWarning: find_element_by_xpath is deprecated. Please use find_element(by=By.XPATH, value=xpath) instead
  select_contract = driver.find_element_by_xpath(
c:\Users\luist\repos\Automatizaciones-SILOHUB-\contrato.py:68: DeprecationWarning: find_element_by_xpath is deprecated. Please use find_element(by=By.XPATH, value=xpath) instead
  select_filter = driver.find_element_by_xpath(
c:\Users\luist\repos\Automatizaciones-SILOHUB-\contrato.py:74: DeprecationWarning: find_element_by_xpath is deprecated. Please use find_element(by=By.XPATH, value=xpath) instead
  uncheck_filter = driver.find_element_by_xpath(
c:\Users\luist\repos\Automatizaciones-SILOHUB-\contrato.py:82: DeprecationWarning: find_element_by_xpath is deprecated. Please use find_element(by=By.XPATH, value=xpath) instead
  select_new_filter = driver.find_element_by_xpath(
c:\Users\luist\repos\Automatizaciones-SILOHUB-\contrato.py:88: DeprecationWarning: find_element_by_xpath is deprecated. Please use find_element(by=By.XPATH, value=xpath) instead
  select_campaign = driver.find_element_by_xpath(
c:\Users\luist\repos\Automatizaciones-SILOHUB-\contrato.py:94: DeprecationWarning: find_element_by_xpath is deprecated. Please use find_element(by=By.XPATH, value=xpath) instead
  apply_filter = driver.find_element_by_xpath(
c:\Users\luist\repos\Automatizaciones-SILOHUB-\contrato.py:100: DeprecationWarning: find_element_by_xpath is deprecated. Please use find_element(by=By.XPATH, value=xpath) instead
  selet_list_contract = driver.find_element_by_xpath(
c:\Users\luist\repos\Automatizaciones-SILOHUB-\contrato.py:107: DeprecationWarning: find_element_by_xpath is deprecated. Please use find_element(by=By.XPATH, value=xpath) instead
  element = self.driver.find_element_by_xpath('/html/body/app-root/app-layout/app-vertical/div/div/div/app-header-for-screen/div/div/span')
c:\Users\luist\repos\Automatizaciones-SILOHUB-\contrato.py:120: DeprecationWarning: find_element_by_xpath is deprecated. Please use find_element(by=By.XPATH, value=xpath) instead
  element = self.driver.find_element_by_xpath("/html/body/app-root/app-layout/app-vertical/div/div/div/div/app-detail-contract/div/div[1]/div[1]/div/span")
c:\Users\luist\repos\Automatizaciones-SILOHUB-\contrato.py:128: DeprecationWarning: find_element_by_xpath is deprecated. Please use find_element(by=By.XPATH, value=xpath) instead
  element = self.driver.find_element_by_xpath('/html/body/app-root/app-layout/app-vertical/div/div/div/div/app-detail-contract/div/div[1]/div[2]/div[2]/div[2]/span[2]')
c:\Users\luist\repos\Automatizaciones-SILOHUB-\contrato.py:144: DeprecationWarning: find_element_by_xpath is deprecated. Please use find_element(by=By.XPATH, value=xpath) instead
  amount_kilos = driver.find_element_by_xpath("/html/body/app-root/app-layout/app-vertical/div/div/div/div/app-detail-contract/div/div[2]/div/span")
c:\Users\luist\repos\Automatizaciones-SILOHUB-\contrato.py:156: DeprecationWarning: find_element_by_xpath is deprecated. Please use find_element(by=By.XPATH, value=xpath) instead
  amount_product = self.driver.find_element_by_xpath("/html/body/app-root/app-layout/app-vertical/div/div/div/div/app-detail-contract/div/div[1]/div[2]/div[2]/div[2]/span[1]")
c:\Users\luist\repos\Automatizaciones-SILOHUB-\contrato.py:168: DeprecationWarning: find_element_by_xpath is deprecated. Please use find_element(by=By.XPATH, value=xpath) instead
  applied_contract = self.driver.find_element_by_xpath("/html/body/app-root/app-layout/app-vertical/div/div/div/div/app-detail-contract/div/div[2]/app-card-with-grafic/div/div/swiper/div/div[1]/div[1]/div/div[2]/span[1]")
c:\Users\luist\repos\Automatizaciones-SILOHUB-\contrato.py:180: DeprecationWarning: find_element_by_xpath is deprecated. Please use find_element(by=By.XPATH, value=xpath) instead
  fixed_contract = self.driver.find_element_by_xpath("/html/body/app-root/app-layout/app-vertical/div/div/div/div/app-detail-contract/div/div[2]/app-card-with-grafic/div/div/swiper/div/div[1]/div[2]/div/div[2]/span[1]")
c:\Users\luist\repos\Automatizaciones-SILOHUB-\contrato.py:193: DeprecationWarning: find_element_by_xpath is deprecated. Please use find_element(by=By.XPATH, value=xpath) instead
  download_button = driver.find_element_by_xpath(
c:\Users\luist\repos\Automatizaciones-SILOHUB-\contrato.py:199: DeprecationWarning: find_element_by_xpath is deprecated. Please use find_element(by=By.XPATH, value=xpath) instead
  select_files = driver.find_element_by_xpath(
c:\Users\luist\repos\Automatizaciones-SILOHUB-\contrato.py:208: DeprecationWarning: find_element_by_xpath is deprecated. Please use find_element(by=By.XPATH, value=xpath) instead
  go_out_pag = driver.find_element_by_xpath(
]]></system-err>
	</testcase>
</testsuite>
