<?xml version="1.0" encoding="UTF-8"?>
<testsuite name="contrato_tenant-20231205103305" tests="1" file=".py" time="53.318" timestamp="2023-12-05T10:33:58" failures="1" errors="0" skipped="0">
	<testcase classname="contrato_tenant" name="test_login_user_1" time="53.318" timestamp="2023-12-05T10:33:58" file="contrato.py" line="29">
		<failure type="AssertionError" message="'Contrato 121261' != 'Contrato 121190'
- Contrato 121261
?             --
+ Contrato 121190
?              ++
"><![CDATA[Traceback (most recent call last):
  File "c:\Users\luist\repos\Automatizaciones-SILOHUB-\contrato.py", line 130, in test_login_user_1
    self.assertEqual(number_obtained, number_expected)
AssertionError: 'Contrato 121261' != 'Contrato 121190'
- Contrato 121261
?             --
+ Contrato 121190
?              ++

]]></failure>
		<system-out><![CDATA[El titulo de la pantalla es: MIS CONTRATOS
]]></system-out>
	</testcase>
</testsuite>
