<?xml version="1.0" encoding="UTF-8"?>
<testsuite name="contrato_tenant-20240507183616" tests="1" file=".py" time="66.917" timestamp="2024-05-07T18:37:23" failures="0" errors="0" skipped="0">
	<testcase classname="contrato_tenant" name="test_contrato_tenant" time="66.917" timestamp="2024-05-07T18:37:23" file="Cuentacontrato.py" line="22">
		<system-out><![CDATA[¡Elemento encontrado y clickeado 7 veces con éxito!
¡Elemento encontrado y clickeado 1 veces con éxito!
El texto encontrado es  Estado De Mis Contratos
El texto es visible para el usuario
El texto fue validado correctamente: Contrato 121261
El texto es visible para el usuario
El texto fue validado correctamente: De Soja
El texto es visible para el usuario: 'De 50.000,00 Kg Pactados'
El texto es visible para el usuario: '50.000,00 Kg'
El texto es visible para el usuario: '9.365,00 Kg'
El texto es visible para el usuario: '3.700,00 Kg'
]]></system-out>
	</testcase>
</testsuite>
