<?xml version="1.0" encoding="UTF-8"?>
<testsuite name="contrato_tenant-20231205095908" tests="1" file=".py" time="5.154" timestamp="2023-12-05T09:59:13" failures="0" errors="1" skipped="0">
	<testcase classname="contrato_tenant" name="test_login_user_1" time="5.154" timestamp="2023-12-05T09:59:13" file="contrato.py" line="30">
		<error type="AttributeError" message="'WebDriver' object has no attribute 'find_element_by_id'"><![CDATA[Traceback (most recent call last):
  File "c:\Users\luist\repos\Automatizaciones-SILOHUB-\contrato.py", line 32, in test_login_user_1
    username = driver.find_element_by_id("email")
AttributeError: 'WebDriver' object has no attribute 'find_element_by_id'
]]></error>
	</testcase>
</testsuite>
