<?xml version="1.0" encoding="UTF-8"?>
<testsuite name="Fijaciones_tc-20240417120502" tests="1" file=".py" time="100.499" timestamp="2024-04-17T12:06:43" failures="0" errors="1" skipped="0">
	<testcase classname="Fijaciones_tc" name="test_grain_pipup" time="100.499" timestamp="2024-04-17T12:06:43" file="FijacionTdc.py" line="20">
		<error type="AttributeError" message="'NoneType' object has no attribute 'is_displayed'"><![CDATA[Traceback (most recent call last):
  File "c:\Users\luist\repos\Automatizaciones-SILOHUB-\FijacionTdc.py", line 101, in test_grain_pipup
    find_send_element(self.driver,insert_amount_grain, send_amount_grain )
  File "c:\Users\luist\repos\Automatizaciones-SILOHUB-\Elements.py", line 295, in find_send_element
    input_element = WebDriverWait(driver, 10).until(
  File "C:\Users\luist\AppData\Roaming\Python\Python310\site-packages\selenium\webdriver\support\wait.py", line 96, in until
    value = method(self._driver)
  File "C:\Users\luist\AppData\Roaming\Python\Python310\site-packages\selenium\webdriver\support\expected_conditions.py", line 364, in _predicate
    element = visibility_of(target)(driver)
  File "C:\Users\luist\AppData\Roaming\Python\Python310\site-packages\selenium\webdriver\support\expected_conditions.py", line 173, in _predicate
    return _element_if_visible(element)
  File "C:\Users\luist\AppData\Roaming\Python\Python310\site-packages\selenium\webdriver\support\expected_conditions.py", line 179, in _element_if_visible
    return element if element.is_displayed() == visibility else False
AttributeError: 'NoneType' object has no attribute 'is_displayed'
]]></error>
		<system-out><![CDATA[El texto encontrado es  Fijaciones Habilitadas
Número de cuenta '484' ingresado y opción seleccionada con éxito!
Tiempo de espera agotado. El elemento no está presente o no es clickeable.
Tiempo de espera agotado. El texto por xpaht no está presente.
]]></system-out>
	</testcase>
</testsuite>
