<?xml version="1.0" encoding="UTF-8"?>
<testsuite name="finanzas_cobro-20240411184052" tests="1" file=".py" time="43.087" timestamp="2024-04-11T18:41:35" failures="0" errors="0" skipped="0">
	<testcase classname="finanzas_cobro" name="test_finance_payment" time="43.087" timestamp="2024-04-11T18:41:35" file="FinanzasCobro.py" line="23">
		<system-out><![CDATA[¡Input encontrado y enviado con éxito!
]]></system-out>
	</testcase>
</testsuite>
