<?xml version="1.0" encoding="UTF-8"?>
<testsuite name="finanzas_cobro-20240416173743" tests="1" file=".py" time="126.884" timestamp="2024-04-16T17:39:50" failures="0" errors="0" skipped="0">
	<testcase classname="finanzas_cobro" name="test_finance_payment" time="126.884" timestamp="2024-04-16T17:39:50" file="FinanzasCobro.py" line="23">
		<system-out><![CDATA[¡Input encontrado y enviado con éxito!
¡Input encontrado y enviado con éxito!
El texto encontrado es  Tu pago fue programado exitosamente.
El valor es un carácter numérico. Valor: 16/04/2024
El valor es un carácter numérico. Valor: 1-218036
Tiempo de espera agotado. El texto por texto no está presente.
]]></system-out>
	</testcase>
</testsuite>
